{
  "stats": {
    "suites": 32,
    "tests": 83,
    "passes": 56,
    "pending": 1,
    "failures": 26,
    "start": "2025-08-30T08:40:22.303Z",
    "end": "2025-08-30T08:41:36.676Z",
    "duration": 74373,
    "testsRegistered": 83,
    "passPercent": 68.29268292682927,
    "pendingPercent": 1.2048192771084338,
    "other": 0,
    "hasOther": false,
    "skipped": 0,
    "hasSkipped": false
  },
  "results": [
    {
      "uuid": "bb672270-a770-4ccc-9bc8-0a4c71e70951",
      "title": "",
      "fullFile": "",
      "file": "",
      "beforeHooks": [],
      "afterHooks": [],
      "tests": [],
      "suites": [
        {
          "uuid": "7b6da004-7739-4e06-a4f0-c2c6c58c1b73",
          "title": "POST Request with Variables Example",
          "fullFile": "C:\\RajKumar\\Otalio\\Otalio\\Apps\\RestifiedApp\\Restified\\examples\\basic\\post-with-variables.ts",
          "file": "\\examples\\basic\\post-with-variables.ts",
          "beforeHooks": [
            {
              "title": "\"before each\" hook in \"POST Request with Variables Example\"",
              "fullTitle": "POST Request with Variables Example \"before each\" hook in \"POST Request with Variables Example\"",
              "timedOut": false,
              "duration": 0,
              "state": null,
              "speed": null,
              "pass": false,
              "fail": false,
              "pending": false,
              "context": null,
              "code": "// Set up test-specific data (global auth data already available from setup)\nsrc_1.restified.setLocalVariable('postTitle', 'My Test Post');\nsrc_1.restified.setLocalVariable('postBody', 'Created using global auth by {{globalUserEmail}}');",
              "err": {},
              "uuid": "7c3d7b99-9309-418d-85d8-5d1f223c64c1",
              "parentUUID": "7b6da004-7739-4e06-a4f0-c2c6c58c1b73",
              "isHook": true,
              "skipped": false
            }
          ],
          "afterHooks": [],
          "tests": [
            {
              "title": "should create a post using global client and variables",
              "fullTitle": "POST Request with Variables Example should create a post using global client and variables",
              "timedOut": false,
              "duration": 42,
              "state": "failed",
              "speed": null,
              "pass": false,
              "fail": true,
              "pending": false,
              "context": null,
              "code": "test_utils_1.GlobalTestUtils.logTestProgress('POST Variables', 'Create Post');\n// Use pre-configured API client from global setup\n// Common headers are already included in the client configuration\nconst createResponse = await src_1.restified\n    .given()\n    .useClient('api') // Global client with pre-configured headers\n    .header('X-Author', '{{globalUserEmail}}')\n    .when()\n    .post('/posts', {\n    title: '{{postTitle}}',\n    body: '{{postBody}}',\n    userId: '{{globalUserId}}' // Using global user ID from auth\n})\n    .execute();\n// Verify creation and extract the ID\nawait createResponse\n    .statusCode(201)\n    .jsonPath('$.title', 'My Test Post')\n    .jsonPath('$.userId', '1') // JSONPlaceholder returns userId as string\n    .extract('$.id', 'createdPostId')\n    .execute();\nconsole.log('📝 Post created with ID:', src_1.restified.getVariable('createdPostId'));",
              "err": {
                "message": "TypeError: Invalid URL",
                "estack": "TypeError: Invalid URL\n    at new URL (node:internal/url:818:25)\n    at dispatchHttpRequest (node_modules\\axios\\lib\\adapters\\http.js:232:20)\n    at C:\\RajKumar\\Otalio\\Otalio\\Apps\\RestifiedApp\\Restified\\node_modules\\axios\\lib\\adapters\\http.js:152:5\n    at new Promise (<anonymous>)\n    at wrapAsync (node_modules\\axios\\lib\\adapters\\http.js:132:10)\n    at http (node_modules\\axios\\lib\\adapters\\http.js:170:10)\n    at Axios.dispatchRequest (node_modules\\axios\\lib\\core\\dispatchRequest.js:51:10)\n    at Axios._request (node_modules\\axios\\lib\\core\\Axios.js:187:33)\n    at Axios.request (node_modules\\axios\\lib\\core\\Axios.js:40:25)\n    at Function.wrap [as request] (node_modules\\axios\\lib\\helpers\\bind.js:5:15)\n    at WhenStep.performHttpRequest (src\\core\\dsl\\when.core.ts:231:32)\n    at C:\\RajKumar\\Otalio\\Otalio\\Apps\\RestifiedApp\\Restified\\src\\core\\dsl\\when.core.ts:191:28\n    at RetryManager.executeWithRetry (src\\core\\network\\RetryManager.ts:168:32)\n    at C:\\RajKumar\\Otalio\\Otalio\\Apps\\RestifiedApp\\Restified\\src\\core\\dsl\\when.core.ts:189:40\n    at CircuitBreakerManager.executeRequest (src\\core\\network\\CircuitBreakerManager.ts:209:29)\n    at CircuitBreakerManager.executeInClosedState (src\\core\\network\\CircuitBreakerManager.ts:106:33)\n    at CircuitBreakerManager.executeWithCircuitBreaker (src\\core\\network\\CircuitBreakerManager.ts:85:27)\n    at WhenStep.execute (src\\core\\dsl\\when.core.ts:185:45)\n    at Context.<anonymous> (examples\\basic\\post-with-variables.ts:35:10)\n    at processImmediate (node:internal/timers:485:21)\n    at Axios.request (node_modules\\axios\\lib\\core\\Axios.js:45:41)\n    at async WhenStep.performHttpRequest (src\\core\\dsl\\when.core.ts:231:20)\n    at async RetryManager.executeWithRetry (src\\core\\network\\RetryManager.ts:168:26)\n    at async C:\\RajKumar\\Otalio\\Otalio\\Apps\\RestifiedApp\\Restified\\src\\core\\dsl\\when.core.ts:189:16\n    at async CircuitBreakerManager.executeRequest (src\\core\\network\\CircuitBreakerManager.ts:212:9)\n    at async CircuitBreakerManager.executeInClosedState (src\\core\\network\\CircuitBreakerManager.ts:106:22)\n    at async CircuitBreakerManager.executeWithCircuitBreaker (src\\core\\network\\CircuitBreakerManager.ts:85:16)\n    at async WhenStep.execute (src\\core\\dsl\\when.core.ts:185:12)\n    at async Context.<anonymous> (examples\\basic\\post-with-variables.ts:25:28)",
                "diff": null
              },
              "uuid": "ec1a2d50-9abe-433e-bfdb-65ca9d411886",
              "parentUUID": "7b6da004-7739-4e06-a4f0-c2c6c58c1b73",
              "isHook": false,
              "skipped": false
            },
            {
              "title": "should retrieve post using global client and extracted variables",
              "fullTitle": "POST Request with Variables Example should retrieve post using global client and extracted variables",
              "timedOut": false,
              "duration": 5,
              "state": "failed",
              "speed": null,
              "pass": false,
              "fail": true,
              "pending": false,
              "context": null,
              "code": "test_utils_1.GlobalTestUtils.logTestProgress('POST Variables', 'Retrieve Post');\n// Use the globalUserId that was set during global authentication\n// Common headers are already included in the client configuration\nconst getResponse = await src_1.restified\n    .given()\n    .useClient('api') // Pre-configured API client\n    .header('X-Requested-By', '{{globalUserEmail}}')\n    .when()\n    .get('/posts/{{globalUserId}}') // Using global user ID\n    .execute();\nawait getResponse\n    .statusCode(200)\n    .jsonPath('$.id', src_1.restified.getVariable('globalUserId'))\n    .jsonPath('$.userId', src_1.restified.getVariable('globalUserId'))\n    .jsonPath('$.title')\n    .custom((response) => {\n    // Verify we can access global variables in custom assertions\n    return src_1.restified.getVariable('testEnvironment') === 'development';\n}, 'Should have access to global test environment')\n    .execute();",
              "err": {
                "message": "TypeError: Invalid URL",
                "estack": "TypeError: Invalid URL\n    at new URL (node:internal/url:818:25)\n    at dispatchHttpRequest (node_modules\\axios\\lib\\adapters\\http.js:232:20)\n    at C:\\RajKumar\\Otalio\\Otalio\\Apps\\RestifiedApp\\Restified\\node_modules\\axios\\lib\\adapters\\http.js:152:5\n    at new Promise (<anonymous>)\n    at wrapAsync (node_modules\\axios\\lib\\adapters\\http.js:132:10)\n    at http (node_modules\\axios\\lib\\adapters\\http.js:170:10)\n    at Axios.dispatchRequest (node_modules\\axios\\lib\\core\\dispatchRequest.js:51:10)\n    at Axios._request (node_modules\\axios\\lib\\core\\Axios.js:187:33)\n    at Axios.request (node_modules\\axios\\lib\\core\\Axios.js:40:25)\n    at Function.wrap [as request] (node_modules\\axios\\lib\\helpers\\bind.js:5:15)\n    at WhenStep.performHttpRequest (src\\core\\dsl\\when.core.ts:238:32)\n    at C:\\RajKumar\\Otalio\\Otalio\\Apps\\RestifiedApp\\Restified\\src\\core\\dsl\\when.core.ts:191:28\n    at RetryManager.executeWithRetry (src\\core\\network\\RetryManager.ts:168:32)\n    at C:\\RajKumar\\Otalio\\Otalio\\Apps\\RestifiedApp\\Restified\\src\\core\\dsl\\when.core.ts:189:40\n    at CircuitBreakerManager.executeRequest (src\\core\\network\\CircuitBreakerManager.ts:209:29)\n    at CircuitBreakerManager.executeInClosedState (src\\core\\network\\CircuitBreakerManager.ts:106:33)\n    at CircuitBreakerManager.executeWithCircuitBreaker (src\\core\\network\\CircuitBreakerManager.ts:85:27)\n    at WhenStep.execute (src\\core\\dsl\\when.core.ts:185:45)\n    at Context.<anonymous> (examples\\basic\\post-with-variables.ts:59:10)\n    at processImmediate (node:internal/timers:485:21)\n    at Axios.request (node_modules\\axios\\lib\\core\\Axios.js:45:41)\n    at async WhenStep.performHttpRequest (src\\core\\dsl\\when.core.ts:238:20)\n    at async RetryManager.executeWithRetry (src\\core\\network\\RetryManager.ts:168:26)\n    at async C:\\RajKumar\\Otalio\\Otalio\\Apps\\RestifiedApp\\Restified\\src\\core\\dsl\\when.core.ts:189:16\n    at async CircuitBreakerManager.executeRequest (src\\core\\network\\CircuitBreakerManager.ts:212:9)\n    at async CircuitBreakerManager.executeInClosedState (src\\core\\network\\CircuitBreakerManager.ts:106:22)\n    at async CircuitBreakerManager.executeWithCircuitBreaker (src\\core\\network\\CircuitBreakerManager.ts:85:16)\n    at async WhenStep.execute (src\\core\\dsl\\when.core.ts:185:12)\n    at async Context.<anonymous> (examples\\basic\\post-with-variables.ts:53:25)",
                "diff": null
              },
              "uuid": "3f5e3b10-4ed9-45f2-b6a6-7304c3945659",
              "parentUUID": "7b6da004-7739-4e06-a4f0-c2c6c58c1b73",
              "isHook": false,
              "skipped": false
            },
            {
              "title": "should demonstrate cross-client variable usage",
              "fullTitle": "POST Request with Variables Example should demonstrate cross-client variable usage",
              "timedOut": false,
              "duration": 3,
              "state": "failed",
              "speed": null,
              "pass": false,
              "fail": true,
              "pending": false,
              "context": null,
              "code": "test_utils_1.GlobalTestUtils.logTestProgress('POST Variables', 'Cross-Client');\n// First, create data using API client\n// Common headers are already included in the client configuration\nconst apiResponse = await src_1.restified\n    .given()\n    .useClient('api')\n    .when()\n    .get('/users/{{globalUserId}}')\n    .execute();\nawait apiResponse\n    .statusCode(200)\n    .extract('$.company.catchPhrase', 'companyCatchPhrase')\n    .execute();\n// Then use testUtils client to validate the extracted data\n// Common headers are already included in the client configuration\nconst testResponse = await src_1.restified\n    .given()\n    .useClient('testUtils') // Different client from global setup\n    .when()\n    .post('/post', {\n    extractedData: '{{companyCatchPhrase}}',\n    globalUser: '{{globalUserEmail}}',\n    testSuite: '{{testSuite}}'\n})\n    .execute();\nawait testResponse\n    .statusCode(200)\n    .jsonPath('$.json.globalUser', src_1.restified.getVariable('globalUserEmail'))\n    .jsonPath('$.json.testSuite', src_1.restified.getVariable('testSuite'))\n    .execute();\nconsole.log('🌐 Cross-client variable sharing successful');",
              "err": {
                "message": "TypeError: Invalid URL",
                "estack": "TypeError: Invalid URL\n    at new URL (node:internal/url:818:25)\n    at dispatchHttpRequest (node_modules\\axios\\lib\\adapters\\http.js:232:20)\n    at C:\\RajKumar\\Otalio\\Otalio\\Apps\\RestifiedApp\\Restified\\node_modules\\axios\\lib\\adapters\\http.js:152:5\n    at new Promise (<anonymous>)\n    at wrapAsync (node_modules\\axios\\lib\\adapters\\http.js:132:10)\n    at http (node_modules\\axios\\lib\\adapters\\http.js:170:10)\n    at Axios.dispatchRequest (node_modules\\axios\\lib\\core\\dispatchRequest.js:51:10)\n    at Axios._request (node_modules\\axios\\lib\\core\\Axios.js:187:33)\n    at Axios.request (node_modules\\axios\\lib\\core\\Axios.js:40:25)\n    at Function.wrap [as request] (node_modules\\axios\\lib\\helpers\\bind.js:5:15)\n    at WhenStep.performHttpRequest (src\\core\\dsl\\when.core.ts:238:32)\n    at C:\\RajKumar\\Otalio\\Otalio\\Apps\\RestifiedApp\\Restified\\src\\core\\dsl\\when.core.ts:191:28\n    at RetryManager.executeWithRetry (src\\core\\network\\RetryManager.ts:168:32)\n    at C:\\RajKumar\\Otalio\\Otalio\\Apps\\RestifiedApp\\Restified\\src\\core\\dsl\\when.core.ts:189:40\n    at CircuitBreakerManager.executeRequest (src\\core\\network\\CircuitBreakerManager.ts:209:29)\n    at CircuitBreakerManager.executeInClosedState (src\\core\\network\\CircuitBreakerManager.ts:106:33)\n    at CircuitBreakerManager.executeWithCircuitBreaker (src\\core\\network\\CircuitBreakerManager.ts:85:27)\n    at WhenStep.execute (src\\core\\dsl\\when.core.ts:185:45)\n    at Context.<anonymous> (examples\\basic\\post-with-variables.ts:83:10)\n    at processImmediate (node:internal/timers:485:21)\n    at Axios.request (node_modules\\axios\\lib\\core\\Axios.js:45:41)\n    at async WhenStep.performHttpRequest (src\\core\\dsl\\when.core.ts:238:20)\n    at async RetryManager.executeWithRetry (src\\core\\network\\RetryManager.ts:168:26)\n    at async C:\\RajKumar\\Otalio\\Otalio\\Apps\\RestifiedApp\\Restified\\src\\core\\dsl\\when.core.ts:189:16\n    at async CircuitBreakerManager.executeRequest (src\\core\\network\\CircuitBreakerManager.ts:212:9)\n    at async CircuitBreakerManager.executeInClosedState (src\\core\\network\\CircuitBreakerManager.ts:106:22)\n    at async CircuitBreakerManager.executeWithCircuitBreaker (src\\core\\network\\CircuitBreakerManager.ts:85:16)\n    at async WhenStep.execute (src\\core\\dsl\\when.core.ts:185:12)\n    at async Context.<anonymous> (examples\\basic\\post-with-variables.ts:78:25)",
                "diff": null
              },
              "uuid": "ea09492a-0365-4219-93ea-2f32eb8319e4",
              "parentUUID": "7b6da004-7739-4e06-a4f0-c2c6c58c1b73",
              "isHook": false,
              "skipped": false
            }
          ],
          "suites": [],
          "passes": [],
          "failures": [
            "ec1a2d50-9abe-433e-bfdb-65ca9d411886",
            "3f5e3b10-4ed9-45f2-b6a6-7304c3945659",
            "ea09492a-0365-4219-93ea-2f32eb8319e4"
          ],
          "pending": [],
          "skipped": [],
          "duration": 50,
          "root": false,
          "rootEmpty": false,
          "_timeout": 10000
        },
        {
          "uuid": "94c35865-a9d3-4e5a-a839-58995dde0843",
          "title": "Data-Driven Testing Example",
          "fullFile": "C:\\RajKumar\\Otalio\\Otalio\\Apps\\RestifiedApp\\Restified\\examples\\advanced\\data-driven-testing.ts",
          "file": "\\examples\\advanced\\data-driven-testing.ts",
          "beforeHooks": [],
          "afterHooks": [
            {
              "title": "\"after all\" hook in \"Data-Driven Testing Example\"",
              "fullTitle": "Data-Driven Testing Example \"after all\" hook in \"Data-Driven Testing Example\"",
              "timedOut": false,
              "duration": 1,
              "state": null,
              "speed": null,
              "pass": false,
              "fail": false,
              "pending": false,
              "context": null,
              "code": "await src_1.restified.cleanup();",
              "err": {},
              "uuid": "1889365a-cd85-4478-af6c-05097cc97ce2",
              "parentUUID": "94c35865-a9d3-4e5a-a839-58995dde0843",
              "isHook": true,
              "skipped": false
            }
          ],
          "tests": [
            {
              "title": "should validate user 1 has correct name: Leanne Graham",
              "fullTitle": "Data-Driven Testing Example should validate user 1 has correct name: Leanne Graham",
              "timedOut": false,
              "duration": 1483,
              "state": "passed",
              "speed": "slow",
              "pass": true,
              "fail": false,
              "pending": false,
              "context": null,
              "code": "const response = await src_1.restified\n    .given()\n    .baseURL('https://jsonplaceholder.typicode.com')\n    .when()\n    .get(`/users/${id}`)\n    .execute();\nawait response\n    .statusCode(200)\n    .jsonPath('$.id', id)\n    .jsonPath('$.name', expectedName)\n    .execute();",
              "err": {},
              "uuid": "79950362-78ec-444e-b081-fe97a2df352b",
              "parentUUID": "94c35865-a9d3-4e5a-a839-58995dde0843",
              "isHook": false,
              "skipped": false
            },
            {
              "title": "should validate user 2 has correct name: Ervin Howell",
              "fullTitle": "Data-Driven Testing Example should validate user 2 has correct name: Ervin Howell",
              "timedOut": false,
              "duration": 1097,
              "state": "passed",
              "speed": "slow",
              "pass": true,
              "fail": false,
              "pending": false,
              "context": null,
              "code": "const response = await src_1.restified\n    .given()\n    .baseURL('https://jsonplaceholder.typicode.com')\n    .when()\n    .get(`/users/${id}`)\n    .execute();\nawait response\n    .statusCode(200)\n    .jsonPath('$.id', id)\n    .jsonPath('$.name', expectedName)\n    .execute();",
              "err": {},
              "uuid": "31981afa-c6c0-47c0-abb9-39dbd1c86691",
              "parentUUID": "94c35865-a9d3-4e5a-a839-58995dde0843",
              "isHook": false,
              "skipped": false
            },
            {
              "title": "should validate user 3 has correct name: Clementine Bauch",
              "fullTitle": "Data-Driven Testing Example should validate user 3 has correct name: Clementine Bauch",
              "timedOut": false,
              "duration": 366,
              "state": "passed",
              "speed": "slow",
              "pass": true,
              "fail": false,
              "pending": false,
              "context": null,
              "code": "const response = await src_1.restified\n    .given()\n    .baseURL('https://jsonplaceholder.typicode.com')\n    .when()\n    .get(`/users/${id}`)\n    .execute();\nawait response\n    .statusCode(200)\n    .jsonPath('$.id', id)\n    .jsonPath('$.name', expectedName)\n    .execute();",
              "err": {},
              "uuid": "8f321495-fa14-40e9-93d7-04c8ef31c3f5",
              "parentUUID": "94c35865-a9d3-4e5a-a839-58995dde0843",
              "isHook": false,
              "skipped": false
            },
            {
              "title": "should validate user 1 has posts within expected range",
              "fullTitle": "Data-Driven Testing Example should validate user 1 has posts within expected range",
              "timedOut": false,
              "duration": 361,
              "state": "passed",
              "speed": "slow",
              "pass": true,
              "fail": false,
              "pending": false,
              "context": null,
              "code": "const response = await src_1.restified\n    .given()\n    .baseURL('https://jsonplaceholder.typicode.com')\n    .when()\n    .get(`/posts?userId=${userId}`)\n    .execute();\nawait response\n    .statusCode(200)\n    .custom((response) => {\n    const posts = response.data;\n    return Array.isArray(posts) &&\n        posts.length >= expectedPostCount.min &&\n        posts.length <= expectedPostCount.max;\n}, `User ${userId} should have ${expectedPostCount.min}-${expectedPostCount.max} posts`)\n    .custom((response) => {\n    return response.data.every(post => post.userId === userId);\n}, `All posts should belong to user ${userId}`)\n    .execute();",
              "err": {},
              "uuid": "fc140d08-08d7-4706-b7f2-d16707df431d",
              "parentUUID": "94c35865-a9d3-4e5a-a839-58995dde0843",
              "isHook": false,
              "skipped": false
            },
            {
              "title": "should validate user 2 has posts within expected range",
              "fullTitle": "Data-Driven Testing Example should validate user 2 has posts within expected range",
              "timedOut": false,
              "duration": 1282,
              "state": "passed",
              "speed": "slow",
              "pass": true,
              "fail": false,
              "pending": false,
              "context": null,
              "code": "const response = await src_1.restified\n    .given()\n    .baseURL('https://jsonplaceholder.typicode.com')\n    .when()\n    .get(`/posts?userId=${userId}`)\n    .execute();\nawait response\n    .statusCode(200)\n    .custom((response) => {\n    const posts = response.data;\n    return Array.isArray(posts) &&\n        posts.length >= expectedPostCount.min &&\n        posts.length <= expectedPostCount.max;\n}, `User ${userId} should have ${expectedPostCount.min}-${expectedPostCount.max} posts`)\n    .custom((response) => {\n    return response.data.every(post => post.userId === userId);\n}, `All posts should belong to user ${userId}`)\n    .execute();",
              "err": {},
              "uuid": "18674b74-6859-446c-b1fb-3ab0857cd91e",
              "parentUUID": "94c35865-a9d3-4e5a-a839-58995dde0843",
              "isHook": false,
              "skipped": false
            },
            {
              "title": "should validate user 3 has posts within expected range",
              "fullTitle": "Data-Driven Testing Example should validate user 3 has posts within expected range",
              "timedOut": false,
              "duration": 1233,
              "state": "passed",
              "speed": "slow",
              "pass": true,
              "fail": false,
              "pending": false,
              "context": null,
              "code": "const response = await src_1.restified\n    .given()\n    .baseURL('https://jsonplaceholder.typicode.com')\n    .when()\n    .get(`/posts?userId=${userId}`)\n    .execute();\nawait response\n    .statusCode(200)\n    .custom((response) => {\n    const posts = response.data;\n    return Array.isArray(posts) &&\n        posts.length >= expectedPostCount.min &&\n        posts.length <= expectedPostCount.max;\n}, `User ${userId} should have ${expectedPostCount.min}-${expectedPostCount.max} posts`)\n    .custom((response) => {\n    return response.data.every(post => post.userId === userId);\n}, `All posts should belong to user ${userId}`)\n    .execute();",
              "err": {},
              "uuid": "9feacd73-2e16-4bd9-9a4c-e8ca1b2f665f",
              "parentUUID": "94c35865-a9d3-4e5a-a839-58995dde0843",
              "isHook": false,
              "skipped": false
            },
            {
              "title": "should return 200 for /posts/1",
              "fullTitle": "Data-Driven Testing Example should return 200 for /posts/1",
              "timedOut": false,
              "duration": 640,
              "state": "passed",
              "speed": "slow",
              "pass": true,
              "fail": false,
              "pending": false,
              "context": null,
              "code": "const response = await src_1.restified\n    .given()\n    .baseURL('https://jsonplaceholder.typicode.com')\n    .when()\n    .get(endpoint)\n    .execute();\nawait response\n    .statusCode(expectedStatus)\n    .execute();",
              "err": {},
              "uuid": "83f6a31d-0356-4fd3-85c4-e29a6ca4fbd0",
              "parentUUID": "94c35865-a9d3-4e5a-a839-58995dde0843",
              "isHook": false,
              "skipped": false
            },
            {
              "title": "should return 404 for /posts/999",
              "fullTitle": "Data-Driven Testing Example should return 404 for /posts/999",
              "timedOut": false,
              "duration": 1404,
              "state": "passed",
              "speed": "slow",
              "pass": true,
              "fail": false,
              "pending": false,
              "context": null,
              "code": "const response = await src_1.restified\n    .given()\n    .baseURL('https://jsonplaceholder.typicode.com')\n    .when()\n    .get(endpoint)\n    .execute();\nawait response\n    .statusCode(expectedStatus)\n    .execute();",
              "err": {},
              "uuid": "5d9aaea1-dbef-4733-b0e1-6723e5bbefcb",
              "parentUUID": "94c35865-a9d3-4e5a-a839-58995dde0843",
              "isHook": false,
              "skipped": false
            },
            {
              "title": "should return 200 for /users/1",
              "fullTitle": "Data-Driven Testing Example should return 200 for /users/1",
              "timedOut": false,
              "duration": 1492,
              "state": "passed",
              "speed": "slow",
              "pass": true,
              "fail": false,
              "pending": false,
              "context": null,
              "code": "const response = await src_1.restified\n    .given()\n    .baseURL('https://jsonplaceholder.typicode.com')\n    .when()\n    .get(endpoint)\n    .execute();\nawait response\n    .statusCode(expectedStatus)\n    .execute();",
              "err": {},
              "uuid": "e6e614f9-f0e5-4022-a9a4-f87ae7b9948e",
              "parentUUID": "94c35865-a9d3-4e5a-a839-58995dde0843",
              "isHook": false,
              "skipped": false
            },
            {
              "title": "should return 404 for /users/999",
              "fullTitle": "Data-Driven Testing Example should return 404 for /users/999",
              "timedOut": false,
              "duration": 3546,
              "state": "passed",
              "speed": "slow",
              "pass": true,
              "fail": false,
              "pending": false,
              "context": null,
              "code": "const response = await src_1.restified\n    .given()\n    .baseURL('https://jsonplaceholder.typicode.com')\n    .when()\n    .get(endpoint)\n    .execute();\nawait response\n    .statusCode(expectedStatus)\n    .execute();",
              "err": {},
              "uuid": "1989602b-a7c9-4f76-86ab-803f1ae52a8c",
              "parentUUID": "94c35865-a9d3-4e5a-a839-58995dde0843",
              "isHook": false,
              "skipped": false
            }
          ],
          "suites": [],
          "passes": [
            "79950362-78ec-444e-b081-fe97a2df352b",
            "31981afa-c6c0-47c0-abb9-39dbd1c86691",
            "8f321495-fa14-40e9-93d7-04c8ef31c3f5",
            "fc140d08-08d7-4706-b7f2-d16707df431d",
            "18674b74-6859-446c-b1fb-3ab0857cd91e",
            "9feacd73-2e16-4bd9-9a4c-e8ca1b2f665f",
            "83f6a31d-0356-4fd3-85c4-e29a6ca4fbd0",
            "5d9aaea1-dbef-4733-b0e1-6723e5bbefcb",
            "e6e614f9-f0e5-4022-a9a4-f87ae7b9948e",
            "1989602b-a7c9-4f76-86ab-803f1ae52a8c"
          ],
          "failures": [],
          "pending": [],
          "skipped": [],
          "duration": 12904,
          "root": false,
          "rootEmpty": false,
          "_timeout": 10000
        },
        {
          "uuid": "0caeaa92-7384-4e23-8fdb-7763a5b25450",
          "title": "Database Integration Testing",
          "fullFile": "C:\\RajKumar\\Otalio\\Otalio\\Apps\\RestifiedApp\\Restified\\examples\\advanced\\database-testing.ts",
          "file": "\\examples\\advanced\\database-testing.ts",
          "beforeHooks": [
            {
              "title": "\"before all\" hook in \"Database Integration Testing\"",
              "fullTitle": "Database Integration Testing \"before all\" hook in \"Database Integration Testing\"",
              "timedOut": false,
              "duration": 0,
              "state": null,
              "speed": null,
              "pass": false,
              "fail": false,
              "pending": false,
              "context": null,
              "code": "// Setup database connections (using mock/test databases)\n// PostgreSQL connection (if available)\nif (process.env.POSTGRES_CONNECTION_STRING || process.env.POSTGRES_HOST) {\n    await index_1.restified.createDatabaseClient('postgres', {\n        type: 'postgresql',\n        host: process.env.POSTGRES_HOST || 'localhost',\n        port: parseInt(process.env.POSTGRES_PORT || '5432'),\n        username: process.env.POSTGRES_USER || 'test',\n        password: process.env.POSTGRES_PASSWORD || 'test',\n        database: process.env.POSTGRES_DB || 'testdb',\n        connectionString: process.env.POSTGRES_CONNECTION_STRING,\n        timeout: 10000\n    });\n}\n// MongoDB connection (if available)\nif (process.env.MONGODB_CONNECTION_STRING || process.env.MONGODB_HOST) {\n    await index_1.restified.createDatabaseClient('mongodb', {\n        type: 'mongodb',\n        host: process.env.MONGODB_HOST || 'localhost',\n        port: parseInt(process.env.MONGODB_PORT || '27017'),\n        database: process.env.MONGODB_DB || 'testdb',\n        connectionString: process.env.MONGODB_CONNECTION_STRING,\n        timeout: 10000\n    });\n}",
              "err": {},
              "uuid": "84a8c90a-ef4c-41e1-a8ce-e6e24cbd6c0d",
              "parentUUID": "0caeaa92-7384-4e23-8fdb-7763a5b25450",
              "isHook": true,
              "skipped": false
            }
          ],
          "afterHooks": [
            {
              "title": "\"after all\" hook in \"Database Integration Testing\"",
              "fullTitle": "Database Integration Testing \"after all\" hook in \"Database Integration Testing\"",
              "timedOut": false,
              "duration": 1,
              "state": null,
              "speed": null,
              "pass": false,
              "fail": false,
              "pending": false,
              "context": null,
              "code": "await index_1.restified.cleanup();",
              "err": {},
              "uuid": "3d661016-9b50-4c87-a252-df1f7a00e7e0",
              "parentUUID": "0caeaa92-7384-4e23-8fdb-7763a5b25450",
              "isHook": true,
              "skipped": false
            }
          ],
          "tests": [],
          "suites": [
            {
              "uuid": "820a02a5-3227-4877-90e7-56951c1c3185",
              "title": "PostgreSQL Integration",
              "fullFile": "C:\\RajKumar\\Otalio\\Otalio\\Apps\\RestifiedApp\\Restified\\examples\\advanced\\database-testing.ts",
              "file": "\\examples\\advanced\\database-testing.ts",
              "beforeHooks": [
                {
                  "title": "\"before each\" hook in \"PostgreSQL Integration\"",
                  "fullTitle": "Database Integration Testing PostgreSQL Integration \"before each\" hook in \"PostgreSQL Integration\"",
                  "timedOut": false,
                  "duration": 0,
                  "state": null,
                  "speed": null,
                  "pass": false,
                  "fail": false,
                  "pending": false,
                  "context": null,
                  "code": "if (!index_1.restified.getDatabaseClient) {\n    this.skip();\n}\ntry {\n    index_1.restified.getDatabaseClient('postgres');\n}\ncatch {\n    this.skip();\n}",
                  "err": {},
                  "uuid": "c41a9eeb-25e8-4bd5-a5f1-98389309b88f",
                  "parentUUID": "820a02a5-3227-4877-90e7-56951c1c3185",
                  "isHook": true,
                  "skipped": false
                }
              ],
              "afterHooks": [],
              "tests": [
                {
                  "title": "should validate user creation via API and database",
                  "fullTitle": "Database Integration Testing PostgreSQL Integration should validate user creation via API and database",
                  "timedOut": false,
                  "duration": 1141,
                  "state": "failed",
                  "speed": null,
                  "pass": false,
                  "fail": true,
                  "pending": false,
                  "context": null,
                  "code": "const dbClient = index_1.restified.getDatabaseClient('postgres');\n// Create snapshot before test\nawait dbClient.createSnapshot('before-user-test', ['users']);\n// Create user via API\nconst response = await index_1.restified\n    .given()\n    .baseURL('https://jsonplaceholder.typicode.com')\n    .when()\n    .post('/users', {\n    name: 'Database Test User',\n    email: 'dbtest@example.com',\n    username: 'dbtestuser'\n})\n    .execute();\nawait response\n    .statusCode(201)\n    .extract('$.id', 'createdUserId')\n    .execute();\n// Simulate database state validation\n// In real scenario, this would check if user was actually created in database\nconst userId = index_1.restified.getVariable('createdUserId');\n// Mock database query result\nconst queryResult = await dbClient.executeQuery('SELECT * FROM users WHERE external_id = $1', [userId]);\n// In a real test, you would validate the user exists in database\nconsole.log(`Created user with ID: ${userId}`);\n(0, chai_1.expect)(queryResult.executionTime).to.be.a('number');",
                  "err": {
                    "message": "AssertionError: expected undefined to be a number",
                    "estack": "AssertionError: expected undefined to be a number\n    at Context.<anonymous> (examples\\advanced\\database-testing.ts:95:47)\n    at processTicksAndRejections (node:internal/process/task_queues:105:5)",
                    "diff": null
                  },
                  "uuid": "098b6edf-9c00-4c4f-91f7-6f823664a2c2",
                  "parentUUID": "820a02a5-3227-4877-90e7-56951c1c3185",
                  "isHook": false,
                  "skipped": false
                },
                {
                  "title": "should validate data consistency across API and database",
                  "fullTitle": "Database Integration Testing PostgreSQL Integration should validate data consistency across API and database",
                  "timedOut": false,
                  "duration": 0,
                  "state": "passed",
                  "speed": "fast",
                  "pass": true,
                  "fail": false,
                  "pending": false,
                  "context": null,
                  "code": "const dbClient = index_1.restified.getDatabaseClient('postgres');\n// Test data consistency validation\nconst validationResult = await index_1.restified.validateDatabaseState([\n    {\n        client: 'postgres',\n        table: 'users',\n        conditions: { active: true },\n        expectedCount: 5\n    },\n    {\n        client: 'postgres',\n        table: 'orders',\n        conditions: { status: 'pending' },\n        expectedCount: { min: 1 }\n    }\n]);\n// In real scenario, this would validate actual database state\n(0, chai_1.expect)(validationResult).to.have.property('success');\n(0, chai_1.expect)(validationResult).to.have.property('results');",
                  "err": {},
                  "uuid": "451b6ee6-7339-4e14-8a5a-0ea7ef03b1d8",
                  "parentUUID": "820a02a5-3227-4877-90e7-56951c1c3185",
                  "isHook": false,
                  "skipped": false
                },
                {
                  "title": "should handle database transactions",
                  "fullTitle": "Database Integration Testing PostgreSQL Integration should handle database transactions",
                  "timedOut": false,
                  "duration": 1,
                  "state": "passed",
                  "speed": "fast",
                  "pass": true,
                  "fail": false,
                  "pending": false,
                  "context": null,
                  "code": "const dbClient = index_1.restified.getDatabaseClient('postgres');\ntry {\n    // Begin transaction\n    await dbClient.beginTransaction();\n    // Execute test operations\n    await dbClient.executeQuery('INSERT INTO test_table (name, value) VALUES ($1, $2)', ['transaction-test', 42]);\n    // Validate data exists in transaction\n    const result = await dbClient.executeQuery('SELECT * FROM test_table WHERE name = $1', ['transaction-test']);\n    // Rollback transaction (cleanup)\n    await dbClient.rollback();\n    console.log('Transaction test completed successfully');\n}\ncatch (error) {\n    await dbClient.rollback();\n    throw error;\n}",
                  "err": {},
                  "uuid": "dca82734-6d8e-418b-b30f-f032ffe4980d",
                  "parentUUID": "820a02a5-3227-4877-90e7-56951c1c3185",
                  "isHook": false,
                  "skipped": false
                },
                {
                  "title": "should measure database query performance",
                  "fullTitle": "Database Integration Testing PostgreSQL Integration should measure database query performance",
                  "timedOut": false,
                  "duration": 0,
                  "state": "failed",
                  "speed": null,
                  "pass": false,
                  "fail": true,
                  "pending": false,
                  "context": null,
                  "code": "const dbClient = index_1.restified.getDatabaseClient('postgres');\nconst startTime = Date.now();\nconst result = await dbClient.executeQuery('SELECT COUNT(*) as total FROM information_schema.tables');\n(0, chai_1.expect)(result.executionTime).to.be.a('number');\n(0, chai_1.expect)(result.executionTime).to.be.lessThan(5000); // Less than 5 seconds\nconsole.log(`Database query executed in ${result.executionTime}ms`);",
                  "err": {
                    "message": "AssertionError: expected undefined to be a number",
                    "estack": "AssertionError: expected undefined to be a number\n    at Context.<anonymous> (examples\\advanced\\database-testing.ts:160:42)\n    at processTicksAndRejections (node:internal/process/task_queues:105:5)",
                    "diff": null
                  },
                  "uuid": "d658e54c-8eff-409d-8c24-f590d461221e",
                  "parentUUID": "820a02a5-3227-4877-90e7-56951c1c3185",
                  "isHook": false,
                  "skipped": false
                }
              ],
              "suites": [],
              "passes": [
                "451b6ee6-7339-4e14-8a5a-0ea7ef03b1d8",
                "dca82734-6d8e-418b-b30f-f032ffe4980d"
              ],
              "failures": [
                "098b6edf-9c00-4c4f-91f7-6f823664a2c2",
                "d658e54c-8eff-409d-8c24-f590d461221e"
              ],
              "pending": [],
              "skipped": [],
              "duration": 1142,
              "root": false,
              "rootEmpty": false,
              "_timeout": 30000
            },
            {
              "uuid": "43a03d31-8e76-40c2-827f-851ce3e10db1",
              "title": "MongoDB Integration",
              "fullFile": "C:\\RajKumar\\Otalio\\Otalio\\Apps\\RestifiedApp\\Restified\\examples\\advanced\\database-testing.ts",
              "file": "\\examples\\advanced\\database-testing.ts",
              "beforeHooks": [
                {
                  "title": "\"before each\" hook in \"MongoDB Integration\"",
                  "fullTitle": "Database Integration Testing MongoDB Integration \"before each\" hook in \"MongoDB Integration\"",
                  "timedOut": false,
                  "duration": 0,
                  "state": null,
                  "speed": null,
                  "pass": false,
                  "fail": false,
                  "pending": false,
                  "context": null,
                  "code": "try {\n    index_1.restified.getDatabaseClient('mongodb');\n}\ncatch {\n    this.skip();\n}",
                  "err": {},
                  "uuid": "871fa006-eb7a-48c2-9b5b-41c184e8badf",
                  "parentUUID": "43a03d31-8e76-40c2-827f-851ce3e10db1",
                  "isHook": true,
                  "skipped": false
                }
              ],
              "afterHooks": [],
              "tests": [
                {
                  "title": "should validate document creation and retrieval",
                  "fullTitle": "Database Integration Testing MongoDB Integration should validate document creation and retrieval",
                  "timedOut": false,
                  "duration": 0,
                  "state": "failed",
                  "speed": null,
                  "pass": false,
                  "fail": true,
                  "pending": false,
                  "context": null,
                  "code": "const dbClient = index_1.restified.getDatabaseClient('mongodb');\n// Insert document\nconst insertOperation = JSON.stringify({\n    collection: 'users',\n    method: 'insertOne',\n    document: {\n        name: 'MongoDB Test User',\n        email: 'mongotest@example.com',\n        createdAt: new Date(),\n        metadata: {\n            source: 'restifiedts-test',\n            version: '1.0.0'\n        }\n    }\n});\nconst insertResult = await dbClient.executeQuery(insertOperation);\n(0, chai_1.expect)(insertResult.insertId).to.exist;\nconst documentId = insertResult.insertId;\nindex_1.restified.setGlobalVariable('mongoDocumentId', documentId.toString());\n// Retrieve document\nconst findOperation = JSON.stringify({\n    collection: 'users',\n    method: 'findOne',\n    query: { _id: documentId }\n});\nconst findResult = await dbClient.executeQuery(findOperation);\n(0, chai_1.expect)(findResult.rows).to.have.length(1);\n(0, chai_1.expect)(findResult.rows[0].name).to.equal('MongoDB Test User');\n(0, chai_1.expect)(findResult.rows[0].metadata.source).to.equal('restifiedts-test');",
                  "err": {
                    "message": "AssertionError: expected undefined to exist",
                    "estack": "AssertionError: expected undefined to exist\n    at Context.<anonymous> (examples\\advanced\\database-testing.ts:195:39)\n    at processTicksAndRejections (node:internal/process/task_queues:105:5)",
                    "diff": null
                  },
                  "uuid": "ae9cb32c-4c0e-4ca2-a688-d7842604b31d",
                  "parentUUID": "43a03d31-8e76-40c2-827f-851ce3e10db1",
                  "isHook": false,
                  "skipped": false
                },
                {
                  "title": "should validate document updates",
                  "fullTitle": "Database Integration Testing MongoDB Integration should validate document updates",
                  "timedOut": false,
                  "duration": 0,
                  "state": "pending",
                  "speed": null,
                  "pass": false,
                  "fail": false,
                  "pending": true,
                  "context": null,
                  "code": "const dbClient = index_1.restified.getDatabaseClient('mongodb');\nconst documentId = index_1.restified.getVariable('mongoDocumentId');\nif (!documentId) {\n    this.skip();\n}\n// Update document\nconst updateOperation = JSON.stringify({\n    collection: 'users',\n    method: 'updateOne',\n    query: { _id: { $oid: documentId } },\n    document: {\n        $set: {\n            name: 'Updated MongoDB User',\n            updatedAt: new Date()\n        }\n    }\n});\nconst updateResult = await dbClient.executeQuery(updateOperation);\n(0, chai_1.expect)(updateResult.affectedRows).to.equal(1);\n// Verify update\nconst findOperation = JSON.stringify({\n    collection: 'users',\n    method: 'findOne',\n    query: { _id: { $oid: documentId } }\n});\nconst findResult = await dbClient.executeQuery(findOperation);\n(0, chai_1.expect)(findResult.rows[0].name).to.equal('Updated MongoDB User');\n(0, chai_1.expect)(findResult.rows[0].updatedAt).to.exist;",
                  "err": {},
                  "uuid": "b542969e-926a-4901-b848-c7a2566418b9",
                  "parentUUID": "43a03d31-8e76-40c2-827f-851ce3e10db1",
                  "isHook": false,
                  "skipped": false
                },
                {
                  "title": "should handle aggregation queries",
                  "fullTitle": "Database Integration Testing MongoDB Integration should handle aggregation queries",
                  "timedOut": false,
                  "duration": 0,
                  "state": "failed",
                  "speed": null,
                  "pass": false,
                  "fail": true,
                  "pending": false,
                  "context": null,
                  "code": "const dbClient = index_1.restified.getDatabaseClient('mongodb');\nconst aggregationOperation = JSON.stringify({\n    collection: 'users',\n    method: 'aggregate',\n    query: [\n        { $match: { name: { $regex: 'MongoDB', $options: 'i' } } },\n        { $group: { _id: '$metadata.source', count: { $sum: 1 } } },\n        { $sort: { count: -1 } }\n    ]\n});\nconst result = await dbClient.executeQuery(aggregationOperation);\n(0, chai_1.expect)(result.rows).to.be.an('array');\n(0, chai_1.expect)(result.executionTime).to.be.a('number');\nconsole.log(`Aggregation completed in ${result.executionTime}ms`);",
                  "err": {
                    "message": "AssertionError: expected undefined to be an array",
                    "estack": "AssertionError: expected undefined to be an array\n    at Context.<anonymous> (examples\\advanced\\database-testing.ts:263:33)\n    at processTicksAndRejections (node:internal/process/task_queues:105:5)",
                    "diff": null
                  },
                  "uuid": "706f312f-56d9-4b1a-a514-a7d29fbc8fb0",
                  "parentUUID": "43a03d31-8e76-40c2-827f-851ce3e10db1",
                  "isHook": false,
                  "skipped": false
                }
              ],
              "suites": [],
              "passes": [],
              "failures": [
                "ae9cb32c-4c0e-4ca2-a688-d7842604b31d",
                "706f312f-56d9-4b1a-a514-a7d29fbc8fb0"
              ],
              "pending": [
                "b542969e-926a-4901-b848-c7a2566418b9"
              ],
              "skipped": [],
              "duration": 0,
              "root": false,
              "rootEmpty": false,
              "_timeout": 30000
            },
            {
              "uuid": "fcce426e-56ea-4cb9-81af-2f5dfb7ebc4a",
              "title": "Cross-Database Validation",
              "fullFile": "C:\\RajKumar\\Otalio\\Otalio\\Apps\\RestifiedApp\\Restified\\examples\\advanced\\database-testing.ts",
              "file": "\\examples\\advanced\\database-testing.ts",
              "beforeHooks": [],
              "afterHooks": [],
              "tests": [
                {
                  "title": "should validate data consistency across multiple databases",
                  "fullTitle": "Database Integration Testing Cross-Database Validation should validate data consistency across multiple databases",
                  "timedOut": false,
                  "duration": 0,
                  "state": "passed",
                  "speed": "fast",
                  "pass": true,
                  "fail": false,
                  "pending": false,
                  "context": null,
                  "code": "// This would test scenarios where data must be consistent across different databases\n// For example, user data in PostgreSQL and session data in MongoDB\nconst validations = [\n    {\n        client: 'postgres',\n        table: 'users',\n        conditions: { active: true },\n        expectedCount: 3\n    }\n];\n// Add MongoDB validation if available\ntry {\n    index_1.restified.getDatabaseClient('mongodb');\n    validations.push({\n        client: 'mongodb',\n        table: 'sessions', // collection\n        conditions: { active: true },\n        expectedCount: 3\n    });\n}\ncatch {\n    // MongoDB not available, skip\n}\nif (validations.length > 1) {\n    const result = await index_1.restified.validateDatabaseState(validations);\n    (0, chai_1.expect)(result.success).to.be.a('boolean');\n    (0, chai_1.expect)(result.results).to.have.length(validations.length);\n}",
                  "err": {},
                  "uuid": "f25ae034-72e8-4d55-843e-36422e76122c",
                  "parentUUID": "fcce426e-56ea-4cb9-81af-2f5dfb7ebc4a",
                  "isHook": false,
                  "skipped": false
                }
              ],
              "suites": [],
              "passes": [
                "f25ae034-72e8-4d55-843e-36422e76122c"
              ],
              "failures": [],
              "pending": [],
              "skipped": [],
              "duration": 0,
              "root": false,
              "rootEmpty": false,
              "_timeout": 30000
            },
            {
              "uuid": "26900b95-2f9a-4272-84c1-8c286605adb8",
              "title": "Database Health Checks",
              "fullFile": "C:\\RajKumar\\Otalio\\Otalio\\Apps\\RestifiedApp\\Restified\\examples\\advanced\\database-testing.ts",
              "file": "\\examples\\advanced\\database-testing.ts",
              "beforeHooks": [],
              "afterHooks": [],
              "tests": [
                {
                  "title": "should perform health checks on all database connections",
                  "fullTitle": "Database Integration Testing Database Health Checks should perform health checks on all database connections",
                  "timedOut": false,
                  "duration": 1,
                  "state": "passed",
                  "speed": "fast",
                  "pass": true,
                  "fail": false,
                  "pending": false,
                  "context": null,
                  "code": "const connections = ['postgres', 'mongodb'];\nfor (const connectionName of connections) {\n    try {\n        const dbClient = index_1.restified.getDatabaseClient(connectionName);\n        const health = await dbClient.healthCheck();\n        (0, chai_1.expect)(health.healthy).to.be.a('boolean');\n        (0, chai_1.expect)(health.latency).to.be.a('number');\n        if (health.healthy) {\n            (0, chai_1.expect)(health.latency).to.be.greaterThan(0);\n            console.log(`${connectionName} health check: ${health.latency}ms`);\n        }\n        else {\n            console.log(`${connectionName} health check failed: ${health.error}`);\n        }\n    }\n    catch (error) {\n        console.log(`${connectionName} connection not available`);\n    }\n}",
                  "err": {},
                  "uuid": "a767ec21-7e5d-4402-9bf9-0be14ecc9a32",
                  "parentUUID": "26900b95-2f9a-4272-84c1-8c286605adb8",
                  "isHook": false,
                  "skipped": false
                }
              ],
              "suites": [],
              "passes": [
                "a767ec21-7e5d-4402-9bf9-0be14ecc9a32"
              ],
              "failures": [],
              "pending": [],
              "skipped": [],
              "duration": 1,
              "root": false,
              "rootEmpty": false,
              "_timeout": 30000
            },
            {
              "uuid": "35cb7e1e-d613-4af5-b159-4085096c3e98",
              "title": "Test Data Management",
              "fullFile": "C:\\RajKumar\\Otalio\\Otalio\\Apps\\RestifiedApp\\Restified\\examples\\advanced\\database-testing.ts",
              "file": "\\examples\\advanced\\database-testing.ts",
              "beforeHooks": [],
              "afterHooks": [],
              "tests": [
                {
                  "title": "should seed and cleanup test data",
                  "fullTitle": "Database Integration Testing Test Data Management should seed and cleanup test data",
                  "timedOut": false,
                  "duration": 1,
                  "state": "passed",
                  "speed": "fast",
                  "pass": true,
                  "fail": false,
                  "pending": false,
                  "context": null,
                  "code": "try {\n    const dbClient = index_1.restified.getDatabaseClient('postgres');\n    // Seed test data\n    const testData = [\n        { name: 'Test User 1', email: 'test1@example.com', active: true },\n        { name: 'Test User 2', email: 'test2@example.com', active: true },\n        { name: 'Test User 3', email: 'test3@example.com', active: false }\n    ];\n    await dbClient.seedTestData('test_users', testData);\n    // Validate data was seeded\n    const count = await dbClient.validateCount('test_users', 3, { active: true });\n    (0, chai_1.expect)(count).to.be.true;\n    // Cleanup test data\n    await dbClient.cleanupTestData('test_users', { email: { $like: '%@example.com' } });\n    console.log('Test data seeding and cleanup completed');\n}\ncatch (error) {\n    console.log('Test data management skipped - table not available');\n}",
                  "err": {},
                  "uuid": "6aaed472-0042-4d7d-8e91-1554fb046c3c",
                  "parentUUID": "35cb7e1e-d613-4af5-b159-4085096c3e98",
                  "isHook": false,
                  "skipped": false
                }
              ],
              "suites": [],
              "passes": [
                "6aaed472-0042-4d7d-8e91-1554fb046c3c"
              ],
              "failures": [],
              "pending": [],
              "skipped": [],
              "duration": 1,
              "root": false,
              "rootEmpty": false,
              "_timeout": 30000
            }
          ],
          "passes": [],
          "failures": [],
          "pending": [],
          "skipped": [],
          "duration": 0,
          "root": false,
          "rootEmpty": false,
          "_timeout": 30000
        },
        {
          "uuid": "1c023e6e-59cf-43fd-b93b-94fd416632c8",
          "title": "Error Handling and Resilience Example",
          "fullFile": "C:\\RajKumar\\Otalio\\Otalio\\Apps\\RestifiedApp\\Restified\\examples\\advanced\\error-handling.ts",
          "file": "\\examples\\advanced\\error-handling.ts",
          "beforeHooks": [],
          "afterHooks": [
            {
              "title": "\"after all\" hook in \"Error Handling and Resilience Example\"",
              "fullTitle": "Error Handling and Resilience Example \"after all\" hook in \"Error Handling and Resilience Example\"",
              "timedOut": false,
              "duration": 0,
              "state": null,
              "speed": null,
              "pass": false,
              "fail": false,
              "pending": false,
              "context": null,
              "code": "await src_1.restified.cleanup();",
              "err": {},
              "uuid": "600b163a-8b8c-4945-a28f-a03ff13ace9e",
              "parentUUID": "1c023e6e-59cf-43fd-b93b-94fd416632c8",
              "isHook": true,
              "skipped": false
            }
          ],
          "tests": [
            {
              "title": "should handle 404 errors gracefully",
              "fullTitle": "Error Handling and Resilience Example should handle 404 errors gracefully",
              "timedOut": false,
              "duration": 1179,
              "state": "passed",
              "speed": "slow",
              "pass": true,
              "fail": false,
              "pending": false,
              "context": null,
              "code": "const response = await src_1.restified\n    .given()\n    .baseURL('https://jsonplaceholder.typicode.com')\n    .when()\n    .get('/posts/9999')\n    .execute();\nawait response\n    .statusCode(404)\n    .execute();",
              "err": {},
              "uuid": "6f45d91e-7806-480f-a181-eb51a3c6ff31",
              "parentUUID": "1c023e6e-59cf-43fd-b93b-94fd416632c8",
              "isHook": false,
              "skipped": false
            },
            {
              "title": "should handle network timeouts with retry",
              "fullTitle": "Error Handling and Resilience Example should handle network timeouts with retry",
              "timedOut": false,
              "duration": 5163,
              "state": "passed",
              "speed": "slow",
              "pass": true,
              "fail": false,
              "pending": false,
              "context": null,
              "code": "// Configure client with short timeout for demonstration\nsrc_1.restified.createClient('timeout-test', {\n    baseURL: 'https://httpbin.org',\n    timeout: 1000 // Very short timeout\n});\ntry {\n    const response = await src_1.restified\n        .given()\n        .useClient('timeout-test')\n        .when()\n        .get('/delay/2') // This will likely timeout and retry\n        .execute();\n    await response\n        .statusCode(200)\n        .execute();\n}\ncatch (error) {\n    // Expected to fail due to timeout, but should show retry attempts\n    console.log('Request failed after retries as expected');\n}",
              "err": {},
              "uuid": "8ac4addd-ae8c-45e6-9f99-31e393557d6c",
              "parentUUID": "1c023e6e-59cf-43fd-b93b-94fd416632c8",
              "isHook": false,
              "skipped": false
            },
            {
              "title": "should validate error response structure",
              "fullTitle": "Error Handling and Resilience Example should validate error response structure",
              "timedOut": false,
              "duration": 2974,
              "state": "passed",
              "speed": "slow",
              "pass": true,
              "fail": false,
              "pending": false,
              "context": null,
              "code": "const response = await src_1.restified\n    .given()\n    .baseURL('https://httpbin.org')\n    .when()\n    .get('/status/500')\n    .execute();\nawait response\n    .statusCode(500)\n    .execute();",
              "err": {},
              "uuid": "d0c26bec-ad3a-46e6-91df-2a0f33347fc6",
              "parentUUID": "1c023e6e-59cf-43fd-b93b-94fd416632c8",
              "isHook": false,
              "skipped": false
            },
            {
              "title": "should handle malformed JSON responses",
              "fullTitle": "Error Handling and Resilience Example should handle malformed JSON responses",
              "timedOut": false,
              "duration": 1843,
              "state": "passed",
              "speed": "slow",
              "pass": true,
              "fail": false,
              "pending": false,
              "context": null,
              "code": "// Test against an endpoint that returns plain text instead of JSON\nconst response = await src_1.restified\n    .given()\n    .baseURL('https://httpbin.org')\n    .when()\n    .get('/html')\n    .execute();\nawait response\n    .statusCode(200)\n    .header('content-type')\n    .custom((response) => {\n    return response.headers['content-type'].includes('text/html');\n}, 'Response should be HTML')\n    .execute();",
              "err": {},
              "uuid": "70873b68-a03e-4fbe-9639-a837a1f28795",
              "parentUUID": "1c023e6e-59cf-43fd-b93b-94fd416632c8",
              "isHook": false,
              "skipped": false
            },
            {
              "title": "should test API rate limiting behavior",
              "fullTitle": "Error Handling and Resilience Example should test API rate limiting behavior",
              "timedOut": false,
              "duration": 637,
              "state": "passed",
              "speed": "slow",
              "pass": true,
              "fail": false,
              "pending": false,
              "context": null,
              "code": "// Make multiple rapid requests to test rate limiting\n// Note: This is just for demonstration - real rate limiting would need appropriate endpoint\nconst requests = [];\nfor (let i = 0; i < 3; i++) {\n    const request = src_1.restified\n        .given()\n        .baseURL('https://jsonplaceholder.typicode.com')\n        .when()\n        .get('/posts/1')\n        .execute();\n    requests.push(request);\n}\nconst responses = await Promise.all(requests);\n// Verify all requests succeeded (JSONPlaceholder doesn't have rate limiting)\nfor (const response of responses) {\n    await response\n        .statusCode(200)\n        .execute();\n}",
              "err": {},
              "uuid": "6232f0c6-6b1e-4e87-a35d-77bf94e44e5e",
              "parentUUID": "1c023e6e-59cf-43fd-b93b-94fd416632c8",
              "isHook": false,
              "skipped": false
            },
            {
              "title": "should handle authentication errors",
              "fullTitle": "Error Handling and Resilience Example should handle authentication errors",
              "timedOut": false,
              "duration": 2176,
              "state": "passed",
              "speed": "slow",
              "pass": true,
              "fail": false,
              "pending": false,
              "context": null,
              "code": "const response = await src_1.restified\n    .given()\n    .baseURL('https://httpbin.org')\n    .bearerToken('invalid-token')\n    .when()\n    .get('/bearer')\n    .execute();\n// httpbin.org /bearer endpoint doesn't actually validate tokens\n// So this will pass, but in real scenarios you'd test for 401\nawait response\n    .statusCode(200)\n    .execute();",
              "err": {},
              "uuid": "136f37d6-59e9-42f9-800c-c8731e730097",
              "parentUUID": "1c023e6e-59cf-43fd-b93b-94fd416632c8",
              "isHook": false,
              "skipped": false
            },
            {
              "title": "should test request payload validation errors",
              "fullTitle": "Error Handling and Resilience Example should test request payload validation errors",
              "timedOut": false,
              "duration": 716,
              "state": "passed",
              "speed": "slow",
              "pass": true,
              "fail": false,
              "pending": false,
              "context": null,
              "code": "const response = await src_1.restified\n    .given()\n    .baseURL('https://jsonplaceholder.typicode.com')\n    .contentType('application/json')\n    .when()\n    .post('/posts', {\n    // Missing required fields to simulate validation error\n    invalidField: 'test'\n})\n    .execute();\n// JSONPlaceholder is lenient, but real APIs would return validation errors\nawait response\n    .statusCode(201) // JSONPlaceholder always returns 201 for POST\n    .execute();",
              "err": {},
              "uuid": "0b7fe29a-e3e2-4b46-add9-2e774a2a7095",
              "parentUUID": "1c023e6e-59cf-43fd-b93b-94fd416632c8",
              "isHook": false,
              "skipped": false
            }
          ],
          "suites": [],
          "passes": [
            "6f45d91e-7806-480f-a181-eb51a3c6ff31",
            "8ac4addd-ae8c-45e6-9f99-31e393557d6c",
            "d0c26bec-ad3a-46e6-91df-2a0f33347fc6",
            "70873b68-a03e-4fbe-9639-a837a1f28795",
            "6232f0c6-6b1e-4e87-a35d-77bf94e44e5e",
            "136f37d6-59e9-42f9-800c-c8731e730097",
            "0b7fe29a-e3e2-4b46-add9-2e774a2a7095"
          ],
          "failures": [],
          "pending": [],
          "skipped": [],
          "duration": 14688,
          "root": false,
          "rootEmpty": false,
          "_timeout": 15000
        },
        {
          "uuid": "13199c61-74a2-48f5-869f-abb757699593",
          "title": "GraphQL API Testing",
          "fullFile": "C:\\RajKumar\\Otalio\\Otalio\\Apps\\RestifiedApp\\Restified\\examples\\advanced\\graphql-testing.ts",
          "file": "\\examples\\advanced\\graphql-testing.ts",
          "beforeHooks": [
            {
              "title": "\"before all\" hook in \"GraphQL API Testing\"",
              "fullTitle": "GraphQL API Testing \"before all\" hook in \"GraphQL API Testing\"",
              "timedOut": false,
              "duration": 1,
              "state": null,
              "speed": null,
              "pass": false,
              "fail": false,
              "pending": false,
              "context": null,
              "code": "// Create GraphQL client\nindex_1.restified.createGraphQLClient('github', {\n    endpoint: 'https://api.github.com/graphql',\n    headers: {\n        'Authorization': 'Bearer {{$env.GITHUB_TOKEN}}',\n        'User-Agent': 'RestifiedTS-GraphQL-Test'\n    },\n    timeout: 15000\n});\n// Set test variables\nindex_1.restified.setGlobalVariable('owner', 'facebook');\nindex_1.restified.setGlobalVariable('repo', 'react');",
              "err": {},
              "uuid": "ea5fe1aa-b8c5-4319-89e3-f465e656f829",
              "parentUUID": "13199c61-74a2-48f5-869f-abb757699593",
              "isHook": true,
              "skipped": false
            }
          ],
          "afterHooks": [
            {
              "title": "\"after all\" hook in \"GraphQL API Testing\"",
              "fullTitle": "GraphQL API Testing \"after all\" hook in \"GraphQL API Testing\"",
              "timedOut": false,
              "duration": 1,
              "state": null,
              "speed": null,
              "pass": false,
              "fail": false,
              "pending": false,
              "context": null,
              "code": "await index_1.restified.cleanup();",
              "err": {},
              "uuid": "a0b2d78a-7ab9-4feb-ac70-10830044f11a",
              "parentUUID": "13199c61-74a2-48f5-869f-abb757699593",
              "isHook": true,
              "skipped": false
            }
          ],
          "tests": [],
          "suites": [
            {
              "uuid": "1fe6588a-3e7c-4ed2-a5d1-3b57788ecb60",
              "title": "GraphQL Queries",
              "fullFile": "C:\\RajKumar\\Otalio\\Otalio\\Apps\\RestifiedApp\\Restified\\examples\\advanced\\graphql-testing.ts",
              "file": "\\examples\\advanced\\graphql-testing.ts",
              "beforeHooks": [],
              "afterHooks": [],
              "tests": [
                {
                  "title": "should execute basic repository query",
                  "fullTitle": "GraphQL API Testing GraphQL Queries should execute basic repository query",
                  "timedOut": false,
                  "duration": 3032,
                  "state": "failed",
                  "speed": null,
                  "pass": false,
                  "fail": true,
                  "pending": false,
                  "context": null,
                  "code": "const client = index_1.restified.getGraphQLClient('github');\nconst query = `\n        query GetRepository($owner: String!, $name: String!) {\n          repository(owner: $owner, name: $name) {\nname\ndescription\nstargazerCount\nforkCount\nlanguage {\n  name\n}\nowner {\n  login\n}\n          }\n        }\n      `;\nconst response = await client.query(query, {\n    owner: '{{owner}}',\n    name: '{{repo}}'\n});\n// Validate GraphQL response structure\n(0, chai_1.expect)(response.status).to.equal(200);\n(0, chai_1.expect)(response.data.data).to.exist;\n(0, chai_1.expect)(response.data.errors).to.not.exist;\nconst repository = response.data.data.repository;\n(0, chai_1.expect)(repository.name).to.equal('react');\n(0, chai_1.expect)(repository.owner.login).to.equal('facebook');\n(0, chai_1.expect)(repository.stargazerCount).to.be.a('number');\n(0, chai_1.expect)(repository.stargazerCount).to.be.greaterThan(100000);\n// Extract repository data\nindex_1.restified.setGlobalVariable('repoStars', repository.stargazerCount);\nindex_1.restified.setGlobalVariable('repoDescription', repository.description);",
                  "err": {
                    "message": "AxiosError: Request failed with status code 401",
                    "estack": "AxiosError: Request failed with status code 401\n    at settle (node_modules\\axios\\lib\\core\\settle.js:19:12)\n    at IncomingMessage.handleStreamEnd (node_modules\\axios\\lib\\adapters\\http.js:599:11)\n    at IncomingMessage.emit (node:events:530:35)\n    at IncomingMessage.emit (node:domain:489:12)\n    at endReadableNT (node:internal/streams/readable:1698:12)\n    at processTicksAndRejections (node:internal/process/task_queues:90:21)\n    at Axios.request (node_modules\\axios\\lib\\core\\Axios.js:45:41)\n    at processTicksAndRejections (node:internal/process/task_queues:105:5)\n    at async GraphQLClient.executeWithRetry (src\\core\\clients\\GraphQLClient.ts:119:24)\n    at async GraphQLClient.query (src\\core\\clients\\GraphQLClient.ts:77:12)\n    at async Context.<anonymous> (examples\\advanced\\graphql-testing.ts:54:24)",
                    "diff": null
                  },
                  "uuid": "bd8bf28b-1dbd-45a3-b292-2963960f949a",
                  "parentUUID": "1fe6588a-3e7c-4ed2-a5d1-3b57788ecb60",
                  "isHook": false,
                  "skipped": false
                },
                {
                  "title": "should handle GraphQL variables and fragments",
                  "fullTitle": "GraphQL API Testing GraphQL Queries should handle GraphQL variables and fragments",
                  "timedOut": false,
                  "duration": 2844,
                  "state": "failed",
                  "speed": null,
                  "pass": false,
                  "fail": true,
                  "pending": false,
                  "context": null,
                  "code": "const client = index_1.restified.getGraphQLClient('github');\nconst query = `\n        fragment RepositoryInfo on Repository {\n          name\n          description\n          stargazerCount\n          issues(states: OPEN) {\ntotalCount\n          }\n          pullRequests(states: OPEN) {\ntotalCount\n          }\n        }\n\n        query GetRepositoryDetails($owner: String!, $name: String!) {\n          repository(owner: $owner, name: $name) {\n...RepositoryInfo\nlanguages(first: 5) {\n  edges {\n    node {\n      name\n    }\n    size\n  }\n}\n          }\n        }\n      `;\nconst response = await client.query(query, {\n    owner: '{{owner}}',\n    name: '{{repo}}'\n});\n(0, chai_1.expect)(response.status).to.equal(200);\n(0, chai_1.expect)(response.data.data.repository.languages.edges).to.be.an('array');\n(0, chai_1.expect)(response.data.data.repository.issues.totalCount).to.be.a('number');\n(0, chai_1.expect)(response.data.data.repository.pullRequests.totalCount).to.be.a('number');",
                  "err": {
                    "message": "AxiosError: Request failed with status code 401",
                    "estack": "AxiosError: Request failed with status code 401\n    at settle (node_modules\\axios\\lib\\core\\settle.js:19:12)\n    at IncomingMessage.handleStreamEnd (node_modules\\axios\\lib\\adapters\\http.js:599:11)\n    at IncomingMessage.emit (node:events:530:35)\n    at IncomingMessage.emit (node:domain:489:12)\n    at endReadableNT (node:internal/streams/readable:1698:12)\n    at processTicksAndRejections (node:internal/process/task_queues:90:21)\n    at Axios.request (node_modules\\axios\\lib\\core\\Axios.js:45:41)\n    at processTicksAndRejections (node:internal/process/task_queues:105:5)\n    at async GraphQLClient.executeWithRetry (src\\core\\clients\\GraphQLClient.ts:119:24)\n    at async GraphQLClient.query (src\\core\\clients\\GraphQLClient.ts:77:12)\n    at async Context.<anonymous> (examples\\advanced\\graphql-testing.ts:106:24)",
                    "diff": null
                  },
                  "uuid": "7ef36980-8d21-4c6f-8c4f-6ae604a6a0a5",
                  "parentUUID": "1fe6588a-3e7c-4ed2-a5d1-3b57788ecb60",
                  "isHook": false,
                  "skipped": false
                },
                {
                  "title": "should validate GraphQL errors",
                  "fullTitle": "GraphQL API Testing GraphQL Queries should validate GraphQL errors",
                  "timedOut": false,
                  "duration": 2850,
                  "state": "failed",
                  "speed": null,
                  "pass": false,
                  "fail": true,
                  "pending": false,
                  "context": null,
                  "code": "const client = index_1.restified.getGraphQLClient('github');\n// Invalid query - missing required field\nconst invalidQuery = `\n        query InvalidQuery {\n          repository {\nname\n          }\n        }\n      `;\nconst response = await client.query(invalidQuery);\n(0, chai_1.expect)(response.status).to.equal(200); // GraphQL returns 200 even for errors\n(0, chai_1.expect)(response.data.errors).to.exist;\n(0, chai_1.expect)(response.data.errors).to.be.an('array');\n(0, chai_1.expect)(response.data.errors[0].message).to.include('Field \\'repository\\' of type \\'Repository\\' must have a selection of subfields');",
                  "err": {
                    "message": "AxiosError: Request failed with status code 401",
                    "estack": "AxiosError: Request failed with status code 401\n    at settle (node_modules\\axios\\lib\\core\\settle.js:19:12)\n    at IncomingMessage.handleStreamEnd (node_modules\\axios\\lib\\adapters\\http.js:599:11)\n    at IncomingMessage.emit (node:events:530:35)\n    at IncomingMessage.emit (node:domain:489:12)\n    at endReadableNT (node:internal/streams/readable:1698:12)\n    at processTicksAndRejections (node:internal/process/task_queues:90:21)\n    at Axios.request (node_modules\\axios\\lib\\core\\Axios.js:45:41)\n    at processTicksAndRejections (node:internal/process/task_queues:105:5)\n    at async GraphQLClient.executeWithRetry (src\\core\\clients\\GraphQLClient.ts:119:24)\n    at async GraphQLClient.query (src\\core\\clients\\GraphQLClient.ts:77:12)\n    at async Context.<anonymous> (examples\\advanced\\graphql-testing.ts:129:24)",
                    "diff": null
                  },
                  "uuid": "acab4cc4-e225-4e35-a8c9-82a3c2044a9c",
                  "parentUUID": "1fe6588a-3e7c-4ed2-a5d1-3b57788ecb60",
                  "isHook": false,
                  "skipped": false
                }
              ],
              "suites": [],
              "passes": [],
              "failures": [
                "bd8bf28b-1dbd-45a3-b292-2963960f949a",
                "7ef36980-8d21-4c6f-8c4f-6ae604a6a0a5",
                "acab4cc4-e225-4e35-a8c9-82a3c2044a9c"
              ],
              "pending": [],
              "skipped": [],
              "duration": 8726,
              "root": false,
              "rootEmpty": false,
              "_timeout": 30000
            },
            {
              "uuid": "95f3fc11-886a-4869-aa17-80304e5dd7fc",
              "title": "GraphQL Introspection",
              "fullFile": "C:\\RajKumar\\Otalio\\Otalio\\Apps\\RestifiedApp\\Restified\\examples\\advanced\\graphql-testing.ts",
              "file": "\\examples\\advanced\\graphql-testing.ts",
              "beforeHooks": [],
              "afterHooks": [],
              "tests": [
                {
                  "title": "should introspect GraphQL schema",
                  "fullTitle": "GraphQL API Testing GraphQL Introspection should introspect GraphQL schema",
                  "timedOut": false,
                  "duration": 2855,
                  "state": "failed",
                  "speed": null,
                  "pass": false,
                  "fail": true,
                  "pending": false,
                  "context": null,
                  "code": "const client = index_1.restified.getGraphQLClient('github');\nconst response = await client.introspect();\n(0, chai_1.expect)(response.status).to.equal(200);\n(0, chai_1.expect)(response.data.data.__schema).to.exist;\n(0, chai_1.expect)(response.data.data.__schema.types).to.be.an('array');\n(0, chai_1.expect)(response.data.data.__schema.queryType.name).to.equal('Query');\n// Find Repository type\nconst repositoryType = response.data.data.__schema.types.find((type) => type.name === 'Repository');\n(0, chai_1.expect)(repositoryType).to.exist;\n(0, chai_1.expect)(repositoryType.fields).to.be.an('array');",
                  "err": {
                    "message": "AxiosError: Request failed with status code 401",
                    "estack": "AxiosError: Request failed with status code 401\n    at settle (node_modules\\axios\\lib\\core\\settle.js:19:12)\n    at IncomingMessage.handleStreamEnd (node_modules\\axios\\lib\\adapters\\http.js:599:11)\n    at IncomingMessage.emit (node:events:530:35)\n    at IncomingMessage.emit (node:domain:489:12)\n    at endReadableNT (node:internal/streams/readable:1698:12)\n    at processTicksAndRejections (node:internal/process/task_queues:90:21)\n    at Axios.request (node_modules\\axios\\lib\\core\\Axios.js:45:41)\n    at processTicksAndRejections (node:internal/process/task_queues:105:5)\n    at async GraphQLClient.executeWithRetry (src\\core\\clients\\GraphQLClient.ts:119:24)\n    at async GraphQLClient.query (src\\core\\clients\\GraphQLClient.ts:77:12)\n    at async Context.<anonymous> (examples\\advanced\\graphql-testing.ts:142:24)",
                    "diff": null
                  },
                  "uuid": "e185995e-d07e-4724-a166-70fd3093bb97",
                  "parentUUID": "95f3fc11-886a-4869-aa17-80304e5dd7fc",
                  "isHook": false,
                  "skipped": false
                }
              ],
              "suites": [],
              "passes": [],
              "failures": [
                "e185995e-d07e-4724-a166-70fd3093bb97"
              ],
              "pending": [],
              "skipped": [],
              "duration": 2855,
              "root": false,
              "rootEmpty": false,
              "_timeout": 30000
            },
            {
              "uuid": "53dc26da-f018-4fd5-8167-639dc2bcb48b",
              "title": "GraphQL Query Validation",
              "fullFile": "C:\\RajKumar\\Otalio\\Otalio\\Apps\\RestifiedApp\\Restified\\examples\\advanced\\graphql-testing.ts",
              "file": "\\examples\\advanced\\graphql-testing.ts",
              "beforeHooks": [],
              "afterHooks": [],
              "tests": [
                {
                  "title": "should validate query syntax",
                  "fullTitle": "GraphQL API Testing GraphQL Query Validation should validate query syntax",
                  "timedOut": false,
                  "duration": 1,
                  "state": "passed",
                  "speed": "fast",
                  "pass": true,
                  "fail": false,
                  "pending": false,
                  "context": null,
                  "code": "const client = index_1.restified.getGraphQLClient('github');\nconst validQuery = `\n        query ValidQuery($owner: String!) {\n          repository(owner: $owner, name: \"react\") {\nname\n          }\n        }\n      `;\nconst validation = client.validateQuery(validQuery);\n(0, chai_1.expect)(validation.valid).to.be.true;\n(0, chai_1.expect)(validation.errors).to.be.empty;",
                  "err": {},
                  "uuid": "630820ac-ff64-4002-91ff-027a5baf1ccd",
                  "parentUUID": "53dc26da-f018-4fd5-8167-639dc2bcb48b",
                  "isHook": false,
                  "skipped": false
                },
                {
[...]
              "pending": [],
              "skipped": [],
              "duration": 4789,
              "root": false,
              "rootEmpty": false,
              "_timeout": 60000
            },
            {
              "uuid": "fd379735-4543-495c-9ee9-04646719acd4",
              "title": "Error Handling and Reconnection",
              "fullFile": "C:\\RajKumar\\Otalio\\Otalio\\Apps\\RestifiedApp\\Restified\\examples\\advanced\\websocket-testing.ts",
              "file": "\\examples\\advanced\\websocket-testing.ts",
              "beforeHooks": [],
              "afterHooks": [],
              "tests": [
                {
                  "title": "should handle disconnection gracefully",
                  "fullTitle": "WebSocket Real-time Testing Error Handling and Reconnection should handle disconnection gracefully",
                  "timedOut": false,
                  "duration": 657,
                  "state": "passed",
                  "speed": "slow",
                  "pass": true,
                  "fail": false,
                  "pending": false,
                  "context": null,
                  "code": "const client = index_1.restified.getWebSocketClient('echo');\nif (client.isConnected()) {\n    await client.disconnect();\n    (0, chai_1.expect)(client.isConnected()).to.be.false;\n    // Test result should show disconnection\n    const testResult = client.getTestResult();\n    (0, chai_1.expect)(testResult.connected).to.be.false;\n    (0, chai_1.expect)(testResult.disconnectionTime).to.be.a('number');\n    (0, chai_1.expect)(testResult.messages).to.be.an('array');\n}",
                  "err": {},
                  "uuid": "a1ed8804-d9b7-42f4-96e7-9ded3eefb755",
                  "parentUUID": "fd379735-4543-495c-9ee9-04646719acd4",
                  "isHook": false,
                  "skipped": false
                }
              ],
              "suites": [],
              "passes": [
                "a1ed8804-d9b7-42f4-96e7-9ded3eefb755"
              ],
              "failures": [],
              "pending": [],
              "skipped": [],
              "duration": 657,
              "root": false,
              "rootEmpty": false,
              "_timeout": 60000
            }
          ],
          "passes": [],
          "failures": [],
          "pending": [],
          "skipped": [],
          "duration": 0,
          "root": false,
          "rootEmpty": false,
          "_timeout": 60000
        },
        {
          "uuid": "1cd1b891-77ba-4e9a-91c9-b3a59a7cf423",
          "title": "Bearer Token Authentication Example",
          "fullFile": "C:\\RajKumar\\Otalio\\Otalio\\Apps\\RestifiedApp\\Restified\\examples\\authentication\\bearer-auth.ts",
          "file": "\\examples\\authentication\\bearer-auth.ts",
          "beforeHooks": [
            {
              "title": "\"before all\" hook: Bearer Token in \"Bearer Token Authentication Example\"",
              "fullTitle": "Bearer Token Authentication Example \"before all\" hook: Bearer Token in \"Bearer Token Authentication Example\"",
              "timedOut": false,
              "duration": 1,
              "state": null,
              "speed": null,
              "pass": false,
              "fail": false,
              "pending": false,
              "context": null,
              "code": "test_utils_1.GlobalTestUtils.logTestProgress('Simple GET', 'Global Setup');\n(0, chai_1.expect)(true).to.be.true; // Ensure global setup is complete",
              "err": {},
              "uuid": "c52c5fb7-5a5c-4c44-b1ea-0eb9c87872e6",
              "parentUUID": "1cd1b891-77ba-4e9a-91c9-b3a59a7cf423",
              "isHook": true,
              "skipped": false
            },
            {
              "title": "\"before each\" hook: Bearer Token in \"Bearer Token Authentication Example\"",
              "fullTitle": "Bearer Token Authentication Example \"before each\" hook: Bearer Token in \"Bearer Token Authentication Example\"",
              "timedOut": false,
              "duration": 0,
              "state": null,
              "speed": null,
              "pass": false,
              "fail": false,
              "pending": false,
              "context": null,
              "code": "test_utils_1.GlobalTestUtils.logTestProgress('Simple GET', 'Global Setup');\n(0, chai_1.expect)(true).to.be.true; // Ensure global setup is complete",
              "err": {},
              "uuid": "935a8981-08ca-4a1b-adfb-cb75a426b84c",
              "parentUUID": "1cd1b891-77ba-4e9a-91c9-b3a59a7cf423",
              "isHook": true,
              "skipped": false
            }
          ],
          "afterHooks": [
            {
              "title": "\"after all\" hook: Bearer Token in \"Bearer Token Authentication Example\"",
              "fullTitle": "Bearer Token Authentication Example \"after all\" hook: Bearer Token in \"Bearer Token Authentication Example\"",
              "timedOut": false,
              "duration": 0,
              "state": null,
              "speed": null,
              "pass": false,
              "fail": false,
              "pending": false,
              "context": null,
              "code": "test_utils_1.GlobalTestUtils.logTestProgress('Simple GET', 'Global Setup');\n(0, chai_1.expect)(true).to.be.true; // Ensure global setup is complete",
              "err": {},
              "uuid": "3e0f4981-76d6-43c6-a67c-f0778b0da259",
              "parentUUID": "1cd1b891-77ba-4e9a-91c9-b3a59a7cf423",
              "isHook": true,
              "skipped": false
            },
            {
              "title": "\"after each\" hook: Bearer Token in \"Bearer Token Authentication Example\"",
              "fullTitle": "Bearer Token Authentication Example \"after each\" hook: Bearer Token in \"Bearer Token Authentication Example\"",
              "timedOut": false,
              "duration": 0,
              "state": null,
              "speed": null,
              "pass": false,
              "fail": false,
              "pending": false,
              "context": null,
              "code": "test_utils_1.GlobalTestUtils.logTestProgress('Simple GET', 'Global Setup');\n(0, chai_1.expect)(true).to.be.true; // Ensure global setup is complete",
              "err": {},
              "uuid": "bfcf4224-ce81-4b47-afdb-775f3adb995c",
              "parentUUID": "1cd1b891-77ba-4e9a-91c9-b3a59a7cf423",
              "isHook": true,
              "skipped": false
            }
          ],
          "tests": [
            {
              "title": "should use global authentication token with testUtils client",
              "fullTitle": "Bearer Token Authentication Example should use global authentication token with testUtils client",
              "timedOut": false,
              "duration": 5,
              "state": "failed",
              "speed": null,
              "pass": false,
              "fail": true,
              "pending": false,
              "context": null,
              "code": "test_utils_1.GlobalTestUtils.logTestProgress('Bearer Auth', 'Global Token Usage');\n// Use the global auth token that was obtained during global setup\n// Common headers are already included in the client configuration\nconst response = await src_1.restified\n    .given()\n    .useClient('testUtils') // Pre-configured client\n    .bearerToken('{{globalAuthToken}}') // Global auth token\n    .when()\n    .get('/bearer')\n    .execute();\nawait response\n    .statusCode(200)\n    .jsonPath('$.authenticated', true)\n    .jsonPath('$.token', src_1.restified.getVariable('globalAuthToken'))\n    .execute();\nconsole.log('✅ Authentication successful with global token');",
              "err": {
                "message": "TypeError: Invalid URL",
                "estack": "TypeError: Invalid URL\n    at new URL (node:internal/url:818:25)\n    at dispatchHttpRequest (node_modules\\axios\\lib\\adapters\\http.js:232:20)\n    at C:\\RajKumar\\Otalio\\Otalio\\Apps\\RestifiedApp\\Restified\\node_modules\\axios\\lib\\adapters\\http.js:152:5\n    at new Promise (<anonymous>)\n    at wrapAsync (node_modules\\axios\\lib\\adapters\\http.js:132:10)\n    at http (node_modules\\axios\\lib\\adapters\\http.js:170:10)\n    at Axios.dispatchRequest (node_modules\\axios\\lib\\core\\dispatchRequest.js:51:10)\n    at Axios._request (node_modules\\axios\\lib\\core\\Axios.js:187:33)\n    at Axios.request (node_modules\\axios\\lib\\core\\Axios.js:40:25)\n    at Function.wrap [as request] (node_modules\\axios\\lib\\helpers\\bind.js:5:15)\n    at WhenStep.performHttpRequest (src\\core\\dsl\\when.core.ts:238:32)\n    at C:\\RajKumar\\Otalio\\Otalio\\Apps\\RestifiedApp\\Restified\\src\\core\\dsl\\when.core.ts:191:28\n    at RetryManager.executeWithRetry (src\\core\\network\\RetryManager.ts:168:32)\n    at C:\\RajKumar\\Otalio\\Otalio\\Apps\\RestifiedApp\\Restified\\src\\core\\dsl\\when.core.ts:189:40\n    at CircuitBreakerManager.executeRequest (src\\core\\network\\CircuitBreakerManager.ts:209:29)\n    at CircuitBreakerManager.executeInClosedState (src\\core\\network\\CircuitBreakerManager.ts:106:33)\n    at CircuitBreakerManager.executeWithCircuitBreaker (src\\core\\network\\CircuitBreakerManager.ts:85:27)\n    at WhenStep.execute (src\\core\\dsl\\when.core.ts:185:45)\n    at Context.<anonymous> (examples\\authentication\\bearer-auth.ts:44:10)\n    at Axios.request (node_modules\\axios\\lib\\core\\Axios.js:45:41)\n    at async WhenStep.performHttpRequest (src\\core\\dsl\\when.core.ts:238:20)\n    at async RetryManager.executeWithRetry (src\\core\\network\\RetryManager.ts:168:26)\n    at async C:\\RajKumar\\Otalio\\Otalio\\Apps\\RestifiedApp\\Restified\\src\\core\\dsl\\when.core.ts:189:16\n    at async CircuitBreakerManager.executeRequest (src\\core\\network\\CircuitBreakerManager.ts:212:9)\n    at async CircuitBreakerManager.executeInClosedState (src\\core\\network\\CircuitBreakerManager.ts:106:22)\n    at async CircuitBreakerManager.executeWithCircuitBreaker (src\\core\\network\\CircuitBreakerManager.ts:85:16)\n    at async WhenStep.execute (src\\core\\dsl\\when.core.ts:185:12)\n    at async Context.<anonymous> (examples\\authentication\\bearer-auth.ts:38:22)",
                "diff": null
              },
              "uuid": "72869e87-23fa-4a91-a157-955b866989fa",
              "parentUUID": "1cd1b891-77ba-4e9a-91c9-b3a59a7cf423",
              "isHook": false,
              "skipped": false
            },
            {
              "title": "should demonstrate environment-based authentication",
              "fullTitle": "Bearer Token Authentication Example should demonstrate environment-based authentication",
              "timedOut": false,
              "duration": 2,
              "state": "failed",
              "speed": null,
              "pass": false,
              "fail": true,
              "pending": false,
              "context": null,
              "code": "test_utils_1.GlobalTestUtils.logTestProgress('Bearer Auth', 'Environment Auth');\n// Use environment variable that was set up during global setup\n// Common headers are already included in the client configuration\nconst response = await src_1.restified\n    .given()\n    .useClient('testUtils')\n    .bearerToken('{{$env.EXAMPLE_API_KEY}}') // From global setup\n    .when()\n    .get('/bearer')\n    .execute();\nawait response\n    .statusCode(200)\n    .jsonPath('$.authenticated', true)\n    .jsonPath('$.token', process.env.EXAMPLE_API_KEY)\n    .execute();\nconsole.log('✅ Environment-based authentication successful');",
              "err": {
                "message": "TypeError: Invalid URL",
                "estack": "TypeError: Invalid URL\n    at new URL (node:internal/url:818:25)\n    at dispatchHttpRequest (node_modules\\axios\\lib\\adapters\\http.js:232:20)\n    at C:\\RajKumar\\Otalio\\Otalio\\Apps\\RestifiedApp\\Restified\\node_modules\\axios\\lib\\adapters\\http.js:152:5\n    at new Promise (<anonymous>)\n    at wrapAsync (node_modules\\axios\\lib\\adapters\\http.js:132:10)\n    at http (node_modules\\axios\\lib\\adapters\\http.js:170:10)\n    at Axios.dispatchRequest (node_modules\\axios\\lib\\core\\dispatchRequest.js:51:10)\n    at Axios._request (node_modules\\axios\\lib\\core\\Axios.js:187:33)\n    at Axios.request (node_modules\\axios\\lib\\core\\Axios.js:40:25)\n    at Function.wrap [as request] (node_modules\\axios\\lib\\helpers\\bind.js:5:15)\n    at WhenStep.performHttpRequest (src\\core\\dsl\\when.core.ts:238:32)\n    at C:\\RajKumar\\Otalio\\Otalio\\Apps\\RestifiedApp\\Restified\\src\\core\\dsl\\when.core.ts:191:28\n    at RetryManager.executeWithRetry (src\\core\\network\\RetryManager.ts:168:32)\n    at C:\\RajKumar\\Otalio\\Otalio\\Apps\\RestifiedApp\\Restified\\src\\core\\dsl\\when.core.ts:189:40\n    at CircuitBreakerManager.executeRequest (src\\core\\network\\CircuitBreakerManager.ts:209:29)\n    at CircuitBreakerManager.executeInClosedState (src\\core\\network\\CircuitBreakerManager.ts:106:33)\n    at CircuitBreakerManager.executeWithCircuitBreaker (src\\core\\network\\CircuitBreakerManager.ts:85:27)\n    at WhenStep.execute (src\\core\\dsl\\when.core.ts:185:45)\n    at Context.<anonymous> (examples\\authentication\\bearer-auth.ts:66:10)\n    at Axios.request (node_modules\\axios\\lib\\core\\Axios.js:45:41)\n    at async WhenStep.performHttpRequest (src\\core\\dsl\\when.core.ts:238:20)\n    at async RetryManager.executeWithRetry (src\\core\\network\\RetryManager.ts:168:26)\n    at async C:\\RajKumar\\Otalio\\Otalio\\Apps\\RestifiedApp\\Restified\\src\\core\\dsl\\when.core.ts:189:16\n    at async CircuitBreakerManager.executeRequest (src\\core\\network\\CircuitBreakerManager.ts:212:9)\n    at async CircuitBreakerManager.executeInClosedState (src\\core\\network\\CircuitBreakerManager.ts:106:22)\n    at async CircuitBreakerManager.executeWithCircuitBreaker (src\\core\\network\\CircuitBreakerManager.ts:85:16)\n    at async WhenStep.execute (src\\core\\dsl\\when.core.ts:185:12)\n    at async Context.<anonymous> (examples\\authentication\\bearer-auth.ts:60:22)",
                "diff": null
              },
              "uuid": "cf4c807b-be50-4fb0-a476-a133fefffb7c",
              "parentUUID": "1cd1b891-77ba-4e9a-91c9-b3a59a7cf423",
              "isHook": false,
              "skipped": false
            },
            {
              "title": "should show authenticated API workflow",
              "fullTitle": "Bearer Token Authentication Example should show authenticated API workflow",
              "timedOut": false,
              "duration": 1,
              "state": "failed",
              "speed": null,
              "pass": false,
              "fail": true,
              "pending": false,
              "context": null,
              "code": "test_utils_1.GlobalTestUtils.logTestProgress('Bearer Auth', 'API Workflow');\n// Step 1: Use authenticated API client for business operation\n// Common headers are already included in the client configuration\nconst userResponse = await src_1.restified\n    .given()\n    .useClient('api') // Pre-configured with global auth\n    .header('Authorization', `Bearer {{globalAuthToken}}`)\n    .when()\n    .get('/users/{{globalUserId}}')\n    .execute();\nawait userResponse\n    .statusCode(200)\n    .jsonPath('$.id', src_1.restified.getVariable('globalUserId'))\n    .extract('$.phone', 'userPhone')\n    .execute();\n// Step 2: Validate auth token with test utilities\nconst validateResponse = await src_1.restified\n    .given()\n    .useClient('testUtils')\n    .header('X-User-Phone', '{{userPhone}}')\n    .header('X-Global-User', '{{globalUserEmail}}')\n    .bearerToken('{{globalAuthToken}}')\n    .when()\n    .get('/bearer')\n    .execute();\nawait validateResponse\n    .statusCode(200)\n    .jsonPath('$.authenticated', true)\n    .custom((response) => {\n    return response.data.token === src_1.restified.getVariable('globalAuthToken');\n}, 'Token should match global auth token')\n    .execute();\nconsole.log('✅ Full authenticated workflow completed');",
              "err": {
                "message": "Error: Circuit breaker 'GET:/' is OPEN. Failing fast to protect downstream service.",
                "estack": "Error: Circuit breaker 'GET:/' is OPEN. Failing fast to protect downstream service.\n    at CircuitBreakerManager.executeInOpenState (src\\core\\network\\CircuitBreakerManager.ts:139:19)\n    at CircuitBreakerManager.executeWithCircuitBreaker (src\\core\\network\\CircuitBreakerManager.ts:88:27)\n    at WhenStep.execute (src\\core\\dsl\\when.core.ts:185:45)\n    at Context.<anonymous> (examples\\authentication\\bearer-auth.ts:88:10)",
                "diff": null
              },
              "uuid": "cc1f6644-edcd-4999-8e71-ab65cbe7efc9",
              "parentUUID": "1cd1b891-77ba-4e9a-91c9-b3a59a7cf423",
              "isHook": false,
              "skipped": false
            },
            {
              "title": "should handle authentication errors with global patterns",
              "fullTitle": "Bearer Token Authentication Example should handle authentication errors with global patterns",
              "timedOut": false,
              "duration": 0,
              "state": "failed",
              "speed": null,
              "pass": false,
              "fail": true,
              "pending": false,
              "context": null,
              "code": "test_utils_1.GlobalTestUtils.logTestProgress('Bearer Auth', 'Error Handling');\n// Test authentication failure using invalid token\n// Common headers are already included in the client configuration\nconst response = await src_1.restified\n    .given()\n    .useClient('testUtils')\n    .bearerToken('invalid-global-token')\n    .when()\n    .get('/bearer')\n    .execute();\nawait response\n    .statusCode(200) // HTTPBin accepts any token for demo\n    .jsonPath('$.authenticated', true)\n    .jsonPath('$.token', 'invalid-global-token')\n    .execute();\nconsole.log('✅ Authentication error handling verified');",
              "err": {
                "message": "Error: Circuit breaker 'GET:/' is OPEN. Failing fast to protect downstream service.",
                "estack": "Error: Circuit breaker 'GET:/' is OPEN. Failing fast to protect downstream service.\n    at CircuitBreakerManager.executeInOpenState (src\\core\\network\\CircuitBreakerManager.ts:139:19)\n    at CircuitBreakerManager.executeWithCircuitBreaker (src\\core\\network\\CircuitBreakerManager.ts:88:27)\n    at WhenStep.execute (src\\core\\dsl\\when.core.ts:185:45)\n    at Context.<anonymous> (examples\\authentication\\bearer-auth.ts:129:10)",
                "diff": null
              },
              "uuid": "b455ae62-2268-4de5-b839-b22a342faf7e",
              "parentUUID": "1cd1b891-77ba-4e9a-91c9-b3a59a7cf423",
              "isHook": false,
              "skipped": false
            }
          ],
          "suites": [],
          "passes": [],
          "failures": [
            "72869e87-23fa-4a91-a157-955b866989fa",
            "cf4c807b-be50-4fb0-a476-a133fefffb7c",
            "cc1f6644-edcd-4999-8e71-ab65cbe7efc9",
            "b455ae62-2268-4de5-b839-b22a342faf7e"
          ],
          "pending": [],
          "skipped": [],
          "duration": 8,
          "root": false,
          "rootEmpty": false,
          "_timeout": 10000
        }
      ],
      "passes": [],
      "failures": [],
      "pending": [],
      "skipped": [],
      "duration": 0,
      "root": true,
      "rootEmpty": true,
      "_timeout": 10000
    }
  ],
  "meta": {
    "mocha": {
      "version": "10.8.2"
    },
    "mochawesome": {
      "options": {
        "quiet": false,
        "reportFilename": "mochawesome",
        "saveHtml": true,
        "saveJson": true,
        "consoleReporter": "spec",
        "useInlineDiffs": false,
        "code": true
      },
      "version": "7.1.3"
    },
    "marge": {
      "options": {
        "[object Object]": true
      },
      "version": "6.2.0"
    }
  }
}