{
  "stats": {
    "suites": 33,
    "tests": 85,
    "passes": 66,
    "pending": 1,
    "failures": 18,
    "start": "2025-08-15T11:45:57.926Z",
    "end": "2025-08-15T11:47:03.574Z",
    "duration": 65648,
    "testsRegistered": 85,
    "passPercent": 78.57142857142857,
    "pendingPercent": 1.1764705882352942,
    "other": 0,
    "hasOther": false,
    "skipped": 0,
    "hasSkipped": false
  },
  "results": [
    {
      "uuid": "7b7967ce-dd52-4c14-9c1c-534820e05652",
      "title": "",
      "fullFile": "",
      "file": "",
      "beforeHooks": [
        {
          "title": "\"before all\" hook in \"{root}\"",
          "fullTitle": "\"before all\" hook in \"{root}\"",
          "timedOut": false,
          "duration": 4849,
          "state": null,
          "speed": null,
          "pass": false,
          "fail": false,
          "pending": false,
          "context": null,
          "code": "this.timeout(30000); // Allow time for setup\nconsole.log('\\n🚀 === GLOBAL SETUP: Initializing Restified ===');\n// Step 1: Load configuration\nconsole.log('📋 Loading configuration...');\ntry {\n    const configLoader = ConfigLoader_1.ConfigLoader.getInstance();\n    config = await configLoader.loadConfig();\n    // Validate configuration\n    const validation = configLoader.validateConfig(config);\n    if (!validation.valid) {\n        console.log('⚠️  Configuration validation warnings:');\n        validation.errors.forEach(error => console.log(`   - ${error}`));\n    }\n    console.log('✅ Configuration loaded');\n}\ncatch (error) {\n    console.log('⚠️  Error loading configuration:', error.message);\n    console.log('📋 Using default configuration');\n    config = {}; // Will use defaults\n}\n// Step 2: Setup reporting infrastructure (only when needed)\nif (isReportingEnabled && config.reporting?.enabled !== false) {\n    console.log('📊 Setting up reporting infrastructure...');\n    const reportsDir = path.join(process.cwd(), config.reporting?.outputDir || 'reports');\n    try {\n        if (!fs.existsSync(reportsDir)) {\n            fs.mkdirSync(reportsDir, { recursive: true });\n        }\n        const reportMetadata = {\n            executionId: `restified-${Date.now()}`,\n            timestamp: new Date().toISOString(),\n            environment: config.environment?.name || 'development',\n            framework: 'Restified v1.0.0',\n            reportType: 'User-Generated Report'\n        };\n        fs.writeFileSync(path.join(reportsDir, 'report-info.json'), JSON.stringify(reportMetadata, null, 2));\n        console.log('✅ Reporting ready');\n        console.log(`   📁 Reports will be saved to: ${reportsDir}/`);\n    }\n    catch (error) {\n        console.log('⚠️  Warning: Could not setup reporting:', error.message);\n    }\n}\n// Step 3: Configure HTTP clients from config\nconsole.log('🔧 Setting up HTTP clients...');\nif (config.clients) {\n    for (const [clientName, clientConfig] of Object.entries(config.clients)) {\n        // Merge global headers with client-specific headers\n        const headers = {\n            ...config.globalHeaders,\n            ...clientConfig.headers\n        };\n        src_1.restified.createClient(clientName, {\n            ...clientConfig,\n            headers\n        });\n    }\n    console.log(`✅ ${Object.keys(config.clients).length} HTTP clients configured`);\n}\nelse {\n    console.log('⚠️  No HTTP clients configured');\n}\n// Step 4: Perform authentication\nif (config.authentication) {\n    console.log('🔐 Performing authentication...');\n    try {\n        const authResponse = await src_1.restified\n            .given()\n            .useClient(config.authentication.client)\n            .when()[config.authentication.method.toLowerCase()](config.authentication.endpoint)\n            .execute();\n        await authResponse\n            .statusCode(200)\n            .extract(config.authentication.extractors.token, 'globalAuthToken')\n            .extract(config.authentication.extractors.userEmail, 'globalUserEmail')\n            .extract(config.authentication.extractors.userId, 'globalUserId')\n            .execute();\n        // Automatically add auth token to configured HTTP clients\n        const authToken = src_1.restified.getVariable('globalAuthToken');\n        if (authToken) {\n            const authHeaderName = config.authentication.authHeaderName || 'Authorization';\n            const autoApplyToClients = config.authentication.autoApplyToClients || 'all';\n            if (autoApplyToClients === 'all') {\n                src_1.restified.addAuthTokenToAllClients(authToken, authHeaderName);\n                console.log('✅ Authentication successful - Auth token added to all clients');\n            }\n            else if (Array.isArray(autoApplyToClients)) {\n                for (const clientName of autoApplyToClients) {\n                    const headerValue = authHeaderName === 'Authorization' ? `Bearer ${authToken}` : authToken;\n                    src_1.restified.updateClientHeaders(clientName, { [authHeaderName]: headerValue });\n                }\n                console.log(`✅ Authentication successful - Auth token added to clients: ${autoApplyToClients.join(', ')}`);\n            }\n            console.log('   📧 User Email:', src_1.restified.getVariable('globalUserEmail'));\n            console.log('   🆔 User ID:', src_1.restified.getVariable('globalUserId'));\n            console.log(`   🔐 Auth token automatically applied using header: ${authHeaderName}`);\n        }\n    }\n    catch (error) {\n        console.log('⚠️  Authentication failed, using fallback values');\n        if (config.authentication.fallback) {\n            src_1.restified.setGlobalVariable('globalAuthToken', config.authentication.fallback.token);\n            src_1.restified.setGlobalVariable('globalUserEmail', config.authentication.fallback.userEmail);\n            src_1.restified.setGlobalVariable('globalUserId', config.authentication.fallback.userId);\n            // Add fallback auth token to configured clients\n            const authHeaderName = config.authentication.authHeaderName || 'Authorization';\n            const autoApplyToClients = config.authentication.autoApplyToClients || 'all';\n            if (autoApplyToClients === 'all') {\n                src_1.restified.addAuthTokenToAllClients(config.authentication.fallback.token, authHeaderName);\n                console.log('   🔐 Fallback auth token added to all clients');\n            }\n            else if (Array.isArray(autoApplyToClients)) {\n                for (const clientName of autoApplyToClients) {\n                    const headerValue = authHeaderName === 'Authorization'\n                        ? `Bearer ${config.authentication.fallback.token}`\n                        : config.authentication.fallback.token;\n                    src_1.restified.updateClientHeaders(clientName, { [authHeaderName]: headerValue });\n                }\n                console.log(`   🔐 Fallback auth token added to clients: ${autoApplyToClients.join(', ')}`);\n            }\n        }\n    }\n}\n// Step 5: Set up global variables from config\nif (config.globalVariables) {\n    console.log('📋 Setting up global variables...');\n    src_1.restified.setGlobalVariables(config.globalVariables);\n    console.log(`✅ ${Object.keys(config.globalVariables).length} global variables configured`);\n}\n// Step 6: Set up environment variables from config\nif (config.environmentVariables) {\n    for (const [key, value] of Object.entries(config.environmentVariables)) {\n        process.env[key] = value;\n    }\n    console.log(`✅ ${Object.keys(config.environmentVariables).length} environment variables set`);\n}\n// Step 7: Verify connectivity with health checks\nif (config.healthChecks && config.healthChecks.length > 0) {\n    console.log('🔍 Verifying service connectivity...');\n    for (const healthCheck of config.healthChecks) {\n        try {\n            const response = await src_1.restified\n                .given()\n                .useClient(healthCheck.client)\n                .when()\n                .get(healthCheck.endpoint)\n                .execute();\n            await response.statusCode(healthCheck.expectedStatus).execute();\n            console.log(`   ✅ ${healthCheck.name}: OK`);\n        }\n        catch (error) {\n            console.log(`   ⚠️  ${healthCheck.name}: Failed`);\n        }\n    }\n}\nconsole.log('🎯 === GLOBAL SETUP COMPLETE ===\\n');",
          "err": {},
          "uuid": "a7c6f03e-fca2-4290-8323-c203a18fc1bb",
          "parentUUID": "7b7967ce-dd52-4c14-9c1c-534820e05652",
          "isHook": true,
          "skipped": false
        },
        {
          "title": "\"before each\" hook in \"{root}\"",
          "fullTitle": "\"before each\" hook in \"{root}\"",
          "timedOut": false,
          "duration": 0,
          "state": null,
          "speed": null,
          "pass": false,
          "fail": false,
          "pending": false,
          "context": "[\n  {\n    \"title\": \"📊 Restified Request/Response Details\",\n    \"value\": {\n      \"request\": {\n        \"method\": \"GET\",\n        \"url\": \"https://jsonplaceholder.typicode.com/users/1\",\n        \"headers\": {},\n        \"timestamp\": \"2025-08-15T11:46:02.978Z\"\n      },\n      \"response\": {\n        \"status\": 200,\n        \"statusText\": \"OK\",\n        \"headers\": {\n          \"date\": \"Fri, 15 Aug 2025 11:46:02 GMT\",\n          \"content-type\": \"application/json; charset=utf-8\",\n          \"transfer-encoding\": \"chunked\",\n          \"connection\": \"keep-alive\",\n          \"access-control-allow-credentials\": \"true\",\n          \"cache-control\": \"max-age=43200\",\n          \"etag\": \"W/\\\"1fd-+2Y3G3w049iSZtw5t1mzSnunngE\\\"\",\n          \"expires\": \"-1\",\n          \"nel\": \"{\\\"report_to\\\":\\\"heroku-nel\\\",\\\"response_headers\\\":[\\\"Via\\\"],\\\"max_age\\\":3600,\\\"success_fraction\\\":0.01,\\\"failure_fraction\\\":0.1}\",\n          \"pragma\": \"no-cache\",\n          \"report-to\": \"{\\\"group\\\":\\\"heroku-nel\\\",\\\"endpoints\\\":[{\\\"url\\\":\\\"https://nel.heroku.com/reports?s=hawI4GSGFdWNnOuO1N6ITY2ljkMT24HRMf1KUUU23Is%3D\\\\u0026sid=e11707d5-02a7-43ef-b45e-2cf4d2036f7d\\\\u0026ts=1752067847\\\"}],\\\"max_age\\\":3600}\",\n          \"reporting-endpoints\": \"heroku-nel=\\\"https://nel.heroku.com/reports?s=hawI4GSGFdWNnOuO1N6ITY2ljkMT24HRMf1KUUU23Is%3D&sid=e11707d5-02a7-43ef-b45e-2cf4d2036f7d&ts=1752067847\\\"\",\n          \"server\": \"cloudflare\",\n          \"vary\": \"Origin, Accept-Encoding\",\n          \"via\": \"2.0 heroku-router\",\n          \"x-content-type-options\": \"nosniff\",\n          \"x-powered-by\": \"Express\",\n          \"x-ratelimit-limit\": \"1000\",\n          \"x-ratelimit-remaining\": \"999\",\n          \"x-ratelimit-reset\": \"1752067896\",\n          \"age\": \"6344\",\n          \"cf-cache-status\": \"HIT\",\n          \"cf-ray\": \"96f872fffb3f18e1-FRA\",\n          \"alt-svc\": \"h3=\\\":443\\\"; ma=86400\"\n        },\n        \"body\": {\n          \"id\": 1,\n          \"name\": \"Leanne Graham\",\n          \"username\": \"Bret\",\n          \"email\": \"Sincere@april.biz\",\n          \"address\": {\n            \"street\": \"Kulas Light\",\n            \"suite\": \"Apt. 556\",\n            \"city\": \"Gwenborough\",\n            \"zipcode\": \"92998-3874\",\n            \"geo\": {\n              \"lat\": \"-37.3159\",\n              \"lng\": \"81.1496\"\n            }\n          },\n          \"phone\": \"1-770-736-8031 x56442\",\n          \"website\": \"hildegard.org\",\n          \"company\": {\n            \"name\": \"Romaguera-Crona\",\n            \"catchPhrase\": \"Multi-layered client-server neural-net\",\n            \"bs\": \"harness real-time e-markets\"\n          }\n        },\n        \"responseTime\": \"196ms\",\n        \"timestamp\": \"2025-08-15T11:46:02.979Z\"\n      },\n      \"assertions\": [\n        {\n          \"type\": \"statusCode\",\n          \"passed\": true,\n          \"message\": \"Expected status code 200, got 200\",\n          \"expected\": 200,\n          \"actual\": 200\n        },\n        {\n          \"type\": \"jsonPath\",\n          \"passed\": true,\n          \"message\": \"JSONPath '$.id' expected '1', got '1'\",\n          \"expected\": 1,\n          \"actual\": 1\n        },\n        {\n          \"type\": \"jsonPath\",\n          \"passed\": true,\n          \"message\": \"JSONPath '$.name' expected 'Leanne Graham', got 'Leanne Graham'\",\n          \"expected\": \"Leanne Graham\",\n          \"actual\": \"Leanne Graham\"\n        }\n      ],\n      \"framework\": {\n        \"name\": \"Restified\",\n        \"version\": \"1.0.0\",\n        \"nodeVersion\": \"v22.17.1\",\n        \"platform\": \"win32\",\n        \"testSuite\": \"enterprise-api-tests\"\n      }\n    }\n  },\n  {\n    \"title\": \"✅ Assertion Summary\",\n    \"value\": {\n      \"total\": 3,\n      \"passed\": 3,\n      \"failed\": 0,\n      \"details\": [\n        \"All assertions passed\"\n      ]\n    }\n  },\n  {\n    \"title\": \"📊 Restified Request/Response Details\",\n    \"value\": {\n      \"request\": {\n        \"method\": \"GET\",\n        \"url\": \"https://jsonplaceholder.typicode.com/users/2\",\n        \"headers\": {},\n        \"timestamp\": \"2025-08-15T11:46:03.183Z\"\n      },\n      \"response\": {\n        \"status\": 200,\n        \"statusText\": \"OK\",\n        \"headers\": {\n          \"date\": \"Fri, 15 Aug 2025 11:46:03 GMT\",\n          \"content-type\": \"application/json; charset=utf-8\",\n          \"transfer-encoding\": \"chunked\",\n          \"connection\": \"keep-alive\",\n          \"access-control-allow-credentials\": \"true\",\n          \"cache-control\": \"max-age=43200\",\n          \"etag\": \"W/\\\"1fd-XTG63SYhaP/Uo6/vgmARnL3rpBk\\\"\",\n          \"expires\": \"-1\",\n          \"nel\": \"{\\\"report_to\\\":\\\"heroku-nel\\\",\\\"response_headers\\\":[\\\"Via\\\"],\\\"max_age\\\":3600,\\\"success_fraction\\\":0.01,\\\"failure_fraction\\\":0.1}\",\n          \"pragma\": \"no-cache\",\n          \"report-to\": \"{\\\"group\\\":\\\"heroku-nel\\\",\\\"endpoints\\\":[{\\\"url\\\":\\\"https://nel.heroku.com/reports?s=SZzUAXxhKiaC2A3BW94xBUoXavPog%2BXEN6TdrTpbI6w%3D\\\\u0026sid=e11707d5-02a7-43ef-b45e-2cf4d2036f7d\\\\u0026ts=1752358704\\\"}],\\\"max_age\\\":3600}\",\n          \"reporting-endpoints\": \"heroku-nel=\\\"https://nel.heroku.com/reports?s=SZzUAXxhKiaC2A3BW94xBUoXavPog%2BXEN6TdrTpbI6w%3D&sid=e11707d5-02a7-43ef-b45e-2cf4d2036f7d&ts=1752358704\\\"\",\n          \"server\": \"cloudflare\",\n          \"vary\": \"Origin, Accept-Encoding\",\n          \"via\": \"2.0 heroku-router\",\n          \"x-content-type-options\": \"nosniff\",\n          \"x-powered-by\": \"Express\",\n          \"x-ratelimit-limit\": \"1000\",\n          \"x-ratelimit-remaining\": \"999\",\n          \"x-ratelimit-reset\": \"1752358763\",\n          \"age\": \"12446\",\n          \"cf-cache-status\": \"HIT\",\n          \"cf-ray\": \"96f873013bdd18e1-FRA\",\n          \"alt-svc\": \"h3=\\\":443\\\"; ma=86400\"\n        },\n        \"body\": {\n          \"id\": 2,\n          \"name\": \"Ervin Howell\",\n          \"username\": \"Antonette\",\n          \"email\": \"Shanna@melissa.tv\",\n          \"address\": {\n            \"street\": \"Victor Plains\",\n            \"suite\": \"Suite 879\",\n            \"city\": \"Wisokyburgh\",\n            \"zipcode\": \"90566-7771\",\n            \"geo\": {\n              \"lat\": \"-43.9509\",\n              \"lng\": \"-34.4618\"\n            }\n          },\n          \"phone\": \"010-692-6593 x09125\",\n          \"website\": \"anastasia.net\",\n          \"company\": {\n            \"name\": \"Deckow-Crist\",\n            \"catchPhrase\": \"Proactive didactic contingency\",\n            \"bs\": \"synergize scalable supply-chains\"\n          }\n        },\n        \"responseTime\": \"200ms\",\n        \"timestamp\": \"2025-08-15T11:46:03.183Z\"\n      },\n      \"assertions\": [\n        {\n          \"type\": \"statusCode\",\n          \"passed\": true,\n          \"message\": \"Expected status code 200, got 200\",\n          \"expected\": 200,\n          \"actual\": 200\n        },\n        {\n          \"type\": \"jsonPath\",\n          \"passed\": true,\n          \"message\": \"JSONPath '$.id' expected '2', got '2'\",\n          \"expected\": 2,\n          \"actual\": 2\n        },\n        {\n          \"type\": \"jsonPath\",\n          \"passed\": true,\n          \"message\": \"JSONPath '$.name' expected 'Ervin Howell', got 'Ervin Howell'\",\n          \"expected\": \"Ervin Howell\",\n          \"actual\": \"Ervin Howell\"\n        }\n      ],\n      \"framework\": {\n        \"name\": \"Restified\",\n        \"version\": \"1.0.0\",\n        \"nodeVersion\": \"v22.17.1\",\n        \"platform\": \"win32\",\n        \"testSuite\": \"enterprise-api-tests\"\n      }\n    }\n  },\n  {\n    \"title\": \"✅ Assertion Summary\",\n    \"value\": {\n      \"total\": 3,\n      \"passed\": 3,\n      \"failed\": 0,\n      \"details\": [\n        \"All assertions passed\"\n      ]\n    }\n  },\n  {\n    \"title\": \"📊 Restified Request/Response Details\",\n    \"value\": {\n      \"request\": {\n        \"method\": \"GET\",\n        \"url\": \"https://jsonplaceholder.typicode.com/users/3\",\n        \"headers\": {},\n        \"timestamp\": \"2025-08-15T11:46:03.380Z\"\n      },\n      \"response\": {\n        \"status\": 200,\n        \"statusText\": \"OK\",\n        \"headers\": {\n          \"date\": \"Fri, 15 Aug 2025 11:46:03 GMT\",\n          \"content-type\": \"application/json; charset=utf-8\",\n          \"transfer-encoding\": \"chunked\",\n          \"connection\": \"keep-alive\",\n          \"access-control-allow-credentials\": \"true\",\n          \"cache-control\": \"max-age=43200\",\n          \"etag\": \"W/\\\"208-uuwhfwQMzFzbJr9Pg6DKXae0SXA\\\"\",\n          \"expires\": \"-1\",\n          \"nel\": \"{\\\"report_to\\\":\\\"heroku-nel\\\",\\\"response_headers\\\":[\\\"Via\\\"],\\\"max_age\\\":3600,\\\"success_fraction\\\":0.01,\\\"failure_fraction\\\":0.1}\",\n          \"pragma\": \"no-cache\",\n          \"report-to\": \"{\\\"group\\\":\\\"heroku-nel\\\",\\\"endpoints\\\":[{\\\"url\\\":\\\"https://nel.heroku.com/reports?s=RBL524p8hc5gZXSyxlWM2Zjz2mqHwCGI2Ojab20vYjo%3D\\\\u0026sid=e11707d5-02a7-43ef-b45e-2cf4d2036f7d\\\\u0026ts=1752295595\\\"}],\\\"max_age\\\":3600}\",\n          \"reporting-endpoints\": \"heroku-nel=\\\"https://nel.heroku.com/reports?s=RBL524p8hc5gZXSyxlWM2Zjz2mqHwCGI2Ojab20vYjo%3D&sid=e11707d5-02a7-43ef-b45e-2cf4d2036f7d&ts=1752295595\\\"\",\n          \"server\": \"cloudflare\",\n          \"vary\": \"Origin, Accept-Encoding\",\n          \"via\": \"2.0 heroku-router\",\n          \"x-content-type-options\": \"nosniff\",\n          \"x-powered-by\": \"Express\",\n          \"x-ratelimit-limit\": \"1000\",\n          \"x-ratelimit-remaining\": \"999\",\n          \"x-ratelimit-reset\": \"1752295634\",\n          \"age\": \"12444\",\n          \"cf-cache-status\": \"HIT\",\n          \"cf-ray\": \"96f873028c6f18e1-FRA\",\n          \"alt-svc\": \"h3=\\\":443\\\"; ma=86400\"\n        },\n        \"body\": {\n          \"id\": 3,\n          \"name\": \"Clementine Bauch\",\n          \"username\": \"Samantha\",\n          \"email\": \"Nathan@yesenia.net\",\n          \"address\": {\n            \"street\": \"Douglas Extension\",\n            \"suite\": \"Suite 847\",\n            \"city\": \"McKenziehaven\",\n            \"zipcode\": \"59590-4157\",\n            \"geo\": {\n              \"lat\": \"-68.6102\",\n              \"lng\": \"-47.0653\"\n            }\n          },\n          \"phone\": \"1-463-123-4447\",\n          \"website\": \"ramiro.info\",\n          \"company\": {\n            \"name\": \"Romaguera-Jacobson\",\n            \"catchPhrase\": \"Face to face bifurcated interface\",\n            \"bs\": \"e-enable strategic applications\"\n          }\n        },\n        \"responseTime\": \"192ms\",\n        \"timestamp\": \"2025-08-15T11:46:03.381Z\"\n      },\n      \"assertions\": [\n        {\n          \"type\": \"statusCode\",\n          \"passed\": true,\n          \"message\": \"Expected status code 200, got 200\",\n          \"expected\": 200,\n          \"actual\": 200\n        },\n        {\n          \"type\": \"jsonPath\",\n          \"passed\": true,\n          \"message\": \"JSONPath '$.id' expected '3', got '3'\",\n          \"expected\": 3,\n          \"actual\": 3\n        },\n        {\n          \"type\": \"jsonPath\",\n          \"passed\": true,\n          \"message\": \"JSONPath '$.name' expected 'Clementine Bauch', got 'Clementine Bauch'\",\n          \"expected\": \"Clementine Bauch\",\n          \"actual\": \"Clementine Bauch\"\n        }\n      ],\n      \"framework\": {\n        \"name\": \"Restified\",\n        \"version\": \"1.0.0\",\n        \"nodeVersion\": \"v22.17.1\",\n        \"platform\": \"win32\",\n        \"testSuite\": \"enterprise-api-tests\"\n      }\n    }\n  },\n  {\n    \"title\": \"✅ Assertion Summary\",\n    \"value\": {\n      \"total\": 3,\n      \"passed\": 3,\n      \"failed\": 0,\n      \"details\": [\n        \"All assertions passed\"\n      ]\n    }\n  },\n  {\n    \"title\": \"📊 Restified Request/Response Details\",\n    \"value\": {\n      \"request\": {\n        \"method\": \"GET\",\n        \"url\": \"https://jsonplaceholder.typicode.com/posts?userId=1\",\n        \"headers\": {},\n        \"timestamp\": \"2025-08-15T11:46:03.580Z\"\n      },\n      \"response\": {\n        \"status\": 200,\n        \"statusText\": \"OK\",\n        \"headers\": {\n          \"date\": \"Fri, 15 Aug 2025 11:46:03 GMT\",\n          \"content-type\": \"application/json; charset=utf-8\",\n          \"transfer-encoding\": \"chunked\",\n          \"connection\": \"keep-alive\",\n          \"access-control-allow-credentials\": \"true\",\n          \"cache-control\": \"max-age=43200\",\n          \"etag\": \"W/\\\"aa6-j2NSH739l9uq40OywFMn7Y0C/iY\\\"\",\n          \"expires\": \"-1\",\n          \"nel\": \"{\\\"report_to\\\":\\\"heroku-nel\\\",\\\"response_headers\\\":[\\\"Via\\\"],\\\"max_age\\\":3600,\\\"success_fraction\\\":0.01,\\\"failure_fraction\\\":0.1}\",\n          \"pragma\": \"no-cache\",\n          \"report-to\": \"{\\\"group\\\":\\\"heroku-nel\\\",\\\"endpoints\\\":[{\\\"url\\\":\\\"https://nel.heroku.com/reports?s=lJ%2Bmy%2F8TlMuj74CZI6ESMJ5ig50lfxKFAXeypD3igwA%3D\\\\u0026sid=e11707d5-02a7-43ef-b45e-2cf4d2036f7d\\\\u0026ts=1755206833\\\"}],\\\"max_age\\\":3600}\",\n          \"reporting-endpoints\": \"heroku-nel=\\\"https://nel.heroku.com/reports?s=lJ%2Bmy%2F8TlMuj74CZI6ESMJ5ig50lfxKFAXeypD3igwA%3D&sid=e11707d5-02a7-43ef-b45e-2cf4d2036f7d&ts=1755206833\\\"\",\n          \"server\": \"cloudflare\",\n          \"vary\": \"Origin, Accept-Encoding\",\n          \"via\": \"2.0 heroku-router\",\n          \"x-content-type-options\": \"nosniff\",\n          \"x-powered-by\": \"Express\",\n          \"x-ratelimit-limit\": \"1000\",\n          \"x-ratelimit-remaining\": \"999\",\n          \"x-ratelimit-reset\": \"1755206869\",\n          \"age\": \"20690\",\n          \"cf-cache-status\": \"HIT\",\n          \"cf-ray\": \"96f87303cd0e18e1-FRA\",\n          \"alt-svc\": \"h3=\\\":443\\\"; ma=86400\"\n        },\n        \"body\": [\n          {\n            \"userId\": 1,\n            \"id\": 1,\n            \"title\": \"sunt aut facere repellat provident occaecati excepturi optio reprehenderit\",\n            \"body\": \"quia et suscipit\\nsuscipit recusandae consequuntur expedita et cum\\nreprehenderit molestiae ut ut quas totam\\nnostrum rerum est autem sunt rem eveniet architecto\"\n          },\n          {\n            \"userId\": 1,\n            \"id\": 2,\n            \"title\": \"qui est esse\",\n            \"body\": \"est rerum tempore vitae\\nsequi sint nihil reprehenderit dolor beatae ea dolores neque\\nfugiat blanditiis voluptate porro vel nihil molestiae ut reiciendis\\nqui aperiam non debitis possimus qui neque nisi nulla\"\n          },\n          {\n            \"userId\": 1,\n            \"id\": 3,\n            \"title\": \"ea molestias quasi exercitationem repellat qui ipsa sit aut\",\n            \"body\": \"et iusto sed quo iure\\nvoluptatem occaecati omnis eligendi aut ad\\nvoluptatem doloribus vel accusantium quis pariatur\\nmolestiae porro eius odio et labore et velit aut\"\n          },\n          {\n            \"userId\": 1,\n            \"id\": 4,\n            \"title\": \"eum et est occaecati\",\n            \"body\": \"ullam et saepe reiciendis voluptatem adipisci\\nsit amet autem assumenda provident rerum culpa\\nquis hic commodi nesciunt rem tenetur doloremque ipsam iure\\nquis sunt voluptatem rerum illo velit\"\n          },\n          {\n            \"userId\": 1,\n            \"id\": 5,\n            \"title\": \"nesciunt quas odio\",\n            \"body\": \"repudiandae veniam quaerat sunt sed\\nalias aut fugiat sit autem sed est\\nvoluptatem omnis possimus esse voluptatibus quis\\nest aut tenetur dolor neque\"\n          },\n          {\n            \"userId\": 1,\n            \"id\": 6,\n            \"title\": \"dolorem eum magni eos aperiam quia\",\n            \"body\": \"ut aspernatur corporis harum nihil quis provident sequi\\nmollitia nobis aliquid molestiae\\nperspiciatis et ea nemo ab reprehenderit accusantium quas\\nvoluptate dolores velit et doloremque molestiae\"\n          },\n          {\n            \"userId\": 1,\n            \"id\": 7,\n            \"title\": \"magnam facilis autem\",\n            \"body\": \"dolore placeat quibusdam ea quo vitae\\nmagni quis enim qui quis quo nemo aut saepe\\nquidem repellat excepturi ut quia\\nsunt ut sequi eos ea sed quas\"\n          },\n          {\n            \"userId\": 1,\n            \"id\": 8,\n            \"title\": \"dolorem dolore est ipsam\",\n            \"body\": \"dignissimos aperiam dolorem qui eum\\nfacilis quibusdam animi sint suscipit qui sint possimus cum\\nquaerat magni maiores excepturi\\nipsam ut commodi dolor voluptatum modi aut vitae\"\n          },\n          {\n            \"userId\": 1,\n            \"id\": 9,\n            \"title\": \"nesciunt iure omnis dolorem tempora et accusantium\",\n            \"body\": \"consectetur animi nesciunt iure dolore\\nenim quia ad\\nveniam autem ut quam aut nobis\\net est aut quod aut provident voluptas autem voluptas\"\n          },\n          {\n            \"userId\": 1,\n            \"id\": 10,\n            \"title\": \"optio molestias id quia eum\",\n            \"body\": \"quo et expedita modi cum officia vel magni\\ndoloribus qui repudiandae\\nvero nisi sit\\nquos veniam quod sed accusamus veritatis error\"\n          }\n        ],\n        \"responseTime\": \"194ms\",\n        \"timestamp\": \"2025-08-15T11:46:03.580Z\"\n      },\n      \"assertions\": [\n        {\n          \"type\": \"statusCode\",\n          \"passed\": true,\n          \"message\": \"Expected status code 200, got 200\",\n          \"expected\": 200,\n          \"actual\": 200\n        },\n        {\n          \"type\": \"custom\",\n          \"passed\": true,\n          \"message\": \"User 1 should have 10-15 posts\",\n          \"expected\": \"custom condition\",\n          \"actual\": {\n            \"status\": 200,\n            \"statusText\": \"OK\",\n            \"headers\": {\n              \"date\": \"Fri, 15 Aug 2025 11:46:03 GMT\",\n              \"content-type\": \"application/json; charset=utf-8\",\n              \"transfer-encoding\": \"chunked\",\n              \"connection\": \"keep-alive\",\n              \"access-control-allow-credentials\": \"true\",\n              \"cache-control\": \"max-age=43200\",\n              \"etag\": \"W/\\\"aa6-j2NSH739l9uq40OywFMn7Y0C/iY\\\"\",\n              \"expires\": \"-1\",\n              \"nel\": \"{\\\"report_to\\\":\\\"heroku-nel\\\",\\\"response_headers\\\":[\\\"Via\\\"],\\\"max_age\\\":3600,\\\"success_fraction\\\":0.01,\\\"failure_fraction\\\":0.1}\",\n              \"pragma\": \"no-cache\",\n              \"report-to\": \"{\\\"group\\\":\\\"heroku-nel\\\",\\\"endpoints\\\":[{\\\"url\\\":\\\"https://nel.heroku.com/reports?s=lJ%2Bmy%2F8TlMuj74CZI6ESMJ5ig50lfxKFAXeypD3igwA%3D\\\\u0026sid=e11707d5-02a7-43ef-b45e-2cf4d2036f7d\\\\u0026ts=1755206833\\\"}],\\\"max_age\\\":3600}\",\n              \"reporting-endpoints\": \"heroku-nel=\\\"https://nel.heroku.com/reports?s=lJ%2Bmy%2F8TlMuj74CZI6ESMJ5ig50lfxKFAXeypD3igwA%3D&sid=e11707d5-02a7-43ef-b45e-2cf4d2036f7d&ts=1755206833\\\"\",\n              \"server\": \"cloudflare\",\n              \"vary\": \"Origin, Accept-Encoding\",\n              \"via\": \"2.0 heroku-router\",\n              \"x-content-type-options\": \"nosniff\",\n              \"x-powered-by\": \"Express\",\n              \"x-ratelimit-limit\": \"1000\",\n              \"x-ratelimit-remaining\": \"999\",\n              \"x-ratelimit-reset\": \"1755206869\",\n              \"age\": \"20690\",\n              \"cf-cache-status\": \"HIT\",\n              \"cf-ray\": \"96f87303cd0e18e1-FRA\",\n              \"alt-svc\": \"h3=\\\":443\\\"; ma=86400\"\n            },\n            \"data\": [\n              {\n                \"userId\": 1,\n                \"id\": 1,\n                \"title\": \"sunt aut facere repellat provident occaecati excepturi optio reprehenderit\",\n                \"body\": \"quia et suscipit\\nsuscipit recusandae consequuntur expedita et cum\\nreprehenderit molestiae ut ut quas totam\\nnostrum rerum est autem sunt rem eveniet architecto\"\n              },\n              {\n                \"userId\": 1,\n                \"id\": 2,\n                \"title\": \"qui est esse\",\n                \"body\": \"est rerum tempore vitae\\nsequi sint nihil reprehenderit dolor beatae ea dolores neque\\nfugiat blanditiis voluptate porro vel nihil molestiae ut reiciendis\\nqui aperiam non debitis possimus qui neque nisi nulla\"\n              },\n              {\n                \"userId\": 1,\n                \"id\": 3,\n                \"title\": \"ea molestias quasi exercitationem repellat qui ipsa sit aut\",\n                \"body\": \"et iusto sed quo iure\\nvoluptatem occaecati omnis eligendi aut ad\\nvoluptatem doloribus vel accusantium quis pariatur\\nmolestiae porro eius odio et labore et velit aut\"\n              },\n              {\n                \"userId\": 1,\n                \"id\": 4,\n                \"title\": \"eum et est occaecati\",\n                \"body\": \"ullam et saepe reiciendis voluptatem adipisci\\nsit amet autem assumenda provident rerum culpa\\nquis hic commodi nesciunt rem tenetur doloremque ipsam iure\\nquis sunt voluptatem rerum illo velit\"\n              },\n              {\n                \"userId\": 1,\n                \"id\": 5,\n                \"title\": \"nesciunt quas odio\",\n                \"body\": \"repudiandae veniam quaerat sunt sed\\nalias aut fugiat sit autem sed est\\nvoluptatem omnis possimus esse voluptatibus quis\\nest aut tenetur dolor neque\"\n              },\n              {\n                \"userId\": 1,\n                \"id\": 6,\n                \"title\": \"dolorem eum magni eos aperiam quia\",\n                \"body\": \"ut aspernatur corporis harum nihil quis provident sequi\\nmollitia nobis aliquid molestiae\\nperspiciatis et ea nemo ab reprehenderit accusantium quas\\nvoluptate dolores velit et doloremque molestiae\"\n              },\n              {\n                \"userId\": 1,\n                \"id\": 7,\n                \"title\": \"magnam facilis autem\",\n                \"body\": \"dolore placeat quibusdam ea quo vitae\\nmagni quis enim qui quis quo nemo aut saepe\\nquidem repellat excepturi ut quia\\nsunt ut sequi eos ea sed quas\"\n              },\n              {\n                \"userId\": 1,\n                \"id\": 8,\n                \"title\": \"dolorem dolore est ipsam\",\n                \"body\": \"dignissimos aperiam dolorem qui eum\\nfacilis quibusdam animi sint suscipit qui sint possimus cum\\nquaerat magni maiores excepturi\\nipsam ut commodi dolor voluptatum modi aut vitae\"\n              },\n              {\n                \"userId\": 1,\n                \"id\": 9,\n                \"title\": \"nesciunt iure omnis dolorem tempora et accusantium\",\n                \"body\": \"consectetur animi nesciunt iure dolore\\nenim quia ad\\nveniam autem ut quam aut nobis\\net est aut quod aut provident voluptas autem voluptas\"\n              },\n              {\n                \"userId\": 1,\n                \"id\": 10,\n                \"title\": \"optio molestias id quia eum\",\n                \"body\": \"quo et expedita modi cum officia vel magni\\ndoloribus qui repudiandae\\nvero nisi sit\\nquos veniam quod sed accusamus veritatis error\"\n              }\n            ],\n            \"responseTime\": 194,\n            \"config\": {\n              \"transitional\": {\n                \"silentJSONParsing\": true,\n                \"forcedJSONParsing\": true,\n                \"clarifyTimeoutError\": false\n              },\n              \"adapter\": [\n                \"xhr\",\n                \"http\",\n                \"fetch\"\n              ],\n              \"transformRequest\": [\n                null\n              ],\n              \"transformResponse\": [\n                null\n              ],\n              \"timeout\": 30000,\n              \"xsrfCookieName\": \"XSRF-TOKEN\",\n              \"xsrfHeaderName\": \"X-XSRF-TOKEN\",\n              \"maxContentLength\": -1,\n              \"maxBodyLength\": -1,\n              \"env\": {},\n              \"headers\": {\n                \"Accept\": \"application/json, text/plain, */*\",\n                \"User-Agent\": \"axios/1.11.0\",\n                \"Accept-Encoding\": \"gzip, compress, deflate, br\"\n              },\n              \"method\": \"get\",\n              \"url\": \"https://jsonplaceholder.typicode.com/posts?userId=1\",\n              \"allowAbsoluteUrls\": true\n            }\n          }\n        },\n        {\n          \"type\": \"custom\",\n          \"passed\": true,\n          \"message\": \"All posts should belong to user 1\",\n          \"expected\": \"custom condition\",\n          \"actual\": {\n            \"status\": 200,\n            \"statusText\": \"OK\",\n            \"headers\": {\n              \"date\": \"Fri, 15 Aug 2025 11:46:03 GMT\",\n              \"content-type\": \"application/json; charset=utf-8\",\n              \"transfer-encoding\": \"chunked\",\n              \"connection\": \"keep-alive\",\n              \"access-control-allow-credentials\": \"true\",\n              \"cache-control\": \"max-age=43200\",\n              \"etag\": \"W/\\\"aa6-j2NSH739l9uq40OywFMn7Y0C/iY\\\"\",\n              \"expires\": \"-1\",\n              \"nel\": \"{\\\"report_to\\\":\\\"heroku-nel\\\",\\\"response_headers\\\":[\\\"Via\\\"],\\\"max_age\\\":3600,\\\"success_fraction\\\":0.01,\\\"failure_fraction\\\":0.1}\",\n              \"pragma\": \"no-cache\",\n              \"report-to\": \"{\\\"group\\\":\\\"heroku-nel\\\",\\\"endpoints\\\":[{\\\"url\\\":\\\"https://nel.heroku.com/reports?s=lJ%2Bmy%2F8TlMuj74CZI6ESMJ5ig50lfxKFAXeypD3igwA%3D\\\\u0026sid=e11707d5-02a7-43ef-b45e-2cf4d2036f7d\\\\u0026ts=1755206833\\\"}],\\\"max_age\\\":3600}\",\n              \"reporting-endpoints\": \"heroku-nel=\\\"https://nel.heroku.com/reports?s=lJ%2Bmy%2F8TlMuj74CZI6ESMJ5ig50lfxKFAXeypD3igwA%3D&sid=e11707d5-02a7-43ef-b45e-2cf4d2036f7d&ts=1755206833\\\"\",\n              \"server\": \"cloudflare\",\n              \"vary\": \"Origin, Accept-Encoding\",\n              \"via\": \"2.0 heroku-router\",\n              \"x-content-type-options\": \"nosniff\",\n              \"x-powered-by\": \"Express\",\n              \"x-ratelimit-limit\": \"1000\",\n              \"x-ratelimit-remaining\": \"999\",\n              \"x-ratelimit-reset\": \"1755206869\",\n              \"age\": \"20690\",\n              \"cf-cache-status\": \"HIT\",\n              \"cf-ray\": \"96f87303cd0e18e1-FRA\",\n              \"alt-svc\": \"h3=\\\":443\\\"; ma=86400\"\n            },\n            \"data\": [\n              {\n                \"userId\": 1,\n                \"id\": 1,\n                \"title\": \"sunt aut facere repellat provident occaecati excepturi optio reprehenderit\",\n                \"body\": \"quia et suscipit\\nsuscipit recusandae consequuntur expedita et cum\\nreprehenderit molestiae ut ut quas totam\\nnostrum rerum est autem sunt rem eveniet architecto\"\n              },\n              {\n                \"userId\": 1,\n                \"id\": 2,\n                \"title\": \"qui est esse\",\n                \"body\": \"est rerum tempore vitae\\nsequi sint nihil reprehenderit dolor beatae ea dolores neque\\nfugiat blanditiis voluptate porro vel nihil molestiae ut reiciendis\\nqui aperiam non debitis possimus qui neque nisi nulla\"\n              },\n              {\n                \"userId\": 1,\n                \"id\": 3,\n                \"title\": \"ea molestias quasi exercitationem repellat qui ipsa sit aut\",\n                \"body\": \"et iusto sed quo iure\\nvoluptatem occaecati omnis eligendi aut ad\\nvoluptatem doloribus vel accusantium quis pariatur\\nmolestiae porro eius odio et labore et velit aut\"\n              },\n              {\n                \"userId\": 1,\n                \"id\": 4,\n                \"title\": \"eum et est occaecati\",\n                \"body\": \"ullam et saepe reiciendis voluptatem adipisci\\nsit amet autem assumenda provident rerum culpa\\nquis hic commodi nesciunt rem tenetur doloremque ipsam iure\\nquis sunt voluptatem rerum illo velit\"\n              },\n              {\n                \"userId\": 1,\n                \"id\": 5,\n                \"title\": \"nesciunt quas odio\",\n                \"body\": \"repudiandae veniam quaerat sunt sed\\nalias aut fugiat sit autem sed est\\nvoluptatem omnis possimus esse voluptatibus quis\\nest aut tenetur dolor neque\"\n              },\n              {\n                \"userId\": 1,\n                \"id\": 6,\n                \"title\": \"dolorem eum magni eos aperiam quia\",\n                \"body\": \"ut aspernatur corporis harum nihil quis provident sequi\\nmollitia nobis aliquid molestiae\\nperspiciatis et ea nemo ab reprehenderit accusantium quas\\nvoluptate dolores velit et doloremque molestiae\"\n              },\n              {\n                \"userId\": 1,\n                \"id\": 7,\n                \"title\": \"magnam facilis autem\",\n                \"body\": \"dolore placeat quibusdam ea quo vitae\\nmagni quis enim qui quis quo nemo aut saepe\\nquidem repellat excepturi ut quia\\nsunt ut sequi eos ea sed quas\"\n              },\n              {\n                \"userId\": 1,\n                \"id\": 8,\n                \"title\": \"dolorem dolore est ipsam\",\n                \"body\": \"dignissimos aperiam dolorem qui eum\\nfacilis quibusdam animi sint suscipit qui sint possimus cum\\nquaerat magni maiores excepturi\\nipsam ut commodi dolor voluptatum modi aut vitae\"\n              },\n              {\n                \"userId\": 1,\n                \"id\": 9,\n                \"title\": \"nesciunt iure omnis dolorem tempora et accusantium\",\n                \"body\": \"consectetur animi nesciunt iure dolore\\nenim quia ad\\nveniam autem ut quam aut nobis\\net est aut quod aut provident voluptas autem voluptas\"\n              },\n              {\n                \"userId\": 1,\n                \"id\": 10,\n                \"title\": \"optio molestias id quia eum\",\n                \"body\": \"quo et expedita modi cum officia vel magni\\ndoloribus qui repudiandae\\nvero nisi sit\\nquos veniam quod sed accusamus veritatis error\"\n              }\n            ],\n            \"responseTime\": 194,\n            \"config\": {\n              \"transitional\": {\n                \"silentJSONParsing\": true,\n                \"forcedJSONParsing\": true,\n                \"clarifyTimeoutError\": false\n              },\n              \"adapter\": [\n                \"xhr\",\n                \"http\",\n                \"fetch\"\n              ],\n              \"transformRequest\": [\n                null\n              ],\n              \"transformResponse\": [\n                null\n              ],\n              \"timeout\": 30000,\n              \"xsrfCookieName\": \"XSRF-TOKEN\",\n              \"xsrfHeaderName\": \"X-XSRF-TOKEN\",\n              \"maxContentLength\": -1,\n              \"maxBodyLength\": -1,\n              \"env\": {},\n              \"headers\": {\n                \"Accept\": \"application/json, text/plain, */*\",\n                \"User-Agent\": \"axios/1.11.0\",\n                \"Accept-Encoding\": \"gzip, compress, deflate, br\"\n              },\n              \"method\": \"get\",\n              \"url\": \"https://jsonplaceholder.typicode.com/posts?userId=1\",\n              \"allowAbsoluteUrls\": true\n            }\n          }\n        }\n      ],\n      \"framework\": {\n        \"name\": \"Restified\",\n        \"version\": \"1.0.0\",\n        \"nodeVersion\": \"v22.17.1\",\n        \"platform\": \"win32\",\n        \"testSuite\": \"enterprise-api-tests\"\n      }\n    }\n  },\n  {\n    \"title\": \"✅ Assertion Summary\",\n    \"value\": {\n      \"total\": 3,\n      \"passed\": 3,\n      \"failed\": 0,\n      \"details\": [\n        \"All assertions passed\"\n      ]\n    }\n  },\n  {\n    \"title\": \"📊 Restified Request/Response Details\",\n    \"value\": {\n      \"request\": {\n        \"method\": \"GET\",\n        \"url\": \"https://jsonplaceholder.typicode.com/posts?userId=2\",\n        \"headers\": {},\n        \"timestamp\": \"2025-08-15T11:46:03.780Z\"\n      },\n      \"response\": {\n        \"status\": 200,\n        \"statusText\": \"OK\",\n        \"headers\": {\n          \"date\": \"Fri, 15 Aug 2025 11:46:03 GMT\",\n          \"content-type\": \"application/json; charset=utf-8\",\n          \"content-length\": \"1020\",\n          \"connection\": \"keep-alive\",\n          \"access-control-allow-credentials\": \"true\",\n          \"cache-control\": \"max-age=43200\",\n          \"etag\": \"W/\\\"add-8VKPUO46clThjTS9/JNMO2KqAMY\\\"\",\n          \"expires\": \"-1\",\n          \"nel\": \"{\\\"report_to\\\":\\\"heroku-nel\\\",\\\"response_headers\\\":[\\\"Via\\\"],\\\"max_age\\\":3600,\\\"success_fraction\\\":0.01,\\\"failure_fraction\\\":0.1}\",\n          \"pragma\": \"no-cache\",\n          \"report-to\": \"{\\\"group\\\":\\\"heroku-nel\\\",\\\"endpoints\\\":[{\\\"url\\\":\\\"https://nel.heroku.com/reports?s=zIE1huOySnWh8qPl3iVYhJnd8v93i2BjfQStW0nDyjo%3D\\\\u0026sid=e11707d5-02a7-43ef-b45e-2cf4d2036f7d\\\\u0026ts=1754164783\\\"}],\\\"max_age\\\":3600}\",\n          \"reporting-endpoints\": \"heroku-nel=\\\"https://nel.heroku.com/reports?s=zIE1huOySnWh8qPl3iVYhJnd8v93i2BjfQStW0nDyjo%3D&sid=e11707d5-02a7-43ef-b45e-2cf4d2036f7d&ts=1754164783\\\"\",\n          \"server\": \"cloudflare\",\n          \"vary\": \"Origin, Accept-Encoding\",\n          \"via\": \"2.0 heroku-router\",\n          \"x-content-type-options\": \"nosniff\",\n          \"x-powered-by\": \"Express\",\n          \"x-ratelimit-limit\": \"1000\",\n          \"x-ratelimit-remaining\": \"999\",\n          \"x-ratelimit-reset\": \"1754164805\",\n          \"age\": \"2075\",\n          \"cf-cache-status\": \"HIT\",\n          \"cf-ray\": \"96f87304fdd018e1-FRA\",\n          \"alt-svc\": \"h3=\\\":443\\\"; ma=86400\"\n        },\n        \"body\": [\n          {\n            \"userId\": 2,\n            \"id\": 11,\n            \"title\": \"et ea vero quia laudantium autem\",\n            \"body\": \"delectus reiciendis molestiae occaecati non minima eveniet qui voluptatibus\\naccusamus in eum beatae sit\\nvel qui neque voluptates ut commodi qui incidunt\\nut animi commodi\"\n          },\n          {\n            \"userId\": 2,\n            \"id\": 12,\n            \"title\": \"in quibusdam tempore odit est dolorem\",\n            \"body\": \"itaque id aut magnam\\npraesentium quia et ea odit et ea voluptas et\\nsapiente quia nihil amet occaecati quia id voluptatem\\nincidunt ea est distinctio odio\"\n          },\n          {\n            \"userId\": 2,\n            \"id\": 13,\n            \"title\": \"dolorum ut in voluptas mollitia et saepe quo animi\",\n            \"body\": \"aut dicta possimus sint mollitia voluptas commodi quo doloremque\\niste corrupti reiciendis voluptatem eius rerum\\nsit cumque quod eligendi laborum minima\\nperferendis recusandae assumenda consectetur porro architecto ipsum ipsam\"\n          },\n          {\n            \"userId\": 2,\n            \"id\": 14,\n            \"title\": \"voluptatem eligendi optio\",\n            \"body\": \"fuga et accusamus dolorum perferendis illo voluptas\\nnon doloremque neque facere\\nad qui dolorum molestiae beatae\\nsed aut voluptas totam sit illum\"\n          },\n          {\n            \"userId\": 2,\n            \"id\": 15,\n            \"title\": \"eveniet quod temporibus\",\n            \"body\": \"reprehenderit quos placeat\\nvelit minima officia dolores impedit repudiandae molestiae nam\\nvoluptas recusandae quis delectus\\nofficiis harum fugiat vitae\"\n          },\n          {\n            \"userId\": 2,\n            \"id\": 16,\n            \"title\": \"sint suscipit perspiciatis velit dolorum rerum ipsa laboriosam odio\",\n            \"body\": \"suscipit nam nisi quo aperiam aut\\nasperiores eos fugit maiores voluptatibus quia\\nvoluptatem quis ullam qui in alias quia est\\nconsequatur magni mollitia accusamus ea nisi voluptate dicta\"\n          },\n          {\n            \"userId\": 2,\n            \"id\": 17,\n            \"title\": \"fugit voluptas sed molestias voluptatem provident\",\n            \"body\": \"eos voluptas et aut odit natus earum\\naspernatur fuga molestiae ullam\\ndeserunt ratione qui eos\\nqui nihil ratione nemo velit ut aut id quo\"\n          },\n          {\n            \"userId\": 2,\n            \"id\": 18,\n            \"title\": \"voluptate et itaque vero tempora molestiae\",\n            \"body\": \"eveniet quo quis\\nlaborum totam consequatur non dolor\\nut et est repudiandae\\nest voluptatem vel debitis et magnam\"\n          },\n          {\n            \"userId\": 2,\n            \"id\": 19,\n            \"title\": \"adipisci placeat illum aut reiciendis qui\",\n            \"body\": \"illum quis cupiditate provident sit magnam\\nea sed aut omnis\\nveniam maiores ullam consequatur atque\\nadipisci quo iste expedita sit quos voluptas\"\n          },\n          {\n            \"userId\": 2,\n            \"id\": 20,\n            \"title\": \"doloribus ad provident suscipit at\",\n            \"body\": \"qui consequuntur ducimus possimus quisquam amet similique\\nsuscipit porro ipsam amet\\neos veritatis officiis exercitationem vel fugit aut necessitatibus totam\\nomnis rerum consequatur expedita quidem cumque explicabo\"\n          }\n        ],\n        \"responseTime\": \"196ms\",\n        \"timestamp\": \"2025-08-15T11:46:03.780Z\"\n      },\n      \"assertions\": [\n        {\n          \"type\": \"statusCode\",\n          \"passed\": true,\n          \"message\": \"Expected status code 200, got 200\",\n          \"expected\": 200,\n          \"actual\": 200\n        },\n        {\n          \"type\": \"custom\",\n          \"passed\": true,\n          \"message\": \"User 2 should have 8-12 posts\",\n          \"expected\": \"custom condition\",\n          \"actual\": {\n            \"status\": 200,\n            \"statusText\": \"OK\",\n            \"headers\": {\n              \"date\": \"Fri, 15 Aug 2025 11:46:03 GMT\",\n              \"content-type\": \"application/json; charset=utf-8\",\n              \"content-length\": \"1020\",\n              \"connection\": \"keep-alive\",\n              \"access-control-allow-credentials\": \"true\",\n              \"cache-control\": \"max-age=43200\",\n              \"etag\": \"W/\\\"add-8VKPUO46clThjTS9/JNMO2KqAMY\\\"\",\n              \"expires\": \"-1\",\n              \"nel\": \"{\\\"report_to\\\":\\\"heroku-nel\\\",\\\"response_headers\\\":[\\\"Via\\\"],\\\"max_age\\\":3600,\\\"success_fraction\\\":0.01,\\\"failure_fraction\\\":0.1}\",\n              \"pragma\": \"no-cache\",\n              \"report-to\": \"{\\\"group\\\":\\\"heroku-nel\\\",\\\"endpoints\\\":[{\\\"url\\\":\\\"https://nel.heroku.com/reports?s=zIE1huOySnWh8qPl3iVYhJnd8v93i2BjfQStW0nDyjo%3D\\\\u0026sid=e11707d5-02a7-43ef-b45e-2cf4d2036f7d\\\\u0026ts=1754164783\\\"}],\\\"max_age\\\":3600}\",\n              \"reporting-endpoints\": \"heroku-nel=\\\"https://nel.heroku.com/reports?s=zIE1huOySnWh8qPl3iVYhJnd8v93i2BjfQStW0nDyjo%3D&sid=e11707d5-02a7-43ef-b45e-2cf4d2036f7d&ts=1754164783\\\"\",\n              \"server\": \"cloudflare\",\n              \"vary\": \"Origin, Accept-Encoding\",\n              \"via\": \"2.0 heroku-router\",\n              \"x-content-type-options\": \"nosniff\",\n              \"x-powered-by\": \"Express\",\n              \"x-ratelimit-limit\": \"1000\",\n              \"x-ratelimit-remaining\": \"999\",\n              \"x-ratelimit-reset\": \"1754164805\",\n              \"age\": \"2075\",\n              \"cf-cache-status\": \"HIT\",\n              \"cf-ray\": \"96f87304fdd018e1-FRA\",\n              \"alt-svc\": \"h3=\\\":443\\\"; ma=86400\"\n            },\n            \"data\": [\n              {\n                \"userId\": 2,\n                \"id\": 11,\n                \"title\": \"et ea vero quia laudantium autem\",\n                \"body\": \"delectus reiciendis molestiae occaecati non minima eveniet qui voluptatibus\\naccusamus in eum beatae sit\\nvel qui neque voluptates ut commodi qui incidunt\\nut animi commodi\"\n              },\n              {\n                \"userId\": 2,\n                \"id\": 12,\n                \"title\": \"in quibusdam tempore odit est dolorem\",\n                \"body\": \"itaque id aut magnam\\npraesentium quia et ea odit et ea voluptas et\\nsapiente quia nihil amet occaecati quia id voluptatem\\nincidunt ea est distinctio odio\"\n              },\n              {\n                \"userId\": 2,\n                \"id\": 13,\n                \"title\": \"dolorum ut in voluptas mollitia et saepe quo animi\",\n                \"body\": \"aut dicta possimus sint mollitia voluptas commodi quo doloremque\\niste corrupti reiciendis voluptatem eius rerum\\nsit cumque quod eligendi laborum minima\\nperferendis recusandae assumenda consectetur porro architecto ipsum ipsam\"\n              },\n              {\n                \"userId\": 2,\n                \"id\": 14,\n                \"title\": \"voluptatem eligendi optio\",\n                \"body\": \"fuga et accusamus dolorum perferendis illo voluptas\\nnon doloremque neque facere\\nad qui dolorum molestiae beatae\\nsed aut voluptas totam sit illum\"\n              },\n              {\n                \"userId\": 2,\n                \"id\": 15,\n                \"title\": \"eveniet quod temporibus\",\n                \"body\": \"reprehenderit quos placeat\\nvelit minima officia dolores impedit repudiandae molestiae nam\\nvoluptas recusandae quis delectus\\nofficiis harum fugiat vitae\"\n              },\n              {\n                \"userId\": 2,\n                \"id\": 16,\n                \"title\": \"sint suscipit perspiciatis velit dolorum rerum ipsa laboriosam odio\",\n                \"body\": \"suscipit nam nisi quo aperiam aut\\nasperiores eos fugit maiores voluptatibus quia\\nvoluptatem quis ullam qui in alias quia est\\nconsequatur magni mollitia accusamus ea nisi voluptate dicta\"\n              },\n              {\n                \"userId\": 2,\n                \"id\": 17,\n                \"title\": \"fugit voluptas sed molestias voluptatem provident\",\n                \"body\": \"eos voluptas et aut odit natus earum\\naspernatur fuga molestiae ullam\\ndeserunt ratione qui eos\\nqui nihil ratione nemo velit ut aut id quo\"\n              },\n              {\n                \"userId\": 2,\n                \"id\": 18,\n                \"title\": \"voluptate et itaque vero tempora molestiae\",\n                \"body\": \"eveniet quo quis\\nlaborum totam consequatur non dolor\\nut et est repudiandae\\nest voluptatem vel debitis et magnam\"\n              },\n              {\n                \"userId\": 2,\n                \"id\": 19,\n                \"title\": \"adipisci placeat illum aut reiciendis qui\",\n                \"body\": \"illum quis cupiditate provident sit magnam\\nea sed aut omnis\\nveniam maiores ullam consequatur atque\\nadipisci quo iste expedita sit quos voluptas\"\n              },\n              {\n                \"userId\": 2,\n                \"id\": 20,\n                \"title\": \"doloribus ad provident suscipit at\",\n                \"body\": \"qui consequuntur ducimus possimus quisquam amet similique\\nsuscipit porro ipsam amet\\neos veritatis officiis exercitationem vel fugit aut necessitatibus totam\\nomnis rerum consequatur expedita quidem cumque explicabo\"\n              }\n            ],\n            \"responseTime\": 196,\n            \"config\": {\n              \"transitional\": {\n                \"silentJSONParsing\": true,\n                \"forcedJSONParsing\": true,\n                \"clarifyTimeoutError\": false\n              },\n              \"adapter\": [\n                \"xhr\",\n                \"http\",\n                \"fetch\"\n              ],\n              \"transformRequest\": [\n                null\n              ],\n              \"transformResponse\": [\n                null\n              ],\n              \"timeout\": 30000,\n              \"xsrfCookieName\": \"XSRF-TOKEN\",\n              \"xsrfHeaderName\": \"X-XSRF-TOKEN\",\n              \"maxContentLength\": -1,\n              \"maxBodyLength\": -1,\n              \"env\": {},\n              \"headers\": {\n                \"Accept\": \"application/json, text/plain, */*\",\n                \"User-Agent\": \"axios/1.11.0\",\n                \"Accept-Encoding\": \"gzip, compress, deflate, br\"\n              },\n              \"method\": \"get\",\n              \"url\": \"https://jsonplaceholder.typicode.com/posts?userId=2\",\n              \"allowAbsoluteUrls\": true\n            }\n          }\n        },\n        {\n          \"type\": \"custom\",\n          \"passed\": true,\n          \"message\": \"All posts should belong to user 2\",\n          \"expected\": \"custom condition\",\n          \"actual\": {\n            \"status\": 200,\n            \"statusText\": \"OK\",\n            \"headers\": {\n              \"date\": \"Fri, 15 Aug 2025 11:46:03 GMT\",\n              \"content-type\": \"application/json; charset=utf-8\",\n              \"content-length\": \"1020\",\n              \"connection\": \"keep-alive\",\n              \"access-control-allow-credentials\": \"true\",\n              \"cache-control\": \"max-age=43200\",\n              \"etag\": \"W/\\\"add-8VKPUO46clThjTS9/JNMO2KqAMY\\\"\",\n              \"expires\": \"-1\",\n              \"nel\": \"{\\\"report_to\\\":\\\"heroku-nel\\\",\\\"response_headers\\\":[\\\"Via\\\"],\\\"max_age\\\":3600,\\\"success_fraction\\\":0.01,\\\"failure_fraction\\\":0.1}\",\n              \"pragma\": \"no-cache\",\n              \"report-to\": \"{\\\"group\\\":\\\"heroku-nel\\\",\\\"endpoints\\\":[{\\\"url\\\":\\\"https://nel.heroku.com/reports?s=zIE1huOySnWh8qPl3iVYhJnd8v93i2BjfQStW0nDyjo%3D\\\\u0026sid=e11707d5-02a7-43ef-b45e-2cf4d2036f7d\\\\u0026ts=1754164783\\\"}],\\\"max_age\\\":3600}\",\n              \"reporting-endpoints\": \"heroku-nel=\\\"https://nel.heroku.com/reports?s=zIE1huOySnWh8qPl3iVYhJnd8v93i2BjfQStW0nDyjo%3D&sid=e11707d5-02a7-43ef-b45e-2cf4d2036f7d&ts=1754164783\\\"\",\n              \"server\": \"cloudflare\",\n              \"vary\": \"Origin, Accept-Encoding\",\n              \"via\": \"2.0 heroku-router\",\n              \"x-content-type-options\": \"nosniff\",\n              \"x-powered-by\": \"Express\",\n              \"x-ratelimit-limit\": \"1000\",\n              \"x-ratelimit-remaining\": \"999\",\n              \"x-ratelimit-reset\": \"1754164805\",\n              \"age\": \"2075\",\n              \"cf-cache-status\": \"HIT\",\n              \"cf-ray\": \"96f87304fdd018e1-FRA\",\n              \"alt-svc\": \"h3=\\\":443\\\"; ma=86400\"\n            },\n            \"data\": [\n              {\n                \"userId\": 2,\n                \"id\": 11,\n                \"title\": \"et ea vero quia laudantium autem\",\n                \"body\": \"delectus reiciendis molestiae occaecati non minima eveniet qui voluptatibus\\naccusamus in eum beatae sit\\nvel qui neque voluptates ut commodi qui incidunt\\nut animi commodi\"\n              },\n              {\n                \"userId\": 2,\n                \"id\": 12,\n                \"title\": \"in quibusdam tempore odit est dolorem\",\n                \"body\": \"itaque id aut magnam\\npraesentium quia et ea odit et ea voluptas et\\nsapiente quia nihil amet occaecati quia id voluptatem\\nincidunt ea est distinctio odio\"\n              },\n              {\n                \"userId\": 2,\n                \"id\": 13,\n                \"title\": \"dolorum ut in voluptas mollitia et saepe quo animi\",\n                \"body\": \"aut dicta possimus sint mollitia voluptas commodi quo doloremque\\niste corrupti reiciendis voluptatem eius rerum\\nsit cumque quod eligendi laborum minima\\nperferendis recusandae assumenda consectetur porro architecto ipsum ipsam\"\n              },\n              {\n                \"userId\": 2,\n                \"id\": 14,\n                \"title\": \"voluptatem eligendi optio\",\n                \"body\": \"fuga et accusamus dolorum perferendis illo voluptas\\nnon doloremque neque facere\\nad qui dolorum molestiae beatae\\nsed aut voluptas totam sit illum\"\n              },\n              {\n                \"userId\": 2,\n                \"id\": 15,\n                \"title\": \"eveniet quod temporibus\",\n                \"body\": \"reprehenderit quos placeat\\nvelit minima officia dolores impedit repudiandae molestiae nam\\nvoluptas recusandae quis delectus\\nofficiis harum fugiat vitae\"\n              },\n              {\n                \"userId\": 2,\n                \"id\": 16,\n                \"title\": \"sint suscipit perspiciatis velit dolorum rerum ipsa laboriosam odio\",\n                \"body\": \"suscipit nam nisi quo aperiam aut\\nasperiores eos fugit maiores voluptatibus quia\\nvoluptatem quis ullam qui in alias quia est\\nconsequatur magni mollitia accusamus ea nisi voluptate dicta\"\n              },\n              {\n                \"userId\": 2,\n                \"id\": 17,\n                \"title\": \"fugit voluptas sed molestias voluptatem provident\",\n                \"body\": \"eos voluptas et aut odit natus earum\\naspernatur fuga molestiae ullam\\ndeserunt ratione qui eos\\nqui nihil ratione nemo velit ut aut id quo\"\n              },\n              {\n                \"userId\": 2,\n                \"id\": 18,\n                \"title\": \"voluptate et itaque vero tempora molestiae\",\n                \"body\": \"eveniet quo quis\\nlaborum totam consequatur non dolor\\nut et est repudiandae\\nest voluptatem vel debitis et magnam\"\n              },\n              {\n                \"userId\": 2,\n                \"id\": 19,\n                \"title\": \"adipisci placeat illum aut reiciendis qui\",\n                \"body\": \"illum quis cupiditate provident sit magnam\\nea sed aut omnis\\nveniam maiores ullam consequatur atque\\nadipisci quo iste expedita sit quos voluptas\"\n              },\n              {\n                \"userId\": 2,\n                \"id\": 20,\n                \"title\": \"doloribus ad provident suscipit at\",\n                \"body\": \"qui consequuntur ducimus possimus quisquam amet similique\\nsuscipit porro ipsam amet\\neos veritatis officiis exercitationem vel fugit aut necessitatibus totam\\nomnis rerum consequatur expedita quidem cumque explicabo\"\n              }\n            ],\n            \"responseTime\": 196,\n            \"config\": {\n              \"transitional\": {\n                \"silentJSONParsing\": true,\n                \"forcedJSONParsing\": true,\n                \"clarifyTimeoutError\": false\n              },\n              \"adapter\": [\n                \"xhr\",\n                \"http\",\n                \"fetch\"\n              ],\n              \"transformRequest\": [\n                null\n              ],\n              \"transformResponse\": [\n                null\n              ],\n              \"timeout\": 30000,\n              \"xsrfCookieName\": \"XSRF-TOKEN\",\n              \"xsrfHeaderName\": \"X-XSRF-TOKEN\",\n              \"maxContentLength\": -1,\n              \"maxBodyLength\": -1,\n              \"env\": {},\n              \"headers\": {\n                \"Accept\": \"application/json, text/plain, */*\",\n                \"User-Agent\": \"axios/1.11.0\",\n                \"Accept-Encoding\": \"gzip, compress, deflate, br\"\n              },\n              \"method\": \"get\",\n              \"url\": \"https://jsonplaceholder.typicode.com/posts?userId=2\",\n              \"allowAbsoluteUrls\": true\n            }\n          }\n        }\n      ],\n      \"framework\": {\n        \"name\": \"Restified\",\n        \"version\": \"1.0.0\",\n        \"nodeVersion\": \"v22.17.1\",\n        \"platform\": \"win32\",\n        \"testSuite\": \"enterprise-api-tests\"\n      }\n    }\n  },\n  {\n    \"title\": \"✅ Assertion Summary\",\n    \"value\": {\n      \"total\": 3,\n      \"passed\": 3,\n      \"failed\": 0,\n      \"details\": [\n        \"All assertions passed\"\n      ]\n    }\n  },\n  {\n    \"title\": \"📊 Restified Request/Response Details\",\n    \"value\": {\n      \"request\": {\n        \"method\": \"GET\",\n        \"url\": \"https://jsonplaceholder.typicode.com/posts?userId=3\",\n        \"headers\": {},\n        \"timestamp\": \"2025-08-15T11:46:03.971Z\"\n      },\n      \"response\": {\n        \"status\": 200,\n        \"statusText\": \"OK\",\n        \"headers\": {\n          \"date\": \"Fri, 15 Aug 2025 11:46:03 GMT\",\n          \"content-type\": \"application/json; charset=utf-8\",\n          \"content-length\": \"1006\",\n          \"connection\": \"keep-alive\",\n          \"access-control-allow-credentials\": \"true\",\n          \"cache-control\": \"max-age=43200\",\n          \"etag\": \"W/\\\"a65-1/mRNOhrr+3bFpMuWj+OXmTpWLs\\\"\",\n          \"expires\": \"-1\",\n          \"nel\": \"{\\\"report_to\\\":\\\"heroku-nel\\\",\\\"response_headers\\\":[\\\"Via\\\"],\\\"max_age\\\":3600,\\\"success_fraction\\\":0.01,\\\"failure_fraction\\\":0.1}\",\n          \"pragma\": \"no-cache\",\n          \"report-to\": \"{\\\"group\\\":\\\"heroku-nel\\\",\\\"endpoints\\\":[{\\\"url\\\":\\\"https://nel.heroku.com/reports?s=wyNFYWjn7%2FTlW8rhEYA5eMGl%2B7TcNAoKGLl9NezG81o%3D\\\\u0026sid=e11707d5-02a7-43ef-b45e-2cf4d2036f7d\\\\u0026ts=1753583662\\\"}],\\\"max_age\\\":3600}\",\n          \"reporting-endpoints\": \"heroku-nel=\\\"https://nel.heroku.com/reports?s=wyNFYWjn7%2FTlW8rhEYA5eMGl%2B7TcNAoKGLl9NezG81o%3D&sid=e11707d5-02a7-43ef-b45e-2cf4d2036f7d&ts=1753583662\\\"\",\n          \"server\": \"cloudflare\",\n          \"vary\": \"Origin, Accept-Encoding\",\n          \"via\": \"2.0 heroku-router\",\n          \"x-content-type-options\": \"nosniff\",\n          \"x-powered-by\": \"Express\",\n          \"x-ratelimit-limit\": \"1000\",\n          \"x-ratelimit-remaining\": \"999\",\n          \"x-ratelimit-reset\": \"1753583677\",\n          \"age\": \"16802\",\n          \"cf-cache-status\": \"HIT\",\n          \"cf-ray\": \"96f873063e7918e1-FRA\",\n          \"alt-svc\": \"h3=\\\":443\\\"; ma=86400\"\n        },\n        \"body\": [\n          {\n            \"userId\": 3,\n            \"id\": 21,\n            \"title\": \"asperiores ea ipsam voluptatibus modi minima quia sint\",\n            \"body\": \"repellat aliquid praesentium dolorem quo\\nsed totam minus non itaque\\nnihil labore molestiae sunt dolor eveniet hic recusandae veniam\\ntempora et tenetur expedita sunt\"\n          },\n          {\n            \"userId\": 3,\n            \"id\": 22,\n            \"title\": \"dolor sint quo a velit explicabo quia nam\",\n            \"body\": \"eos qui et ipsum ipsam suscipit aut\\nsed omnis non odio\\nexpedita earum mollitia molestiae aut atque rem suscipit\\nnam impedit esse\"\n          },\n          {\n            \"userId\": 3,\n            \"id\": 23,\n            \"title\": \"maxime id vitae nihil numquam\",\n            \"body\": \"veritatis unde neque eligendi\\nquae quod architecto quo neque vitae\\nest illo sit tempora doloremque fugit quod\\net et vel beatae sequi ullam sed tenetur perspiciatis\"\n          },\n          {\n            \"userId\": 3,\n            \"id\": 24,\n            \"title\": \"autem hic labore sunt dolores incidunt\",\n            \"body\": \"enim et ex nulla\\nomnis voluptas quia qui\\nvoluptatem consequatur numquam aliquam sunt\\ntotam recusandae id dignissimos aut sed asperiores deserunt\"\n          },\n          {\n            \"userId\": 3,\n            \"id\": 25,\n            \"title\": \"rem alias distinctio quo quis\",\n            \"body\": \"ullam consequatur ut\\nomnis quis sit vel consequuntur\\nipsa eligendi ipsum molestiae et omnis error nostrum\\nmolestiae illo tempore quia et distinctio\"\n          },\n          {\n            \"userId\": 3,\n            \"id\": 26,\n            \"title\": \"est et quae odit qui non\",\n            \"body\": \"similique esse doloribus nihil accusamus\\nomnis dolorem fuga consequuntur reprehenderit fugit recusandae temporibus\\nperspiciatis cum ut laudantium\\nomnis aut molestiae vel vero\"\n          },\n          {\n            \"userId\": 3,\n            \"id\": 27,\n            \"title\": \"quasi id et eos tenetur aut quo autem\",\n            \"body\": \"eum sed dolores ipsam sint possimus debitis occaecati\\ndebitis qui qui et\\nut placeat enim earum aut odit facilis\\nconsequatur suscipit necessitatibus rerum sed inventore temporibus consequatur\"\n          },\n          {\n            \"userId\": 3,\n            \"id\": 28,\n            \"title\": \"delectus ullam et corporis nulla voluptas sequi\",\n            \"body\": \"non et quaerat ex quae ad maiores\\nmaiores recusandae totam aut blanditiis mollitia quas illo\\nut voluptatibus voluptatem\\nsimilique nostrum eum\"\n          },\n          {\n            \"userId\": 3,\n            \"id\": 29,\n            \"title\": \"iusto eius quod necessitatibus culpa ea\",\n            \"body\": \"odit magnam ut saepe sed non qui\\ntempora atque nihil\\naccusamus illum doloribus illo dolor\\neligendi repudiandae odit magni similique sed cum maiores\"\n          },\n          {\n            \"userId\": 3,\n            \"id\": 30,\n            \"title\": \"a quo magni similique perferendis\",\n            \"body\": \"alias dolor cumque\\nimpedit blanditiis non eveniet odio maxime\\nblanditiis amet eius quis tempora quia autem rem\\na provident perspiciatis quia\"\n          }\n        ],\n        \"responseTime\": \"187ms\",\n        \"timestamp\": \"2025-08-15T11:46:03.971Z\"\n      },\n      \"assertions\": [\n        {\n          \"type\": \"statusCode\",\n          \"passed\": true,\n          \"message\": \"Expected status code 200, got 200\",\n          \"expected\": 200,\n          \"actual\": 200\n        },\n        {\n          \"type\": \"custom\",\n          \"passed\": true,\n          \"message\": \"User 3 should have 5-15 posts\",\n          \"expected\": \"custom condition\",\n          \"actual\": {\n            \"status\": 200,\n            \"statusText\": \"OK\",\n            \"headers\": {\n              \"date\": \"Fri, 15 Aug 2025 11:46:03 GMT\",\n              \"content-type\": \"application/json; charset=utf-8\",\n              \"content-length\": \"1006\",\n              \"connection\": \"keep-alive\",\n              \"access-control-allow-credentials\": \"true\",\n              \"cache-control\": \"max-age=43200\",\n              \"etag\": \"W/\\\"a65-1/mRNOhrr+3bFpMuWj+OXmTpWLs\\\"\",\n              \"expires\": \"-1\",\n              \"nel\": \"{\\\"report_to\\\":\\\"heroku-nel\\\",\\\"response_headers\\\":[\\\"Via\\\"],\\\"max_age\\\":3600,\\\"success_fraction\\\":0.01,\\\"failure_fraction\\\":0.1}\",\n              \"pragma\": \"no-cache\",\n              \"report-to\": \"{\\\"group\\\":\\\"heroku-nel\\\",\\\"endpoints\\\":[{\\\"url\\\":\\\"https://nel.heroku.com/reports?s=wyNFYWjn7%2FTlW8rhEYA5eMGl%2B7TcNAoKGLl9NezG81o%3D\\\\u0026sid=e11707d5-02a7-43ef-b45e-2cf4d2036f7d\\\\u0026ts=1753583662\\\"}],\\\"max_age\\\":3600}\",\n              \"reporting-endpoints\": \"heroku-nel=\\\"https://nel.heroku.com/reports?s=wyNFYWjn7%2FTlW8rhEYA5eMGl%2B7TcNAoKGLl9NezG81o%3D&sid=e11707d5-02a7-43ef-b45e-2cf4d2036f7d&ts=1753583662\\\"\",\n              \"server\": \"cloudflare\",\n              \"vary\": \"Origin, Accept-Encoding\",\n              \"via\": \"2.0 heroku-router\",\n              \"x-content-type-options\": \"nosniff\",\n              \"x-powered-by\": \"Express\",\n              \"x-ratelimit-limit\": \"1000\",\n              \"x-ratelimit-remaining\": \"999\",\n              \"x-ratelimit-reset\": \"1753583677\",\n              \"age\": \"16802\",\n              \"cf-cache-status\": \"HIT\",\n              \"cf-ray\": \"96f873063e7918e1-FRA\",\n              \"alt-svc\": \"h3=\\\":443\\\"; ma=86400\"\n            },\n            \"data\": [\n              {\n                \"userId\": 3,\n                \"id\": 21,\n                \"title\": \"asperiores ea ipsam voluptatibus modi minima quia sint\",\n                \"body\": \"repellat aliquid praesentium dolorem quo\\nsed totam minus non itaque\\nnihil labore molestiae sunt dolor eveniet hic recusandae veniam\\ntempora et tenetur expedita sunt\"\n              },\n              {\n                \"userId\": 3,\n                \"id\": 22,\n                \"title\": \"dolor sint quo a velit explicabo quia nam\",\n                \"body\": \"eos qui et ipsum ipsam suscipit aut\\nsed omnis non odio\\nexpedita earum mollitia molestiae aut atque rem suscipit\\nnam impedit esse\"\n              },\n              {\n                \"userId\": 3,\n                \"id\": 23,\n                \"title\": \"maxime id vitae nihil numquam\",\n                \"body\": \"veritatis unde neque eligendi\\nquae quod architecto quo neque vitae\\nest illo sit tempora doloremque fugit quod\\net et vel beatae sequi ullam sed tenetur perspiciatis\"\n              },\n              {\n                \"userId\": 3,\n                \"id\": 24,\n                \"title\": \"autem hic labore sunt dolores incidunt\",\n                \"body\": \"enim et ex nulla\\nomnis voluptas quia qui\\nvoluptatem consequatur numquam aliquam sunt\\ntotam recusandae id dignissimos aut sed asperiores deserunt\"\n              },\n              {\n                \"userId\": 3,\n                \"id\": 25,\n                \"title\": \"rem alias distinctio quo quis\",\n                \"body\": \"ullam consequatur ut\\nomnis quis sit vel consequuntur\\nipsa eligendi ipsum molestiae et omnis error nostrum\\nmolestiae illo tempore quia et distinctio\"\n              },\n              {\n                \"userId\": 3,\n                \"id\": 26,\n                \"title\": \"est et quae odit qui non\",\n                \"body\": \"similique esse doloribus nihil accusamus\\nomnis dolorem fuga consequuntur reprehenderit fugit recusandae temporibus\\nperspiciatis cum ut laudantium\\nomnis aut molestiae vel vero\"\n              },\n              {\n                \"userId\": 3,\n                \"id\": 27,\n                \"title\": \"quasi id et eos tenetur aut quo autem\",\n                \"body\": \"eum sed dolores ipsam sint possimus debitis occaecati\\ndebitis qui qui et\\nut placeat enim earum aut odit facilis\\nconsequatur suscipit necessitatibus rerum sed inventore temporibus consequatur\"\n              },\n              {\n                \"userId\": 3,\n                \"id\": 28,\n                \"title\": \"delectus ullam et corporis nulla voluptas sequi\",\n                \"body\": \"non et quaerat ex quae ad maiores\\nmaiores recusandae totam aut blanditiis mollitia quas illo\\nut voluptatibus voluptatem\\nsimilique nostrum eum\"\n              },\n              {\n                \"userId\": 3,\n                \"id\": 29,\n                \"title\": \"iusto eius quod necessitatibus culpa ea\",\n                \"body\": \"odit magnam ut saepe sed non qui\\ntempora atque nihil\\naccusamus illum doloribus illo dolor\\neligendi repudiandae odit magni similique sed cum maiores\"\n              },\n              {\n                \"userId\": 3,\n                \"id\": 30,\n                \"title\": \"a quo magni similique perferendis\",\n                \"body\": \"alias dolor cumque\\nimpedit blanditiis non eveniet odio maxime\\nblanditiis amet eius quis tempora quia autem rem\\na provident perspiciatis quia\"\n              }\n            ],\n            \"responseTime\": 187,\n            \"config\": {\n              \"transitional\": {\n                \"silentJSONParsing\": true,\n                \"forcedJSONParsing\": true,\n                \"clarifyTimeoutError\": false\n              },\n              \"adapter\": [\n                \"xhr\",\n                \"http\",\n                \"fetch\"\n              ],\n              \"transformRequest\": [\n                null\n              ],\n              \"transformResponse\": [\n                null\n              ],\n              \"timeout\": 30000,\n              \"xsrfCookieName\": \"XSRF-TOKEN\",\n              \"xsrfHeaderName\": \"X-XSRF-TOKEN\",\n              \"maxContentLength\": -1,\n              \"maxBodyLength\": -1,\n              \"env\": {},\n              \"headers\": {\n                \"Accept\": \"application/json, text/plain, */*\",\n                \"User-Agent\": \"axios/1.11.0\",\n                \"Accept-Encoding\": \"gzip, compress, deflate, br\"\n              },\n              \"method\": \"get\",\n              \"url\": \"https://jsonplaceholder.typicode.com/posts?userId=3\",\n              \"allowAbsoluteUrls\": true\n            }\n          }\n        },\n        {\n          \"type\": \"custom\",\n          \"passed\": true,\n          \"message\": \"All posts should belong to user 3\",\n          \"expected\": \"custom condition\",\n          \"actual\": {\n            \"status\": 200,\n            \"statusText\": \"OK\",\n            \"headers\": {\n              \"date\": \"Fri, 15 Aug 2025 11:46:03 GMT\",\n              \"content-type\": \"application/json; charset=utf-8\",\n              \"content-length\": \"1006\",\n              \"connection\": \"keep-alive\",\n              \"access-control-allow-credentials\": \"true\",\n              \"cache-control\": \"max-age=43200\",\n              \"etag\": \"W/\\\"a65-1/mRNOhrr+3bFpMuWj+OXmTpWLs\\\"\",\n              \"expires\": \"-1\",\n              \"nel\": \"{\\\"report_to\\\":\\\"heroku-nel\\\",\\\"response_headers\\\":[\\\"Via\\\"],\\\"max_age\\\":3600,\\\"success_fraction\\\":0.01,\\\"failure_fraction\\\":0.1}\",\n              \"pragma\": \"no-cache\",\n              \"report-to\": \"{\\\"group\\\":\\\"heroku-nel\\\",\\\"endpoints\\\":[{\\\"url\\\":\\\"https://nel.heroku.com/reports?s=wyNFYWjn7%2FTlW8rhEYA5eMGl%2B7TcNAoKGLl9NezG81o%3D\\\\u0026sid=e11707d5-02a7-43ef-b45e-2cf4d2036f7d\\\\u0026ts=1753583662\\\"}],\\\"max_age\\\":3600}\",\n              \"reporting-endpoints\": \"heroku-nel=\\\"https://nel.heroku.com/reports?s=wyNFYWjn7%2FTlW8rhEYA5eMGl%2B7TcNAoKGLl9NezG81o%3D&sid=e11707d5-02a7-43ef-b45e-2cf4d2036f7d&ts=1753583662\\\"\",\n              \"server\": \"cloudflare\",\n              \"vary\": \"Origin, Accept-Encoding\",\n              \"via\": \"2.0 heroku-router\",\n              \"x-content-type-options\": \"nosniff\",\n              \"x-powered-by\": \"Express\",\n              \"x-ratelimit-limit\": \"1000\",\n              \"x-ratelimit-remaining\": \"999\",\n              \"x-ratelimit-reset\": \"1753583677\",\n              \"age\": \"16802\",\n              \"cf-cache-status\": \"HIT\",\n              \"cf-ray\": \"96f873063e7918e1-FRA\",\n              \"alt-svc\": \"h3=\\\":443\\\"; ma=86400\"\n            },\n            \"data\": [\n              {\n                \"userId\": 3,\n                \"id\": 21,\n                \"title\": \"asperiores ea ipsam voluptatibus modi minima quia sint\",\n                \"body\": \"repellat aliquid praesentium dolorem quo\\nsed totam minus non itaque\\nnihil labore molestiae sunt dolor eveniet hic recusandae veniam\\ntempora et tenetur expedita sunt\"\n              },\n              {\n                \"userId\": 3,\n                \"id\": 22,\n                \"title\": \"dolor sint quo a velit explicabo quia nam\",\n                \"body\": \"eos qui et ipsum ipsam suscipit aut\\nsed omnis non odio\\nexpedita earum mollitia molestiae aut atque rem suscipit\\nnam impedit esse\"\n              },\n              {\n                \"userId\": 3,\n                \"id\": 23,\n                \"title\": \"maxime id vitae nihil numquam\",\n                \"body\": \"veritatis unde neque eligendi\\nquae quod architecto quo neque vitae\\nest illo sit tempora doloremque fugit quod\\net et vel beatae sequi ullam sed tenetur perspiciatis\"\n              },\n              {\n                \"userId\": 3,\n                \"id\": 24,\n                \"title\": \"autem hic labore sunt dolores incidunt\",\n                \"body\": \"enim et ex nulla\\nomnis voluptas quia qui\\nvoluptatem consequatur numquam aliquam sunt\\ntotam recusandae id dignissimos aut sed asperiores deserunt\"\n              },\n              {\n                \"userId\": 3,\n                \"id\": 25,\n                \"title\": \"rem alias distinctio quo quis\",\n                \"body\": \"ullam consequatur ut\\nomnis quis sit vel consequuntur\\nipsa eligendi ipsum molestiae et omnis error nostrum\\nmolestiae illo tempore quia et distinctio\"\n              },\n              {\n                \"userId\": 3,\n                \"id\": 26,\n                \"title\": \"est et quae odit qui non\",\n                \"body\": \"similique esse doloribus nihil accusamus\\nomnis dolorem fuga consequuntur reprehenderit fugit recusandae temporibus\\nperspiciatis cum ut laudantium\\nomnis aut molestiae vel vero\"\n              },\n              {\n                \"userId\": 3,\n                \"id\": 27,\n                \"title\": \"quasi id et eos tenetur aut quo autem\",\n                \"body\": \"eum sed dolores ipsam sint possimus debitis occaecati\\ndebitis qui qui et\\nut placeat enim earum aut odit facilis\\nconsequatur suscipit necessitatibus rerum sed inventore temporibus consequatur\"\n              },\n              {\n                \"userId\": 3,\n                \"id\": 28,\n                \"title\": \"delectus ullam et corporis nulla voluptas sequi\",\n                \"body\": \"non et quaerat ex quae ad maiores\\nmaiores recusandae totam aut blanditiis mollitia quas illo\\nut voluptatibus voluptatem\\nsimilique nostrum eum\"\n              },\n              {\n                \"userId\": 3,\n                \"id\": 29,\n                \"title\": \"iusto eius quod necessitatibus culpa ea\",\n
[...]
              "pass": true,
              "fail": false,
              "pending": false,
              "context": null,
              "code": "test_utils_1.GlobalTestUtils.logTestProgress('Bearer Auth', 'Global Token Usage');\n// Use the global auth token that was obtained during global setup\n// Common headers are already included in the client configuration\nconst response = await src_1.restified\n    .given()\n    .useClient('testUtils') // Pre-configured client\n    .bearerToken('{{globalAuthToken}}') // Global auth token\n    .when()\n    .get('/bearer')\n    .execute();\nawait response\n    .statusCode(200)\n    .jsonPath('$.authenticated', true)\n    .jsonPath('$.token', src_1.restified.getVariable('globalAuthToken'))\n    .execute();\nconsole.log('✅ Authentication successful with global token');",
              "err": {},
              "uuid": "ae8e4838-415a-4fa2-8775-6f153b31757b",
              "parentUUID": "030e1508-73ca-47f0-9987-69258a55557b",
              "isHook": false,
              "skipped": false
            },
            {
              "title": "should demonstrate environment-based authentication",
              "fullTitle": "Bearer Token Authentication Example should demonstrate environment-based authentication",
              "timedOut": false,
              "duration": 273,
              "state": "passed",
              "speed": "slow",
              "pass": true,
              "fail": false,
              "pending": false,
              "context": null,
              "code": "test_utils_1.GlobalTestUtils.logTestProgress('Bearer Auth', 'Environment Auth');\n// Use environment variable that was set up during global setup\n// Common headers are already included in the client configuration\nconst response = await src_1.restified\n    .given()\n    .useClient('testUtils')\n    .bearerToken('{{$env.EXAMPLE_API_KEY}}') // From global setup\n    .when()\n    .get('/bearer')\n    .execute();\nawait response\n    .statusCode(200)\n    .jsonPath('$.authenticated', true)\n    .jsonPath('$.token', process.env.EXAMPLE_API_KEY)\n    .execute();\nconsole.log('✅ Environment-based authentication successful');",
              "err": {},
              "uuid": "afa2ac7e-4955-4eab-a51f-86fa4944b1c1",
              "parentUUID": "030e1508-73ca-47f0-9987-69258a55557b",
              "isHook": false,
              "skipped": false
            },
            {
              "title": "should show authenticated API workflow",
              "fullTitle": "Bearer Token Authentication Example should show authenticated API workflow",
              "timedOut": false,
              "duration": 2072,
              "state": "passed",
              "speed": "slow",
              "pass": true,
              "fail": false,
              "pending": false,
              "context": null,
              "code": "test_utils_1.GlobalTestUtils.logTestProgress('Bearer Auth', 'API Workflow');\n// Step 1: Use authenticated API client for business operation\n// Common headers are already included in the client configuration\nconst userResponse = await src_1.restified\n    .given()\n    .useClient('api') // Pre-configured with global auth\n    .header('Authorization', `Bearer {{globalAuthToken}}`)\n    .when()\n    .get('/users/{{globalUserId}}')\n    .execute();\nawait userResponse\n    .statusCode(200)\n    .jsonPath('$.id', src_1.restified.getVariable('globalUserId'))\n    .extract('$.phone', 'userPhone')\n    .execute();\n// Step 2: Validate auth token with test utilities\nconst validateResponse = await src_1.restified\n    .given()\n    .useClient('testUtils')\n    .header('X-User-Phone', '{{userPhone}}')\n    .header('X-Global-User', '{{globalUserEmail}}')\n    .bearerToken('{{globalAuthToken}}')\n    .when()\n    .get('/bearer')\n    .execute();\nawait validateResponse\n    .statusCode(200)\n    .jsonPath('$.authenticated', true)\n    .custom((response) => {\n    return response.data.token === src_1.restified.getVariable('globalAuthToken');\n}, 'Token should match global auth token')\n    .execute();\nconsole.log('✅ Full authenticated workflow completed');",
              "err": {},
              "uuid": "39dde5a8-76db-449d-8668-6e9702eaa6f2",
              "parentUUID": "030e1508-73ca-47f0-9987-69258a55557b",
              "isHook": false,
              "skipped": false
            },
            {
              "title": "should handle authentication errors with global patterns",
              "fullTitle": "Bearer Token Authentication Example should handle authentication errors with global patterns",
              "timedOut": false,
              "duration": 970,
              "state": "passed",
              "speed": "slow",
              "pass": true,
              "fail": false,
              "pending": false,
              "context": null,
              "code": "test_utils_1.GlobalTestUtils.logTestProgress('Bearer Auth', 'Error Handling');\n// Test authentication failure using invalid token\n// Common headers are already included in the client configuration\nconst response = await src_1.restified\n    .given()\n    .useClient('testUtils')\n    .bearerToken('invalid-global-token')\n    .when()\n    .get('/bearer')\n    .execute();\nawait response\n    .statusCode(200) // HTTPBin accepts any token for demo\n    .jsonPath('$.authenticated', true)\n    .jsonPath('$.token', 'invalid-global-token')\n    .execute();\nconsole.log('✅ Authentication error handling verified');",
              "err": {},
              "uuid": "65c9ace0-476a-4a00-bc6d-2abe19246078",
              "parentUUID": "030e1508-73ca-47f0-9987-69258a55557b",
              "isHook": false,
              "skipped": false
            }
          ],
          "suites": [],
          "passes": [
            "ae8e4838-415a-4fa2-8775-6f153b31757b",
            "afa2ac7e-4955-4eab-a51f-86fa4944b1c1",
            "39dde5a8-76db-449d-8668-6e9702eaa6f2",
            "65c9ace0-476a-4a00-bc6d-2abe19246078"
          ],
          "failures": [],
          "pending": [],
          "skipped": [],
          "duration": 6149,
          "root": false,
          "rootEmpty": false,
          "_timeout": 10000
        },
        {
          "uuid": "61398bc2-6355-4752-95f0-bf3ea171862d",
          "title": "POST Request with Variables Example",
          "fullFile": "C:\\RajKumar\\Otalio\\Otalio\\Apps\\RestifiedApp\\Restified\\examples\\basic\\post-with-variables.ts",
          "file": "\\examples\\basic\\post-with-variables.ts",
          "beforeHooks": [
            {
              "title": "\"before each\" hook in \"POST Request with Variables Example\"",
              "fullTitle": "POST Request with Variables Example \"before each\" hook in \"POST Request with Variables Example\"",
              "timedOut": false,
              "duration": 0,
              "state": null,
              "speed": null,
              "pass": false,
              "fail": false,
              "pending": false,
              "context": null,
              "code": "// Set up test-specific data (global auth data already available from setup)\nsrc_1.restified.setLocalVariable('postTitle', 'My Test Post');\nsrc_1.restified.setLocalVariable('postBody', 'Created using global auth by {{globalUserEmail}}');",
              "err": {},
              "uuid": "fd7a6918-620c-4c50-b338-9fef27be3bf6",
              "parentUUID": "61398bc2-6355-4752-95f0-bf3ea171862d",
              "isHook": true,
              "skipped": false
            }
          ],
          "afterHooks": [],
          "tests": [
            {
              "title": "should create a post using global client and variables",
              "fullTitle": "POST Request with Variables Example should create a post using global client and variables",
              "timedOut": false,
              "duration": 301,
              "state": "passed",
              "speed": "slow",
              "pass": true,
              "fail": false,
              "pending": false,
              "context": null,
              "code": "test_utils_1.GlobalTestUtils.logTestProgress('POST Variables', 'Create Post');\n// Use pre-configured API client from global setup\n// Common headers are already included in the client configuration\nconst createResponse = await src_1.restified\n    .given()\n    .useClient('api') // Global client with pre-configured headers\n    .header('X-Author', '{{globalUserEmail}}')\n    .when()\n    .post('/posts', {\n    title: '{{postTitle}}',\n    body: '{{postBody}}',\n    userId: '{{globalUserId}}' // Using global user ID from auth\n})\n    .execute();\n// Verify creation and extract the ID\nawait createResponse\n    .statusCode(201)\n    .jsonPath('$.title', 'My Test Post')\n    .jsonPath('$.userId', '1') // JSONPlaceholder returns userId as string\n    .extract('$.id', 'createdPostId')\n    .execute();\nconsole.log('📝 Post created with ID:', src_1.restified.getVariable('createdPostId'));",
              "err": {},
              "uuid": "f2a09288-9473-46be-b347-01dc59eb3c9b",
              "parentUUID": "61398bc2-6355-4752-95f0-bf3ea171862d",
              "isHook": false,
              "skipped": false
            },
            {
              "title": "should retrieve post using global client and extracted variables",
              "fullTitle": "POST Request with Variables Example should retrieve post using global client and extracted variables",
              "timedOut": false,
              "duration": 209,
              "state": "failed",
              "speed": null,
              "pass": false,
              "fail": true,
              "pending": false,
              "context": null,
              "code": "test_utils_1.GlobalTestUtils.logTestProgress('POST Variables', 'Retrieve Post');\n// Use the globalUserId that was set during global authentication\n// Common headers are already included in the client configuration\nconst getResponse = await src_1.restified\n    .given()\n    .useClient('api') // Pre-configured API client\n    .header('X-Requested-By', '{{globalUserEmail}}')\n    .when()\n    .get('/posts/{{globalUserId}}') // Using global user ID\n    .execute();\nawait getResponse\n    .statusCode(200)\n    .jsonPath('$.id', src_1.restified.getVariable('globalUserId'))\n    .jsonPath('$.userId', src_1.restified.getVariable('globalUserId'))\n    .jsonPath('$.title')\n    .custom((response) => {\n    // Verify we can access global variables in custom assertions\n    return src_1.restified.getVariable('testEnvironment') === 'development';\n}, 'Should have access to global test environment')\n    .execute();",
              "err": {
                "message": "Error: Assertions failed:\nShould have access to global test environment",
                "estack": "Error: Assertions failed:\nShould have access to global test environment\n    at ThenStep.execute (src\\core\\dsl\\then.core.ts:220:13)\n    at processTicksAndRejections (node:internal/process/task_queues:105:5)\n    at async Context.<anonymous> (examples\\basic\\post-with-variables.ts:61:5)",
                "diff": null
              },
              "uuid": "f333c1d0-2634-4723-9559-ed700507846d",
              "parentUUID": "61398bc2-6355-4752-95f0-bf3ea171862d",
              "isHook": false,
              "skipped": false
            },
            {
              "title": "should demonstrate cross-client variable usage",
              "fullTitle": "POST Request with Variables Example should demonstrate cross-client variable usage",
              "timedOut": false,
              "duration": 2745,
              "state": "passed",
              "speed": "slow",
              "pass": true,
              "fail": false,
              "pending": false,
              "context": null,
              "code": "test_utils_1.GlobalTestUtils.logTestProgress('POST Variables', 'Cross-Client');\n// First, create data using API client\n// Common headers are already included in the client configuration\nconst apiResponse = await src_1.restified\n    .given()\n    .useClient('api')\n    .when()\n    .get('/users/{{globalUserId}}')\n    .execute();\nawait apiResponse\n    .statusCode(200)\n    .extract('$.company.catchPhrase', 'companyCatchPhrase')\n    .execute();\n// Then use testUtils client to validate the extracted data\n// Common headers are already included in the client configuration\nconst testResponse = await src_1.restified\n    .given()\n    .useClient('testUtils') // Different client from global setup\n    .when()\n    .post('/post', {\n    extractedData: '{{companyCatchPhrase}}',\n    globalUser: '{{globalUserEmail}}',\n    testSuite: '{{testSuite}}'\n})\n    .execute();\nawait testResponse\n    .statusCode(200)\n    .jsonPath('$.json.globalUser', src_1.restified.getVariable('globalUserEmail'))\n    .jsonPath('$.json.testSuite', src_1.restified.getVariable('testSuite'))\n    .execute();\nconsole.log('🌐 Cross-client variable sharing successful');",
              "err": {},
              "uuid": "d61f0797-cf96-407e-8369-568f4a17581c",
              "parentUUID": "61398bc2-6355-4752-95f0-bf3ea171862d",
              "isHook": false,
              "skipped": false
            }
          ],
          "suites": [],
          "passes": [
            "f2a09288-9473-46be-b347-01dc59eb3c9b",
            "d61f0797-cf96-407e-8369-568f4a17581c"
          ],
          "failures": [
            "f333c1d0-2634-4723-9559-ed700507846d"
          ],
          "pending": [],
          "skipped": [],
          "duration": 3255,
          "root": false,
          "rootEmpty": false,
          "_timeout": 10000
        },
        {
          "uuid": "13356237-f04d-47f6-9e7d-fd2e446b9920",
          "title": "Simple GET Request Example",
          "fullFile": "C:\\RajKumar\\Otalio\\Otalio\\Apps\\RestifiedApp\\Restified\\examples\\basic\\simple-get.ts",
          "file": "\\examples\\basic\\simple-get.ts",
          "beforeHooks": [],
          "afterHooks": [],
          "tests": [
            {
              "title": "should successfully get a post using pre-configured API client",
              "fullTitle": "Simple GET Request Example should successfully get a post using pre-configured API client",
              "timedOut": false,
              "duration": 214,
              "state": "passed",
              "speed": "slow",
              "pass": true,
              "fail": false,
              "pending": false,
              "context": "[\n  {\n    \"title\": \"🎯 Test Objective\",\n    \"value\": \"Verify basic GET request functionality with enterprise headers and automatic context capture\"\n  },\n  {\n    \"title\": \"📋 Manual Test Context\",\n    \"value\": {\n      \"testType\": \"Basic GET Request\",\n      \"expectedBehavior\": \"Should return post data with ID 1\",\n      \"actualResult\": {\n        \"status\": 200,\n        \"responseTime\": \"210ms\",\n        \"dataReceived\": true\n      },\n      \"notes\": \"This test demonstrates RestifiedTS automatic context capture\"\n    }\n  }\n]",
              "code": "test_utils_1.GlobalTestUtils.logTestProgress('Simple GET', 'Basic API Request');\n// 📊 Add test context for enterprise reporting using mochawesome/addContext\nif (addContext) {\n    addContext(this, {\n        title: '🎯 Test Objective',\n        value: 'Verify basic GET request functionality with enterprise headers and automatic context capture'\n    });\n}\n// Use the pre-configured 'api' client from global setup\n// Common headers are already included in the client configuration\nconst response = await src_1.restified\n    .given()\n    .useClient('api') // Using global client with pre-configured headers\n    .when()\n    .get('/posts/1')\n    .execute();\n// Note: RestifiedTS now automatically captures request/response details\n// in the .execute() method, but we can still add manual context if needed\n// Get response details for additional manual context (optional)\nconst httpResponse = response.getResponse();\n// 📊 Add supplementary test information\nif (addContext) {\n    addContext(this, {\n        title: '📋 Manual Test Context',\n        value: {\n            testType: 'Basic GET Request',\n            expectedBehavior: 'Should return post data with ID 1',\n            actualResult: {\n                status: httpResponse.status,\n                responseTime: `${httpResponse.responseTime}ms`,\n                dataReceived: !!httpResponse.data\n            },\n            notes: 'This test demonstrates RestifiedTS automatic context capture'\n        }\n    });\n}\nawait response\n    .statusCode(200)\n    .header('content-type')\n    .jsonPath('$.id', 1)\n    .jsonPath('$.title')\n    .execute();",
              "err": {},
              "uuid": "1926b534-31e3-4235-bdb2-39c9bbb692c0",
              "parentUUID": "13356237-f04d-47f6-9e7d-fd2e446b9920",
              "isHook": false,
              "skipped": false
            },
            {
              "title": "should verify post has required fields using global configuration",
              "fullTitle": "Simple GET Request Example should verify post has required fields using global configuration",
              "timedOut": false,
              "duration": 196,
              "state": "failed",
              "speed": null,
              "pass": false,
              "fail": true,
              "pending": false,
              "context": null,
              "code": "test_utils_1.GlobalTestUtils.logTestProgress('Simple GET', 'Field Validation');\n// Use global client and add environment-specific headers\nconst response = await src_1.restified\n    .given()\n    .useClient('api') // Pre-configured API client\n    .header('X-Test-Environment', '{{testEnvironment}}')\n    .header('X-Global-User', '{{globalUserEmail}}')\n    .when()\n    .get('/posts/1')\n    .execute();\nawait response\n    .statusCode(200)\n    .jsonPath('$.userId')\n    .jsonPath('$.title')\n    .jsonPath('$.body')\n    .custom((response) => {\n    return typeof response.data.id === 'number';\n}, 'Post ID should be a number')\n    .custom((response) => {\n    // Verify we're running in the expected environment\n    return src_1.restified.getVariable('testEnvironment') === 'development';\n}, 'Should be running in expected test environment')\n    .execute();",
              "err": {
                "message": "Error: Assertions failed:\nShould be running in expected test environment",
                "estack": "Error: Assertions failed:\nShould be running in expected test environment\n    at ThenStep.execute (src\\core\\dsl\\then.core.ts:220:13)\n    at processTicksAndRejections (node:internal/process/task_queues:105:5)\n    at async Context.<anonymous> (examples\\basic\\simple-get.ts:86:5)",
                "diff": null
              },
              "uuid": "24c3e3ef-11bc-49bb-91bc-23bdcc89be45",
              "parentUUID": "13356237-f04d-47f6-9e7d-fd2e446b9920",
              "isHook": false,
              "skipped": false
            }
          ],
          "suites": [],
          "passes": [
            "1926b534-31e3-4235-bdb2-39c9bbb692c0"
          ],
          "failures": [
            "24c3e3ef-11bc-49bb-91bc-23bdcc89be45"
          ],
          "pending": [],
          "skipped": [],
          "duration": 410,
          "root": false,
          "rootEmpty": false,
          "_timeout": 10000
        }
      ],
      "passes": [],
      "failures": [],
      "pending": [],
      "skipped": [],
      "duration": 0,
      "root": true,
      "rootEmpty": true,
      "_timeout": 10000
    }
  ],
  "meta": {
    "mocha": {
      "version": "10.8.2"
    },
    "mochawesome": {
      "options": {
        "quiet": false,
        "reportFilename": "mochawesome",
        "saveHtml": true,
        "saveJson": true,
        "consoleReporter": "spec",
        "useInlineDiffs": false,
        "code": true
      },
      "version": "7.1.3"
    },
    "marge": {
      "options": {
        "[object Object]": true
      },
      "version": "6.2.0"
    }
  }
}