{
  "stats": {
    "suites": 32,
    "tests": 83,
    "passes": 56,
    "pending": 1,
    "failures": 26,
    "start": "2025-08-30T05:55:38.530Z",
    "end": "2025-08-30T05:56:58.505Z",
    "duration": 79975,
    "testsRegistered": 83,
    "passPercent": 68.29268292682927,
    "pendingPercent": 1.2048192771084338,
    "other": 0,
    "hasOther": false,
    "skipped": 0,
    "hasSkipped": false
  },
  "results": [
    {
      "uuid": "a9cdcb84-e5af-4b94-b2b8-1a62f3e504ed",
      "title": "",
      "fullFile": "",
      "file": "",
      "beforeHooks": [],
      "afterHooks": [],
      "tests": [],
      "suites": [
        {
          "uuid": "bff2e45d-1cdf-4fe9-a3fc-a8f2de8d9cdc",
          "title": "POST Request with Variables Example",
          "fullFile": "C:\\RajKumar\\Otalio\\Otalio\\Apps\\RestifiedApp\\Restified\\examples\\basic\\post-with-variables.ts",
          "file": "\\examples\\basic\\post-with-variables.ts",
          "beforeHooks": [
            {
              "title": "\"before each\" hook in \"POST Request with Variables Example\"",
              "fullTitle": "POST Request with Variables Example \"before each\" hook in \"POST Request with Variables Example\"",
              "timedOut": false,
              "duration": 0,
              "state": null,
              "speed": null,
              "pass": false,
              "fail": false,
              "pending": false,
              "context": null,
              "code": "// Set up test-specific data (global auth data already available from setup)\nsrc_1.restified.setLocalVariable('postTitle', 'My Test Post');\nsrc_1.restified.setLocalVariable('postBody', 'Created using global auth by {{globalUserEmail}}');",
              "err": {},
              "uuid": "dbed3daf-1f85-46d4-9f29-2dc9999694e1",
              "parentUUID": "bff2e45d-1cdf-4fe9-a3fc-a8f2de8d9cdc",
              "isHook": true,
              "skipped": false
            }
          ],
          "afterHooks": [],
          "tests": [
            {
              "title": "should create a post using global client and variables",
              "fullTitle": "POST Request with Variables Example should create a post using global client and variables",
              "timedOut": false,
              "duration": 25,
              "state": "failed",
              "speed": null,
              "pass": false,
              "fail": true,
              "pending": false,
              "context": null,
              "code": "test_utils_1.GlobalTestUtils.logTestProgress('POST Variables', 'Create Post');\n// Use pre-configured API client from global setup\n// Common headers are already included in the client configuration\nconst createResponse = await src_1.restified\n    .given()\n    .useClient('api') // Global client with pre-configured headers\n    .header('X-Author', '{{globalUserEmail}}')\n    .when()\n    .post('/posts', {\n    title: '{{postTitle}}',\n    body: '{{postBody}}',\n    userId: '{{globalUserId}}' // Using global user ID from auth\n})\n    .execute();\n// Verify creation and extract the ID\nawait createResponse\n    .statusCode(201)\n    .jsonPath('$.title', 'My Test Post')\n    .jsonPath('$.userId', '1') // JSONPlaceholder returns userId as string\n    .extract('$.id', 'createdPostId')\n    .execute();\nconsole.log('📝 Post created with ID:', src_1.restified.getVariable('createdPostId'));",
              "err": {
                "message": "TypeError: Invalid URL",
                "estack": "TypeError: Invalid URL\n    at new URL (node:internal/url:818:25)\n    at dispatchHttpRequest (node_modules\\axios\\lib\\adapters\\http.js:232:20)\n    at C:\\RajKumar\\Otalio\\Otalio\\Apps\\RestifiedApp\\Restified\\node_modules\\axios\\lib\\adapters\\http.js:152:5\n    at new Promise (<anonymous>)\n    at wrapAsync (node_modules\\axios\\lib\\adapters\\http.js:132:10)\n    at http (node_modules\\axios\\lib\\adapters\\http.js:170:10)\n    at Axios.dispatchRequest (node_modules\\axios\\lib\\core\\dispatchRequest.js:51:10)\n    at Axios._request (node_modules\\axios\\lib\\core\\Axios.js:187:33)\n    at Axios.request (node_modules\\axios\\lib\\core\\Axios.js:40:25)\n    at Function.wrap [as request] (node_modules\\axios\\lib\\helpers\\bind.js:5:15)\n    at WhenStep.performHttpRequest (src\\core\\dsl\\when.core.ts:208:32)\n    at C:\\RajKumar\\Otalio\\Otalio\\Apps\\RestifiedApp\\Restified\\src\\core\\dsl\\when.core.ts:171:24\n    at RetryManager.executeWithRetry (src\\core\\network\\RetryManager.ts:168:32)\n    at WhenStep.execute (src\\core\\dsl\\when.core.ts:169:36)\n    at Context.<anonymous> (examples\\basic\\post-with-variables.ts:35:10)\n    at processImmediate (node:internal/timers:485:21)\n    at Axios.request (node_modules\\axios\\lib\\core\\Axios.js:45:41)\n    at async WhenStep.performHttpRequest (src\\core\\dsl\\when.core.ts:208:20)\n    at async RetryManager.executeWithRetry (src\\core\\network\\RetryManager.ts:168:26)\n    at async WhenStep.execute (src\\core\\dsl\\when.core.ts:169:12)\n    at async Context.<anonymous> (examples\\basic\\post-with-variables.ts:25:28)",
                "diff": null
              },
              "uuid": "7c02c231-a5dc-41a8-b5ee-7ecc058401d5",
              "parentUUID": "bff2e45d-1cdf-4fe9-a3fc-a8f2de8d9cdc",
              "isHook": false,
              "skipped": false
            },
            {
              "title": "should retrieve post using global client and extracted variables",
              "fullTitle": "POST Request with Variables Example should retrieve post using global client and extracted variables",
              "timedOut": false,
              "duration": 2,
              "state": "failed",
              "speed": null,
              "pass": false,
              "fail": true,
              "pending": false,
              "context": null,
              "code": "test_utils_1.GlobalTestUtils.logTestProgress('POST Variables', 'Retrieve Post');\n// Use the globalUserId that was set during global authentication\n// Common headers are already included in the client configuration\nconst getResponse = await src_1.restified\n    .given()\n    .useClient('api') // Pre-configured API client\n    .header('X-Requested-By', '{{globalUserEmail}}')\n    .when()\n    .get('/posts/{{globalUserId}}') // Using global user ID\n    .execute();\nawait getResponse\n    .statusCode(200)\n    .jsonPath('$.id', src_1.restified.getVariable('globalUserId'))\n    .jsonPath('$.userId', src_1.restified.getVariable('globalUserId'))\n    .jsonPath('$.title')\n    .custom((response) => {\n    // Verify we can access global variables in custom assertions\n    return src_1.restified.getVariable('testEnvironment') === 'development';\n}, 'Should have access to global test environment')\n    .execute();",
              "err": {
                "message": "TypeError: Invalid URL",
                "estack": "TypeError: Invalid URL\n    at new URL (node:internal/url:818:25)\n    at dispatchHttpRequest (node_modules\\axios\\lib\\adapters\\http.js:232:20)\n    at C:\\RajKumar\\Otalio\\Otalio\\Apps\\RestifiedApp\\Restified\\node_modules\\axios\\lib\\adapters\\http.js:152:5\n    at new Promise (<anonymous>)\n    at wrapAsync (node_modules\\axios\\lib\\adapters\\http.js:132:10)\n    at http (node_modules\\axios\\lib\\adapters\\http.js:170:10)\n    at Axios.dispatchRequest (node_modules\\axios\\lib\\core\\dispatchRequest.js:51:10)\n    at Axios._request (node_modules\\axios\\lib\\core\\Axios.js:187:33)\n    at Axios.request (node_modules\\axios\\lib\\core\\Axios.js:40:25)\n    at Function.wrap [as request] (node_modules\\axios\\lib\\helpers\\bind.js:5:15)\n    at WhenStep.performHttpRequest (src\\core\\dsl\\when.core.ts:215:32)\n    at C:\\RajKumar\\Otalio\\Otalio\\Apps\\RestifiedApp\\Restified\\src\\core\\dsl\\when.core.ts:171:24\n    at RetryManager.executeWithRetry (src\\core\\network\\RetryManager.ts:168:32)\n    at WhenStep.execute (src\\core\\dsl\\when.core.ts:169:36)\n    at Context.<anonymous> (examples\\basic\\post-with-variables.ts:59:10)\n    at processImmediate (node:internal/timers:485:21)\n    at Axios.request (node_modules\\axios\\lib\\core\\Axios.js:45:41)\n    at async WhenStep.performHttpRequest (src\\core\\dsl\\when.core.ts:215:20)\n    at async RetryManager.executeWithRetry (src\\core\\network\\RetryManager.ts:168:26)\n    at async WhenStep.execute (src\\core\\dsl\\when.core.ts:169:12)\n    at async Context.<anonymous> (examples\\basic\\post-with-variables.ts:53:25)",
                "diff": null
              },
              "uuid": "23880299-98cc-4b25-82e3-c9d2234e3710",
              "parentUUID": "bff2e45d-1cdf-4fe9-a3fc-a8f2de8d9cdc",
              "isHook": false,
              "skipped": false
            },
            {
              "title": "should demonstrate cross-client variable usage",
              "fullTitle": "POST Request with Variables Example should demonstrate cross-client variable usage",
              "timedOut": false,
              "duration": 1,
              "state": "failed",
              "speed": null,
              "pass": false,
              "fail": true,
              "pending": false,
              "context": null,
              "code": "test_utils_1.GlobalTestUtils.logTestProgress('POST Variables', 'Cross-Client');\n// First, create data using API client\n// Common headers are already included in the client configuration\nconst apiResponse = await src_1.restified\n    .given()\n    .useClient('api')\n    .when()\n    .get('/users/{{globalUserId}}')\n    .execute();\nawait apiResponse\n    .statusCode(200)\n    .extract('$.company.catchPhrase', 'companyCatchPhrase')\n    .execute();\n// Then use testUtils client to validate the extracted data\n// Common headers are already included in the client configuration\nconst testResponse = await src_1.restified\n    .given()\n    .useClient('testUtils') // Different client from global setup\n    .when()\n    .post('/post', {\n    extractedData: '{{companyCatchPhrase}}',\n    globalUser: '{{globalUserEmail}}',\n    testSuite: '{{testSuite}}'\n})\n    .execute();\nawait testResponse\n    .statusCode(200)\n    .jsonPath('$.json.globalUser', src_1.restified.getVariable('globalUserEmail'))\n    .jsonPath('$.json.testSuite', src_1.restified.getVariable('testSuite'))\n    .execute();\nconsole.log('🌐 Cross-client variable sharing successful');",
              "err": {
                "message": "TypeError: Invalid URL",
                "estack": "TypeError: Invalid URL\n    at new URL (node:internal/url:818:25)\n    at dispatchHttpRequest (node_modules\\axios\\lib\\adapters\\http.js:232:20)\n    at C:\\RajKumar\\Otalio\\Otalio\\Apps\\RestifiedApp\\Restified\\node_modules\\axios\\lib\\adapters\\http.js:152:5\n    at new Promise (<anonymous>)\n    at wrapAsync (node_modules\\axios\\lib\\adapters\\http.js:132:10)\n    at http (node_modules\\axios\\lib\\adapters\\http.js:170:10)\n    at Axios.dispatchRequest (node_modules\\axios\\lib\\core\\dispatchRequest.js:51:10)\n    at Axios._request (node_modules\\axios\\lib\\core\\Axios.js:187:33)\n    at Axios.request (node_modules\\axios\\lib\\core\\Axios.js:40:25)\n    at Function.wrap [as request] (node_modules\\axios\\lib\\helpers\\bind.js:5:15)\n    at WhenStep.performHttpRequest (src\\core\\dsl\\when.core.ts:215:32)\n    at C:\\RajKumar\\Otalio\\Otalio\\Apps\\RestifiedApp\\Restified\\src\\core\\dsl\\when.core.ts:171:24\n    at RetryManager.executeWithRetry (src\\core\\network\\RetryManager.ts:168:32)\n    at WhenStep.execute (src\\core\\dsl\\when.core.ts:169:36)\n    at Context.<anonymous> (examples\\basic\\post-with-variables.ts:83:10)\n    at processImmediate (node:internal/timers:485:21)\n    at Axios.request (node_modules\\axios\\lib\\core\\Axios.js:45:41)\n    at async WhenStep.performHttpRequest (src\\core\\dsl\\when.core.ts:215:20)\n    at async RetryManager.executeWithRetry (src\\core\\network\\RetryManager.ts:168:26)\n    at async WhenStep.execute (src\\core\\dsl\\when.core.ts:169:12)\n    at async Context.<anonymous> (examples\\basic\\post-with-variables.ts:78:25)",
                "diff": null
              },
              "uuid": "8f5b15e2-225a-496c-ad11-597271e26581",
              "parentUUID": "bff2e45d-1cdf-4fe9-a3fc-a8f2de8d9cdc",
              "isHook": false,
              "skipped": false
            }
          ],
          "suites": [],
          "passes": [],
          "failures": [
            "7c02c231-a5dc-41a8-b5ee-7ecc058401d5",
            "23880299-98cc-4b25-82e3-c9d2234e3710",
            "8f5b15e2-225a-496c-ad11-597271e26581"
          ],
          "pending": [],
          "skipped": [],
          "duration": 28,
          "root": false,
          "rootEmpty": false,
          "_timeout": 10000
        },
        {
          "uuid": "d0ed6af3-1637-4059-91f9-f447708b4b4a",
          "title": "Data-Driven Testing Example",
          "fullFile": "C:\\RajKumar\\Otalio\\Otalio\\Apps\\RestifiedApp\\Restified\\examples\\advanced\\data-driven-testing.ts",
          "file": "\\examples\\advanced\\data-driven-testing.ts",
          "beforeHooks": [],
          "afterHooks": [
            {
              "title": "\"after all\" hook in \"Data-Driven Testing Example\"",
              "fullTitle": "Data-Driven Testing Example \"after all\" hook in \"Data-Driven Testing Example\"",
              "timedOut": false,
              "duration": 0,
              "state": null,
              "speed": null,
              "pass": false,
              "fail": false,
              "pending": false,
              "context": null,
              "code": "await src_1.restified.cleanup();",
              "err": {},
              "uuid": "81f94cbb-94ed-40d0-939e-812a25a6eeea",
              "parentUUID": "d0ed6af3-1637-4059-91f9-f447708b4b4a",
              "isHook": true,
              "skipped": false
            }
          ],
          "tests": [
            {
              "title": "should validate user 1 has correct name: Leanne Graham",
              "fullTitle": "Data-Driven Testing Example should validate user 1 has correct name: Leanne Graham",
              "timedOut": false,
              "duration": 1037,
              "state": "passed",
              "speed": "slow",
              "pass": true,
              "fail": false,
              "pending": false,
              "context": null,
              "code": "const response = await src_1.restified\n    .given()\n    .baseURL('https://jsonplaceholder.typicode.com')\n    .when()\n    .get(`/users/${id}`)\n    .execute();\nawait response\n    .statusCode(200)\n    .jsonPath('$.id', id)\n    .jsonPath('$.name', expectedName)\n    .execute();",
              "err": {},
              "uuid": "96858dd8-0403-40f7-a7fe-4e721239ac0d",
              "parentUUID": "d0ed6af3-1637-4059-91f9-f447708b4b4a",
              "isHook": false,
              "skipped": false
            },
            {
              "title": "should validate user 2 has correct name: Ervin Howell",
              "fullTitle": "Data-Driven Testing Example should validate user 2 has correct name: Ervin Howell",
              "timedOut": false,
              "duration": 1473,
              "state": "passed",
              "speed": "slow",
              "pass": true,
              "fail": false,
              "pending": false,
              "context": null,
              "code": "const response = await src_1.restified\n    .given()\n    .baseURL('https://jsonplaceholder.typicode.com')\n    .when()\n    .get(`/users/${id}`)\n    .execute();\nawait response\n    .statusCode(200)\n    .jsonPath('$.id', id)\n    .jsonPath('$.name', expectedName)\n    .execute();",
              "err": {},
              "uuid": "5ddca5e6-d44e-4f64-96b6-f10983a94c2a",
              "parentUUID": "d0ed6af3-1637-4059-91f9-f447708b4b4a",
              "isHook": false,
              "skipped": false
            },
            {
              "title": "should validate user 3 has correct name: Clementine Bauch",
              "fullTitle": "Data-Driven Testing Example should validate user 3 has correct name: Clementine Bauch",
              "timedOut": false,
              "duration": 649,
              "state": "passed",
              "speed": "slow",
              "pass": true,
              "fail": false,
              "pending": false,
              "context": null,
              "code": "const response = await src_1.restified\n    .given()\n    .baseURL('https://jsonplaceholder.typicode.com')\n    .when()\n    .get(`/users/${id}`)\n    .execute();\nawait response\n    .statusCode(200)\n    .jsonPath('$.id', id)\n    .jsonPath('$.name', expectedName)\n    .execute();",
              "err": {},
              "uuid": "49911653-676c-4a6e-b9c0-4c68ee570f35",
              "parentUUID": "d0ed6af3-1637-4059-91f9-f447708b4b4a",
              "isHook": false,
              "skipped": false
            },
            {
              "title": "should validate user 1 has posts within expected range",
              "fullTitle": "Data-Driven Testing Example should validate user 1 has posts within expected range",
              "timedOut": false,
              "duration": 633,
              "state": "passed",
              "speed": "slow",
              "pass": true,
              "fail": false,
              "pending": false,
              "context": null,
              "code": "const response = await src_1.restified\n    .given()\n    .baseURL('https://jsonplaceholder.typicode.com')\n    .when()\n    .get(`/posts?userId=${userId}`)\n    .execute();\nawait response\n    .statusCode(200)\n    .custom((response) => {\n    const posts = response.data;\n    return Array.isArray(posts) &&\n        posts.length >= expectedPostCount.min &&\n        posts.length <= expectedPostCount.max;\n}, `User ${userId} should have ${expectedPostCount.min}-${expectedPostCount.max} posts`)\n    .custom((response) => {\n    return response.data.every(post => post.userId === userId);\n}, `All posts should belong to user ${userId}`)\n    .execute();",
              "err": {},
              "uuid": "fd7e29d2-c552-4902-9d0c-74a27f48727d",
              "parentUUID": "d0ed6af3-1637-4059-91f9-f447708b4b4a",
              "isHook": false,
              "skipped": false
            },
            {
              "title": "should validate user 2 has posts within expected range",
              "fullTitle": "Data-Driven Testing Example should validate user 2 has posts within expected range",
              "timedOut": false,
              "duration": 604,
              "state": "passed",
              "speed": "slow",
              "pass": true,
              "fail": false,
              "pending": false,
              "context": null,
              "code": "const response = await src_1.restified\n    .given()\n    .baseURL('https://jsonplaceholder.typicode.com')\n    .when()\n    .get(`/posts?userId=${userId}`)\n    .execute();\nawait response\n    .statusCode(200)\n    .custom((response) => {\n    const posts = response.data;\n    return Array.isArray(posts) &&\n        posts.length >= expectedPostCount.min &&\n        posts.length <= expectedPostCount.max;\n}, `User ${userId} should have ${expectedPostCount.min}-${expectedPostCount.max} posts`)\n    .custom((response) => {\n    return response.data.every(post => post.userId === userId);\n}, `All posts should belong to user ${userId}`)\n    .execute();",
              "err": {},
              "uuid": "ada27a73-bd09-46c3-aaef-a4a585e524dd",
              "parentUUID": "d0ed6af3-1637-4059-91f9-f447708b4b4a",
              "isHook": false,
              "skipped": false
            },
            {
              "title": "should validate user 3 has posts within expected range",
              "fullTitle": "Data-Driven Testing Example should validate user 3 has posts within expected range",
              "timedOut": false,
              "duration": 627,
              "state": "passed",
              "speed": "slow",
              "pass": true,
              "fail": false,
              "pending": false,
              "context": null,
              "code": "const response = await src_1.restified\n    .given()\n    .baseURL('https://jsonplaceholder.typicode.com')\n    .when()\n    .get(`/posts?userId=${userId}`)\n    .execute();\nawait response\n    .statusCode(200)\n    .custom((response) => {\n    const posts = response.data;\n    return Array.isArray(posts) &&\n        posts.length >= expectedPostCount.min &&\n        posts.length <= expectedPostCount.max;\n}, `User ${userId} should have ${expectedPostCount.min}-${expectedPostCount.max} posts`)\n    .custom((response) => {\n    return response.data.every(post => post.userId === userId);\n}, `All posts should belong to user ${userId}`)\n    .execute();",
              "err": {},
              "uuid": "0e59d6c3-8c12-41e2-9414-9184d7c05f3e",
              "parentUUID": "d0ed6af3-1637-4059-91f9-f447708b4b4a",
              "isHook": false,
              "skipped": false
            },
            {
              "title": "should return 200 for /posts/1",
              "fullTitle": "Data-Driven Testing Example should return 200 for /posts/1",
              "timedOut": false,
              "duration": 2218,
              "state": "passed",
              "speed": "slow",
              "pass": true,
              "fail": false,
              "pending": false,
              "context": null,
              "code": "const response = await src_1.restified\n    .given()\n    .baseURL('https://jsonplaceholder.typicode.com')\n    .when()\n    .get(endpoint)\n    .execute();\nawait response\n    .statusCode(expectedStatus)\n    .execute();",
              "err": {},
              "uuid": "e0146d4b-a815-4620-81a2-660b19054de8",
              "parentUUID": "d0ed6af3-1637-4059-91f9-f447708b4b4a",
              "isHook": false,
              "skipped": false
            },
            {
              "title": "should return 404 for /posts/999",
              "fullTitle": "Data-Driven Testing Example should return 404 for /posts/999",
              "timedOut": false,
              "duration": 2383,
              "state": "passed",
              "speed": "slow",
              "pass": true,
              "fail": false,
              "pending": false,
              "context": null,
              "code": "const response = await src_1.restified\n    .given()\n    .baseURL('https://jsonplaceholder.typicode.com')\n    .when()\n    .get(endpoint)\n    .execute();\nawait response\n    .statusCode(expectedStatus)\n    .execute();",
              "err": {},
              "uuid": "297ee336-1f82-40ff-93a0-5c17c72d908f",
              "parentUUID": "d0ed6af3-1637-4059-91f9-f447708b4b4a",
              "isHook": false,
              "skipped": false
            },
            {
              "title": "should return 200 for /users/1",
              "fullTitle": "Data-Driven Testing Example should return 200 for /users/1",
              "timedOut": false,
              "duration": 887,
              "state": "passed",
              "speed": "slow",
              "pass": true,
              "fail": false,
              "pending": false,
              "context": null,
              "code": "const response = await src_1.restified\n    .given()\n    .baseURL('https://jsonplaceholder.typicode.com')\n    .when()\n    .get(endpoint)\n    .execute();\nawait response\n    .statusCode(expectedStatus)\n    .execute();",
              "err": {},
              "uuid": "3aa16c83-6864-4ec6-a957-04dbe6fbd5df",
              "parentUUID": "d0ed6af3-1637-4059-91f9-f447708b4b4a",
              "isHook": false,
              "skipped": false
            },
            {
              "title": "should return 404 for /users/999",
              "fullTitle": "Data-Driven Testing Example should return 404 for /users/999",
              "timedOut": false,
              "duration": 1503,
              "state": "passed",
              "speed": "slow",
              "pass": true,
              "fail": false,
              "pending": false,
              "context": null,
              "code": "const response = await src_1.restified\n    .given()\n    .baseURL('https://jsonplaceholder.typicode.com')\n    .when()\n    .get(endpoint)\n    .execute();\nawait response\n    .statusCode(expectedStatus)\n    .execute();",
              "err": {},
              "uuid": "95482d9f-3b59-4bfd-8d6d-55734b3d8ae0",
              "parentUUID": "d0ed6af3-1637-4059-91f9-f447708b4b4a",
              "isHook": false,
              "skipped": false
            }
          ],
          "suites": [],
          "passes": [
            "96858dd8-0403-40f7-a7fe-4e721239ac0d",
            "5ddca5e6-d44e-4f64-96b6-f10983a94c2a",
            "49911653-676c-4a6e-b9c0-4c68ee570f35",
            "fd7e29d2-c552-4902-9d0c-74a27f48727d",
            "ada27a73-bd09-46c3-aaef-a4a585e524dd",
            "0e59d6c3-8c12-41e2-9414-9184d7c05f3e",
            "e0146d4b-a815-4620-81a2-660b19054de8",
            "297ee336-1f82-40ff-93a0-5c17c72d908f",
            "3aa16c83-6864-4ec6-a957-04dbe6fbd5df",
            "95482d9f-3b59-4bfd-8d6d-55734b3d8ae0"
          ],
          "failures": [],
          "pending": [],
          "skipped": [],
          "duration": 12014,
          "root": false,
          "rootEmpty": false,
          "_timeout": 10000
        },
        {
          "uuid": "e5801f28-ea72-4c97-8497-92de023f0c1d",
          "title": "Database Integration Testing",
          "fullFile": "C:\\RajKumar\\Otalio\\Otalio\\Apps\\RestifiedApp\\Restified\\examples\\advanced\\database-testing.ts",
          "file": "\\examples\\advanced\\database-testing.ts",
          "beforeHooks": [
            {
              "title": "\"before all\" hook in \"Database Integration Testing\"",
              "fullTitle": "Database Integration Testing \"before all\" hook in \"Database Integration Testing\"",
              "timedOut": false,
              "duration": 0,
              "state": null,
              "speed": null,
              "pass": false,
              "fail": false,
              "pending": false,
              "context": null,
              "code": "// Setup database connections (using mock/test databases)\n// PostgreSQL connection (if available)\nif (process.env.POSTGRES_CONNECTION_STRING || process.env.POSTGRES_HOST) {\n    await index_1.restified.createDatabaseClient('postgres', {\n        type: 'postgresql',\n        host: process.env.POSTGRES_HOST || 'localhost',\n        port: parseInt(process.env.POSTGRES_PORT || '5432'),\n        username: process.env.POSTGRES_USER || 'test',\n        password: process.env.POSTGRES_PASSWORD || 'test',\n        database: process.env.POSTGRES_DB || 'testdb',\n        connectionString: process.env.POSTGRES_CONNECTION_STRING,\n        timeout: 10000\n    });\n}\n// MongoDB connection (if available)\nif (process.env.MONGODB_CONNECTION_STRING || process.env.MONGODB_HOST) {\n    await index_1.restified.createDatabaseClient('mongodb', {\n        type: 'mongodb',\n        host: process.env.MONGODB_HOST || 'localhost',\n        port: parseInt(process.env.MONGODB_PORT || '27017'),\n        database: process.env.MONGODB_DB || 'testdb',\n        connectionString: process.env.MONGODB_CONNECTION_STRING,\n        timeout: 10000\n    });\n}",
              "err": {},
              "uuid": "ee692de5-74db-4ae2-bcdc-4f9960b7b60f",
              "parentUUID": "e5801f28-ea72-4c97-8497-92de023f0c1d",
              "isHook": true,
              "skipped": false
            }
          ],
          "afterHooks": [
            {
              "title": "\"after all\" hook in \"Database Integration Testing\"",
              "fullTitle": "Database Integration Testing \"after all\" hook in \"Database Integration Testing\"",
              "timedOut": false,
              "duration": 1,
              "state": null,
              "speed": null,
              "pass": false,
              "fail": false,
              "pending": false,
              "context": null,
              "code": "await index_1.restified.cleanup();",
              "err": {},
              "uuid": "9a514de6-ada7-460e-ba83-2da2aa00cb16",
              "parentUUID": "e5801f28-ea72-4c97-8497-92de023f0c1d",
              "isHook": true,
              "skipped": false
            }
          ],
          "tests": [],
          "suites": [
            {
              "uuid": "9d540523-eaac-4468-9bdc-256a5f489488",
              "title": "PostgreSQL Integration",
              "fullFile": "C:\\RajKumar\\Otalio\\Otalio\\Apps\\RestifiedApp\\Restified\\examples\\advanced\\database-testing.ts",
              "file": "\\examples\\advanced\\database-testing.ts",
              "beforeHooks": [
                {
                  "title": "\"before each\" hook in \"PostgreSQL Integration\"",
                  "fullTitle": "Database Integration Testing PostgreSQL Integration \"before each\" hook in \"PostgreSQL Integration\"",
                  "timedOut": false,
                  "duration": 0,
                  "state": null,
                  "speed": null,
                  "pass": false,
                  "fail": false,
                  "pending": false,
                  "context": null,
                  "code": "if (!index_1.restified.getDatabaseClient) {\n    this.skip();\n}\ntry {\n    index_1.restified.getDatabaseClient('postgres');\n}\ncatch {\n    this.skip();\n}",
                  "err": {},
                  "uuid": "2dd47f4f-fadc-453a-b70d-d4ae2d5d8459",
                  "parentUUID": "9d540523-eaac-4468-9bdc-256a5f489488",
                  "isHook": true,
                  "skipped": false
                }
              ],
              "afterHooks": [],
              "tests": [
                {
                  "title": "should validate user creation via API and database",
                  "fullTitle": "Database Integration Testing PostgreSQL Integration should validate user creation via API and database",
                  "timedOut": false,
                  "duration": 1158,
                  "state": "failed",
                  "speed": null,
                  "pass": false,
                  "fail": true,
                  "pending": false,
                  "context": null,
                  "code": "const dbClient = index_1.restified.getDatabaseClient('postgres');\n// Create snapshot before test\nawait dbClient.createSnapshot('before-user-test', ['users']);\n// Create user via API\nconst response = await index_1.restified\n    .given()\n    .baseURL('https://jsonplaceholder.typicode.com')\n    .when()\n    .post('/users', {\n    name: 'Database Test User',\n    email: 'dbtest@example.com',\n    username: 'dbtestuser'\n})\n    .execute();\nawait response\n    .statusCode(201)\n    .extract('$.id', 'createdUserId')\n    .execute();\n// Simulate database state validation\n// In real scenario, this would check if user was actually created in database\nconst userId = index_1.restified.getVariable('createdUserId');\n// Mock database query result\nconst queryResult = await dbClient.executeQuery('SELECT * FROM users WHERE external_id = $1', [userId]);\n// In a real test, you would validate the user exists in database\nconsole.log(`Created user with ID: ${userId}`);\n(0, chai_1.expect)(queryResult.executionTime).to.be.a('number');",
                  "err": {
                    "message": "AssertionError: expected undefined to be a number",
                    "estack": "AssertionError: expected undefined to be a number\n    at Context.<anonymous> (examples\\advanced\\database-testing.ts:95:47)\n    at processTicksAndRejections (node:internal/process/task_queues:105:5)",
                    "diff": null
                  },
                  "uuid": "c5ed1658-3197-4d7f-83fb-24e2dc34ec07",
                  "parentUUID": "9d540523-eaac-4468-9bdc-256a5f489488",
                  "isHook": false,
                  "skipped": false
                },
                {
                  "title": "should validate data consistency across API and database",
                  "fullTitle": "Database Integration Testing PostgreSQL Integration should validate data consistency across API and database",
                  "timedOut": false,
                  "duration": 1,
                  "state": "passed",
                  "speed": "fast",
                  "pass": true,
                  "fail": false,
                  "pending": false,
                  "context": null,
                  "code": "const dbClient = index_1.restified.getDatabaseClient('postgres');\n// Test data consistency validation\nconst validationResult = await index_1.restified.validateDatabaseState([\n    {\n        client: 'postgres',\n        table: 'users',\n        conditions: { active: true },\n        expectedCount: 5\n    },\n    {\n        client: 'postgres',\n        table: 'orders',\n        conditions: { status: 'pending' },\n        expectedCount: { min: 1 }\n    }\n]);\n// In real scenario, this would validate actual database state\n(0, chai_1.expect)(validationResult).to.have.property('success');\n(0, chai_1.expect)(validationResult).to.have.property('results');",
                  "err": {},
                  "uuid": "22a92674-1918-4715-85e7-91a5a74c2f81",
                  "parentUUID": "9d540523-eaac-4468-9bdc-256a5f489488",
                  "isHook": false,
                  "skipped": false
                },
                {
                  "title": "should handle database transactions",
                  "fullTitle": "Database Integration Testing PostgreSQL Integration should handle database transactions",
                  "timedOut": false,
                  "duration": 0,
                  "state": "passed",
                  "speed": "fast",
                  "pass": true,
                  "fail": false,
                  "pending": false,
                  "context": null,
                  "code": "const dbClient = index_1.restified.getDatabaseClient('postgres');\ntry {\n    // Begin transaction\n    await dbClient.beginTransaction();\n    // Execute test operations\n    await dbClient.executeQuery('INSERT INTO test_table (name, value) VALUES ($1, $2)', ['transaction-test', 42]);\n    // Validate data exists in transaction\n    const result = await dbClient.executeQuery('SELECT * FROM test_table WHERE name = $1', ['transaction-test']);\n    // Rollback transaction (cleanup)\n    await dbClient.rollback();\n    console.log('Transaction test completed successfully');\n}\ncatch (error) {\n    await dbClient.rollback();\n    throw error;\n}",
                  "err": {},
                  "uuid": "dd510423-4f1a-469a-b2b7-2d5f50772b30",
                  "parentUUID": "9d540523-eaac-4468-9bdc-256a5f489488",
                  "isHook": false,
                  "skipped": false
                },
                {
                  "title": "should measure database query performance",
                  "fullTitle": "Database Integration Testing PostgreSQL Integration should measure database query performance",
                  "timedOut": false,
                  "duration": 0,
                  "state": "failed",
                  "speed": null,
                  "pass": false,
                  "fail": true,
                  "pending": false,
                  "context": null,
                  "code": "const dbClient = index_1.restified.getDatabaseClient('postgres');\nconst startTime = Date.now();\nconst result = await dbClient.executeQuery('SELECT COUNT(*) as total FROM information_schema.tables');\n(0, chai_1.expect)(result.executionTime).to.be.a('number');\n(0, chai_1.expect)(result.executionTime).to.be.lessThan(5000); // Less than 5 seconds\nconsole.log(`Database query executed in ${result.executionTime}ms`);",
                  "err": {
                    "message": "AssertionError: expected undefined to be a number",
                    "estack": "AssertionError: expected undefined to be a number\n    at Context.<anonymous> (examples\\advanced\\database-testing.ts:160:42)\n    at processTicksAndRejections (node:internal/process/task_queues:105:5)",
                    "diff": null
                  },
                  "uuid": "4711b432-0753-4c05-bae9-a8cdadb968d0",
                  "parentUUID": "9d540523-eaac-4468-9bdc-256a5f489488",
                  "isHook": false,
                  "skipped": false
                }
              ],
              "suites": [],
              "passes": [
                "22a92674-1918-4715-85e7-91a5a74c2f81",
                "dd510423-4f1a-469a-b2b7-2d5f50772b30"
              ],
              "failures": [
                "c5ed1658-3197-4d7f-83fb-24e2dc34ec07",
                "4711b432-0753-4c05-bae9-a8cdadb968d0"
              ],
              "pending": [],
              "skipped": [],
              "duration": 1159,
              "root": false,
              "rootEmpty": false,
              "_timeout": 30000
            },
            {
              "uuid": "7ae9be57-e83f-4dfc-92d0-035a01afdbcb",
              "title": "MongoDB Integration",
              "fullFile": "C:\\RajKumar\\Otalio\\Otalio\\Apps\\RestifiedApp\\Restified\\examples\\advanced\\database-testing.ts",
              "file": "\\examples\\advanced\\database-testing.ts",
              "beforeHooks": [
                {
                  "title": "\"before each\" hook in \"MongoDB Integration\"",
                  "fullTitle": "Database Integration Testing MongoDB Integration \"before each\" hook in \"MongoDB Integration\"",
                  "timedOut": false,
                  "duration": 0,
                  "state": null,
                  "speed": null,
                  "pass": false,
                  "fail": false,
                  "pending": false,
                  "context": null,
                  "code": "try {\n    index_1.restified.getDatabaseClient('mongodb');\n}\ncatch {\n    this.skip();\n}",
                  "err": {},
                  "uuid": "e4638938-e59d-41ff-b11a-5ca8a7311a37",
                  "parentUUID": "7ae9be57-e83f-4dfc-92d0-035a01afdbcb",
                  "isHook": true,
                  "skipped": false
                }
              ],
              "afterHooks": [],
              "tests": [
                {
                  "title": "should validate document creation and retrieval",
                  "fullTitle": "Database Integration Testing MongoDB Integration should validate document creation and retrieval",
                  "timedOut": false,
                  "duration": 1,
                  "state": "failed",
                  "speed": null,
                  "pass": false,
                  "fail": true,
                  "pending": false,
                  "context": null,
                  "code": "const dbClient = index_1.restified.getDatabaseClient('mongodb');\n// Insert document\nconst insertOperation = JSON.stringify({\n    collection: 'users',\n    method: 'insertOne',\n    document: {\n        name: 'MongoDB Test User',\n        email: 'mongotest@example.com',\n        createdAt: new Date(),\n        metadata: {\n            source: 'restifiedts-test',\n            version: '1.0.0'\n        }\n    }\n});\nconst insertResult = await dbClient.executeQuery(insertOperation);\n(0, chai_1.expect)(insertResult.insertId).to.exist;\nconst documentId = insertResult.insertId;\nindex_1.restified.setGlobalVariable('mongoDocumentId', documentId.toString());\n// Retrieve document\nconst findOperation = JSON.stringify({\n    collection: 'users',\n    method: 'findOne',\n    query: { _id: documentId }\n});\nconst findResult = await dbClient.executeQuery(findOperation);\n(0, chai_1.expect)(findResult.rows).to.have.length(1);\n(0, chai_1.expect)(findResult.rows[0].name).to.equal('MongoDB Test User');\n(0, chai_1.expect)(findResult.rows[0].metadata.source).to.equal('restifiedts-test');",
                  "err": {
                    "message": "AssertionError: expected undefined to exist",
                    "estack": "AssertionError: expected undefined to exist\n    at Context.<anonymous> (examples\\advanced\\database-testing.ts:195:39)\n    at processTicksAndRejections (node:internal/process/task_queues:105:5)",
                    "diff": null
                  },
                  "uuid": "0032cf35-3062-4dc5-85e3-2d67d8cfcbd1",
                  "parentUUID": "7ae9be57-e83f-4dfc-92d0-035a01afdbcb",
                  "isHook": false,
                  "skipped": false
                },
                {
                  "title": "should validate document updates",
                  "fullTitle": "Database Integration Testing MongoDB Integration should validate document updates",
                  "timedOut": false,
                  "duration": 0,
                  "state": "pending",
                  "speed": null,
                  "pass": false,
                  "fail": false,
                  "pending": true,
                  "context": null,
                  "code": "const dbClient = index_1.restified.getDatabaseClient('mongodb');\nconst documentId = index_1.restified.getVariable('mongoDocumentId');\nif (!documentId) {\n    this.skip();\n}\n// Update document\nconst updateOperation = JSON.stringify({\n    collection: 'users',\n    method: 'updateOne',\n    query: { _id: { $oid: documentId } },\n    document: {\n        $set: {\n            name: 'Updated MongoDB User',\n            updatedAt: new Date()\n        }\n    }\n});\nconst updateResult = await dbClient.executeQuery(updateOperation);\n(0, chai_1.expect)(updateResult.affectedRows).to.equal(1);\n// Verify update\nconst findOperation = JSON.stringify({\n    collection: 'users',\n    method: 'findOne',\n    query: { _id: { $oid: documentId } }\n});\nconst findResult = await dbClient.executeQuery(findOperation);\n(0, chai_1.expect)(findResult.rows[0].name).to.equal('Updated MongoDB User');\n(0, chai_1.expect)(findResult.rows[0].updatedAt).to.exist;",
                  "err": {},
                  "uuid": "9ba94927-c998-4d2a-9d09-97861b3802f0",
                  "parentUUID": "7ae9be57-e83f-4dfc-92d0-035a01afdbcb",
                  "isHook": false,
                  "skipped": false
                },
                {
                  "title": "should handle aggregation queries",
                  "fullTitle": "Database Integration Testing MongoDB Integration should handle aggregation queries",
                  "timedOut": false,
                  "duration": 1,
                  "state": "failed",
                  "speed": null,
                  "pass": false,
                  "fail": true,
                  "pending": false,
                  "context": null,
                  "code": "const dbClient = index_1.restified.getDatabaseClient('mongodb');\nconst aggregationOperation = JSON.stringify({\n    collection: 'users',\n    method: 'aggregate',\n    query: [\n        { $match: { name: { $regex: 'MongoDB', $options: 'i' } } },\n        { $group: { _id: '$metadata.source', count: { $sum: 1 } } },\n        { $sort: { count: -1 } }\n    ]\n});\nconst result = await dbClient.executeQuery(aggregationOperation);\n(0, chai_1.expect)(result.rows).to.be.an('array');\n(0, chai_1.expect)(result.executionTime).to.be.a('number');\nconsole.log(`Aggregation completed in ${result.executionTime}ms`);",
                  "err": {
                    "message": "AssertionError: expected undefined to be an array",
                    "estack": "AssertionError: expected undefined to be an array\n    at Context.<anonymous> (examples\\advanced\\database-testing.ts:263:33)\n    at processTicksAndRejections (node:internal/process/task_queues:105:5)",
                    "diff": null
                  },
                  "uuid": "94f37898-4d1c-4d94-b89f-b66d777cddb8",
                  "parentUUID": "7ae9be57-e83f-4dfc-92d0-035a01afdbcb",
                  "isHook": false,
                  "skipped": false
                }
              ],
              "suites": [],
              "passes": [],
              "failures": [
                "0032cf35-3062-4dc5-85e3-2d67d8cfcbd1",
                "94f37898-4d1c-4d94-b89f-b66d777cddb8"
              ],
              "pending": [
                "9ba94927-c998-4d2a-9d09-97861b3802f0"
              ],
              "skipped": [],
              "duration": 2,
              "root": false,
              "rootEmpty": false,
              "_timeout": 30000
            },
            {
              "uuid": "ba16c418-d7a1-4bfc-8abf-fb84b78a2e07",
              "title": "Cross-Database Validation",
              "fullFile": "C:\\RajKumar\\Otalio\\Otalio\\Apps\\RestifiedApp\\Restified\\examples\\advanced\\database-testing.ts",
              "file": "\\examples\\advanced\\database-testing.ts",
              "beforeHooks": [],
              "afterHooks": [],
              "tests": [
                {
                  "title": "should validate data consistency across multiple databases",
                  "fullTitle": "Database Integration Testing Cross-Database Validation should validate data consistency across multiple databases",
                  "timedOut": false,
                  "duration": 0,
                  "state": "passed",
                  "speed": "fast",
                  "pass": true,
                  "fail": false,
                  "pending": false,
                  "context": null,
                  "code": "// This would test scenarios where data must be consistent across different databases\n// For example, user data in PostgreSQL and session data in MongoDB\nconst validations = [\n    {\n        client: 'postgres',\n        table: 'users',\n        conditions: { active: true },\n        expectedCount: 3\n    }\n];\n// Add MongoDB validation if available\ntry {\n    index_1.restified.getDatabaseClient('mongodb');\n    validations.push({\n        client: 'mongodb',\n        table: 'sessions', // collection\n        conditions: { active: true },\n        expectedCount: 3\n    });\n}\ncatch {\n    // MongoDB not available, skip\n}\nif (validations.length > 1) {\n    const result = await index_1.restified.validateDatabaseState(validations);\n    (0, chai_1.expect)(result.success).to.be.a('boolean');\n    (0, chai_1.expect)(result.results).to.have.length(validations.length);\n}",
                  "err": {},
                  "uuid": "f96ada7d-479c-4c21-b00e-9aff190c6cbf",
                  "parentUUID": "ba16c418-d7a1-4bfc-8abf-fb84b78a2e07",
                  "isHook": false,
                  "skipped": false
                }
              ],
              "suites": [],
              "passes": [
                "f96ada7d-479c-4c21-b00e-9aff190c6cbf"
              ],
              "failures": [],
              "pending": [],
              "skipped": [],
              "duration": 0,
              "root": false,
              "rootEmpty": false,
              "_timeout": 30000
            },
            {
              "uuid": "d7ff47c5-118c-498c-8c30-81a587616178",
              "title": "Database Health Checks",
              "fullFile": "C:\\RajKumar\\Otalio\\Otalio\\Apps\\RestifiedApp\\Restified\\examples\\advanced\\database-testing.ts",
              "file": "\\examples\\advanced\\database-testing.ts",
              "beforeHooks": [],
              "afterHooks": [],
              "tests": [
                {
                  "title": "should perform health checks on all database connections",
                  "fullTitle": "Database Integration Testing Database Health Checks should perform health checks on all database connections",
                  "timedOut": false,
                  "duration": 0,
                  "state": "passed",
                  "speed": "fast",
                  "pass": true,
                  "fail": false,
                  "pending": false,
                  "context": null,
                  "code": "const connections = ['postgres', 'mongodb'];\nfor (const connectionName of connections) {\n    try {\n        const dbClient = index_1.restified.getDatabaseClient(connectionName);\n        const health = await dbClient.healthCheck();\n        (0, chai_1.expect)(health.healthy).to.be.a('boolean');\n        (0, chai_1.expect)(health.latency).to.be.a('number');\n        if (health.healthy) {\n            (0, chai_1.expect)(health.latency).to.be.greaterThan(0);\n            console.log(`${connectionName} health check: ${health.latency}ms`);\n        }\n        else {\n            console.log(`${connectionName} health check failed: ${health.error}`);\n        }\n    }\n    catch (error) {\n        console.log(`${connectionName} connection not available`);\n    }\n}",
                  "err": {},
                  "uuid": "3536493f-d699-47e3-9a68-39d323462b89",
                  "parentUUID": "d7ff47c5-118c-498c-8c30-81a587616178",
                  "isHook": false,
                  "skipped": false
                }
              ],
              "suites": [],
              "passes": [
                "3536493f-d699-47e3-9a68-39d323462b89"
              ],
              "failures": [],
              "pending": [],
              "skipped": [],
              "duration": 0,
              "root": false,
              "rootEmpty": false,
              "_timeout": 30000
            },
            {
              "uuid": "8038603f-0d50-4717-b2c1-74e42bf249ef",
              "title": "Test Data Management",
              "fullFile": "C:\\RajKumar\\Otalio\\Otalio\\Apps\\RestifiedApp\\Restified\\examples\\advanced\\database-testing.ts",
              "file": "\\examples\\advanced\\database-testing.ts",
              "beforeHooks": [],
              "afterHooks": [],
              "tests": [
                {
                  "title": "should seed and cleanup test data",
                  "fullTitle": "Database Integration Testing Test Data Management should seed and cleanup test data",
                  "timedOut": false,
                  "duration": 1,
                  "state": "passed",
                  "speed": "fast",
                  "pass": true,
                  "fail": false,
                  "pending": false,
                  "context": null,
                  "code": "try {\n    const dbClient = index_1.restified.getDatabaseClient('postgres');\n    // Seed test data\n    const testData = [\n        { name: 'Test User 1', email: 'test1@example.com', active: true },\n        { name: 'Test User 2', email: 'test2@example.com', active: true },\n        { name: 'Test User 3', email: 'test3@example.com', active: false }\n    ];\n    await dbClient.seedTestData('test_users', testData);\n    // Validate data was seeded\n    const count = await dbClient.validateCount('test_users', 3, { active: true });\n    (0, chai_1.expect)(count).to.be.true;\n    // Cleanup test data\n    await dbClient.cleanupTestData('test_users', { email: { $like: '%@example.com' } });\n    console.log('Test data seeding and cleanup completed');\n}\ncatch (error) {\n    console.log('Test data management skipped - table not available');\n}",
                  "err": {},
                  "uuid": "13147136-be69-4ce4-ba9f-6e22c7c0d0c1",
                  "parentUUID": "8038603f-0d50-4717-b2c1-74e42bf249ef",
                  "isHook": false,
                  "skipped": false
                }
              ],
              "suites": [],
              "passes": [
                "13147136-be69-4ce4-ba9f-6e22c7c0d0c1"
              ],
              "failures": [],
              "pending": [],
              "skipped": [],
              "duration": 1,
              "root": false,
              "rootEmpty": false,
              "_timeout": 30000
            }
          ],
          "passes": [],
          "failures": [],
          "pending": [],
          "skipped": [],
          "duration": 0,
          "root": false,
          "rootEmpty": false,
          "_timeout": 30000
        },
        {
          "uuid": "121b1db5-c1ab-49c6-883c-201ef0621709",
          "title": "Error Handling and Resilience Example",
          "fullFile": "C:\\RajKumar\\Otalio\\Otalio\\Apps\\RestifiedApp\\Restified\\examples\\advanced\\error-handling.ts",
          "file": "\\examples\\advanced\\error-handling.ts",
          "beforeHooks": [],
          "afterHooks": [
            {
              "title": "\"after all\" hook in \"Error Handling and Resilience Example\"",
              "fullTitle": "Error Handling and Resilience Example \"after all\" hook in \"Error Handling and Resilience Example\"",
              "timedOut": false,
              "duration": 0,
              "state": null,
              "speed": null,
              "pass": false,
              "fail": false,
              "pending": false,
              "context": null,
              "code": "await src_1.restified.cleanup();",
              "err": {},
              "uuid": "3075281c-c701-49ef-9c51-8aaddb4347a1",
              "parentUUID": "121b1db5-c1ab-49c6-883c-201ef0621709",
              "isHook": true,
              "skipped": false
            }
          ],
          "tests": [
            {
              "title": "should handle 404 errors gracefully",
              "fullTitle": "Error Handling and Resilience Example should handle 404 errors gracefully",
              "timedOut": false,
              "duration": 1125,
              "state": "passed",
              "speed": "slow",
              "pass": true,
              "fail": false,
              "pending": false,
              "context": null,
              "code": "const response = await src_1.restified\n    .given()\n    .baseURL('https://jsonplaceholder.typicode.com')\n    .when()\n    .get('/posts/9999')\n    .execute();\nawait response\n    .statusCode(404)\n    .execute();",
              "err": {},
              "uuid": "6d85758d-a5d4-4e69-91cd-9fb08da50ebd",
              "parentUUID": "121b1db5-c1ab-49c6-883c-201ef0621709",
              "isHook": false,
              "skipped": false
            },
            {
              "title": "should handle network timeouts with retry",
              "fullTitle": "Error Handling and Resilience Example should handle network timeouts with retry",
              "timedOut": false,
              "duration": 4001,
              "state": "passed",
              "speed": "slow",
              "pass": true,
              "fail": false,
              "pending": false,
              "context": null,
              "code": "// Configure client with short timeout for demonstration\nsrc_1.restified.createClient('timeout-test', {\n    baseURL: 'https://httpbin.org',\n    timeout: 1000 // Very short timeout\n});\ntry {\n    const response = await src_1.restified\n        .given()\n        .useClient('timeout-test')\n        .when()\n        .get('/delay/2') // This will likely timeout and retry\n        .execute();\n    await response\n        .statusCode(200)\n        .execute();\n}\ncatch (error) {\n    // Expected to fail due to timeout, but should show retry attempts\n    console.log('Request failed after retries as expected');\n}",
              "err": {},
              "uuid": "fdfe22fb-f018-4955-b478-77f7e42ebcce",
              "parentUUID": "121b1db5-c1ab-49c6-883c-201ef0621709",
              "isHook": false,
              "skipped": false
            },
            {
              "title": "should validate error response structure",
              "fullTitle": "Error Handling and Resilience Example should validate error response structure",
              "timedOut": false,
              "duration": 1921,
              "state": "passed",
              "speed": "slow",
              "pass": true,
              "fail": false,
              "pending": false,
              "context": null,
              "code": "const response = await src_1.restified\n    .given()\n    .baseURL('https://httpbin.org')\n    .when()\n    .get('/status/500')\n    .execute();\nawait response\n    .statusCode(500)\n    .execute();",
              "err": {},
              "uuid": "5fcd4c36-22ea-43f8-957a-44bbbc208d1d",
              "parentUUID": "121b1db5-c1ab-49c6-883c-201ef0621709",
              "isHook": false,
              "skipped": false
            },
            {
              "title": "should handle malformed JSON responses",
              "fullTitle": "Error Handling and Resilience Example should handle malformed JSON responses",
              "timedOut": false,
              "duration": 2487,
              "state": "passed",
              "speed": "slow",
              "pass": true,
              "fail": false,
              "pending": false,
              "context": null,
              "code": "// Test against an endpoint that returns plain text instead of JSON\nconst response = await src_1.restified\n    .given()\n    .baseURL('https://httpbin.org')\n    .when()\n    .get('/html')\n    .execute();\nawait response\n    .statusCode(200)\n    .header('content-type')\n    .custom((response) => {\n    return response.headers['content-type'].includes('text/html');\n}, 'Response should be HTML')\n    .execute();",
              "err": {},
              "uuid": "3aec8a90-8539-4253-be80-28068a7c5d40",
              "parentUUID": "121b1db5-c1ab-49c6-883c-201ef0621709",
              "isHook": false,
              "skipped": false
            },
            {
              "title": "should test API rate limiting behavior",
              "fullTitle": "Error Handling and Resilience Example should test API rate limiting behavior",
              "timedOut": false,
              "duration": 1984,
              "state": "passed",
              "speed": "slow",
              "pass": true,
              "fail": false,
              "pending": false,
              "context": null,
              "code": "// Make multiple rapid requests to test rate limiting\n// Note: This is just for demonstration - real rate limiting would need appropriate endpoint\nconst requests = [];\nfor (let i = 0; i < 3; i++) {\n    const request = src_1.restified\n        .given()\n        .baseURL('https://jsonplaceholder.typicode.com')\n        .when()\n        .get('/posts/1')\n        .execute();\n    requests.push(request);\n}\nconst responses = await Promise.all(requests);\n// Verify all requests succeeded (JSONPlaceholder doesn't have rate limiting)\nfor (const response of responses) {\n    await response\n        .statusCode(200)\n        .execute();\n}",
              "err": {},
              "uuid": "90fd4402-99bd-4bc2-97d4-ce67c7b05b0c",
              "parentUUID": "121b1db5-c1ab-49c6-883c-201ef0621709",
              "isHook": false,
              "skipped": false
            },
            {
              "title": "should handle authentication errors",
              "fullTitle": "Error Handling and Resilience Example should handle authentication errors",
              "timedOut": false,
              "duration": 3064,
              "state": "passed",
              "speed": "slow",
              "pass": true,
              "fail": false,
              "pending": false,
              "context": null,
              "code": "const response = await src_1.restified\n    .given()\n    .baseURL('https://httpbin.org')\n    .bearerToken('invalid-token')\n    .when()\n    .get('/bearer')\n    .execute();\n// httpbin.org /bearer endpoint doesn't actually validate tokens\n// So this will pass, but in real scenarios you'd test for 401\nawait response\n    .statusCode(200)\n    .execute();",
              "err": {},
              "uuid": "4c1f2470-42cf-4a2f-b04a-8420779e5222",
              "parentUUID": "121b1db5-c1ab-49c6-883c-201ef0621709",
              "isHook": false,
              "skipped": false
            },
            {
              "title": "should test request payload validation errors",
              "fullTitle": "Error Handling and Resilience Example should test request payload validation errors",
              "timedOut": false,
              "duration": 982,
              "state": "passed",
              "speed": "slow",
              "pass": true,
              "fail": false,
              "pending": false,
              "context": null,
              "code": "const response = await src_1.restified\n    .given()\n    .baseURL('https://jsonplaceholder.typicode.com')\n    .contentType('application/json')\n    .when()\n    .post('/posts', {\n    // Missing required fields to simulate validation error\n    invalidField: 'test'\n})\n    .execute();\n// JSONPlaceholder is lenient, but real APIs would return validation errors\nawait response\n    .statusCode(201) // JSONPlaceholder always returns 201 for POST\n    .execute();",
              "err": {},
              "uuid": "4b075daf-428b-4168-adbc-6a2c9a88f215",
              "parentUUID": "121b1db5-c1ab-49c6-883c-201ef0621709",
              "isHook": false,
              "skipped": false
            }
          ],
          "suites": [],
          "passes": [
            "6d85758d-a5d4-4e69-91cd-9fb08da50ebd",
            "fdfe22fb-f018-4955-b478-77f7e42ebcce",
            "5fcd4c36-22ea-43f8-957a-44bbbc208d1d",
            "3aec8a90-8539-4253-be80-28068a7c5d40",
            "90fd4402-99bd-4bc2-97d4-ce67c7b05b0c",
            "4c1f2470-42cf-4a2f-b04a-8420779e5222",
            "4b075daf-428b-4168-adbc-6a2c9a88f215"
          ],
          "failures": [],
          "pending": [],
          "skipped": [],
          "duration": 15564,
          "root": false,
          "rootEmpty": false,
          "_timeout": 15000
        },
        {
          "uuid": "cef4a4e7-9dcd-407d-ac9e-6c07ce8e14e5",
          "title": "GraphQL API Testing",
          "fullFile": "C:\\RajKumar\\Otalio\\Otalio\\Apps\\RestifiedApp\\Restified\\examples\\advanced\\graphql-testing.ts",
          "file": "\\examples\\advanced\\graphql-testing.ts",
          "beforeHooks": [
            {
              "title": "\"before all\" hook in \"GraphQL API Testing\"",
              "fullTitle": "GraphQL API Testing \"before all\" hook in \"GraphQL API Testing\"",
              "timedOut": false,
              "duration": 0,
              "state": null,
              "speed": null,
              "pass": false,
              "fail": false,
              "pending": false,
              "context": null,
              "code": "// Create GraphQL client\nindex_1.restified.createGraphQLClient('github', {\n    endpoint: 'https://api.github.com/graphql',\n    headers: {\n        'Authorization': 'Bearer {{$env.GITHUB_TOKEN}}',\n        'User-Agent': 'RestifiedTS-GraphQL-Test'\n    },\n    timeout: 15000\n});\n// Set test variables\nindex_1.restified.setGlobalVariable('owner', 'facebook');\nindex_1.restified.setGlobalVariable('repo', 'react');",
              "err": {},
              "uuid": "d7ea06e2-c61c-452e-aa57-a2fa850614ea",
              "parentUUID": "cef4a4e7-9dcd-407d-ac9e-6c07ce8e14e5",
              "isHook": true,
              "skipped": false
            }
          ],
          "afterHooks": [
            {
              "title": "\"after all\" hook in \"GraphQL API Testing\"",
              "fullTitle": "GraphQL API Testing \"after all\" hook in \"GraphQL API Testing\"",
              "timedOut": false,
              "duration": 0,
              "state": null,
              "speed": null,
              "pass": false,
              "fail": false,
              "pending": false,
              "context": null,
              "code": "await index_1.restified.cleanup();",
              "err": {},
              "uuid": "5d7f1cb1-a0c1-4c59-a5d8-8dbea8b0e161",
              "parentUUID": "cef4a4e7-9dcd-407d-ac9e-6c07ce8e14e5",
              "isHook": true,
              "skipped": false
            }
          ],
          "tests": [],
          "suites": [
            {
              "uuid": "93d84bdf-ca43-4a8c-8fb4-1d4a96761c0d",
              "title": "GraphQL Queries",
              "fullFile": "C:\\RajKumar\\Otalio\\Otalio\\Apps\\RestifiedApp\\Restified\\examples\\advanced\\graphql-testing.ts",
              "file": "\\examples\\advanced\\graphql-testing.ts",
              "beforeHooks": [],
              "afterHooks": [],
              "tests": [
                {
                  "title": "should execute basic repository query",
                  "fullTitle": "GraphQL API Testing GraphQL Queries should execute basic repository query",
                  "timedOut": false,
                  "duration": 3177,
                  "state": "failed",
                  "speed": null,
                  "pass": false,
                  "fail": true,
                  "pending": false,
                  "context": null,
                  "code": "const client = index_1.restified.getGraphQLClient('github');\nconst query = `\n        query GetRepository($owner: String!, $name: String!) {\n          repository(owner: $owner, name: $name) {\nname\ndescription\nstargazerCount\nforkCount\nlanguage {\n  name\n}\nowner {\n  login\n}\n          }\n        }\n      `;\nconst response = await client.query(query, {\n    owner: '{{owner}}',\n    name: '{{repo}}'\n});\n// Validate GraphQL response structure\n(0, chai_1.expect)(response.status).to.equal(200);\n(0, chai_1.expect)(response.data.data).to.exist;\n(0, chai_1.expect)(response.data.errors).to.not.exist;\nconst repository = response.data.data.repository;\n(0, chai_1.expect)(repository.name).to.equal('react');\n(0, chai_1.expect)(repository.owner.login).to.equal('facebook');\n(0, chai_1.expect)(repository.stargazerCount).to.be.a('number');\n(0, chai_1.expect)(repository.stargazerCount).to.be.greaterThan(100000);\n// Extract repository data\nindex_1.restified.setGlobalVariable('repoStars', repository.stargazerCount);\nindex_1.restified.setGlobalVariable('repoDescription', repository.description);",
                  "err": {
                    "message": "AxiosError: Request failed with status code 401",
                    "estack": "AxiosError: Request failed with status code 401\n    at settle (node_modules\\axios\\lib\\core\\settle.js:19:12)\n    at IncomingMessage.handleStreamEnd (node_modules\\axios\\lib\\adapters\\http.js:599:11)\n    at IncomingMessage.emit (node:events:530:35)\n    at IncomingMessage.emit (node:domain:489:12)\n    at endReadableNT (node:internal/streams/readable:1698:12)\n    at processTicksAndRejections (node:internal/process/task_queues:90:21)\n    at Axios.request (node_modules\\axios\\lib\\core\\Axios.js:45:41)\n    at processTicksAndRejections (node:internal/process/task_queues:105:5)\n    at async GraphQLClient.executeWithRetry (src\\core\\clients\\GraphQLClient.ts:119:24)\n    at async GraphQLClient.query (src\\core\\clients\\GraphQLClient.ts:77:12)\n    at async Context.<anonymous> (examples\\advanced\\graphql-testing.ts:54:24)",
                    "diff": null
                  },
                  "uuid": "f279ee2b-0be5-4d11-9791-9f29145c29c6",
                  "parentUUID": "93d84bdf-ca43-4a8c-8fb4-1d4a96761c0d",
                  "isHook": false,
                  "skipped": false
                },
                {
                  "title": "should handle GraphQL variables and fragments",
                  "fullTitle": "GraphQL API Testing GraphQL Queries should handle GraphQL variables and fragments",
                  "timedOut": false,
                  "duration": 2994,
                  "state": "failed",
                  "speed": null,
                  "pass": false,
                  "fail": true,
                  "pending": false,
                  "context": null,
                  "code": "const client = index_1.restified.getGraphQLClient('github');\nconst query = `\n        fragment RepositoryInfo on Repository {\n          name\n          description\n          stargazerCount\n          issues(states: OPEN) {\ntotalCount\n          }\n          pullRequests(states: OPEN) {\ntotalCount\n          }\n        }\n\n        query GetRepositoryDetails($owner: String!, $name: String!) {\n          repository(owner: $owner, name: $name) {\n...RepositoryInfo\nlanguages(first: 5) {\n  edges {\n    node {\n      name\n    }\n    size\n  }\n}\n          }\n        }\n      `;\nconst response = await client.query(query, {\n    owner: '{{owner}}',\n    name: '{{repo}}'\n});\n(0, chai_1.expect)(response.status).to.equal(200);\n(0, chai_1.expect)(response.data.data.repository.languages.edges).to.be.an('array');\n(0, chai_1.expect)(response.data.data.repository.issues.totalCount).to.be.a('number');\n(0, chai_1.expect)(response.data.data.repository.pullRequests.totalCount).to.be.a('number');",
                  "err": {
                    "message": "AxiosError: Request failed with status code 401",
                    "estack": "AxiosError: Request failed with status code 401\n    at settle (node_modules\\axios\\lib\\core\\settle.js:19:12)\n    at IncomingMessage.handleStreamEnd (node_modules\\axios\\lib\\adapters\\http.js:599:11)\n    at IncomingMessage.emit (node:events:530:35)\n    at IncomingMessage.emit (node:domain:489:12)\n    at endReadableNT (node:internal/streams/readable:1698:12)\n    at processTicksAndRejections (node:internal/process/task_queues:90:21)\n    at Axios.request (node_modules\\axios\\lib\\core\\Axios.js:45:41)\n    at processTicksAndRejections (node:internal/process/task_queues:105:5)\n    at async GraphQLClient.executeWithRetry (src\\core\\clients\\GraphQLClient.ts:119:24)\n    at async GraphQLClient.query (src\\core\\clients\\GraphQLClient.ts:77:12)\n    at async Context.<anonymous> (examples\\advanced\\graphql-testing.ts:106:24)",
                    "diff": null
                  },
                  "uuid": "177c9946-4964-4ee0-aedd-863f0055de09",
                  "parentUUID": "93d84bdf-ca43-4a8c-8fb4-1d4a96761c0d",
                  "isHook": false,
                  "skipped": false
                },
                {
                  "title": "should validate GraphQL errors",
                  "fullTitle": "GraphQL API Testing GraphQL Queries should validate GraphQL errors",
                  "timedOut": false,
                  "duration": 2955,
                  "state": "failed",
                  "speed": null,
                  "pass": false,
                  "fail": true,
                  "pending": false,
                  "context": null,
                  "code": "const client = index_1.restified.getGraphQLClient('github');\n// Invalid query - missing required field\nconst invalidQuery = `\n        query InvalidQuery {\n          repository {\nname\n          }\n        }\n      `;\nconst response = await client.query(invalidQuery);\n(0, chai_1.expect)(response.status).to.equal(200); // GraphQL returns 200 even for errors\n(0, chai_1.expect)(response.data.errors).to.exist;\n(0, chai_1.expect)(response.data.errors).to.be.an('array');\n(0, chai_1.expect)(response.data.errors[0].message).to.include('Field \\'repository\\' of type \\'Repository\\' must have a selection of subfields');",
                  "err": {
                    "message": "AxiosError: Request failed with status code 401",
                    "estack": "AxiosError: Request failed with status code 401\n    at settle (node_modules\\axios\\lib\\core\\settle.js:19:12)\n    at IncomingMessage.handleStreamEnd (node_modules\\axios\\lib\\adapters\\http.js:599:11)\n    at IncomingMessage.emit (node:events:530:35)\n    at IncomingMessage.emit (node:domain:489:12)\n    at endReadableNT (node:internal/streams/readable:1698:12)\n    at processTicksAndRejections (node:internal/process/task_queues:90:21)\n    at Axios.request (node_modules\\axios\\lib\\core\\Axios.js:45:41)\n    at processTicksAndRejections (node:internal/process/task_queues:105:5)\n    at async GraphQLClient.executeWithRetry (src\\core\\clients\\GraphQLClient.ts:119:24)\n    at async GraphQLClient.query (src\\core\\clients\\GraphQLClient.ts:77:12)\n    at async Context.<anonymous> (examples\\advanced\\graphql-testing.ts:129:24)",
                    "diff": null
                  },
                  "uuid": "d891a36e-69e4-4dec-b42c-253bb28ab926",
                  "parentUUID": "93d84bdf-ca43-4a8c-8fb4-1d4a96761c0d",
                  "isHook": false,
                  "skipped": false
                }
              ],
              "suites": [],
              "passes": [],
              "failures": [
                "f279ee2b-0be5-4d11-9791-9f29145c29c6",
                "177c9946-4964-4ee0-aedd-863f0055de09",
                "d891a36e-69e4-4dec-b42c-253bb28ab926"
              ],
              "pending": [],
              "skipped": [],
              "duration": 9126,
              "root": false,
              "rootEmpty": false,
              "_timeout": 30000
            },
            {
              "uuid": "cd193dad-27ee-4b2c-a54e-1df8256550b6",
              "title": "GraphQL Introspection",
              "fullFile": "C:\\RajKumar\\Otalio\\Otalio\\Apps\\RestifiedApp\\Restified\\examples\\advanced\\graphql-testing.ts",
              "file": "\\examples\\advanced\\graphql-testing.ts",
              "beforeHooks": [],
              "afterHooks": [],
              "tests": [
                {
                  "title": "should introspect GraphQL schema",
                  "fullTitle": "GraphQL API Testing GraphQL Introspection should introspect GraphQL schema",
                  "timedOut": false,
                  "duration": 2935,
                  "state": "failed",
                  "speed": null,
                  "pass": false,
                  "fail": true,
                  "pending": false,
                  "context": null,
                  "code": "const client = index_1.restified.getGraphQLClient('github');\nconst response = await client.introspect();\n(0, chai_1.expect)(response.status).to.equal(200);\n(0, chai_1.expect)(response.data.data.__schema).to.exist;\n(0, chai_1.expect)(response.data.data.__schema.types).to.be.an('array');\n(0, chai_1.expect)(response.data.data.__schema.queryType.name).to.equal('Query');\n// Find Repository type\nconst repositoryType = response.data.data.__schema.types.find((type) => type.name === 'Repository');\n(0, chai_1.expect)(repositoryType).to.exist;\n(0, chai_1.expect)(repositoryType.fields).to.be.an('array');",
                  "err": {
                    "message": "AxiosError: Request failed with status code 401",
                    "estack": "AxiosError: Request failed with status code 401\n    at settle (node_modules\\axios\\lib\\core\\settle.js:19:12)\n    at IncomingMessage.handleStreamEnd (node_modules\\axios\\lib\\adapters\\http.js:599:11)\n    at IncomingMessage.emit (node:events:530:35)\n    at IncomingMessage.emit (node:domain:489:12)\n    at endReadableNT (node:internal/streams/readable:1698:12)\n    at processTicksAndRejections (node:internal/process/task_queues:90:21)\n    at Axios.request (node_modules\\axios\\lib\\core\\Axios.js:45:41)\n    at processTicksAndRejections (node:internal/process/task_queues:105:5)\n    at async GraphQLClient.executeWithRetry (src\\core\\clients\\GraphQLClient.ts:119:24)\n    at async GraphQLClient.query (src\\core\\clients\\GraphQLClient.ts:77:12)\n    at async Context.<anonymous> (examples\\advanced\\graphql-testing.ts:142:24)",
                    "diff": null
                  },
                  "uuid": "b1b401d4-0b5c-47bd-977f-88889baf0264",
                  "parentUUID": "cd193dad-27ee-4b2c-a54e-1df8256550b6",
                  "isHook": false,
                  "skipped": false
                }
              ],
              "suites": [],
              "passes": [],
              "failures": [
                "b1b401d4-0b5c-47bd-977f-88889baf0264"
              ],
              "pending": [],
              "skipped": [],
              "duration": 2935,
              "root": false,
              "rootEmpty": false,
              "_timeout": 30000
            },
            {
              "uuid": "c62ec1cc-892a-43f9-a416-d3237dac28c1",
              "title": "GraphQL Query Validation",
              "fullFile": "C:\\RajKumar\\Otalio\\Otalio\\Apps\\RestifiedApp\\Restified\\examples\\advanced\\graphql-testing.ts",
              "file": "\\examples\\advanced\\graphql-testing.ts",
              "beforeHooks": [],
              "afterHooks": [],
              "tests": [
                {
                  "title": "should validate query syntax",
                  "fullTitle": "GraphQL API Testing GraphQL Query Validation should validate query syntax",
                  "timedOut": false,
                  "duration": 0,
                  "state": "passed",
                  "speed": "fast",
                  "pass": true,
                  "fail": false,
                  "pending": false,
                  "context": null,
                  "code": "const client = index_1.restified.getGraphQLClient('github');\nconst validQuery = `\n        query ValidQuery($owner: String!) {\n          repository(owner: $owner, name: \"react\") {\nname\n          }\n        }\n      `;\nconst validation = client.validateQuery(validQuery);\n(0, chai_1.expect)(validation.valid).to.be.true;\n(0, chai_1.expect)(validation.errors).to.be.empty;",
                  "err": {},
                  "uuid": "9dec4e2c-a083-474f-9117-37954f1268b9",
                  "parentUUID": "c62ec1cc-892a-43f9-a416-d3237dac28c1",
                  "isHook": false,
                  "skipped": false
                },
                {
                  "title": "should detect invalid query syntax",
                  "fullTitle": "GraphQL API Testing GraphQL Query Validation should detect invalid query syntax",
                  "timedOut": false,
                  "duration": 1,
                  "state": "failed",
                  "speed": null,
                  "pass": false,
                  "fail": true,
                  "pending": false,
                  "context": null,
                  "code": "const client = index_1.restified.getGraphQLClient('github');\nconst invalidQuery = `\n        query InvalidQuery {\n          repository(owner: $owner, name: \"react\" {\nname\n          }\n        }\n      `;\nconst validation = client.validateQuery(invalidQuery);\n(0, chai_1.expect)(validation.valid).to.be.false;\n(0, chai_1.expect)(validation.errors).to.not.be.empty;",
                  "err": {
                    "message": "AssertionError: expected true to be false",
                    "estack": "AssertionError: expected true to be false\n    at Context.<anonymous> (examples\\advanced\\graphql-testing.ts:187:37)\n    at processImmediate (node:internal/timers:485:21)",
                    "diff": "- true\n+ false\n"
                  },
                  "uuid": "3803f6df-ae7a-43e4-b997-46f18f843786",
                  "parentUUID": "c62ec1cc-892a-43f9-a416-d3237dac28c1",
                  "isHook": false,
                  "skipped": false
                }
              ],
              "suites": [],
              "passes": [
                "9dec4e2c-a083-474f-9117-37954f1268b9"
              ],
              "failures": [
                "3803f6df-ae7a-43e4-b997-46f18f843786"
              ],
              "pending": [],
              "skipped": [],
              "duration": 1,
              "root": false,
              "rootEmpty": false,
              "_timeout": 30000
            },
            {
              "uuid": "1376ab07-2eb5-4791-8d40-4c3d0afb5fa6",
              "title": "Performance Testing",
              "fullFile": "C:\\RajKumar\\Otalio\\Otalio\\Apps\\RestifiedApp\\Restified\\examples\\advanced\\graphql-testing.ts",
              "file": "\\examples\\advanced\\graphql-testing.ts",
              "beforeHooks": [],
              "afterHooks": [],
              "tests": [
                {
                  "title": "should measure GraphQL query performance",
                  "fullTitle": "GraphQL API Testing Performance Testing should measure GraphQL query performance",
                  "timedOut": false,
                  "duration": 2944,
[...]
              "file": "\\examples\\advanced\\websocket-testing.ts",
              "beforeHooks": [],
              "afterHooks": [],
              "tests": [
                {
                  "title": "should handle disconnection gracefully",
                  "fullTitle": "WebSocket Real-time Testing Error Handling and Reconnection should handle disconnection gracefully",
                  "timedOut": false,
                  "duration": 208,
                  "state": "passed",
                  "speed": "slow",
                  "pass": true,
                  "fail": false,
                  "pending": false,
                  "context": null,
                  "code": "const client = index_1.restified.getWebSocketClient('echo');\nif (client.isConnected()) {\n    await client.disconnect();\n    (0, chai_1.expect)(client.isConnected()).to.be.false;\n    // Test result should show disconnection\n    const testResult = client.getTestResult();\n    (0, chai_1.expect)(testResult.connected).to.be.false;\n    (0, chai_1.expect)(testResult.disconnectionTime).to.be.a('number');\n    (0, chai_1.expect)(testResult.messages).to.be.an('array');\n}",
                  "err": {},
                  "uuid": "d6911ce3-0b4b-40cc-a0c8-1e445a844c6d",
                  "parentUUID": "ce53b0bd-b31b-4ef1-ac4b-bea317568270",
                  "isHook": false,
                  "skipped": false
                }
              ],
              "suites": [],
              "passes": [
                "d6911ce3-0b4b-40cc-a0c8-1e445a844c6d"
              ],
              "failures": [],
              "pending": [],
              "skipped": [],
              "duration": 208,
              "root": false,
              "rootEmpty": false,
              "_timeout": 60000
            }
          ],
          "passes": [],
          "failures": [],
          "pending": [],
          "skipped": [],
          "duration": 0,
          "root": false,
          "rootEmpty": false,
          "_timeout": 60000
        },
        {
          "uuid": "5f559774-6808-4efb-ab5b-197c12308bf1",
          "title": "Bearer Token Authentication Example",
          "fullFile": "C:\\RajKumar\\Otalio\\Otalio\\Apps\\RestifiedApp\\Restified\\examples\\authentication\\bearer-auth.ts",
          "file": "\\examples\\authentication\\bearer-auth.ts",
          "beforeHooks": [
            {
              "title": "\"before all\" hook: Bearer Token in \"Bearer Token Authentication Example\"",
              "fullTitle": "Bearer Token Authentication Example \"before all\" hook: Bearer Token in \"Bearer Token Authentication Example\"",
              "timedOut": false,
              "duration": 0,
              "state": null,
              "speed": null,
              "pass": false,
              "fail": false,
              "pending": false,
              "context": null,
              "code": "test_utils_1.GlobalTestUtils.logTestProgress('Simple GET', 'Global Setup');\n(0, chai_1.expect)(true).to.be.true; // Ensure global setup is complete",
              "err": {},
              "uuid": "875e3be9-79de-4580-98a9-dbbe36749edd",
              "parentUUID": "5f559774-6808-4efb-ab5b-197c12308bf1",
              "isHook": true,
              "skipped": false
            },
            {
              "title": "\"before each\" hook: Bearer Token in \"Bearer Token Authentication Example\"",
              "fullTitle": "Bearer Token Authentication Example \"before each\" hook: Bearer Token in \"Bearer Token Authentication Example\"",
              "timedOut": false,
              "duration": 0,
              "state": null,
              "speed": null,
              "pass": false,
              "fail": false,
              "pending": false,
              "context": null,
              "code": "test_utils_1.GlobalTestUtils.logTestProgress('Simple GET', 'Global Setup');\n(0, chai_1.expect)(true).to.be.true; // Ensure global setup is complete",
              "err": {},
              "uuid": "593cdb4e-e61c-4558-b860-62fc4a48a317",
              "parentUUID": "5f559774-6808-4efb-ab5b-197c12308bf1",
              "isHook": true,
              "skipped": false
            }
          ],
          "afterHooks": [
            {
              "title": "\"after all\" hook: Bearer Token in \"Bearer Token Authentication Example\"",
              "fullTitle": "Bearer Token Authentication Example \"after all\" hook: Bearer Token in \"Bearer Token Authentication Example\"",
              "timedOut": false,
              "duration": 0,
              "state": null,
              "speed": null,
              "pass": false,
              "fail": false,
              "pending": false,
              "context": null,
              "code": "test_utils_1.GlobalTestUtils.logTestProgress('Simple GET', 'Global Setup');\n(0, chai_1.expect)(true).to.be.true; // Ensure global setup is complete",
              "err": {},
              "uuid": "6c4e7dc3-94c0-46ca-948d-888ecdad15cb",
              "parentUUID": "5f559774-6808-4efb-ab5b-197c12308bf1",
              "isHook": true,
              "skipped": false
            },
            {
              "title": "\"after each\" hook: Bearer Token in \"Bearer Token Authentication Example\"",
              "fullTitle": "Bearer Token Authentication Example \"after each\" hook: Bearer Token in \"Bearer Token Authentication Example\"",
              "timedOut": false,
              "duration": 0,
              "state": null,
              "speed": null,
              "pass": false,
              "fail": false,
              "pending": false,
              "context": null,
              "code": "test_utils_1.GlobalTestUtils.logTestProgress('Simple GET', 'Global Setup');\n(0, chai_1.expect)(true).to.be.true; // Ensure global setup is complete",
              "err": {},
              "uuid": "c880ecca-e7a3-4843-a277-b8e5a7b09afb",
              "parentUUID": "5f559774-6808-4efb-ab5b-197c12308bf1",
              "isHook": true,
              "skipped": false
            }
          ],
          "tests": [
            {
              "title": "should use global authentication token with testUtils client",
              "fullTitle": "Bearer Token Authentication Example should use global authentication token with testUtils client",
              "timedOut": false,
              "duration": 2,
              "state": "failed",
              "speed": null,
              "pass": false,
              "fail": true,
              "pending": false,
              "context": null,
              "code": "test_utils_1.GlobalTestUtils.logTestProgress('Bearer Auth', 'Global Token Usage');\n// Use the global auth token that was obtained during global setup\n// Common headers are already included in the client configuration\nconst response = await src_1.restified\n    .given()\n    .useClient('testUtils') // Pre-configured client\n    .bearerToken('{{globalAuthToken}}') // Global auth token\n    .when()\n    .get('/bearer')\n    .execute();\nawait response\n    .statusCode(200)\n    .jsonPath('$.authenticated', true)\n    .jsonPath('$.token', src_1.restified.getVariable('globalAuthToken'))\n    .execute();\nconsole.log('✅ Authentication successful with global token');",
              "err": {
                "message": "TypeError: Invalid URL",
                "estack": "TypeError: Invalid URL\n    at new URL (node:internal/url:818:25)\n    at dispatchHttpRequest (node_modules\\axios\\lib\\adapters\\http.js:232:20)\n    at C:\\RajKumar\\Otalio\\Otalio\\Apps\\RestifiedApp\\Restified\\node_modules\\axios\\lib\\adapters\\http.js:152:5\n    at new Promise (<anonymous>)\n    at wrapAsync (node_modules\\axios\\lib\\adapters\\http.js:132:10)\n    at http (node_modules\\axios\\lib\\adapters\\http.js:170:10)\n    at Axios.dispatchRequest (node_modules\\axios\\lib\\core\\dispatchRequest.js:51:10)\n    at Axios._request (node_modules\\axios\\lib\\core\\Axios.js:187:33)\n    at Axios.request (node_modules\\axios\\lib\\core\\Axios.js:40:25)\n    at Function.wrap [as request] (node_modules\\axios\\lib\\helpers\\bind.js:5:15)\n    at WhenStep.performHttpRequest (src\\core\\dsl\\when.core.ts:215:32)\n    at C:\\RajKumar\\Otalio\\Otalio\\Apps\\RestifiedApp\\Restified\\src\\core\\dsl\\when.core.ts:171:24\n    at RetryManager.executeWithRetry (src\\core\\network\\RetryManager.ts:168:32)\n    at WhenStep.execute (src\\core\\dsl\\when.core.ts:169:36)\n    at Context.<anonymous> (examples\\authentication\\bearer-auth.ts:44:10)\n    at Axios.request (node_modules\\axios\\lib\\core\\Axios.js:45:41)\n    at async WhenStep.performHttpRequest (src\\core\\dsl\\when.core.ts:215:20)\n    at async RetryManager.executeWithRetry (src\\core\\network\\RetryManager.ts:168:26)\n    at async WhenStep.execute (src\\core\\dsl\\when.core.ts:169:12)\n    at async Context.<anonymous> (examples\\authentication\\bearer-auth.ts:38:22)",
                "diff": null
              },
              "uuid": "ef763ce6-feb9-4a21-a664-e062d285d7e8",
              "parentUUID": "5f559774-6808-4efb-ab5b-197c12308bf1",
              "isHook": false,
              "skipped": false
            },
            {
              "title": "should demonstrate environment-based authentication",
              "fullTitle": "Bearer Token Authentication Example should demonstrate environment-based authentication",
              "timedOut": false,
              "duration": 1,
              "state": "failed",
              "speed": null,
              "pass": false,
              "fail": true,
              "pending": false,
              "context": null,
              "code": "test_utils_1.GlobalTestUtils.logTestProgress('Bearer Auth', 'Environment Auth');\n// Use environment variable that was set up during global setup\n// Common headers are already included in the client configuration\nconst response = await src_1.restified\n    .given()\n    .useClient('testUtils')\n    .bearerToken('{{$env.EXAMPLE_API_KEY}}') // From global setup\n    .when()\n    .get('/bearer')\n    .execute();\nawait response\n    .statusCode(200)\n    .jsonPath('$.authenticated', true)\n    .jsonPath('$.token', process.env.EXAMPLE_API_KEY)\n    .execute();\nconsole.log('✅ Environment-based authentication successful');",
              "err": {
                "message": "TypeError: Invalid URL",
                "estack": "TypeError: Invalid URL\n    at new URL (node:internal/url:818:25)\n    at dispatchHttpRequest (node_modules\\axios\\lib\\adapters\\http.js:232:20)\n    at C:\\RajKumar\\Otalio\\Otalio\\Apps\\RestifiedApp\\Restified\\node_modules\\axios\\lib\\adapters\\http.js:152:5\n    at new Promise (<anonymous>)\n    at wrapAsync (node_modules\\axios\\lib\\adapters\\http.js:132:10)\n    at http (node_modules\\axios\\lib\\adapters\\http.js:170:10)\n    at Axios.dispatchRequest (node_modules\\axios\\lib\\core\\dispatchRequest.js:51:10)\n    at Axios._request (node_modules\\axios\\lib\\core\\Axios.js:187:33)\n    at Axios.request (node_modules\\axios\\lib\\core\\Axios.js:40:25)\n    at Function.wrap [as request] (node_modules\\axios\\lib\\helpers\\bind.js:5:15)\n    at WhenStep.performHttpRequest (src\\core\\dsl\\when.core.ts:215:32)\n    at C:\\RajKumar\\Otalio\\Otalio\\Apps\\RestifiedApp\\Restified\\src\\core\\dsl\\when.core.ts:171:24\n    at RetryManager.executeWithRetry (src\\core\\network\\RetryManager.ts:168:32)\n    at WhenStep.execute (src\\core\\dsl\\when.core.ts:169:36)\n    at Context.<anonymous> (examples\\authentication\\bearer-auth.ts:66:10)\n    at Axios.request (node_modules\\axios\\lib\\core\\Axios.js:45:41)\n    at async WhenStep.performHttpRequest (src\\core\\dsl\\when.core.ts:215:20)\n    at async RetryManager.executeWithRetry (src\\core\\network\\RetryManager.ts:168:26)\n    at async WhenStep.execute (src\\core\\dsl\\when.core.ts:169:12)\n    at async Context.<anonymous> (examples\\authentication\\bearer-auth.ts:60:22)",
                "diff": null
              },
              "uuid": "df40118f-399e-4363-b91e-175db9270c0e",
              "parentUUID": "5f559774-6808-4efb-ab5b-197c12308bf1",
              "isHook": false,
              "skipped": false
            },
            {
              "title": "should show authenticated API workflow",
              "fullTitle": "Bearer Token Authentication Example should show authenticated API workflow",
              "timedOut": false,
              "duration": 1,
              "state": "failed",
              "speed": null,
              "pass": false,
              "fail": true,
              "pending": false,
              "context": null,
              "code": "test_utils_1.GlobalTestUtils.logTestProgress('Bearer Auth', 'API Workflow');\n// Step 1: Use authenticated API client for business operation\n// Common headers are already included in the client configuration\nconst userResponse = await src_1.restified\n    .given()\n    .useClient('api') // Pre-configured with global auth\n    .header('Authorization', `Bearer {{globalAuthToken}}`)\n    .when()\n    .get('/users/{{globalUserId}}')\n    .execute();\nawait userResponse\n    .statusCode(200)\n    .jsonPath('$.id', src_1.restified.getVariable('globalUserId'))\n    .extract('$.phone', 'userPhone')\n    .execute();\n// Step 2: Validate auth token with test utilities\nconst validateResponse = await src_1.restified\n    .given()\n    .useClient('testUtils')\n    .header('X-User-Phone', '{{userPhone}}')\n    .header('X-Global-User', '{{globalUserEmail}}')\n    .bearerToken('{{globalAuthToken}}')\n    .when()\n    .get('/bearer')\n    .execute();\nawait validateResponse\n    .statusCode(200)\n    .jsonPath('$.authenticated', true)\n    .custom((response) => {\n    return response.data.token === src_1.restified.getVariable('globalAuthToken');\n}, 'Token should match global auth token')\n    .execute();\nconsole.log('✅ Full authenticated workflow completed');",
              "err": {
                "message": "TypeError: Invalid URL",
                "estack": "TypeError: Invalid URL\n    at new URL (node:internal/url:818:25)\n    at dispatchHttpRequest (node_modules\\axios\\lib\\adapters\\http.js:232:20)\n    at C:\\RajKumar\\Otalio\\Otalio\\Apps\\RestifiedApp\\Restified\\node_modules\\axios\\lib\\adapters\\http.js:152:5\n    at new Promise (<anonymous>)\n    at wrapAsync (node_modules\\axios\\lib\\adapters\\http.js:132:10)\n    at http (node_modules\\axios\\lib\\adapters\\http.js:170:10)\n    at Axios.dispatchRequest (node_modules\\axios\\lib\\core\\dispatchRequest.js:51:10)\n    at Axios._request (node_modules\\axios\\lib\\core\\Axios.js:187:33)\n    at Axios.request (node_modules\\axios\\lib\\core\\Axios.js:40:25)\n    at Function.wrap [as request] (node_modules\\axios\\lib\\helpers\\bind.js:5:15)\n    at WhenStep.performHttpRequest (src\\core\\dsl\\when.core.ts:215:32)\n    at C:\\RajKumar\\Otalio\\Otalio\\Apps\\RestifiedApp\\Restified\\src\\core\\dsl\\when.core.ts:171:24\n    at RetryManager.executeWithRetry (src\\core\\network\\RetryManager.ts:168:32)\n    at WhenStep.execute (src\\core\\dsl\\when.core.ts:169:36)\n    at Context.<anonymous> (examples\\authentication\\bearer-auth.ts:88:10)\n    at Axios.request (node_modules\\axios\\lib\\core\\Axios.js:45:41)\n    at async WhenStep.performHttpRequest (src\\core\\dsl\\when.core.ts:215:20)\n    at async RetryManager.executeWithRetry (src\\core\\network\\RetryManager.ts:168:26)\n    at async WhenStep.execute (src\\core\\dsl\\when.core.ts:169:12)\n    at async Context.<anonymous> (examples\\authentication\\bearer-auth.ts:82:26)",
                "diff": null
              },
              "uuid": "6ea6ea2d-7fec-4ae8-af4d-973a5fdd19e8",
              "parentUUID": "5f559774-6808-4efb-ab5b-197c12308bf1",
              "isHook": false,
              "skipped": false
            },
            {
              "title": "should handle authentication errors with global patterns",
              "fullTitle": "Bearer Token Authentication Example should handle authentication errors with global patterns",
              "timedOut": false,
              "duration": 1,
              "state": "failed",
              "speed": null,
              "pass": false,
              "fail": true,
              "pending": false,
              "context": null,
              "code": "test_utils_1.GlobalTestUtils.logTestProgress('Bearer Auth', 'Error Handling');\n// Test authentication failure using invalid token\n// Common headers are already included in the client configuration\nconst response = await src_1.restified\n    .given()\n    .useClient('testUtils')\n    .bearerToken('invalid-global-token')\n    .when()\n    .get('/bearer')\n    .execute();\nawait response\n    .statusCode(200) // HTTPBin accepts any token for demo\n    .jsonPath('$.authenticated', true)\n    .jsonPath('$.token', 'invalid-global-token')\n    .execute();\nconsole.log('✅ Authentication error handling verified');",
              "err": {
                "message": "TypeError: Invalid URL",
                "estack": "TypeError: Invalid URL\n    at new URL (node:internal/url:818:25)\n    at dispatchHttpRequest (node_modules\\axios\\lib\\adapters\\http.js:232:20)\n    at C:\\RajKumar\\Otalio\\Otalio\\Apps\\RestifiedApp\\Restified\\node_modules\\axios\\lib\\adapters\\http.js:152:5\n    at new Promise (<anonymous>)\n    at wrapAsync (node_modules\\axios\\lib\\adapters\\http.js:132:10)\n    at http (node_modules\\axios\\lib\\adapters\\http.js:170:10)\n    at Axios.dispatchRequest (node_modules\\axios\\lib\\core\\dispatchRequest.js:51:10)\n    at Axios._request (node_modules\\axios\\lib\\core\\Axios.js:187:33)\n    at Axios.request (node_modules\\axios\\lib\\core\\Axios.js:40:25)\n    at Function.wrap [as request] (node_modules\\axios\\lib\\helpers\\bind.js:5:15)\n    at WhenStep.performHttpRequest (src\\core\\dsl\\when.core.ts:215:32)\n    at C:\\RajKumar\\Otalio\\Otalio\\Apps\\RestifiedApp\\Restified\\src\\core\\dsl\\when.core.ts:171:24\n    at RetryManager.executeWithRetry (src\\core\\network\\RetryManager.ts:168:32)\n    at WhenStep.execute (src\\core\\dsl\\when.core.ts:169:36)\n    at Context.<anonymous> (examples\\authentication\\bearer-auth.ts:129:10)\n    at Axios.request (node_modules\\axios\\lib\\core\\Axios.js:45:41)\n    at async WhenStep.performHttpRequest (src\\core\\dsl\\when.core.ts:215:20)\n    at async RetryManager.executeWithRetry (src\\core\\network\\RetryManager.ts:168:26)\n    at async WhenStep.execute (src\\core\\dsl\\when.core.ts:169:12)\n    at async Context.<anonymous> (examples\\authentication\\bearer-auth.ts:123:22)",
                "diff": null
              },
              "uuid": "4c06dacb-abe4-4f65-a9a4-5ee5c5d3a048",
              "parentUUID": "5f559774-6808-4efb-ab5b-197c12308bf1",
              "isHook": false,
              "skipped": false
            }
          ],
          "suites": [],
          "passes": [],
          "failures": [
            "ef763ce6-feb9-4a21-a664-e062d285d7e8",
            "df40118f-399e-4363-b91e-175db9270c0e",
            "6ea6ea2d-7fec-4ae8-af4d-973a5fdd19e8",
            "4c06dacb-abe4-4f65-a9a4-5ee5c5d3a048"
          ],
          "pending": [],
          "skipped": [],
          "duration": 5,
          "root": false,
          "rootEmpty": false,
          "_timeout": 10000
        }
      ],
      "passes": [],
      "failures": [],
      "pending": [],
      "skipped": [],
      "duration": 0,
      "root": true,
      "rootEmpty": true,
      "_timeout": 10000
    }
  ],
  "meta": {
    "mocha": {
      "version": "10.8.2"
    },
    "mochawesome": {
      "options": {
        "quiet": false,
        "reportFilename": "mochawesome",
        "saveHtml": true,
        "saveJson": true,
        "consoleReporter": "spec",
        "useInlineDiffs": false,
        "code": true
      },
      "version": "7.1.3"
    },
    "marge": {
      "options": {
        "[object Object]": true
      },
      "version": "6.2.0"
    }
  }
}