{
  "stats": {
    "suites": 32,
    "tests": 83,
    "passes": 56,
    "pending": 1,
    "failures": 26,
    "start": "2025-08-30T08:26:01.531Z",
    "end": "2025-08-30T08:27:12.765Z",
    "duration": 71234,
    "testsRegistered": 83,
    "passPercent": 68.29268292682927,
    "pendingPercent": 1.2048192771084338,
    "other": 0,
    "hasOther": false,
    "skipped": 0,
    "hasSkipped": false
  },
  "results": [
    {
      "uuid": "87c9552a-4b1e-4618-a904-5f4dac7fdc55",
      "title": "",
      "fullFile": "",
      "file": "",
      "beforeHooks": [],
      "afterHooks": [],
      "tests": [],
      "suites": [
        {
          "uuid": "18c7b2fc-0894-47ab-a4f0-8420da261a9b",
          "title": "POST Request with Variables Example",
          "fullFile": "C:\\RajKumar\\Otalio\\Otalio\\Apps\\RestifiedApp\\Restified\\examples\\basic\\post-with-variables.ts",
          "file": "\\examples\\basic\\post-with-variables.ts",
          "beforeHooks": [
            {
              "title": "\"before each\" hook in \"POST Request with Variables Example\"",
              "fullTitle": "POST Request with Variables Example \"before each\" hook in \"POST Request with Variables Example\"",
              "timedOut": false,
              "duration": 0,
              "state": null,
              "speed": null,
              "pass": false,
              "fail": false,
              "pending": false,
              "context": null,
              "code": "// Set up test-specific data (global auth data already available from setup)\nsrc_1.restified.setLocalVariable('postTitle', 'My Test Post');\nsrc_1.restified.setLocalVariable('postBody', 'Created using global auth by {{globalUserEmail}}');",
              "err": {},
              "uuid": "4562c7f7-ced1-46ab-8aa8-87ee15ff5cc0",
              "parentUUID": "18c7b2fc-0894-47ab-a4f0-8420da261a9b",
              "isHook": true,
              "skipped": false
            }
          ],
          "afterHooks": [],
          "tests": [
            {
              "title": "should create a post using global client and variables",
              "fullTitle": "POST Request with Variables Example should create a post using global client and variables",
              "timedOut": false,
              "duration": 32,
              "state": "failed",
              "speed": null,
              "pass": false,
              "fail": true,
              "pending": false,
              "context": null,
              "code": "test_utils_1.GlobalTestUtils.logTestProgress('POST Variables', 'Create Post');\n// Use pre-configured API client from global setup\n// Common headers are already included in the client configuration\nconst createResponse = await src_1.restified\n    .given()\n    .useClient('api') // Global client with pre-configured headers\n    .header('X-Author', '{{globalUserEmail}}')\n    .when()\n    .post('/posts', {\n    title: '{{postTitle}}',\n    body: '{{postBody}}',\n    userId: '{{globalUserId}}' // Using global user ID from auth\n})\n    .execute();\n// Verify creation and extract the ID\nawait createResponse\n    .statusCode(201)\n    .jsonPath('$.title', 'My Test Post')\n    .jsonPath('$.userId', '1') // JSONPlaceholder returns userId as string\n    .extract('$.id', 'createdPostId')\n    .execute();\nconsole.log('📝 Post created with ID:', src_1.restified.getVariable('createdPostId'));",
              "err": {
                "message": "TypeError: Invalid URL",
                "estack": "TypeError: Invalid URL\n    at new URL (node:internal/url:818:25)\n    at dispatchHttpRequest (node_modules\\axios\\lib\\adapters\\http.js:232:20)\n    at C:\\RajKumar\\Otalio\\Otalio\\Apps\\RestifiedApp\\Restified\\node_modules\\axios\\lib\\adapters\\http.js:152:5\n    at new Promise (<anonymous>)\n    at wrapAsync (node_modules\\axios\\lib\\adapters\\http.js:132:10)\n    at http (node_modules\\axios\\lib\\adapters\\http.js:170:10)\n    at Axios.dispatchRequest (node_modules\\axios\\lib\\core\\dispatchRequest.js:51:10)\n    at Axios._request (node_modules\\axios\\lib\\core\\Axios.js:187:33)\n    at Axios.request (node_modules\\axios\\lib\\core\\Axios.js:40:25)\n    at Function.wrap [as request] (node_modules\\axios\\lib\\helpers\\bind.js:5:15)\n    at WhenStep.performHttpRequest (src\\core\\dsl\\when.core.ts:223:32)\n    at C:\\RajKumar\\Otalio\\Otalio\\Apps\\RestifiedApp\\Restified\\src\\core\\dsl\\when.core.ts:183:28\n    at RetryManager.executeWithRetry (src\\core\\network\\RetryManager.ts:168:32)\n    at C:\\RajKumar\\Otalio\\Otalio\\Apps\\RestifiedApp\\Restified\\src\\core\\dsl\\when.core.ts:181:40\n    at CircuitBreakerManager.executeRequest (src\\core\\network\\CircuitBreakerManager.ts:209:29)\n    at CircuitBreakerManager.executeInClosedState (src\\core\\network\\CircuitBreakerManager.ts:106:33)\n    at CircuitBreakerManager.executeWithCircuitBreaker (src\\core\\network\\CircuitBreakerManager.ts:85:27)\n    at WhenStep.execute (src\\core\\dsl\\when.core.ts:177:45)\n    at Context.<anonymous> (examples\\basic\\post-with-variables.ts:35:10)\n    at processImmediate (node:internal/timers:485:21)\n    at Axios.request (node_modules\\axios\\lib\\core\\Axios.js:45:41)\n    at async WhenStep.performHttpRequest (src\\core\\dsl\\when.core.ts:223:20)\n    at async RetryManager.executeWithRetry (src\\core\\network\\RetryManager.ts:168:26)\n    at async C:\\RajKumar\\Otalio\\Otalio\\Apps\\RestifiedApp\\Restified\\src\\core\\dsl\\when.core.ts:181:16\n    at async CircuitBreakerManager.executeRequest (src\\core\\network\\CircuitBreakerManager.ts:212:9)\n    at async CircuitBreakerManager.executeInClosedState (src\\core\\network\\CircuitBreakerManager.ts:106:22)\n    at async CircuitBreakerManager.executeWithCircuitBreaker (src\\core\\network\\CircuitBreakerManager.ts:85:16)\n    at async WhenStep.execute (src\\core\\dsl\\when.core.ts:177:12)\n    at async Context.<anonymous> (examples\\basic\\post-with-variables.ts:25:28)",
                "diff": null
              },
              "uuid": "b3af78c5-7459-48cc-bdaa-6685632b5185",
              "parentUUID": "18c7b2fc-0894-47ab-a4f0-8420da261a9b",
              "isHook": false,
              "skipped": false
            },
            {
              "title": "should retrieve post using global client and extracted variables",
              "fullTitle": "POST Request with Variables Example should retrieve post using global client and extracted variables",
              "timedOut": false,
              "duration": 3,
              "state": "failed",
              "speed": null,
              "pass": false,
              "fail": true,
              "pending": false,
              "context": null,
              "code": "test_utils_1.GlobalTestUtils.logTestProgress('POST Variables', 'Retrieve Post');\n// Use the globalUserId that was set during global authentication\n// Common headers are already included in the client configuration\nconst getResponse = await src_1.restified\n    .given()\n    .useClient('api') // Pre-configured API client\n    .header('X-Requested-By', '{{globalUserEmail}}')\n    .when()\n    .get('/posts/{{globalUserId}}') // Using global user ID\n    .execute();\nawait getResponse\n    .statusCode(200)\n    .jsonPath('$.id', src_1.restified.getVariable('globalUserId'))\n    .jsonPath('$.userId', src_1.restified.getVariable('globalUserId'))\n    .jsonPath('$.title')\n    .custom((response) => {\n    // Verify we can access global variables in custom assertions\n    return src_1.restified.getVariable('testEnvironment') === 'development';\n}, 'Should have access to global test environment')\n    .execute();",
              "err": {
                "message": "TypeError: Invalid URL",
                "estack": "TypeError: Invalid URL\n    at new URL (node:internal/url:818:25)\n    at dispatchHttpRequest (node_modules\\axios\\lib\\adapters\\http.js:232:20)\n    at C:\\RajKumar\\Otalio\\Otalio\\Apps\\RestifiedApp\\Restified\\node_modules\\axios\\lib\\adapters\\http.js:152:5\n    at new Promise (<anonymous>)\n    at wrapAsync (node_modules\\axios\\lib\\adapters\\http.js:132:10)\n    at http (node_modules\\axios\\lib\\adapters\\http.js:170:10)\n    at Axios.dispatchRequest (node_modules\\axios\\lib\\core\\dispatchRequest.js:51:10)\n    at Axios._request (node_modules\\axios\\lib\\core\\Axios.js:187:33)\n    at Axios.request (node_modules\\axios\\lib\\core\\Axios.js:40:25)\n    at Function.wrap [as request] (node_modules\\axios\\lib\\helpers\\bind.js:5:15)\n    at WhenStep.performHttpRequest (src\\core\\dsl\\when.core.ts:230:32)\n    at C:\\RajKumar\\Otalio\\Otalio\\Apps\\RestifiedApp\\Restified\\src\\core\\dsl\\when.core.ts:183:28\n    at RetryManager.executeWithRetry (src\\core\\network\\RetryManager.ts:168:32)\n    at C:\\RajKumar\\Otalio\\Otalio\\Apps\\RestifiedApp\\Restified\\src\\core\\dsl\\when.core.ts:181:40\n    at CircuitBreakerManager.executeRequest (src\\core\\network\\CircuitBreakerManager.ts:209:29)\n    at CircuitBreakerManager.executeInClosedState (src\\core\\network\\CircuitBreakerManager.ts:106:33)\n    at CircuitBreakerManager.executeWithCircuitBreaker (src\\core\\network\\CircuitBreakerManager.ts:85:27)\n    at WhenStep.execute (src\\core\\dsl\\when.core.ts:177:45)\n    at Context.<anonymous> (examples\\basic\\post-with-variables.ts:59:10)\n    at processImmediate (node:internal/timers:485:21)\n    at Axios.request (node_modules\\axios\\lib\\core\\Axios.js:45:41)\n    at async WhenStep.performHttpRequest (src\\core\\dsl\\when.core.ts:230:20)\n    at async RetryManager.executeWithRetry (src\\core\\network\\RetryManager.ts:168:26)\n    at async C:\\RajKumar\\Otalio\\Otalio\\Apps\\RestifiedApp\\Restified\\src\\core\\dsl\\when.core.ts:181:16\n    at async CircuitBreakerManager.executeRequest (src\\core\\network\\CircuitBreakerManager.ts:212:9)\n    at async CircuitBreakerManager.executeInClosedState (src\\core\\network\\CircuitBreakerManager.ts:106:22)\n    at async CircuitBreakerManager.executeWithCircuitBreaker (src\\core\\network\\CircuitBreakerManager.ts:85:16)\n    at async WhenStep.execute (src\\core\\dsl\\when.core.ts:177:12)\n    at async Context.<anonymous> (examples\\basic\\post-with-variables.ts:53:25)",
                "diff": null
              },
              "uuid": "5fdee8d3-7bf7-4cb2-8f99-708516b89b82",
              "parentUUID": "18c7b2fc-0894-47ab-a4f0-8420da261a9b",
              "isHook": false,
              "skipped": false
            },
            {
              "title": "should demonstrate cross-client variable usage",
              "fullTitle": "POST Request with Variables Example should demonstrate cross-client variable usage",
              "timedOut": false,
              "duration": 2,
              "state": "failed",
              "speed": null,
              "pass": false,
              "fail": true,
              "pending": false,
              "context": null,
              "code": "test_utils_1.GlobalTestUtils.logTestProgress('POST Variables', 'Cross-Client');\n// First, create data using API client\n// Common headers are already included in the client configuration\nconst apiResponse = await src_1.restified\n    .given()\n    .useClient('api')\n    .when()\n    .get('/users/{{globalUserId}}')\n    .execute();\nawait apiResponse\n    .statusCode(200)\n    .extract('$.company.catchPhrase', 'companyCatchPhrase')\n    .execute();\n// Then use testUtils client to validate the extracted data\n// Common headers are already included in the client configuration\nconst testResponse = await src_1.restified\n    .given()\n    .useClient('testUtils') // Different client from global setup\n    .when()\n    .post('/post', {\n    extractedData: '{{companyCatchPhrase}}',\n    globalUser: '{{globalUserEmail}}',\n    testSuite: '{{testSuite}}'\n})\n    .execute();\nawait testResponse\n    .statusCode(200)\n    .jsonPath('$.json.globalUser', src_1.restified.getVariable('globalUserEmail'))\n    .jsonPath('$.json.testSuite', src_1.restified.getVariable('testSuite'))\n    .execute();\nconsole.log('🌐 Cross-client variable sharing successful');",
              "err": {
                "message": "TypeError: Invalid URL",
                "estack": "TypeError: Invalid URL\n    at new URL (node:internal/url:818:25)\n    at dispatchHttpRequest (node_modules\\axios\\lib\\adapters\\http.js:232:20)\n    at C:\\RajKumar\\Otalio\\Otalio\\Apps\\RestifiedApp\\Restified\\node_modules\\axios\\lib\\adapters\\http.js:152:5\n    at new Promise (<anonymous>)\n    at wrapAsync (node_modules\\axios\\lib\\adapters\\http.js:132:10)\n    at http (node_modules\\axios\\lib\\adapters\\http.js:170:10)\n    at Axios.dispatchRequest (node_modules\\axios\\lib\\core\\dispatchRequest.js:51:10)\n    at Axios._request (node_modules\\axios\\lib\\core\\Axios.js:187:33)\n    at Axios.request (node_modules\\axios\\lib\\core\\Axios.js:40:25)\n    at Function.wrap [as request] (node_modules\\axios\\lib\\helpers\\bind.js:5:15)\n    at WhenStep.performHttpRequest (src\\core\\dsl\\when.core.ts:230:32)\n    at C:\\RajKumar\\Otalio\\Otalio\\Apps\\RestifiedApp\\Restified\\src\\core\\dsl\\when.core.ts:183:28\n    at RetryManager.executeWithRetry (src\\core\\network\\RetryManager.ts:168:32)\n    at C:\\RajKumar\\Otalio\\Otalio\\Apps\\RestifiedApp\\Restified\\src\\core\\dsl\\when.core.ts:181:40\n    at CircuitBreakerManager.executeRequest (src\\core\\network\\CircuitBreakerManager.ts:209:29)\n    at CircuitBreakerManager.executeInClosedState (src\\core\\network\\CircuitBreakerManager.ts:106:33)\n    at CircuitBreakerManager.executeWithCircuitBreaker (src\\core\\network\\CircuitBreakerManager.ts:85:27)\n    at WhenStep.execute (src\\core\\dsl\\when.core.ts:177:45)\n    at Context.<anonymous> (examples\\basic\\post-with-variables.ts:83:10)\n    at processImmediate (node:internal/timers:485:21)\n    at Axios.request (node_modules\\axios\\lib\\core\\Axios.js:45:41)\n    at async WhenStep.performHttpRequest (src\\core\\dsl\\when.core.ts:230:20)\n    at async RetryManager.executeWithRetry (src\\core\\network\\RetryManager.ts:168:26)\n    at async C:\\RajKumar\\Otalio\\Otalio\\Apps\\RestifiedApp\\Restified\\src\\core\\dsl\\when.core.ts:181:16\n    at async CircuitBreakerManager.executeRequest (src\\core\\network\\CircuitBreakerManager.ts:212:9)\n    at async CircuitBreakerManager.executeInClosedState (src\\core\\network\\CircuitBreakerManager.ts:106:22)\n    at async CircuitBreakerManager.executeWithCircuitBreaker (src\\core\\network\\CircuitBreakerManager.ts:85:16)\n    at async WhenStep.execute (src\\core\\dsl\\when.core.ts:177:12)\n    at async Context.<anonymous> (examples\\basic\\post-with-variables.ts:78:25)",
                "diff": null
              },
              "uuid": "828c5c13-529e-47e3-804c-1f1821c7a882",
              "parentUUID": "18c7b2fc-0894-47ab-a4f0-8420da261a9b",
              "isHook": false,
              "skipped": false
            }
          ],
          "suites": [],
          "passes": [],
          "failures": [
            "b3af78c5-7459-48cc-bdaa-6685632b5185",
            "5fdee8d3-7bf7-4cb2-8f99-708516b89b82",
            "828c5c13-529e-47e3-804c-1f1821c7a882"
          ],
          "pending": [],
          "skipped": [],
          "duration": 37,
          "root": false,
          "rootEmpty": false,
          "_timeout": 10000
        },
        {
          "uuid": "0f51fd5d-1e23-4d6c-9738-a1cbd41c596a",
          "title": "Data-Driven Testing Example",
          "fullFile": "C:\\RajKumar\\Otalio\\Otalio\\Apps\\RestifiedApp\\Restified\\examples\\advanced\\data-driven-testing.ts",
          "file": "\\examples\\advanced\\data-driven-testing.ts",
          "beforeHooks": [],
          "afterHooks": [
            {
              "title": "\"after all\" hook in \"Data-Driven Testing Example\"",
              "fullTitle": "Data-Driven Testing Example \"after all\" hook in \"Data-Driven Testing Example\"",
              "timedOut": false,
              "duration": 1,
              "state": null,
              "speed": null,
              "pass": false,
              "fail": false,
              "pending": false,
              "context": null,
              "code": "await src_1.restified.cleanup();",
              "err": {},
              "uuid": "14122072-4980-42b1-90b9-a8b8d075f1a6",
              "parentUUID": "0f51fd5d-1e23-4d6c-9738-a1cbd41c596a",
              "isHook": true,
              "skipped": false
            }
          ],
          "tests": [
            {
              "title": "should validate user 1 has correct name: Leanne Graham",
              "fullTitle": "Data-Driven Testing Example should validate user 1 has correct name: Leanne Graham",
              "timedOut": false,
              "duration": 691,
              "state": "passed",
              "speed": "slow",
              "pass": true,
              "fail": false,
              "pending": false,
              "context": null,
              "code": "const response = await src_1.restified\n    .given()\n    .baseURL('https://jsonplaceholder.typicode.com')\n    .when()\n    .get(`/users/${id}`)\n    .execute();\nawait response\n    .statusCode(200)\n    .jsonPath('$.id', id)\n    .jsonPath('$.name', expectedName)\n    .execute();",
              "err": {},
              "uuid": "c74674ef-76fd-4489-b17d-7f64cba1c2ea",
              "parentUUID": "0f51fd5d-1e23-4d6c-9738-a1cbd41c596a",
              "isHook": false,
              "skipped": false
            },
            {
              "title": "should validate user 2 has correct name: Ervin Howell",
              "fullTitle": "Data-Driven Testing Example should validate user 2 has correct name: Ervin Howell",
              "timedOut": false,
              "duration": 813,
              "state": "passed",
              "speed": "slow",
              "pass": true,
              "fail": false,
              "pending": false,
              "context": null,
              "code": "const response = await src_1.restified\n    .given()\n    .baseURL('https://jsonplaceholder.typicode.com')\n    .when()\n    .get(`/users/${id}`)\n    .execute();\nawait response\n    .statusCode(200)\n    .jsonPath('$.id', id)\n    .jsonPath('$.name', expectedName)\n    .execute();",
              "err": {},
              "uuid": "def05e71-624a-41ac-b696-dff8a958f684",
              "parentUUID": "0f51fd5d-1e23-4d6c-9738-a1cbd41c596a",
              "isHook": false,
              "skipped": false
            },
            {
              "title": "should validate user 3 has correct name: Clementine Bauch",
              "fullTitle": "Data-Driven Testing Example should validate user 3 has correct name: Clementine Bauch",
              "timedOut": false,
              "duration": 744,
              "state": "passed",
              "speed": "slow",
              "pass": true,
              "fail": false,
              "pending": false,
              "context": null,
              "code": "const response = await src_1.restified\n    .given()\n    .baseURL('https://jsonplaceholder.typicode.com')\n    .when()\n    .get(`/users/${id}`)\n    .execute();\nawait response\n    .statusCode(200)\n    .jsonPath('$.id', id)\n    .jsonPath('$.name', expectedName)\n    .execute();",
              "err": {},
              "uuid": "1d51299a-10c8-4e76-a4dc-c22cbeab1f4c",
              "parentUUID": "0f51fd5d-1e23-4d6c-9738-a1cbd41c596a",
              "isHook": false,
              "skipped": false
            },
            {
              "title": "should validate user 1 has posts within expected range",
              "fullTitle": "Data-Driven Testing Example should validate user 1 has posts within expected range",
              "timedOut": false,
              "duration": 650,
              "state": "passed",
              "speed": "slow",
              "pass": true,
              "fail": false,
              "pending": false,
              "context": null,
              "code": "const response = await src_1.restified\n    .given()\n    .baseURL('https://jsonplaceholder.typicode.com')\n    .when()\n    .get(`/posts?userId=${userId}`)\n    .execute();\nawait response\n    .statusCode(200)\n    .custom((response) => {\n    const posts = response.data;\n    return Array.isArray(posts) &&\n        posts.length >= expectedPostCount.min &&\n        posts.length <= expectedPostCount.max;\n}, `User ${userId} should have ${expectedPostCount.min}-${expectedPostCount.max} posts`)\n    .custom((response) => {\n    return response.data.every(post => post.userId === userId);\n}, `All posts should belong to user ${userId}`)\n    .execute();",
              "err": {},
              "uuid": "1da51426-b5e5-4cf0-8e65-92a1673e37b1",
              "parentUUID": "0f51fd5d-1e23-4d6c-9738-a1cbd41c596a",
              "isHook": false,
              "skipped": false
            },
            {
              "title": "should validate user 2 has posts within expected range",
              "fullTitle": "Data-Driven Testing Example should validate user 2 has posts within expected range",
              "timedOut": false,
              "duration": 646,
              "state": "passed",
              "speed": "slow",
              "pass": true,
              "fail": false,
              "pending": false,
              "context": null,
              "code": "const response = await src_1.restified\n    .given()\n    .baseURL('https://jsonplaceholder.typicode.com')\n    .when()\n    .get(`/posts?userId=${userId}`)\n    .execute();\nawait response\n    .statusCode(200)\n    .custom((response) => {\n    const posts = response.data;\n    return Array.isArray(posts) &&\n        posts.length >= expectedPostCount.min &&\n        posts.length <= expectedPostCount.max;\n}, `User ${userId} should have ${expectedPostCount.min}-${expectedPostCount.max} posts`)\n    .custom((response) => {\n    return response.data.every(post => post.userId === userId);\n}, `All posts should belong to user ${userId}`)\n    .execute();",
              "err": {},
              "uuid": "41919f41-85c6-4555-bf3d-65c3fdaaa842",
              "parentUUID": "0f51fd5d-1e23-4d6c-9738-a1cbd41c596a",
              "isHook": false,
              "skipped": false
            },
            {
              "title": "should validate user 3 has posts within expected range",
              "fullTitle": "Data-Driven Testing Example should validate user 3 has posts within expected range",
              "timedOut": false,
              "duration": 618,
              "state": "passed",
              "speed": "slow",
              "pass": true,
              "fail": false,
              "pending": false,
              "context": null,
              "code": "const response = await src_1.restified\n    .given()\n    .baseURL('https://jsonplaceholder.typicode.com')\n    .when()\n    .get(`/posts?userId=${userId}`)\n    .execute();\nawait response\n    .statusCode(200)\n    .custom((response) => {\n    const posts = response.data;\n    return Array.isArray(posts) &&\n        posts.length >= expectedPostCount.min &&\n        posts.length <= expectedPostCount.max;\n}, `User ${userId} should have ${expectedPostCount.min}-${expectedPostCount.max} posts`)\n    .custom((response) => {\n    return response.data.every(post => post.userId === userId);\n}, `All posts should belong to user ${userId}`)\n    .execute();",
              "err": {},
              "uuid": "c3f32a78-af6f-4345-9d3c-794df566fea1",
              "parentUUID": "0f51fd5d-1e23-4d6c-9738-a1cbd41c596a",
              "isHook": false,
              "skipped": false
            },
            {
              "title": "should return 200 for /posts/1",
              "fullTitle": "Data-Driven Testing Example should return 200 for /posts/1",
              "timedOut": false,
              "duration": 600,
              "state": "passed",
              "speed": "slow",
              "pass": true,
              "fail": false,
              "pending": false,
              "context": null,
              "code": "const response = await src_1.restified\n    .given()\n    .baseURL('https://jsonplaceholder.typicode.com')\n    .when()\n    .get(endpoint)\n    .execute();\nawait response\n    .statusCode(expectedStatus)\n    .execute();",
              "err": {},
              "uuid": "1814aa00-fb49-49cc-94d1-5ebf667a7eff",
              "parentUUID": "0f51fd5d-1e23-4d6c-9738-a1cbd41c596a",
              "isHook": false,
              "skipped": false
            },
            {
              "title": "should return 404 for /posts/999",
              "fullTitle": "Data-Driven Testing Example should return 404 for /posts/999",
              "timedOut": false,
              "duration": 616,
              "state": "passed",
              "speed": "slow",
              "pass": true,
              "fail": false,
              "pending": false,
              "context": null,
              "code": "const response = await src_1.restified\n    .given()\n    .baseURL('https://jsonplaceholder.typicode.com')\n    .when()\n    .get(endpoint)\n    .execute();\nawait response\n    .statusCode(expectedStatus)\n    .execute();",
              "err": {},
              "uuid": "d1af2ccc-5957-4aa1-a30b-1b79b4cd5c30",
              "parentUUID": "0f51fd5d-1e23-4d6c-9738-a1cbd41c596a",
              "isHook": false,
              "skipped": false
            },
            {
              "title": "should return 200 for /users/1",
              "fullTitle": "Data-Driven Testing Example should return 200 for /users/1",
              "timedOut": false,
              "duration": 607,
              "state": "passed",
              "speed": "slow",
              "pass": true,
              "fail": false,
              "pending": false,
              "context": null,
              "code": "const response = await src_1.restified\n    .given()\n    .baseURL('https://jsonplaceholder.typicode.com')\n    .when()\n    .get(endpoint)\n    .execute();\nawait response\n    .statusCode(expectedStatus)\n    .execute();",
              "err": {},
              "uuid": "93c7ec87-8f37-472e-9d5c-f067d78ba683",
              "parentUUID": "0f51fd5d-1e23-4d6c-9738-a1cbd41c596a",
              "isHook": false,
              "skipped": false
            },
            {
              "title": "should return 404 for /users/999",
              "fullTitle": "Data-Driven Testing Example should return 404 for /users/999",
              "timedOut": false,
              "duration": 779,
              "state": "passed",
              "speed": "slow",
              "pass": true,
              "fail": false,
              "pending": false,
              "context": null,
              "code": "const response = await src_1.restified\n    .given()\n    .baseURL('https://jsonplaceholder.typicode.com')\n    .when()\n    .get(endpoint)\n    .execute();\nawait response\n    .statusCode(expectedStatus)\n    .execute();",
              "err": {},
              "uuid": "5f3121f3-4342-4330-b325-f46bac778cab",
              "parentUUID": "0f51fd5d-1e23-4d6c-9738-a1cbd41c596a",
              "isHook": false,
              "skipped": false
            }
          ],
          "suites": [],
          "passes": [
            "c74674ef-76fd-4489-b17d-7f64cba1c2ea",
            "def05e71-624a-41ac-b696-dff8a958f684",
            "1d51299a-10c8-4e76-a4dc-c22cbeab1f4c",
            "1da51426-b5e5-4cf0-8e65-92a1673e37b1",
            "41919f41-85c6-4555-bf3d-65c3fdaaa842",
            "c3f32a78-af6f-4345-9d3c-794df566fea1",
            "1814aa00-fb49-49cc-94d1-5ebf667a7eff",
            "d1af2ccc-5957-4aa1-a30b-1b79b4cd5c30",
            "93c7ec87-8f37-472e-9d5c-f067d78ba683",
            "5f3121f3-4342-4330-b325-f46bac778cab"
          ],
          "failures": [],
          "pending": [],
          "skipped": [],
          "duration": 6764,
          "root": false,
          "rootEmpty": false,
          "_timeout": 10000
        },
        {
          "uuid": "989bdbb6-425e-4f68-b4ef-65bc74f4ac9f",
          "title": "Database Integration Testing",
          "fullFile": "C:\\RajKumar\\Otalio\\Otalio\\Apps\\RestifiedApp\\Restified\\examples\\advanced\\database-testing.ts",
          "file": "\\examples\\advanced\\database-testing.ts",
          "beforeHooks": [
            {
              "title": "\"before all\" hook in \"Database Integration Testing\"",
              "fullTitle": "Database Integration Testing \"before all\" hook in \"Database Integration Testing\"",
              "timedOut": false,
              "duration": 0,
              "state": null,
              "speed": null,
              "pass": false,
              "fail": false,
              "pending": false,
              "context": null,
              "code": "// Setup database connections (using mock/test databases)\n// PostgreSQL connection (if available)\nif (process.env.POSTGRES_CONNECTION_STRING || process.env.POSTGRES_HOST) {\n    await index_1.restified.createDatabaseClient('postgres', {\n        type: 'postgresql',\n        host: process.env.POSTGRES_HOST || 'localhost',\n        port: parseInt(process.env.POSTGRES_PORT || '5432'),\n        username: process.env.POSTGRES_USER || 'test',\n        password: process.env.POSTGRES_PASSWORD || 'test',\n        database: process.env.POSTGRES_DB || 'testdb',\n        connectionString: process.env.POSTGRES_CONNECTION_STRING,\n        timeout: 10000\n    });\n}\n// MongoDB connection (if available)\nif (process.env.MONGODB_CONNECTION_STRING || process.env.MONGODB_HOST) {\n    await index_1.restified.createDatabaseClient('mongodb', {\n        type: 'mongodb',\n        host: process.env.MONGODB_HOST || 'localhost',\n        port: parseInt(process.env.MONGODB_PORT || '27017'),\n        database: process.env.MONGODB_DB || 'testdb',\n        connectionString: process.env.MONGODB_CONNECTION_STRING,\n        timeout: 10000\n    });\n}",
              "err": {},
              "uuid": "aa27b5b2-59cb-45fa-a465-6beba74db22a",
              "parentUUID": "989bdbb6-425e-4f68-b4ef-65bc74f4ac9f",
              "isHook": true,
              "skipped": false
            }
          ],
          "afterHooks": [
            {
              "title": "\"after all\" hook in \"Database Integration Testing\"",
              "fullTitle": "Database Integration Testing \"after all\" hook in \"Database Integration Testing\"",
              "timedOut": false,
              "duration": 2,
              "state": null,
              "speed": null,
              "pass": false,
              "fail": false,
              "pending": false,
              "context": null,
              "code": "await index_1.restified.cleanup();",
              "err": {},
              "uuid": "7fdc5a39-f3e4-44d5-afd7-79d3af346a1d",
              "parentUUID": "989bdbb6-425e-4f68-b4ef-65bc74f4ac9f",
              "isHook": true,
              "skipped": false
            }
          ],
          "tests": [],
          "suites": [
            {
              "uuid": "48231bd4-bea2-4606-a616-697ee4acd526",
              "title": "PostgreSQL Integration",
              "fullFile": "C:\\RajKumar\\Otalio\\Otalio\\Apps\\RestifiedApp\\Restified\\examples\\advanced\\database-testing.ts",
              "file": "\\examples\\advanced\\database-testing.ts",
              "beforeHooks": [
                {
                  "title": "\"before each\" hook in \"PostgreSQL Integration\"",
                  "fullTitle": "Database Integration Testing PostgreSQL Integration \"before each\" hook in \"PostgreSQL Integration\"",
                  "timedOut": false,
                  "duration": 0,
                  "state": null,
                  "speed": null,
                  "pass": false,
                  "fail": false,
                  "pending": false,
                  "context": null,
                  "code": "if (!index_1.restified.getDatabaseClient) {\n    this.skip();\n}\ntry {\n    index_1.restified.getDatabaseClient('postgres');\n}\ncatch {\n    this.skip();\n}",
                  "err": {},
                  "uuid": "43457550-6174-4e2a-94cd-23cb58cba668",
                  "parentUUID": "48231bd4-bea2-4606-a616-697ee4acd526",
                  "isHook": true,
                  "skipped": false
                }
              ],
              "afterHooks": [],
              "tests": [
                {
                  "title": "should validate user creation via API and database",
                  "fullTitle": "Database Integration Testing PostgreSQL Integration should validate user creation via API and database",
                  "timedOut": false,
                  "duration": 677,
                  "state": "failed",
                  "speed": null,
                  "pass": false,
                  "fail": true,
                  "pending": false,
                  "context": null,
                  "code": "const dbClient = index_1.restified.getDatabaseClient('postgres');\n// Create snapshot before test\nawait dbClient.createSnapshot('before-user-test', ['users']);\n// Create user via API\nconst response = await index_1.restified\n    .given()\n    .baseURL('https://jsonplaceholder.typicode.com')\n    .when()\n    .post('/users', {\n    name: 'Database Test User',\n    email: 'dbtest@example.com',\n    username: 'dbtestuser'\n})\n    .execute();\nawait response\n    .statusCode(201)\n    .extract('$.id', 'createdUserId')\n    .execute();\n// Simulate database state validation\n// In real scenario, this would check if user was actually created in database\nconst userId = index_1.restified.getVariable('createdUserId');\n// Mock database query result\nconst queryResult = await dbClient.executeQuery('SELECT * FROM users WHERE external_id = $1', [userId]);\n// In a real test, you would validate the user exists in database\nconsole.log(`Created user with ID: ${userId}`);\n(0, chai_1.expect)(queryResult.executionTime).to.be.a('number');",
                  "err": {
                    "message": "AssertionError: expected undefined to be a number",
                    "estack": "AssertionError: expected undefined to be a number\n    at Context.<anonymous> (examples\\advanced\\database-testing.ts:95:47)\n    at processTicksAndRejections (node:internal/process/task_queues:105:5)",
                    "diff": null
                  },
                  "uuid": "3198738a-4e45-4177-a0c3-5e2c24dd5f0a",
                  "parentUUID": "48231bd4-bea2-4606-a616-697ee4acd526",
                  "isHook": false,
                  "skipped": false
                },
                {
                  "title": "should validate data consistency across API and database",
                  "fullTitle": "Database Integration Testing PostgreSQL Integration should validate data consistency across API and database",
                  "timedOut": false,
                  "duration": 0,
                  "state": "passed",
                  "speed": "fast",
                  "pass": true,
                  "fail": false,
                  "pending": false,
                  "context": null,
                  "code": "const dbClient = index_1.restified.getDatabaseClient('postgres');\n// Test data consistency validation\nconst validationResult = await index_1.restified.validateDatabaseState([\n    {\n        client: 'postgres',\n        table: 'users',\n        conditions: { active: true },\n        expectedCount: 5\n    },\n    {\n        client: 'postgres',\n        table: 'orders',\n        conditions: { status: 'pending' },\n        expectedCount: { min: 1 }\n    }\n]);\n// In real scenario, this would validate actual database state\n(0, chai_1.expect)(validationResult).to.have.property('success');\n(0, chai_1.expect)(validationResult).to.have.property('results');",
                  "err": {},
                  "uuid": "f4a7f427-86a8-45ed-88a2-aa1ab505b492",
                  "parentUUID": "48231bd4-bea2-4606-a616-697ee4acd526",
                  "isHook": false,
                  "skipped": false
                },
                {
                  "title": "should handle database transactions",
                  "fullTitle": "Database Integration Testing PostgreSQL Integration should handle database transactions",
                  "timedOut": false,
                  "duration": 0,
                  "state": "passed",
                  "speed": "fast",
                  "pass": true,
                  "fail": false,
                  "pending": false,
                  "context": null,
                  "code": "const dbClient = index_1.restified.getDatabaseClient('postgres');\ntry {\n    // Begin transaction\n    await dbClient.beginTransaction();\n    // Execute test operations\n    await dbClient.executeQuery('INSERT INTO test_table (name, value) VALUES ($1, $2)', ['transaction-test', 42]);\n    // Validate data exists in transaction\n    const result = await dbClient.executeQuery('SELECT * FROM test_table WHERE name = $1', ['transaction-test']);\n    // Rollback transaction (cleanup)\n    await dbClient.rollback();\n    console.log('Transaction test completed successfully');\n}\ncatch (error) {\n    await dbClient.rollback();\n    throw error;\n}",
                  "err": {},
                  "uuid": "2e1b8369-1bd2-4ebc-8e21-a508ad4be954",
                  "parentUUID": "48231bd4-bea2-4606-a616-697ee4acd526",
                  "isHook": false,
                  "skipped": false
                },
                {
                  "title": "should measure database query performance",
                  "fullTitle": "Database Integration Testing PostgreSQL Integration should measure database query performance",
                  "timedOut": false,
                  "duration": 0,
                  "state": "failed",
                  "speed": null,
                  "pass": false,
                  "fail": true,
                  "pending": false,
                  "context": null,
                  "code": "const dbClient = index_1.restified.getDatabaseClient('postgres');\nconst startTime = Date.now();\nconst result = await dbClient.executeQuery('SELECT COUNT(*) as total FROM information_schema.tables');\n(0, chai_1.expect)(result.executionTime).to.be.a('number');\n(0, chai_1.expect)(result.executionTime).to.be.lessThan(5000); // Less than 5 seconds\nconsole.log(`Database query executed in ${result.executionTime}ms`);",
                  "err": {
                    "message": "AssertionError: expected undefined to be a number",
                    "estack": "AssertionError: expected undefined to be a number\n    at Context.<anonymous> (examples\\advanced\\database-testing.ts:160:42)\n    at processTicksAndRejections (node:internal/process/task_queues:105:5)",
                    "diff": null
                  },
                  "uuid": "340edd85-58e4-4616-a77d-0bde571c1229",
                  "parentUUID": "48231bd4-bea2-4606-a616-697ee4acd526",
                  "isHook": false,
                  "skipped": false
                }
              ],
              "suites": [],
              "passes": [
                "f4a7f427-86a8-45ed-88a2-aa1ab505b492",
                "2e1b8369-1bd2-4ebc-8e21-a508ad4be954"
              ],
              "failures": [
                "3198738a-4e45-4177-a0c3-5e2c24dd5f0a",
                "340edd85-58e4-4616-a77d-0bde571c1229"
              ],
              "pending": [],
              "skipped": [],
              "duration": 677,
              "root": false,
              "rootEmpty": false,
              "_timeout": 30000
            },
            {
              "uuid": "9aab8e1e-2c14-45b1-98ad-96ebfc2b295d",
              "title": "MongoDB Integration",
              "fullFile": "C:\\RajKumar\\Otalio\\Otalio\\Apps\\RestifiedApp\\Restified\\examples\\advanced\\database-testing.ts",
              "file": "\\examples\\advanced\\database-testing.ts",
              "beforeHooks": [
                {
                  "title": "\"before each\" hook in \"MongoDB Integration\"",
                  "fullTitle": "Database Integration Testing MongoDB Integration \"before each\" hook in \"MongoDB Integration\"",
                  "timedOut": false,
                  "duration": 0,
                  "state": null,
                  "speed": null,
                  "pass": false,
                  "fail": false,
                  "pending": false,
                  "context": null,
                  "code": "try {\n    index_1.restified.getDatabaseClient('mongodb');\n}\ncatch {\n    this.skip();\n}",
                  "err": {},
                  "uuid": "dc606480-97d3-4acc-81a0-761e5aa88bbc",
                  "parentUUID": "9aab8e1e-2c14-45b1-98ad-96ebfc2b295d",
                  "isHook": true,
                  "skipped": false
                }
              ],
              "afterHooks": [],
              "tests": [
                {
                  "title": "should validate document creation and retrieval",
                  "fullTitle": "Database Integration Testing MongoDB Integration should validate document creation and retrieval",
                  "timedOut": false,
                  "duration": 0,
                  "state": "failed",
                  "speed": null,
                  "pass": false,
                  "fail": true,
                  "pending": false,
                  "context": null,
                  "code": "const dbClient = index_1.restified.getDatabaseClient('mongodb');\n// Insert document\nconst insertOperation = JSON.stringify({\n    collection: 'users',\n    method: 'insertOne',\n    document: {\n        name: 'MongoDB Test User',\n        email: 'mongotest@example.com',\n        createdAt: new Date(),\n        metadata: {\n            source: 'restifiedts-test',\n            version: '1.0.0'\n        }\n    }\n});\nconst insertResult = await dbClient.executeQuery(insertOperation);\n(0, chai_1.expect)(insertResult.insertId).to.exist;\nconst documentId = insertResult.insertId;\nindex_1.restified.setGlobalVariable('mongoDocumentId', documentId.toString());\n// Retrieve document\nconst findOperation = JSON.stringify({\n    collection: 'users',\n    method: 'findOne',\n    query: { _id: documentId }\n});\nconst findResult = await dbClient.executeQuery(findOperation);\n(0, chai_1.expect)(findResult.rows).to.have.length(1);\n(0, chai_1.expect)(findResult.rows[0].name).to.equal('MongoDB Test User');\n(0, chai_1.expect)(findResult.rows[0].metadata.source).to.equal('restifiedts-test');",
                  "err": {
                    "message": "AssertionError: expected undefined to exist",
                    "estack": "AssertionError: expected undefined to exist\n    at Context.<anonymous> (examples\\advanced\\database-testing.ts:195:39)\n    at processTicksAndRejections (node:internal/process/task_queues:105:5)",
                    "diff": null
                  },
                  "uuid": "4d443766-180a-459c-b542-b6c44cbb45a3",
                  "parentUUID": "9aab8e1e-2c14-45b1-98ad-96ebfc2b295d",
                  "isHook": false,
                  "skipped": false
                },
                {
                  "title": "should validate document updates",
                  "fullTitle": "Database Integration Testing MongoDB Integration should validate document updates",
                  "timedOut": false,
                  "duration": 0,
                  "state": "pending",
                  "speed": null,
                  "pass": false,
                  "fail": false,
                  "pending": true,
                  "context": null,
                  "code": "const dbClient = index_1.restified.getDatabaseClient('mongodb');\nconst documentId = index_1.restified.getVariable('mongoDocumentId');\nif (!documentId) {\n    this.skip();\n}\n// Update document\nconst updateOperation = JSON.stringify({\n    collection: 'users',\n    method: 'updateOne',\n    query: { _id: { $oid: documentId } },\n    document: {\n        $set: {\n            name: 'Updated MongoDB User',\n            updatedAt: new Date()\n        }\n    }\n});\nconst updateResult = await dbClient.executeQuery(updateOperation);\n(0, chai_1.expect)(updateResult.affectedRows).to.equal(1);\n// Verify update\nconst findOperation = JSON.stringify({\n    collection: 'users',\n    method: 'findOne',\n    query: { _id: { $oid: documentId } }\n});\nconst findResult = await dbClient.executeQuery(findOperation);\n(0, chai_1.expect)(findResult.rows[0].name).to.equal('Updated MongoDB User');\n(0, chai_1.expect)(findResult.rows[0].updatedAt).to.exist;",
                  "err": {},
                  "uuid": "86f9692a-86b2-46c2-9330-4648b9fd23ec",
                  "parentUUID": "9aab8e1e-2c14-45b1-98ad-96ebfc2b295d",
                  "isHook": false,
                  "skipped": false
                },
                {
                  "title": "should handle aggregation queries",
                  "fullTitle": "Database Integration Testing MongoDB Integration should handle aggregation queries",
                  "timedOut": false,
                  "duration": 0,
                  "state": "failed",
                  "speed": null,
                  "pass": false,
                  "fail": true,
                  "pending": false,
                  "context": null,
                  "code": "const dbClient = index_1.restified.getDatabaseClient('mongodb');\nconst aggregationOperation = JSON.stringify({\n    collection: 'users',\n    method: 'aggregate',\n    query: [\n        { $match: { name: { $regex: 'MongoDB', $options: 'i' } } },\n        { $group: { _id: '$metadata.source', count: { $sum: 1 } } },\n        { $sort: { count: -1 } }\n    ]\n});\nconst result = await dbClient.executeQuery(aggregationOperation);\n(0, chai_1.expect)(result.rows).to.be.an('array');\n(0, chai_1.expect)(result.executionTime).to.be.a('number');\nconsole.log(`Aggregation completed in ${result.executionTime}ms`);",
                  "err": {
                    "message": "AssertionError: expected undefined to be an array",
                    "estack": "AssertionError: expected undefined to be an array\n    at Context.<anonymous> (examples\\advanced\\database-testing.ts:263:33)\n    at processTicksAndRejections (node:internal/process/task_queues:105:5)",
                    "diff": null
                  },
                  "uuid": "0743b6a7-ffc3-44cf-96fa-5bee086a0825",
                  "parentUUID": "9aab8e1e-2c14-45b1-98ad-96ebfc2b295d",
                  "isHook": false,
                  "skipped": false
                }
              ],
              "suites": [],
              "passes": [],
              "failures": [
                "4d443766-180a-459c-b542-b6c44cbb45a3",
                "0743b6a7-ffc3-44cf-96fa-5bee086a0825"
              ],
              "pending": [
                "86f9692a-86b2-46c2-9330-4648b9fd23ec"
              ],
              "skipped": [],
              "duration": 0,
              "root": false,
              "rootEmpty": false,
              "_timeout": 30000
            },
            {
              "uuid": "9173a6b2-1ded-46f8-a106-49fd003b4e16",
              "title": "Cross-Database Validation",
              "fullFile": "C:\\RajKumar\\Otalio\\Otalio\\Apps\\RestifiedApp\\Restified\\examples\\advanced\\database-testing.ts",
              "file": "\\examples\\advanced\\database-testing.ts",
              "beforeHooks": [],
              "afterHooks": [],
              "tests": [
                {
                  "title": "should validate data consistency across multiple databases",
                  "fullTitle": "Database Integration Testing Cross-Database Validation should validate data consistency across multiple databases",
                  "timedOut": false,
                  "duration": 1,
                  "state": "passed",
                  "speed": "fast",
                  "pass": true,
                  "fail": false,
                  "pending": false,
                  "context": null,
                  "code": "// This would test scenarios where data must be consistent across different databases\n// For example, user data in PostgreSQL and session data in MongoDB\nconst validations = [\n    {\n        client: 'postgres',\n        table: 'users',\n        conditions: { active: true },\n        expectedCount: 3\n    }\n];\n// Add MongoDB validation if available\ntry {\n    index_1.restified.getDatabaseClient('mongodb');\n    validations.push({\n        client: 'mongodb',\n        table: 'sessions', // collection\n        conditions: { active: true },\n        expectedCount: 3\n    });\n}\ncatch {\n    // MongoDB not available, skip\n}\nif (validations.length > 1) {\n    const result = await index_1.restified.validateDatabaseState(validations);\n    (0, chai_1.expect)(result.success).to.be.a('boolean');\n    (0, chai_1.expect)(result.results).to.have.length(validations.length);\n}",
                  "err": {},
                  "uuid": "4ccebfd6-5862-48b3-81cb-80d338640a5d",
                  "parentUUID": "9173a6b2-1ded-46f8-a106-49fd003b4e16",
                  "isHook": false,
                  "skipped": false
                }
              ],
              "suites": [],
              "passes": [
                "4ccebfd6-5862-48b3-81cb-80d338640a5d"
              ],
              "failures": [],
              "pending": [],
              "skipped": [],
              "duration": 1,
              "root": false,
              "rootEmpty": false,
              "_timeout": 30000
            },
            {
              "uuid": "b06e2303-9076-4883-9c9e-af415ff4ef06",
              "title": "Database Health Checks",
              "fullFile": "C:\\RajKumar\\Otalio\\Otalio\\Apps\\RestifiedApp\\Restified\\examples\\advanced\\database-testing.ts",
              "file": "\\examples\\advanced\\database-testing.ts",
              "beforeHooks": [],
              "afterHooks": [],
              "tests": [
                {
                  "title": "should perform health checks on all database connections",
                  "fullTitle": "Database Integration Testing Database Health Checks should perform health checks on all database connections",
                  "timedOut": false,
                  "duration": 2,
                  "state": "passed",
                  "speed": "fast",
                  "pass": true,
                  "fail": false,
                  "pending": false,
                  "context": null,
                  "code": "const connections = ['postgres', 'mongodb'];\nfor (const connectionName of connections) {\n    try {\n        const dbClient = index_1.restified.getDatabaseClient(connectionName);\n        const health = await dbClient.healthCheck();\n        (0, chai_1.expect)(health.healthy).to.be.a('boolean');\n        (0, chai_1.expect)(health.latency).to.be.a('number');\n        if (health.healthy) {\n            (0, chai_1.expect)(health.latency).to.be.greaterThan(0);\n            console.log(`${connectionName} health check: ${health.latency}ms`);\n        }\n        else {\n            console.log(`${connectionName} health check failed: ${health.error}`);\n        }\n    }\n    catch (error) {\n        console.log(`${connectionName} connection not available`);\n    }\n}",
                  "err": {},
                  "uuid": "2fe5a9ab-979f-4a65-af1d-113174ff6992",
                  "parentUUID": "b06e2303-9076-4883-9c9e-af415ff4ef06",
                  "isHook": false,
                  "skipped": false
                }
              ],
              "suites": [],
              "passes": [
                "2fe5a9ab-979f-4a65-af1d-113174ff6992"
              ],
              "failures": [],
              "pending": [],
              "skipped": [],
              "duration": 2,
              "root": false,
              "rootEmpty": false,
              "_timeout": 30000
            },
            {
              "uuid": "bb1eb489-fd93-4ff0-bf88-fc74f58a2e56",
              "title": "Test Data Management",
              "fullFile": "C:\\RajKumar\\Otalio\\Otalio\\Apps\\RestifiedApp\\Restified\\examples\\advanced\\database-testing.ts",
              "file": "\\examples\\advanced\\database-testing.ts",
              "beforeHooks": [],
              "afterHooks": [],
              "tests": [
                {
                  "title": "should seed and cleanup test data",
                  "fullTitle": "Database Integration Testing Test Data Management should seed and cleanup test data",
                  "timedOut": false,
                  "duration": 2,
                  "state": "passed",
                  "speed": "fast",
                  "pass": true,
                  "fail": false,
                  "pending": false,
                  "context": null,
                  "code": "try {\n    const dbClient = index_1.restified.getDatabaseClient('postgres');\n    // Seed test data\n    const testData = [\n        { name: 'Test User 1', email: 'test1@example.com', active: true },\n        { name: 'Test User 2', email: 'test2@example.com', active: true },\n        { name: 'Test User 3', email: 'test3@example.com', active: false }\n    ];\n    await dbClient.seedTestData('test_users', testData);\n    // Validate data was seeded\n    const count = await dbClient.validateCount('test_users', 3, { active: true });\n    (0, chai_1.expect)(count).to.be.true;\n    // Cleanup test data\n    await dbClient.cleanupTestData('test_users', { email: { $like: '%@example.com' } });\n    console.log('Test data seeding and cleanup completed');\n}\ncatch (error) {\n    console.log('Test data management skipped - table not available');\n}",
                  "err": {},
                  "uuid": "40b40aa9-a469-4296-9885-ff10ade31723",
                  "parentUUID": "bb1eb489-fd93-4ff0-bf88-fc74f58a2e56",
                  "isHook": false,
                  "skipped": false
                }
              ],
              "suites": [],
              "passes": [
                "40b40aa9-a469-4296-9885-ff10ade31723"
              ],
              "failures": [],
              "pending": [],
              "skipped": [],
              "duration": 2,
              "root": false,
              "rootEmpty": false,
              "_timeout": 30000
            }
          ],
          "passes": [],
          "failures": [],
          "pending": [],
          "skipped": [],
          "duration": 0,
          "root": false,
          "rootEmpty": false,
          "_timeout": 30000
        },
        {
          "uuid": "a77ef09b-b8f7-462c-8bba-0248db339ef3",
          "title": "Error Handling and Resilience Example",
          "fullFile": "C:\\RajKumar\\Otalio\\Otalio\\Apps\\RestifiedApp\\Restified\\examples\\advanced\\error-handling.ts",
          "file": "\\examples\\advanced\\error-handling.ts",
          "beforeHooks": [],
          "afterHooks": [
            {
              "title": "\"after all\" hook in \"Error Handling and Resilience Example\"",
              "fullTitle": "Error Handling and Resilience Example \"after all\" hook in \"Error Handling and Resilience Example\"",
              "timedOut": false,
              "duration": 2,
              "state": null,
              "speed": null,
              "pass": false,
              "fail": false,
              "pending": false,
              "context": null,
              "code": "await src_1.restified.cleanup();",
              "err": {},
              "uuid": "160aae7a-2fa9-4ddd-bfb0-401167c3f45a",
              "parentUUID": "a77ef09b-b8f7-462c-8bba-0248db339ef3",
              "isHook": true,
              "skipped": false
            }
          ],
          "tests": [
            {
              "title": "should handle 404 errors gracefully",
              "fullTitle": "Error Handling and Resilience Example should handle 404 errors gracefully",
              "timedOut": false,
              "duration": 587,
              "state": "passed",
              "speed": "slow",
              "pass": true,
              "fail": false,
              "pending": false,
              "context": null,
              "code": "const response = await src_1.restified\n    .given()\n    .baseURL('https://jsonplaceholder.typicode.com')\n    .when()\n    .get('/posts/9999')\n    .execute();\nawait response\n    .statusCode(404)\n    .execute();",
              "err": {},
              "uuid": "df1ecb49-46cf-4a4e-9a1f-ad31e776b065",
              "parentUUID": "a77ef09b-b8f7-462c-8bba-0248db339ef3",
              "isHook": false,
              "skipped": false
            },
            {
              "title": "should handle network timeouts with retry",
              "fullTitle": "Error Handling and Resilience Example should handle network timeouts with retry",
              "timedOut": false,
              "duration": 5291,
              "state": "passed",
              "speed": "slow",
              "pass": true,
              "fail": false,
              "pending": false,
              "context": null,
              "code": "// Configure client with short timeout for demonstration\nsrc_1.restified.createClient('timeout-test', {\n    baseURL: 'https://httpbin.org',\n    timeout: 1000 // Very short timeout\n});\ntry {\n    const response = await src_1.restified\n        .given()\n        .useClient('timeout-test')\n        .when()\n        .get('/delay/2') // This will likely timeout and retry\n        .execute();\n    await response\n        .statusCode(200)\n        .execute();\n}\ncatch (error) {\n    // Expected to fail due to timeout, but should show retry attempts\n    console.log('Request failed after retries as expected');\n}",
              "err": {},
              "uuid": "81f00ca1-3068-432d-85bc-34b503cf421e",
              "parentUUID": "a77ef09b-b8f7-462c-8bba-0248db339ef3",
              "isHook": false,
              "skipped": false
            },
            {
              "title": "should validate error response structure",
              "fullTitle": "Error Handling and Resilience Example should validate error response structure",
              "timedOut": false,
              "duration": 2094,
              "state": "passed",
              "speed": "slow",
              "pass": true,
              "fail": false,
              "pending": false,
              "context": null,
              "code": "const response = await src_1.restified\n    .given()\n    .baseURL('https://httpbin.org')\n    .when()\n    .get('/status/500')\n    .execute();\nawait response\n    .statusCode(500)\n    .execute();",
              "err": {},
              "uuid": "469d7e63-8cb2-46be-b7f8-c4d3c163d44a",
              "parentUUID": "a77ef09b-b8f7-462c-8bba-0248db339ef3",
              "isHook": false,
              "skipped": false
            },
            {
              "title": "should handle malformed JSON responses",
              "fullTitle": "Error Handling and Resilience Example should handle malformed JSON responses",
              "timedOut": false,
              "duration": 2212,
              "state": "passed",
              "speed": "slow",
              "pass": true,
              "fail": false,
              "pending": false,
              "context": null,
              "code": "// Test against an endpoint that returns plain text instead of JSON\nconst response = await src_1.restified\n    .given()\n    .baseURL('https://httpbin.org')\n    .when()\n    .get('/html')\n    .execute();\nawait response\n    .statusCode(200)\n    .header('content-type')\n    .custom((response) => {\n    return response.headers['content-type'].includes('text/html');\n}, 'Response should be HTML')\n    .execute();",
              "err": {},
              "uuid": "ca31d134-fdb7-4ccd-9180-f5f2f304da91",
              "parentUUID": "a77ef09b-b8f7-462c-8bba-0248db339ef3",
              "isHook": false,
              "skipped": false
            },
            {
              "title": "should test API rate limiting behavior",
              "fullTitle": "Error Handling and Resilience Example should test API rate limiting behavior",
              "timedOut": false,
              "duration": 1186,
              "state": "passed",
              "speed": "slow",
              "pass": true,
              "fail": false,
              "pending": false,
              "context": null,
              "code": "// Make multiple rapid requests to test rate limiting\n// Note: This is just for demonstration - real rate limiting would need appropriate endpoint\nconst requests = [];\nfor (let i = 0; i < 3; i++) {\n    const request = src_1.restified\n        .given()\n        .baseURL('https://jsonplaceholder.typicode.com')\n        .when()\n        .get('/posts/1')\n        .execute();\n    requests.push(request);\n}\nconst responses = await Promise.all(requests);\n// Verify all requests succeeded (JSONPlaceholder doesn't have rate limiting)\nfor (const response of responses) {\n    await response\n        .statusCode(200)\n        .execute();\n}",
              "err": {},
              "uuid": "d9464978-99b8-46ff-8e05-5d6aeb1e812e",
              "parentUUID": "a77ef09b-b8f7-462c-8bba-0248db339ef3",
              "isHook": false,
              "skipped": false
            },
            {
              "title": "should handle authentication errors",
              "fullTitle": "Error Handling and Resilience Example should handle authentication errors",
              "timedOut": false,
              "duration": 1901,
              "state": "passed",
              "speed": "slow",
              "pass": true,
              "fail": false,
              "pending": false,
              "context": null,
              "code": "const response = await src_1.restified\n    .given()\n    .baseURL('https://httpbin.org')\n    .bearerToken('invalid-token')\n    .when()\n    .get('/bearer')\n    .execute();\n// httpbin.org /bearer endpoint doesn't actually validate tokens\n// So this will pass, but in real scenarios you'd test for 401\nawait response\n    .statusCode(200)\n    .execute();",
              "err": {},
              "uuid": "12310059-968b-497c-9cd6-9670ab0781a7",
              "parentUUID": "a77ef09b-b8f7-462c-8bba-0248db339ef3",
              "isHook": false,
              "skipped": false
            },
            {
              "title": "should test request payload validation errors",
              "fullTitle": "Error Handling and Resilience Example should test request payload validation errors",
              "timedOut": false,
              "duration": 838,
              "state": "passed",
              "speed": "slow",
              "pass": true,
              "fail": false,
              "pending": false,
              "context": null,
              "code": "const response = await src_1.restified\n    .given()\n    .baseURL('https://jsonplaceholder.typicode.com')\n    .contentType('application/json')\n    .when()\n    .post('/posts', {\n    // Missing required fields to simulate validation error\n    invalidField: 'test'\n})\n    .execute();\n// JSONPlaceholder is lenient, but real APIs would return validation errors\nawait response\n    .statusCode(201) // JSONPlaceholder always returns 201 for POST\n    .execute();",
              "err": {},
              "uuid": "7b8324c2-035d-4ddb-a2e4-2e9b459df191",
              "parentUUID": "a77ef09b-b8f7-462c-8bba-0248db339ef3",
              "isHook": false,
              "skipped": false
            }
          ],
          "suites": [],
          "passes": [
            "df1ecb49-46cf-4a4e-9a1f-ad31e776b065",
            "81f00ca1-3068-432d-85bc-34b503cf421e",
            "469d7e63-8cb2-46be-b7f8-c4d3c163d44a",
            "ca31d134-fdb7-4ccd-9180-f5f2f304da91",
            "d9464978-99b8-46ff-8e05-5d6aeb1e812e",
            "12310059-968b-497c-9cd6-9670ab0781a7",
            "7b8324c2-035d-4ddb-a2e4-2e9b459df191"
          ],
          "failures": [],
          "pending": [],
          "skipped": [],
          "duration": 14109,
          "root": false,
          "rootEmpty": false,
          "_timeout": 15000
        },
        {
          "uuid": "e5b09aa5-7938-4fd1-a924-2e282b5127f2",
          "title": "GraphQL API Testing",
          "fullFile": "C:\\RajKumar\\Otalio\\Otalio\\Apps\\RestifiedApp\\Restified\\examples\\advanced\\graphql-testing.ts",
          "file": "\\examples\\advanced\\graphql-testing.ts",
          "beforeHooks": [
            {
              "title": "\"before all\" hook in \"GraphQL API Testing\"",
              "fullTitle": "GraphQL API Testing \"before all\" hook in \"GraphQL API Testing\"",
              "timedOut": false,
              "duration": 2,
              "state": null,
              "speed": null,
              "pass": false,
              "fail": false,
              "pending": false,
              "context": null,
              "code": "// Create GraphQL client\nindex_1.restified.createGraphQLClient('github', {\n    endpoint: 'https://api.github.com/graphql',\n    headers: {\n        'Authorization': 'Bearer {{$env.GITHUB_TOKEN}}',\n        'User-Agent': 'RestifiedTS-GraphQL-Test'\n    },\n    timeout: 15000\n});\n// Set test variables\nindex_1.restified.setGlobalVariable('owner', 'facebook');\nindex_1.restified.setGlobalVariable('repo', 'react');",
              "err": {},
              "uuid": "adcf727c-fdb5-4fcf-849f-48a84666f79c",
              "parentUUID": "e5b09aa5-7938-4fd1-a924-2e282b5127f2",
              "isHook": true,
              "skipped": false
            }
          ],
          "afterHooks": [
            {
              "title": "\"after all\" hook in \"GraphQL API Testing\"",
              "fullTitle": "GraphQL API Testing \"after all\" hook in \"GraphQL API Testing\"",
              "timedOut": false,
              "duration": 1,
              "state": null,
              "speed": null,
              "pass": false,
              "fail": false,
              "pending": false,
              "context": null,
              "code": "await index_1.restified.cleanup();",
              "err": {},
              "uuid": "ea8c1550-0781-418a-b43b-6cf1de8bdff2",
              "parentUUID": "e5b09aa5-7938-4fd1-a924-2e282b5127f2",
              "isHook": true,
              "skipped": false
            }
          ],
          "tests": [],
          "suites": [
            {
              "uuid": "8c1c7ded-704b-40de-9b96-37952acd1bd1",
              "title": "GraphQL Queries",
              "fullFile": "C:\\RajKumar\\Otalio\\Otalio\\Apps\\RestifiedApp\\Restified\\examples\\advanced\\graphql-testing.ts",
              "file": "\\examples\\advanced\\graphql-testing.ts",
              "beforeHooks": [],
              "afterHooks": [],
              "tests": [
                {
                  "title": "should execute basic repository query",
                  "fullTitle": "GraphQL API Testing GraphQL Queries should execute basic repository query",
                  "timedOut": false,
                  "duration": 3033,
                  "state": "failed",
                  "speed": null,
                  "pass": false,
                  "fail": true,
                  "pending": false,
                  "context": null,
                  "code": "const client = index_1.restified.getGraphQLClient('github');\nconst query = `\n        query GetRepository($owner: String!, $name: String!) {\n          repository(owner: $owner, name: $name) {\nname\ndescription\nstargazerCount\nforkCount\nlanguage {\n  name\n}\nowner {\n  login\n}\n          }\n        }\n      `;\nconst response = await client.query(query, {\n    owner: '{{owner}}',\n    name: '{{repo}}'\n});\n// Validate GraphQL response structure\n(0, chai_1.expect)(response.status).to.equal(200);\n(0, chai_1.expect)(response.data.data).to.exist;\n(0, chai_1.expect)(response.data.errors).to.not.exist;\nconst repository = response.data.data.repository;\n(0, chai_1.expect)(repository.name).to.equal('react');\n(0, chai_1.expect)(repository.owner.login).to.equal('facebook');\n(0, chai_1.expect)(repository.stargazerCount).to.be.a('number');\n(0, chai_1.expect)(repository.stargazerCount).to.be.greaterThan(100000);\n// Extract repository data\nindex_1.restified.setGlobalVariable('repoStars', repository.stargazerCount);\nindex_1.restified.setGlobalVariable('repoDescription', repository.description);",
                  "err": {
                    "message": "AxiosError: Request failed with status code 401",
                    "estack": "AxiosError: Request failed with status code 401\n    at settle (node_modules\\axios\\lib\\core\\settle.js:19:12)\n    at IncomingMessage.handleStreamEnd (node_modules\\axios\\lib\\adapters\\http.js:599:11)\n    at IncomingMessage.emit (node:events:530:35)\n    at IncomingMessage.emit (node:domain:489:12)\n    at endReadableNT (node:internal/streams/readable:1698:12)\n    at processTicksAndRejections (node:internal/process/task_queues:90:21)\n    at Axios.request (node_modules\\axios\\lib\\core\\Axios.js:45:41)\n    at processTicksAndRejections (node:internal/process/task_queues:105:5)\n    at async GraphQLClient.executeWithRetry (src\\core\\clients\\GraphQLClient.ts:119:24)\n    at async GraphQLClient.query (src\\core\\clients\\GraphQLClient.ts:77:12)\n    at async Context.<anonymous> (examples\\advanced\\graphql-testing.ts:54:24)",
                    "diff": null
                  },
                  "uuid": "f149d803-d5aa-482b-ab51-b986a8594ebf",
                  "parentUUID": "8c1c7ded-704b-40de-9b96-37952acd1bd1",
                  "isHook": false,
                  "skipped": false
                },
                {
                  "title": "should handle GraphQL variables and fragments",
                  "fullTitle": "GraphQL API Testing GraphQL Queries should handle GraphQL variables and fragments",
                  "timedOut": false,
                  "duration": 2874,
                  "state": "failed",
                  "speed": null,
                  "pass": false,
                  "fail": true,
                  "pending": false,
                  "context": null,
                  "code": "const client = index_1.restified.getGraphQLClient('github');\nconst query = `\n        fragment RepositoryInfo on Repository {\n          name\n          description\n          stargazerCount\n          issues(states: OPEN) {\ntotalCount\n          }\n          pullRequests(states: OPEN) {\ntotalCount\n          }\n        }\n\n        query GetRepositoryDetails($owner: String!, $name: String!) {\n          repository(owner: $owner, name: $name) {\n...RepositoryInfo\nlanguages(first: 5) {\n  edges {\n    node {\n      name\n    }\n    size\n  }\n}\n          }\n        }\n      `;\nconst response = await client.query(query, {\n    owner: '{{owner}}',\n    name: '{{repo}}'\n});\n(0, chai_1.expect)(response.status).to.equal(200);\n(0, chai_1.expect)(response.data.data.repository.languages.edges).to.be.an('array');\n(0, chai_1.expect)(response.data.data.repository.issues.totalCount).to.be.a('number');\n(0, chai_1.expect)(response.data.data.repository.pullRequests.totalCount).to.be.a('number');",
                  "err": {
                    "message": "AxiosError: Request failed with status code 401",
                    "estack": "AxiosError: Request failed with status code 401\n    at settle (node_modules\\axios\\lib\\core\\settle.js:19:12)\n    at IncomingMessage.handleStreamEnd (node_modules\\axios\\lib\\adapters\\http.js:599:11)\n    at IncomingMessage.emit (node:events:530:35)\n    at IncomingMessage.emit (node:domain:489:12)\n    at endReadableNT (node:internal/streams/readable:1698:12)\n    at processTicksAndRejections (node:internal/process/task_queues:90:21)\n    at Axios.request (node_modules\\axios\\lib\\core\\Axios.js:45:41)\n    at processTicksAndRejections (node:internal/process/task_queues:105:5)\n    at async GraphQLClient.executeWithRetry (src\\core\\clients\\GraphQLClient.ts:119:24)\n    at async GraphQLClient.query (src\\core\\clients\\GraphQLClient.ts:77:12)\n    at async Context.<anonymous> (examples\\advanced\\graphql-testing.ts:106:24)",
                    "diff": null
                  },
                  "uuid": "e71eb032-ae93-47c3-8527-5ec638382375",
                  "parentUUID": "8c1c7ded-704b-40de-9b96-37952acd1bd1",
                  "isHook": false,
                  "skipped": false
                },
                {
                  "title": "should validate GraphQL errors",
                  "fullTitle": "GraphQL API Testing GraphQL Queries should validate GraphQL errors",
                  "timedOut": false,
                  "duration": 2872,
                  "state": "failed",
                  "speed": null,
                  "pass": false,
                  "fail": true,
                  "pending": false,
                  "context": null,
                  "code": "const client = index_1.restified.getGraphQLClient('github');\n// Invalid query - missing required field\nconst invalidQuery = `\n        query InvalidQuery {\n          repository {\nname\n          }\n        }\n      `;\nconst response = await client.query(invalidQuery);\n(0, chai_1.expect)(response.status).to.equal(200); // GraphQL returns 200 even for errors\n(0, chai_1.expect)(response.data.errors).to.exist;\n(0, chai_1.expect)(response.data.errors).to.be.an('array');\n(0, chai_1.expect)(response.data.errors[0].message).to.include('Field \\'repository\\' of type \\'Repository\\' must have a selection of subfields');",
                  "err": {
                    "message": "AxiosError: Request failed with status code 401",
                    "estack": "AxiosError: Request failed with status code 401\n    at settle (node_modules\\axios\\lib\\core\\settle.js:19:12)\n    at IncomingMessage.handleStreamEnd (node_modules\\axios\\lib\\adapters\\http.js:599:11)\n    at IncomingMessage.emit (node:events:530:35)\n    at IncomingMessage.emit (node:domain:489:12)\n    at endReadableNT (node:internal/streams/readable:1698:12)\n    at processTicksAndRejections (node:internal/process/task_queues:90:21)\n    at Axios.request (node_modules\\axios\\lib\\core\\Axios.js:45:41)\n    at processTicksAndRejections (node:internal/process/task_queues:105:5)\n    at async GraphQLClient.executeWithRetry (src\\core\\clients\\GraphQLClient.ts:119:24)\n    at async GraphQLClient.query (src\\core\\clients\\GraphQLClient.ts:77:12)\n    at async Context.<anonymous> (examples\\advanced\\graphql-testing.ts:129:24)",
                    "diff": null
                  },
                  "uuid": "7c3b60bb-ad68-4723-aafe-856dc7ed2cdd",
                  "parentUUID": "8c1c7ded-704b-40de-9b96-37952acd1bd1",
                  "isHook": false,
                  "skipped": false
                }
              ],
              "suites": [],
              "passes": [],
              "failures": [
                "f149d803-d5aa-482b-ab51-b986a8594ebf",
                "e71eb032-ae93-47c3-8527-5ec638382375",
                "7c3b60bb-ad68-4723-aafe-856dc7ed2cdd"
              ],
              "pending": [],
              "skipped": [],
              "duration": 8779,
              "root": false,
              "rootEmpty": false,
              "_timeout": 30000
            },
            {
              "uuid": "dafd2c01-e144-4896-9c23-da9b57fbed27",
              "title": "GraphQL Introspection",
              "fullFile": "C:\\RajKumar\\Otalio\\Otalio\\Apps\\RestifiedApp\\Restified\\examples\\advanced\\graphql-testing.ts",
              "file": "\\examples\\advanced\\graphql-testing.ts",
              "beforeHooks": [],
              "afterHooks": [],
              "tests": [
                {
                  "title": "should introspect GraphQL schema",
                  "fullTitle": "GraphQL API Testing GraphQL Introspection should introspect GraphQL schema",
                  "timedOut": false,
                  "duration": 2872,
                  "state": "failed",
                  "speed": null,
                  "pass": false,
                  "fail": true,
                  "pending": false,
                  "context": null,
                  "code": "const client = index_1.restified.getGraphQLClient('github');\nconst response = await client.introspect();\n(0, chai_1.expect)(response.status).to.equal(200);\n(0, chai_1.expect)(response.data.data.__schema).to.exist;\n(0, chai_1.expect)(response.data.data.__schema.types).to.be.an('array');\n(0, chai_1.expect)(response.data.data.__schema.queryType.name).to.equal('Query');\n// Find Repository type\nconst repositoryType = response.data.data.__schema.types.find((type) => type.name === 'Repository');\n(0, chai_1.expect)(repositoryType).to.exist;\n(0, chai_1.expect)(repositoryType.fields).to.be.an('array');",
                  "err": {
                    "message": "AxiosError: Request failed with status code 401",
                    "estack": "AxiosError: Request failed with status code 401\n    at settle (node_modules\\axios\\lib\\core\\settle.js:19:12)\n    at IncomingMessage.handleStreamEnd (node_modules\\axios\\lib\\adapters\\http.js:599:11)\n    at IncomingMessage.emit (node:events:530:35)\n    at IncomingMessage.emit (node:domain:489:12)\n    at endReadableNT (node:internal/streams/readable:1698:12)\n    at processTicksAndRejections (node:internal/process/task_queues:90:21)\n    at Axios.request (node_modules\\axios\\lib\\core\\Axios.js:45:41)\n    at processTicksAndRejections (node:internal/process/task_queues:105:5)\n    at async GraphQLClient.executeWithRetry (src\\core\\clients\\GraphQLClient.ts:119:24)\n    at async GraphQLClient.query (src\\core\\clients\\GraphQLClient.ts:77:12)\n    at async Context.<anonymous> (examples\\advanced\\graphql-testing.ts:142:24)",
                    "diff": null
                  },
                  "uuid": "6dd0a2dd-d67e-4345-a910-a1059020eaf7",
                  "parentUUID": "dafd2c01-e144-4896-9c23-da9b57fbed27",
                  "isHook": false,
                  "skipped": false
                }
              ],
              "suites": [],
              "passes": [],
              "failures": [
                "6dd0a2dd-d67e-4345-a910-a1059020eaf7"
              ],
              "pending": [],
              "skipped": [],
              "duration": 2872,
              "root": false,
              "rootEmpty": false,
              "_timeout": 30000
            },
            {
              "uuid": "a1311cfb-6145-4b0f-98fc-b8c39b11a5f8",
              "title": "GraphQL Query Validation",
              "fullFile": "C:\\RajKumar\\Otalio\\Otalio\\Apps\\RestifiedApp\\Restified\\examples\\advanced\\graphql-testing.ts",
              "file": "\\examples\\advanced\\graphql-testing.ts",
              "beforeHooks": [],
              "afterHooks": [],
              "tests": [
                {
                  "title": "should validate query syntax",
                  "fullTitle": "GraphQL API Testing GraphQL Query Validation should validate query syntax",
                  "timedOut": false,
                  "duration": 0,
                  "state": "passed",
                  "speed": "fast",
                  "pass": true,
                  "fail": false,
                  "pending": false,
                  "context": null,
                  "code": "const client = index_1.restified.getGraphQLClient('github');\nconst validQuery = `\n        query ValidQuery($owner: String!) {\n          repository(owner: $owner, name: \"react\") {\nname\n          }\n        }\n      `;\nconst validation = client.validateQuery(validQuery);\n(0, chai_1.expect)(validation.valid).to.be.true;\n(0, chai_1.expect)(validation.errors).to.be.empty;",
                  "err": {},
                  "uuid": "74dbfaba-40f4-48df-b536-f9b4bb2a2466",
                  "parentUUID": "a1311cfb-6145-4b0f-98fc-b8c39b11a5f8",
                  "isHook": false,
                  "skipped": false
                },
                {
[...]
              "pending": [],
              "skipped": [],
              "duration": 3773,
              "root": false,
              "rootEmpty": false,
              "_timeout": 60000
            },
            {
              "uuid": "a5e30602-97e8-46eb-aae4-2341b889c7af",
              "title": "Error Handling and Reconnection",
              "fullFile": "C:\\RajKumar\\Otalio\\Otalio\\Apps\\RestifiedApp\\Restified\\examples\\advanced\\websocket-testing.ts",
              "file": "\\examples\\advanced\\websocket-testing.ts",
              "beforeHooks": [],
              "afterHooks": [],
              "tests": [
                {
                  "title": "should handle disconnection gracefully",
                  "fullTitle": "WebSocket Real-time Testing Error Handling and Reconnection should handle disconnection gracefully",
                  "timedOut": false,
                  "duration": 211,
                  "state": "passed",
                  "speed": "slow",
                  "pass": true,
                  "fail": false,
                  "pending": false,
                  "context": null,
                  "code": "const client = index_1.restified.getWebSocketClient('echo');\nif (client.isConnected()) {\n    await client.disconnect();\n    (0, chai_1.expect)(client.isConnected()).to.be.false;\n    // Test result should show disconnection\n    const testResult = client.getTestResult();\n    (0, chai_1.expect)(testResult.connected).to.be.false;\n    (0, chai_1.expect)(testResult.disconnectionTime).to.be.a('number');\n    (0, chai_1.expect)(testResult.messages).to.be.an('array');\n}",
                  "err": {},
                  "uuid": "046afd82-09fc-4372-b142-ed58d947d71c",
                  "parentUUID": "a5e30602-97e8-46eb-aae4-2341b889c7af",
                  "isHook": false,
                  "skipped": false
                }
              ],
              "suites": [],
              "passes": [
                "046afd82-09fc-4372-b142-ed58d947d71c"
              ],
              "failures": [],
              "pending": [],
              "skipped": [],
              "duration": 211,
              "root": false,
              "rootEmpty": false,
              "_timeout": 60000
            }
          ],
          "passes": [],
          "failures": [],
          "pending": [],
          "skipped": [],
          "duration": 0,
          "root": false,
          "rootEmpty": false,
          "_timeout": 60000
        },
        {
          "uuid": "43d588da-ef54-4eec-8f14-16b8cef74208",
          "title": "Bearer Token Authentication Example",
          "fullFile": "C:\\RajKumar\\Otalio\\Otalio\\Apps\\RestifiedApp\\Restified\\examples\\authentication\\bearer-auth.ts",
          "file": "\\examples\\authentication\\bearer-auth.ts",
          "beforeHooks": [
            {
              "title": "\"before all\" hook: Bearer Token in \"Bearer Token Authentication Example\"",
              "fullTitle": "Bearer Token Authentication Example \"before all\" hook: Bearer Token in \"Bearer Token Authentication Example\"",
              "timedOut": false,
              "duration": 0,
              "state": null,
              "speed": null,
              "pass": false,
              "fail": false,
              "pending": false,
              "context": null,
              "code": "test_utils_1.GlobalTestUtils.logTestProgress('Simple GET', 'Global Setup');\n(0, chai_1.expect)(true).to.be.true; // Ensure global setup is complete",
              "err": {},
              "uuid": "837f433d-341c-48de-858e-5b482059e1a8",
              "parentUUID": "43d588da-ef54-4eec-8f14-16b8cef74208",
              "isHook": true,
              "skipped": false
            },
            {
              "title": "\"before each\" hook: Bearer Token in \"Bearer Token Authentication Example\"",
              "fullTitle": "Bearer Token Authentication Example \"before each\" hook: Bearer Token in \"Bearer Token Authentication Example\"",
              "timedOut": false,
              "duration": 0,
              "state": null,
              "speed": null,
              "pass": false,
              "fail": false,
              "pending": false,
              "context": null,
              "code": "test_utils_1.GlobalTestUtils.logTestProgress('Simple GET', 'Global Setup');\n(0, chai_1.expect)(true).to.be.true; // Ensure global setup is complete",
              "err": {},
              "uuid": "be0cd024-18e0-4084-92a1-92e8d4b13cd8",
              "parentUUID": "43d588da-ef54-4eec-8f14-16b8cef74208",
              "isHook": true,
              "skipped": false
            }
          ],
          "afterHooks": [
            {
              "title": "\"after all\" hook: Bearer Token in \"Bearer Token Authentication Example\"",
              "fullTitle": "Bearer Token Authentication Example \"after all\" hook: Bearer Token in \"Bearer Token Authentication Example\"",
              "timedOut": false,
              "duration": 0,
              "state": null,
              "speed": null,
              "pass": false,
              "fail": false,
              "pending": false,
              "context": null,
              "code": "test_utils_1.GlobalTestUtils.logTestProgress('Simple GET', 'Global Setup');\n(0, chai_1.expect)(true).to.be.true; // Ensure global setup is complete",
              "err": {},
              "uuid": "74dbae72-b95c-4428-93e4-0b1331bc6835",
              "parentUUID": "43d588da-ef54-4eec-8f14-16b8cef74208",
              "isHook": true,
              "skipped": false
            },
            {
              "title": "\"after each\" hook: Bearer Token in \"Bearer Token Authentication Example\"",
              "fullTitle": "Bearer Token Authentication Example \"after each\" hook: Bearer Token in \"Bearer Token Authentication Example\"",
              "timedOut": false,
              "duration": 1,
              "state": null,
              "speed": null,
              "pass": false,
              "fail": false,
              "pending": false,
              "context": null,
              "code": "test_utils_1.GlobalTestUtils.logTestProgress('Simple GET', 'Global Setup');\n(0, chai_1.expect)(true).to.be.true; // Ensure global setup is complete",
              "err": {},
              "uuid": "33ce6237-d9a0-495e-8f5a-8359da7f72be",
              "parentUUID": "43d588da-ef54-4eec-8f14-16b8cef74208",
              "isHook": true,
              "skipped": false
            }
          ],
          "tests": [
            {
              "title": "should use global authentication token with testUtils client",
              "fullTitle": "Bearer Token Authentication Example should use global authentication token with testUtils client",
              "timedOut": false,
              "duration": 5,
              "state": "failed",
              "speed": null,
              "pass": false,
              "fail": true,
              "pending": false,
              "context": null,
              "code": "test_utils_1.GlobalTestUtils.logTestProgress('Bearer Auth', 'Global Token Usage');\n// Use the global auth token that was obtained during global setup\n// Common headers are already included in the client configuration\nconst response = await src_1.restified\n    .given()\n    .useClient('testUtils') // Pre-configured client\n    .bearerToken('{{globalAuthToken}}') // Global auth token\n    .when()\n    .get('/bearer')\n    .execute();\nawait response\n    .statusCode(200)\n    .jsonPath('$.authenticated', true)\n    .jsonPath('$.token', src_1.restified.getVariable('globalAuthToken'))\n    .execute();\nconsole.log('✅ Authentication successful with global token');",
              "err": {
                "message": "TypeError: Invalid URL",
                "estack": "TypeError: Invalid URL\n    at new URL (node:internal/url:818:25)\n    at dispatchHttpRequest (node_modules\\axios\\lib\\adapters\\http.js:232:20)\n    at C:\\RajKumar\\Otalio\\Otalio\\Apps\\RestifiedApp\\Restified\\node_modules\\axios\\lib\\adapters\\http.js:152:5\n    at new Promise (<anonymous>)\n    at wrapAsync (node_modules\\axios\\lib\\adapters\\http.js:132:10)\n    at http (node_modules\\axios\\lib\\adapters\\http.js:170:10)\n    at Axios.dispatchRequest (node_modules\\axios\\lib\\core\\dispatchRequest.js:51:10)\n    at Axios._request (node_modules\\axios\\lib\\core\\Axios.js:187:33)\n    at Axios.request (node_modules\\axios\\lib\\core\\Axios.js:40:25)\n    at Function.wrap [as request] (node_modules\\axios\\lib\\helpers\\bind.js:5:15)\n    at WhenStep.performHttpRequest (src\\core\\dsl\\when.core.ts:230:32)\n    at C:\\RajKumar\\Otalio\\Otalio\\Apps\\RestifiedApp\\Restified\\src\\core\\dsl\\when.core.ts:183:28\n    at RetryManager.executeWithRetry (src\\core\\network\\RetryManager.ts:168:32)\n    at C:\\RajKumar\\Otalio\\Otalio\\Apps\\RestifiedApp\\Restified\\src\\core\\dsl\\when.core.ts:181:40\n    at CircuitBreakerManager.executeRequest (src\\core\\network\\CircuitBreakerManager.ts:209:29)\n    at CircuitBreakerManager.executeInClosedState (src\\core\\network\\CircuitBreakerManager.ts:106:33)\n    at CircuitBreakerManager.executeWithCircuitBreaker (src\\core\\network\\CircuitBreakerManager.ts:85:27)\n    at WhenStep.execute (src\\core\\dsl\\when.core.ts:177:45)\n    at Context.<anonymous> (examples\\authentication\\bearer-auth.ts:44:10)\n    at Axios.request (node_modules\\axios\\lib\\core\\Axios.js:45:41)\n    at async WhenStep.performHttpRequest (src\\core\\dsl\\when.core.ts:230:20)\n    at async RetryManager.executeWithRetry (src\\core\\network\\RetryManager.ts:168:26)\n    at async C:\\RajKumar\\Otalio\\Otalio\\Apps\\RestifiedApp\\Restified\\src\\core\\dsl\\when.core.ts:181:16\n    at async CircuitBreakerManager.executeRequest (src\\core\\network\\CircuitBreakerManager.ts:212:9)\n    at async CircuitBreakerManager.executeInClosedState (src\\core\\network\\CircuitBreakerManager.ts:106:22)\n    at async CircuitBreakerManager.executeWithCircuitBreaker (src\\core\\network\\CircuitBreakerManager.ts:85:16)\n    at async WhenStep.execute (src\\core\\dsl\\when.core.ts:177:12)\n    at async Context.<anonymous> (examples\\authentication\\bearer-auth.ts:38:22)",
                "diff": null
              },
              "uuid": "1909cce4-294b-46bd-ad69-6ff7bcd5a7e4",
              "parentUUID": "43d588da-ef54-4eec-8f14-16b8cef74208",
              "isHook": false,
              "skipped": false
            },
            {
              "title": "should demonstrate environment-based authentication",
              "fullTitle": "Bearer Token Authentication Example should demonstrate environment-based authentication",
              "timedOut": false,
              "duration": 3,
              "state": "failed",
              "speed": null,
              "pass": false,
              "fail": true,
              "pending": false,
              "context": null,
              "code": "test_utils_1.GlobalTestUtils.logTestProgress('Bearer Auth', 'Environment Auth');\n// Use environment variable that was set up during global setup\n// Common headers are already included in the client configuration\nconst response = await src_1.restified\n    .given()\n    .useClient('testUtils')\n    .bearerToken('{{$env.EXAMPLE_API_KEY}}') // From global setup\n    .when()\n    .get('/bearer')\n    .execute();\nawait response\n    .statusCode(200)\n    .jsonPath('$.authenticated', true)\n    .jsonPath('$.token', process.env.EXAMPLE_API_KEY)\n    .execute();\nconsole.log('✅ Environment-based authentication successful');",
              "err": {
                "message": "TypeError: Invalid URL",
                "estack": "TypeError: Invalid URL\n    at new URL (node:internal/url:818:25)\n    at dispatchHttpRequest (node_modules\\axios\\lib\\adapters\\http.js:232:20)\n    at C:\\RajKumar\\Otalio\\Otalio\\Apps\\RestifiedApp\\Restified\\node_modules\\axios\\lib\\adapters\\http.js:152:5\n    at new Promise (<anonymous>)\n    at wrapAsync (node_modules\\axios\\lib\\adapters\\http.js:132:10)\n    at http (node_modules\\axios\\lib\\adapters\\http.js:170:10)\n    at Axios.dispatchRequest (node_modules\\axios\\lib\\core\\dispatchRequest.js:51:10)\n    at Axios._request (node_modules\\axios\\lib\\core\\Axios.js:187:33)\n    at Axios.request (node_modules\\axios\\lib\\core\\Axios.js:40:25)\n    at Function.wrap [as request] (node_modules\\axios\\lib\\helpers\\bind.js:5:15)\n    at WhenStep.performHttpRequest (src\\core\\dsl\\when.core.ts:230:32)\n    at C:\\RajKumar\\Otalio\\Otalio\\Apps\\RestifiedApp\\Restified\\src\\core\\dsl\\when.core.ts:183:28\n    at RetryManager.executeWithRetry (src\\core\\network\\RetryManager.ts:168:32)\n    at C:\\RajKumar\\Otalio\\Otalio\\Apps\\RestifiedApp\\Restified\\src\\core\\dsl\\when.core.ts:181:40\n    at CircuitBreakerManager.executeRequest (src\\core\\network\\CircuitBreakerManager.ts:209:29)\n    at CircuitBreakerManager.executeInClosedState (src\\core\\network\\CircuitBreakerManager.ts:106:33)\n    at CircuitBreakerManager.executeWithCircuitBreaker (src\\core\\network\\CircuitBreakerManager.ts:85:27)\n    at WhenStep.execute (src\\core\\dsl\\when.core.ts:177:45)\n    at Context.<anonymous> (examples\\authentication\\bearer-auth.ts:66:10)\n    at Axios.request (node_modules\\axios\\lib\\core\\Axios.js:45:41)\n    at async WhenStep.performHttpRequest (src\\core\\dsl\\when.core.ts:230:20)\n    at async RetryManager.executeWithRetry (src\\core\\network\\RetryManager.ts:168:26)\n    at async C:\\RajKumar\\Otalio\\Otalio\\Apps\\RestifiedApp\\Restified\\src\\core\\dsl\\when.core.ts:181:16\n    at async CircuitBreakerManager.executeRequest (src\\core\\network\\CircuitBreakerManager.ts:212:9)\n    at async CircuitBreakerManager.executeInClosedState (src\\core\\network\\CircuitBreakerManager.ts:106:22)\n    at async CircuitBreakerManager.executeWithCircuitBreaker (src\\core\\network\\CircuitBreakerManager.ts:85:16)\n    at async WhenStep.execute (src\\core\\dsl\\when.core.ts:177:12)\n    at async Context.<anonymous> (examples\\authentication\\bearer-auth.ts:60:22)",
                "diff": null
              },
              "uuid": "aee444a9-6677-420d-9d95-2393ad9da214",
              "parentUUID": "43d588da-ef54-4eec-8f14-16b8cef74208",
              "isHook": false,
              "skipped": false
            },
            {
              "title": "should show authenticated API workflow",
              "fullTitle": "Bearer Token Authentication Example should show authenticated API workflow",
              "timedOut": false,
              "duration": 1,
              "state": "failed",
              "speed": null,
              "pass": false,
              "fail": true,
              "pending": false,
              "context": null,
              "code": "test_utils_1.GlobalTestUtils.logTestProgress('Bearer Auth', 'API Workflow');\n// Step 1: Use authenticated API client for business operation\n// Common headers are already included in the client configuration\nconst userResponse = await src_1.restified\n    .given()\n    .useClient('api') // Pre-configured with global auth\n    .header('Authorization', `Bearer {{globalAuthToken}}`)\n    .when()\n    .get('/users/{{globalUserId}}')\n    .execute();\nawait userResponse\n    .statusCode(200)\n    .jsonPath('$.id', src_1.restified.getVariable('globalUserId'))\n    .extract('$.phone', 'userPhone')\n    .execute();\n// Step 2: Validate auth token with test utilities\nconst validateResponse = await src_1.restified\n    .given()\n    .useClient('testUtils')\n    .header('X-User-Phone', '{{userPhone}}')\n    .header('X-Global-User', '{{globalUserEmail}}')\n    .bearerToken('{{globalAuthToken}}')\n    .when()\n    .get('/bearer')\n    .execute();\nawait validateResponse\n    .statusCode(200)\n    .jsonPath('$.authenticated', true)\n    .custom((response) => {\n    return response.data.token === src_1.restified.getVariable('globalAuthToken');\n}, 'Token should match global auth token')\n    .execute();\nconsole.log('✅ Full authenticated workflow completed');",
              "err": {
                "message": "Error: Circuit breaker 'GET:/' is OPEN. Failing fast to protect downstream service.",
                "estack": "Error: Circuit breaker 'GET:/' is OPEN. Failing fast to protect downstream service.\n    at CircuitBreakerManager.executeInOpenState (src\\core\\network\\CircuitBreakerManager.ts:139:19)\n    at CircuitBreakerManager.executeWithCircuitBreaker (src\\core\\network\\CircuitBreakerManager.ts:88:27)\n    at WhenStep.execute (src\\core\\dsl\\when.core.ts:177:45)\n    at Context.<anonymous> (examples\\authentication\\bearer-auth.ts:88:10)",
                "diff": null
              },
              "uuid": "985ee0d7-5622-4991-a911-ada8e2882d41",
              "parentUUID": "43d588da-ef54-4eec-8f14-16b8cef74208",
              "isHook": false,
              "skipped": false
            },
            {
              "title": "should handle authentication errors with global patterns",
              "fullTitle": "Bearer Token Authentication Example should handle authentication errors with global patterns",
              "timedOut": false,
              "duration": 1,
              "state": "failed",
              "speed": null,
              "pass": false,
              "fail": true,
              "pending": false,
              "context": null,
              "code": "test_utils_1.GlobalTestUtils.logTestProgress('Bearer Auth', 'Error Handling');\n// Test authentication failure using invalid token\n// Common headers are already included in the client configuration\nconst response = await src_1.restified\n    .given()\n    .useClient('testUtils')\n    .bearerToken('invalid-global-token')\n    .when()\n    .get('/bearer')\n    .execute();\nawait response\n    .statusCode(200) // HTTPBin accepts any token for demo\n    .jsonPath('$.authenticated', true)\n    .jsonPath('$.token', 'invalid-global-token')\n    .execute();\nconsole.log('✅ Authentication error handling verified');",
              "err": {
                "message": "Error: Circuit breaker 'GET:/' is OPEN. Failing fast to protect downstream service.",
                "estack": "Error: Circuit breaker 'GET:/' is OPEN. Failing fast to protect downstream service.\n    at CircuitBreakerManager.executeInOpenState (src\\core\\network\\CircuitBreakerManager.ts:139:19)\n    at CircuitBreakerManager.executeWithCircuitBreaker (src\\core\\network\\CircuitBreakerManager.ts:88:27)\n    at WhenStep.execute (src\\core\\dsl\\when.core.ts:177:45)\n    at Context.<anonymous> (examples\\authentication\\bearer-auth.ts:129:10)",
                "diff": null
              },
              "uuid": "a0705415-3ef3-461f-9672-1797f60c01fa",
              "parentUUID": "43d588da-ef54-4eec-8f14-16b8cef74208",
              "isHook": false,
              "skipped": false
            }
          ],
          "suites": [],
          "passes": [],
          "failures": [
            "1909cce4-294b-46bd-ad69-6ff7bcd5a7e4",
            "aee444a9-6677-420d-9d95-2393ad9da214",
            "985ee0d7-5622-4991-a911-ada8e2882d41",
            "a0705415-3ef3-461f-9672-1797f60c01fa"
          ],
          "pending": [],
          "skipped": [],
          "duration": 10,
          "root": false,
          "rootEmpty": false,
          "_timeout": 10000
        }
      ],
      "passes": [],
      "failures": [],
      "pending": [],
      "skipped": [],
      "duration": 0,
      "root": true,
      "rootEmpty": true,
      "_timeout": 10000
    }
  ],
  "meta": {
    "mocha": {
      "version": "10.8.2"
    },
    "mochawesome": {
      "options": {
        "quiet": false,
        "reportFilename": "mochawesome",
        "saveHtml": true,
        "saveJson": true,
        "consoleReporter": "spec",
        "useInlineDiffs": false,
        "code": true
      },
      "version": "7.1.3"
    },
    "marge": {
      "options": {
        "[object Object]": true
      },
      "version": "6.2.0"
    }
  }
}