{
  "stats": {
    "suites": 33,
    "tests": 85,
    "passes": 68,
    "pending": 1,
    "failures": 16,
    "start": "2025-08-21T07:41:20.503Z",
    "end": "2025-08-21T07:42:23.355Z",
    "duration": 62852,
    "testsRegistered": 85,
    "passPercent": 80.95238095238095,
    "pendingPercent": 1.1764705882352942,
    "other": 0,
    "hasOther": false,
    "skipped": 0,
    "hasSkipped": false
  },
  "results": [
    {
      "uuid": "16625a79-fe4f-49ae-b3bf-5d7f8c873867",
      "title": "",
      "fullFile": "",
      "file": "",
      "beforeHooks": [
        {
          "title": "\"before all\" hook: Before in \"{root}\"",
          "fullTitle": "\"before all\" hook: Before in \"{root}\"",
          "timedOut": false,
          "duration": 6091,
          "state": null,
          "speed": null,
          "pass": false,
          "fail": false,
          "pending": false,
          "context": null,
          "code": "this.timeout(30000); // Allow time for setup\nconsole.log('\\n🚀 === GLOBAL SETUP: Initializing Restified ===');\n// Step 1: Load configuration\nconsole.log('📋 Loading configuration...');\ntry {\n    const configLoader = ConfigLoader_1.ConfigLoader.getInstance();\n    config = await configLoader.loadConfig();\n    // Validate configuration\n    const validation = configLoader.validateConfig(config);\n    if (!validation.valid) {\n        console.log('⚠️  Configuration validation warnings:');\n        validation.errors.forEach(error => console.log(`   - ${error}`));\n    }\n    console.log('✅ Configuration loaded');\n}\ncatch (error) {\n    console.log('⚠️  Error loading configuration:', error.message);\n    console.log('📋 Using default configuration');\n    config = {}; // Will use defaults\n}\n// Step 2: Setup reporting infrastructure (only when needed)\nif (isReportingEnabled && config.reporting?.enabled !== false) {\n    console.log('📊 Setting up reporting infrastructure...');\n    const reportsDir = path.join(process.cwd(), config.reporting?.outputDir || 'reports');\n    try {\n        if (!fs.existsSync(reportsDir)) {\n            fs.mkdirSync(reportsDir, { recursive: true });\n        }\n        const reportMetadata = {\n            executionId: `restified-${Date.now()}`,\n            timestamp: new Date().toISOString(),\n            environment: config.environment?.name || 'development',\n            framework: 'Restified v1.0.0',\n            reportType: 'User-Generated Report'\n        };\n        fs.writeFileSync(path.join(reportsDir, 'report-info.json'), JSON.stringify(reportMetadata, null, 2));\n        console.log('✅ Reporting ready');\n        console.log(`   📁 Reports will be saved to: ${reportsDir}/`);\n    }\n    catch (error) {\n        console.log('⚠️  Warning: Could not setup reporting:', error.message);\n    }\n}\n// Step 3: Configure HTTP clients from config\nconsole.log('🔧 Setting up HTTP clients...');\nif (config.clients) {\n    for (const [clientName, clientConfig] of Object.entries(config.clients)) {\n        // Merge global headers with client-specific headers\n        const headers = {\n            ...config.globalHeaders,\n            ...clientConfig.headers\n        };\n        src_1.restified.createClient(clientName, {\n            ...clientConfig,\n            headers\n        });\n    }\n    console.log(`✅ ${Object.keys(config.clients).length} HTTP clients configured`);\n}\nelse {\n    console.log('⚠️  No HTTP clients configured');\n}\n// Step 4: Perform authentication\nif (config.authentication) {\n    console.log('🔐 Performing authentication...');\n    try {\n        const authResponse = await src_1.restified\n            .given()\n            .useClient(config.authentication.client)\n            .when()[config.authentication.method.toLowerCase()](config.authentication.endpoint)\n            .execute();\n        await authResponse\n            .statusCode(200)\n            .extract(config.authentication.extractors.token, 'globalAuthToken')\n            .extract(config.authentication.extractors.userEmail, 'globalUserEmail')\n            .extract(config.authentication.extractors.userId, 'globalUserId')\n            .execute();\n        // Automatically add auth token to configured HTTP clients\n        const authToken = src_1.restified.getVariable('globalAuthToken');\n        if (authToken) {\n            const authHeaderName = config.authentication.authHeaderName || 'Authorization';\n            const autoApplyToClients = config.authentication.autoApplyToClients || 'all';\n            if (autoApplyToClients === 'all') {\n                src_1.restified.addAuthTokenToAllClients(authToken, authHeaderName);\n                console.log('✅ Authentication successful - Auth token added to all clients');\n            }\n            else if (Array.isArray(autoApplyToClients)) {\n                for (const clientName of autoApplyToClients) {\n                    const headerValue = authHeaderName === 'Authorization' ? `Bearer ${authToken}` : authToken;\n                    src_1.restified.updateClientHeaders(clientName, { [authHeaderName]: headerValue });\n                }\n                console.log(`✅ Authentication successful - Auth token added to clients: ${autoApplyToClients.join(', ')}`);\n            }\n            console.log('   📧 User Email:', src_1.restified.getVariable('globalUserEmail'));\n            console.log('   🆔 User ID:', src_1.restified.getVariable('globalUserId'));\n            console.log(`   🔐 Auth token automatically applied using header: ${authHeaderName}`);\n        }\n    }\n    catch (error) {\n        console.log('⚠️  Authentication failed, using fallback values');\n        if (config.authentication.fallback) {\n            src_1.restified.setGlobalVariable('globalAuthToken', config.authentication.fallback.token);\n            src_1.restified.setGlobalVariable('globalUserEmail', config.authentication.fallback.userEmail);\n            src_1.restified.setGlobalVariable('globalUserId', config.authentication.fallback.userId);\n            // Add fallback auth token to configured clients\n            const authHeaderName = config.authentication.authHeaderName || 'Authorization';\n            const autoApplyToClients = config.authentication.autoApplyToClients || 'all';\n            if (autoApplyToClients === 'all') {\n                src_1.restified.addAuthTokenToAllClients(config.authentication.fallback.token, authHeaderName);\n                console.log('   🔐 Fallback auth token added to all clients');\n            }\n            else if (Array.isArray(autoApplyToClients)) {\n                for (const clientName of autoApplyToClients) {\n                    const headerValue = authHeaderName === 'Authorization'\n                        ? `Bearer ${config.authentication.fallback.token}`\n                        : config.authentication.fallback.token;\n                    src_1.restified.updateClientHeaders(clientName, { [authHeaderName]: headerValue });\n                }\n                console.log(`   🔐 Fallback auth token added to clients: ${autoApplyToClients.join(', ')}`);\n            }\n        }\n    }\n}\n// Step 5: Set up global variables from config\nif (config.globalVariables) {\n    console.log('📋 Setting up global variables...');\n    src_1.restified.setGlobalVariables(config.globalVariables);\n    console.log(`✅ ${Object.keys(config.globalVariables).length} global variables configured`);\n}\n// Step 6: Set up environment variables from config\nif (config.environmentVariables) {\n    for (const [key, value] of Object.entries(config.environmentVariables)) {\n        process.env[key] = value;\n    }\n    console.log(`✅ ${Object.keys(config.environmentVariables).length} environment variables set`);\n}\n// Step 7: Verify connectivity with health checks\nif (config.healthChecks && config.healthChecks.length > 0) {\n    console.log('🔍 Verifying service connectivity...');\n    for (const healthCheck of config.healthChecks) {\n        try {\n            const response = await src_1.restified\n                .given()\n                .useClient(healthCheck.client)\n                .when()\n                .get(healthCheck.endpoint)\n                .execute();\n            await response.statusCode(healthCheck.expectedStatus).execute();\n            console.log(`   ✅ ${healthCheck.name}: OK`);\n        }\n        catch (error) {\n            console.log(`   ⚠️  ${healthCheck.name}: Failed`);\n        }\n    }\n}\nconsole.log('🎯 === GLOBAL SETUP COMPLETE ===\\n');",
          "err": {},
          "uuid": "d6c0e7b2-2275-48ee-9a76-991877a5cd5e",
          "parentUUID": "16625a79-fe4f-49ae-b3bf-5d7f8c873867",
          "isHook": true,
          "skipped": false
        },
        {
          "title": "\"before each\" hook in \"{root}\"",
          "fullTitle": "\"before each\" hook in \"{root}\"",
          "timedOut": false,
          "duration": 0,
          "state": null,
          "speed": null,
          "pass": false,
          "fail": false,
          "pending": false,
          "context": "[\n  {\n    \"title\": \"📊 Restified Request/Response Details\",\n    \"value\": {\n      \"request\": {\n        \"method\": \"POST\",\n        \"url\": \"https://jsonplaceholder.typicode.com/posts\",\n        \"headers\": {},\n        \"body\": {\n          \"title\": \"My Test Post\",\n          \"body\": \"Created using global auth by {{globalUserEmail}}\",\n          \"userId\": \"1\"\n        },\n        \"timestamp\": \"2025-08-21T07:41:26.881Z\"\n      },\n      \"response\": {\n        \"status\": 201,\n        \"statusText\": \"Created\",\n        \"headers\": {\n          \"date\": \"Thu, 21 Aug 2025 07:41:26 GMT\",\n          \"content-type\": \"application/json; charset=utf-8\",\n          \"content-length\": \"121\",\n          \"connection\": \"keep-alive\",\n          \"access-control-allow-credentials\": \"true\",\n          \"access-control-expose-headers\": \"Location\",\n          \"cache-control\": \"no-cache\",\n          \"etag\": \"W/\\\"79-jb7Ct/F0CRBC7SLwRvKLt5VtCmo\\\"\",\n          \"expires\": \"-1\",\n          \"location\": \"https://jsonplaceholder.typicode.com/posts/101\",\n          \"nel\": \"{\\\"report_to\\\":\\\"heroku-nel\\\",\\\"response_headers\\\":[\\\"Via\\\"],\\\"max_age\\\":3600,\\\"success_fraction\\\":0.01,\\\"failure_fraction\\\":0.1}\",\n          \"pragma\": \"no-cache\",\n          \"report-to\": \"{\\\"group\\\":\\\"heroku-nel\\\",\\\"endpoints\\\":[{\\\"url\\\":\\\"https://nel.heroku.com/reports?s=xO1CCy4gbvdPcRNJ6Su%2B7fZo4W5e2OuoiyBp0J4JxuY%3D\\\\u0026sid=e11707d5-02a7-43ef-b45e-2cf4d2036f7d\\\\u0026ts=1755762086\\\"}],\\\"max_age\\\":3600}\",\n          \"reporting-endpoints\": \"heroku-nel=\\\"https://nel.heroku.com/reports?s=xO1CCy4gbvdPcRNJ6Su%2B7fZo4W5e2OuoiyBp0J4JxuY%3D&sid=e11707d5-02a7-43ef-b45e-2cf4d2036f7d&ts=1755762086\\\"\",\n          \"server\": \"cloudflare\",\n          \"vary\": \"Origin, X-HTTP-Method-Override, Accept-Encoding\",\n          \"via\": \"2.0 heroku-router\",\n          \"x-content-type-options\": \"nosniff\",\n          \"x-powered-by\": \"Express\",\n          \"x-ratelimit-limit\": \"1000\",\n          \"x-ratelimit-remaining\": \"997\",\n          \"x-ratelimit-reset\": \"1755762097\",\n          \"cf-cache-status\": \"DYNAMIC\",\n          \"cf-ray\": \"97287cf1cae1cfa3-MRS\",\n          \"alt-svc\": \"h3=\\\":443\\\"; ma=86400\"\n        },\n        \"body\": {\n          \"title\": \"My Test Post\",\n          \"body\": \"Created using global auth by {{globalUserEmail}}\",\n          \"userId\": \"1\",\n          \"id\": 101\n        },\n        \"responseTime\": \"282ms\",\n        \"timestamp\": \"2025-08-21T07:41:26.881Z\"\n      },\n      \"assertions\": [\n        {\n          \"type\": \"statusCode\",\n          \"passed\": true,\n          \"message\": \"Expected status code 201, got 201\",\n          \"expected\": 201,\n          \"actual\": 201\n        },\n        {\n          \"type\": \"jsonPath\",\n          \"passed\": true,\n          \"message\": \"JSONPath '$.title' expected 'My Test Post', got 'My Test Post'\",\n          \"expected\": \"My Test Post\",\n          \"actual\": \"My Test Post\"\n        },\n        {\n          \"type\": \"jsonPath\",\n          \"passed\": true,\n          \"message\": \"JSONPath '$.userId' expected '1', got '1'\",\n          \"expected\": \"1\",\n          \"actual\": \"1\"\n        }\n      ],\n      \"framework\": {\n        \"name\": \"Restified\",\n        \"version\": \"1.0.0\",\n        \"nodeVersion\": \"v22.17.1\",\n        \"platform\": \"win32\",\n        \"testSuite\": \"enterprise-api-tests\"\n      }\n    }\n  },\n  {\n    \"title\": \"✅ Assertion Summary\",\n    \"value\": {\n      \"total\": 3,\n      \"passed\": 3,\n      \"failed\": 0,\n      \"details\": [\n        \"All assertions passed\"\n      ]\n    }\n  },\n  {\n    \"title\": \"📊 Restified Request/Response Details\",\n    \"value\": {\n      \"request\": {\n        \"method\": \"GET\",\n        \"url\": \"https://jsonplaceholder.typicode.com/posts/1\",\n        \"headers\": {},\n        \"timestamp\": \"2025-08-21T07:41:27.064Z\"\n      },\n      \"response\": {\n        \"status\": 200,\n        \"statusText\": \"OK\",\n        \"headers\": {\n          \"date\": \"Thu, 21 Aug 2025 07:41:26 GMT\",\n          \"content-type\": \"application/json; charset=utf-8\",\n          \"transfer-encoding\": \"chunked\",\n          \"connection\": \"keep-alive\",\n          \"access-control-allow-credentials\": \"true\",\n          \"cache-control\": \"max-age=43200\",\n          \"etag\": \"W/\\\"124-yiKdLzqO5gfBrJFrcdJ8Yq0LGnU\\\"\",\n          \"expires\": \"-1\",\n          \"nel\": \"{\\\"report_to\\\":\\\"heroku-nel\\\",\\\"response_headers\\\":[\\\"Via\\\"],\\\"max_age\\\":3600,\\\"success_fraction\\\":0.01,\\\"failure_fraction\\\":0.1}\",\n          \"pragma\": \"no-cache\",\n          \"report-to\": \"{\\\"group\\\":\\\"heroku-nel\\\",\\\"endpoints\\\":[{\\\"url\\\":\\\"https://nel.heroku.com/reports?s=qmF%2B0RYtDk6ARVLbocBZfggycY9qc4JYDhd2rZIgWGs%3D\\\\u0026sid=e11707d5-02a7-43ef-b45e-2cf4d2036f7d\\\\u0026ts=1754072508\\\"}],\\\"max_age\\\":3600}\",\n          \"reporting-endpoints\": \"heroku-nel=\\\"https://nel.heroku.com/reports?s=qmF%2B0RYtDk6ARVLbocBZfggycY9qc4JYDhd2rZIgWGs%3D&sid=e11707d5-02a7-43ef-b45e-2cf4d2036f7d&ts=1754072508\\\"\",\n          \"server\": \"cloudflare\",\n          \"vary\": \"Origin, Accept-Encoding\",\n          \"via\": \"2.0 heroku-router\",\n          \"x-content-type-options\": \"nosniff\",\n          \"x-powered-by\": \"Express\",\n          \"x-ratelimit-limit\": \"1000\",\n          \"x-ratelimit-remaining\": \"999\",\n          \"x-ratelimit-reset\": \"1754072526\",\n          \"age\": \"17073\",\n          \"cf-cache-status\": \"HIT\",\n          \"cf-ray\": \"97287cf38e2bcfa3-MRS\",\n          \"alt-svc\": \"h3=\\\":443\\\"; ma=86400\"\n        },\n        \"body\": {\n          \"userId\": 1,\n          \"id\": 1,\n          \"title\": \"sunt aut facere repellat provident occaecati excepturi optio reprehenderit\",\n          \"body\": \"quia et suscipit\\nsuscipit recusandae consequuntur expedita et cum\\nreprehenderit molestiae ut ut quas totam\\nnostrum rerum est autem sunt rem eveniet architecto\"\n        },\n        \"responseTime\": \"180ms\",\n        \"timestamp\": \"2025-08-21T07:41:27.064Z\"\n      },\n      \"assertions\": [\n        {\n          \"type\": \"statusCode\",\n          \"passed\": true,\n          \"message\": \"Expected status code 200, got 200\",\n          \"expected\": 200,\n          \"actual\": 200\n        },\n        {\n          \"type\": \"jsonPath\",\n          \"passed\": true,\n          \"message\": \"JSONPath '$.id' expected '1', got '1'\",\n          \"expected\": 1,\n          \"actual\": 1\n        },\n        {\n          \"type\": \"jsonPath\",\n          \"passed\": true,\n          \"message\": \"JSONPath '$.userId' expected '1', got '1'\",\n          \"expected\": 1,\n          \"actual\": 1\n        },\n        {\n          \"type\": \"jsonPath\",\n          \"passed\": true,\n          \"message\": \"JSONPath '$.title' should match at least one element\",\n          \"expected\": \">0\",\n          \"actual\": 1\n        },\n        {\n          \"type\": \"custom\",\n          \"passed\": true,\n          \"message\": \"Should have access to global test environment\",\n          \"expected\": \"custom condition\",\n          \"actual\": {\n            \"status\": 200,\n            \"statusText\": \"OK\",\n            \"headers\": {\n              \"date\": \"Thu, 21 Aug 2025 07:41:26 GMT\",\n              \"content-type\": \"application/json; charset=utf-8\",\n              \"transfer-encoding\": \"chunked\",\n              \"connection\": \"keep-alive\",\n              \"access-control-allow-credentials\": \"true\",\n              \"cache-control\": \"max-age=43200\",\n              \"etag\": \"W/\\\"124-yiKdLzqO5gfBrJFrcdJ8Yq0LGnU\\\"\",\n              \"expires\": \"-1\",\n              \"nel\": \"{\\\"report_to\\\":\\\"heroku-nel\\\",\\\"response_headers\\\":[\\\"Via\\\"],\\\"max_age\\\":3600,\\\"success_fraction\\\":0.01,\\\"failure_fraction\\\":0.1}\",\n              \"pragma\": \"no-cache\",\n              \"report-to\": \"{\\\"group\\\":\\\"heroku-nel\\\",\\\"endpoints\\\":[{\\\"url\\\":\\\"https://nel.heroku.com/reports?s=qmF%2B0RYtDk6ARVLbocBZfggycY9qc4JYDhd2rZIgWGs%3D\\\\u0026sid=e11707d5-02a7-43ef-b45e-2cf4d2036f7d\\\\u0026ts=1754072508\\\"}],\\\"max_age\\\":3600}\",\n              \"reporting-endpoints\": \"heroku-nel=\\\"https://nel.heroku.com/reports?s=qmF%2B0RYtDk6ARVLbocBZfggycY9qc4JYDhd2rZIgWGs%3D&sid=e11707d5-02a7-43ef-b45e-2cf4d2036f7d&ts=1754072508\\\"\",\n              \"server\": \"cloudflare\",\n              \"vary\": \"Origin, Accept-Encoding\",\n              \"via\": \"2.0 heroku-router\",\n              \"x-content-type-options\": \"nosniff\",\n              \"x-powered-by\": \"Express\",\n              \"x-ratelimit-limit\": \"1000\",\n              \"x-ratelimit-remaining\": \"999\",\n              \"x-ratelimit-reset\": \"1754072526\",\n              \"age\": \"17073\",\n              \"cf-cache-status\": \"HIT\",\n              \"cf-ray\": \"97287cf38e2bcfa3-MRS\",\n              \"alt-svc\": \"h3=\\\":443\\\"; ma=86400\"\n            },\n            \"data\": {\n              \"userId\": 1,\n              \"id\": 1,\n              \"title\": \"sunt aut facere repellat provident occaecati excepturi optio reprehenderit\",\n              \"body\": \"quia et suscipit\\nsuscipit recusandae consequuntur expedita et cum\\nreprehenderit molestiae ut ut quas totam\\nnostrum rerum est autem sunt rem eveniet architecto\"\n            },\n            \"responseTime\": 180,\n            \"config\": {\n              \"transitional\": {\n                \"silentJSONParsing\": true,\n                \"forcedJSONParsing\": true,\n                \"clarifyTimeoutError\": false\n              },\n              \"adapter\": [\n                \"xhr\",\n                \"http\",\n                \"fetch\"\n              ],\n              \"transformRequest\": [\n                null\n              ],\n              \"transformResponse\": [\n                null\n              ],\n              \"timeout\": 10000,\n              \"xsrfCookieName\": \"XSRF-TOKEN\",\n              \"xsrfHeaderName\": \"X-XSRF-TOKEN\",\n              \"maxContentLength\": -1,\n              \"maxBodyLength\": -1,\n              \"env\": {},\n              \"headers\": {\n                \"Accept\": \"application/json\",\n                \"Content-Type\": \"application/json\",\n                \"X-Test-Suite\": \"enterprise-api-tests\",\n                \"X-Environment\": \"development\",\n                \"X-API-Version\": \"v1\",\n                \"X-Tenant-ID\": \"default-tenant\",\n                \"X-Organization\": \"enterprise-corp\",\n                \"X-Request-ID\": \"{{$random.uuid}}\",\n                \"X-Session-ID\": \"{{$random.uuid}}\",\n                \"X-Trace-ID\": \"{{$random.uuid}}\",\n                \"X-Span-ID\": \"{{$random.uuid}}\",\n                \"X-Compliance-Mode\": \"strict\",\n                \"X-Security-Level\": \"enterprise\",\n                \"X-Data-Classification\": \"internal\",\n                \"X-Client-Version\": \"1.0.0\",\n                \"X-Framework\": \"RestifiedTS\",\n                \"X-Platform\": \"win32\",\n                \"X-Node-Version\": \"v22.17.1\",\n                \"X-Client-ID\": \"restified-test-suite\",\n                \"X-Correlation-ID\": \"{{$random.uuid}}\",\n                \"X-Source\": \"enterprise-testing\",\n                \"Authorization\": \"Bearer enterprise-fallback-token-123\",\n                \"X-Author\": \"test@enterprise.com\",\n                \"X-Requested-By\": \"test@enterprise.com\",\n                \"User-Agent\": \"axios/1.11.0\",\n                \"Accept-Encoding\": \"gzip, compress, deflate, br\"\n              },\n              \"method\": \"get\",\n              \"url\": \"https://jsonplaceholder.typicode.com/posts/1\",\n              \"allowAbsoluteUrls\": true\n            }\n          }\n        }\n      ],\n      \"framework\": {\n        \"name\": \"Restified\",\n        \"version\": \"1.0.0\",\n        \"nodeVersion\": \"v22.17.1\",\n        \"platform\": \"win32\",\n        \"testSuite\": \"enterprise-api-tests\"\n      }\n    }\n  },\n  {\n    \"title\": \"✅ Assertion Summary\",\n    \"value\": {\n      \"total\": 5,\n      \"passed\": 5,\n      \"failed\": 0,\n      \"details\": [\n        \"All assertions passed\"\n      ]\n    }\n  },\n  {\n    \"title\": \"📊 Restified Request/Response Details\",\n    \"value\": {\n      \"request\": {\n        \"method\": \"GET\",\n        \"url\": \"https://jsonplaceholder.typicode.com/users/1\",\n        \"headers\": {},\n        \"timestamp\": \"2025-08-21T07:41:27.254Z\"\n      },\n      \"response\": {\n        \"status\": 200,\n        \"statusText\": \"OK\",\n        \"headers\": {\n          \"date\": \"Thu, 21 Aug 2025 07:41:27 GMT\",\n          \"content-type\": \"application/json; charset=utf-8\",\n          \"transfer-encoding\": \"chunked\",\n          \"connection\": \"keep-alive\",\n          \"access-control-allow-credentials\": \"true\",\n          \"cache-control\": \"max-age=43200\",\n          \"etag\": \"W/\\\"1fd-+2Y3G3w049iSZtw5t1mzSnunngE\\\"\",\n          \"expires\": \"-1\",\n          \"nel\": \"{\\\"report_to\\\":\\\"heroku-nel\\\",\\\"response_headers\\\":[\\\"Via\\\"],\\\"max_age\\\":3600,\\\"success_fraction\\\":0.01,\\\"failure_fraction\\\":0.1}\",\n          \"pragma\": \"no-cache\",\n          \"report-to\": \"{\\\"group\\\":\\\"heroku-nel\\\",\\\"endpoints\\\":[{\\\"url\\\":\\\"https://nel.heroku.com/reports?s=%2FTDRtIzMoIfbIOjaBRVi2Qtkll9%2BVziG%2FH5xwLilckI%3D\\\\u0026sid=e11707d5-02a7-43ef-b45e-2cf4d2036f7d\\\\u0026ts=1752362852\\\"}],\\\"max_age\\\":3600}\",\n          \"reporting-endpoints\": \"heroku-nel=\\\"https://nel.heroku.com/reports?s=%2FTDRtIzMoIfbIOjaBRVi2Qtkll9%2BVziG%2FH5xwLilckI%3D&sid=e11707d5-02a7-43ef-b45e-2cf4d2036f7d&ts=1752362852\\\"\",\n          \"server\": \"cloudflare\",\n          \"vary\": \"Origin, Accept-Encoding\",\n          \"via\": \"2.0 heroku-router\",\n          \"x-content-type-options\": \"nosniff\",\n          \"x-powered-by\": \"Express\",\n          \"x-ratelimit-limit\": \"1000\",\n          \"x-ratelimit-remaining\": \"999\",\n          \"x-ratelimit-reset\": \"1752362903\",\n          \"age\": \"5735\",\n          \"cf-cache-status\": \"HIT\",\n          \"cf-ray\": \"97287cf4b81bcfa3-MRS\",\n          \"alt-svc\": \"h3=\\\":443\\\"; ma=86400\"\n        },\n        \"body\": {\n          \"id\": 1,\n          \"name\": \"Leanne Graham\",\n          \"username\": \"Bret\",\n          \"email\": \"Sincere@april.biz\",\n          \"address\": {\n            \"street\": \"Kulas Light\",\n            \"suite\": \"Apt. 556\",\n            \"city\": \"Gwenborough\",\n            \"zipcode\": \"92998-3874\",\n            \"geo\": {\n              \"lat\": \"-37.3159\",\n              \"lng\": \"81.1496\"\n            }\n          },\n          \"phone\": \"1-770-736-8031 x56442\",\n          \"website\": \"hildegard.org\",\n          \"company\": {\n            \"name\": \"Romaguera-Crona\",\n            \"catchPhrase\": \"Multi-layered client-server neural-net\",\n            \"bs\": \"harness real-time e-markets\"\n          }\n        },\n        \"responseTime\": \"185ms\",\n        \"timestamp\": \"2025-08-21T07:41:27.254Z\"\n      },\n      \"assertions\": [\n        {\n          \"type\": \"statusCode\",\n          \"passed\": true,\n          \"message\": \"Expected status code 200, got 200\",\n          \"expected\": 200,\n          \"actual\": 200\n        }\n      ],\n      \"framework\": {\n        \"name\": \"Restified\",\n        \"version\": \"1.0.0\",\n        \"nodeVersion\": \"v22.17.1\",\n        \"platform\": \"win32\",\n        \"testSuite\": \"enterprise-api-tests\"\n      }\n    }\n  },\n  {\n    \"title\": \"✅ Assertion Summary\",\n    \"value\": {\n      \"total\": 1,\n      \"passed\": 1,\n      \"failed\": 0,\n      \"details\": [\n        \"All assertions passed\"\n      ]\n    }\n  },\n  {\n    \"title\": \"📊 Restified Request/Response Details\",\n    \"value\": {\n      \"request\": {\n        \"method\": \"POST\",\n        \"url\": \"https://httpbin.org/post\",\n        \"headers\": {},\n        \"body\": {\n          \"extractedData\": \"Multi-layered client-server neural-net\",\n          \"globalUser\": \"test@enterprise.com\",\n          \"testSuite\": \"enterprise-api-tests\"\n        },\n        \"timestamp\": \"2025-08-21T07:41:28.929Z\"\n      },\n      \"response\": {\n        \"status\": 200,\n        \"statusText\": \"OK\",\n        \"headers\": {\n          \"date\": \"Thu, 21 Aug 2025 07:41:28 GMT\",\n          \"content-type\": \"application/json\",\n          \"content-length\": \"1401\",\n          \"connection\": \"keep-alive\",\n          \"server\": \"gunicorn/19.9.0\",\n          \"access-control-allow-origin\": \"*\",\n          \"access-control-allow-credentials\": \"true\"\n        },\n        \"body\": {\n          \"args\": {},\n          \"data\": \"{\\\"extractedData\\\":\\\"Multi-layered client-server neural-net\\\",\\\"globalUser\\\":\\\"test@enterprise.com\\\",\\\"testSuite\\\":\\\"enterprise-api-tests\\\"}\",\n          \"files\": {},\n          \"form\": {},\n          \"headers\": {\n            \"Accept\": \"application/json\",\n            \"Accept-Encoding\": \"gzip, compress, deflate, br\",\n            \"Authorization\": \"Bearer enterprise-fallback-token-123\",\n            \"Content-Length\": \"128\",\n            \"Content-Type\": \"application/json\",\n            \"Host\": \"httpbin.org\",\n            \"User-Agent\": \"axios/1.11.0\",\n            \"X-Amzn-Trace-Id\": \"Root=1-68a6cda7-55b1e626417f48772d80911e\",\n            \"X-Api-Version\": \"v1\",\n            \"X-Client-Version\": \"1.0.0\",\n            \"X-Compliance-Mode\": \"strict\",\n            \"X-Data-Classification\": \"internal\",\n            \"X-Environment\": \"development\",\n            \"X-Framework\": \"RestifiedTS\",\n            \"X-Node-Version\": \"v22.17.1\",\n            \"X-Organization\": \"enterprise-corp\",\n            \"X-Platform\": \"win32\",\n            \"X-Security-Level\": \"enterprise\",\n            \"X-Service\": \"test-utilities\",\n            \"X-Session-Id\": \"{{$random.uuid}}\",\n            \"X-Span-Id\": \"{{$random.uuid}}\",\n            \"X-Tenant-Id\": \"default-tenant\",\n            \"X-Test-Suite\": \"enterprise-api-tests\",\n            \"X-Trace-Id\": \"{{$random.uuid}}\"\n          },\n          \"json\": {\n            \"extractedData\": \"Multi-layered client-server neural-net\",\n            \"globalUser\": \"test@enterprise.com\",\n            \"testSuite\": \"enterprise-api-tests\"\n          },\n          \"origin\": \"152.59.146.53\",\n          \"url\": \"https://httpbin.org/post\"\n        },\n        \"responseTime\": \"1673ms\",\n        \"timestamp\": \"2025-08-21T07:41:28.929Z\"\n      },\n      \"assertions\": [\n        {\n          \"type\": \"statusCode\",\n          \"passed\": true,\n          \"message\": \"Expected status code 200, got 200\",\n          \"expected\": 200,\n          \"actual\": 200\n        },\n        {\n          \"type\": \"jsonPath\",\n          \"passed\": true,\n          \"message\": \"JSONPath '$.json.globalUser' expected 'test@enterprise.com', got 'test@enterprise.com'\",\n          \"expected\": \"test@enterprise.com\",\n          \"actual\": \"test@enterprise.com\"\n        },\n        {\n          \"type\": \"jsonPath\",\n          \"passed\": true,\n          \"message\": \"JSONPath '$.json.testSuite' expected 'enterprise-api-tests', got 'enterprise-api-tests'\",\n          \"expected\": \"enterprise-api-tests\",\n          \"actual\": \"enterprise-api-tests\"\n        }\n      ],\n      \"framework\": {\n        \"name\": \"Restified\",\n        \"version\": \"1.0.0\",\n        \"nodeVersion\": \"v22.17.1\",\n        \"platform\": \"win32\",\n        \"testSuite\": \"enterprise-api-tests\"\n      }\n    }\n  },\n  {\n    \"title\": \"✅ Assertion Summary\",\n    \"value\": {\n      \"total\": 3,\n      \"passed\": 3,\n      \"failed\": 0,\n      \"details\": [\n        \"All assertions passed\"\n      ]\n    }\n  },\n  {\n    \"title\": \"📊 Restified Request/Response Details\",\n    \"value\": {\n      \"request\": {\n        \"method\": \"GET\",\n        \"url\": \"https://jsonplaceholder.typicode.com/posts/1\",\n        \"headers\": {},\n        \"timestamp\": \"2025-08-21T07:41:29.120Z\"\n      },\n      \"response\": {\n        \"status\": 200,\n        \"statusText\": \"OK\",\n        \"headers\": {\n          \"date\": \"Thu, 21 Aug 2025 07:41:29 GMT\",\n          \"content-type\": \"application/json; charset=utf-8\",\n          \"transfer-encoding\": \"chunked\",\n          \"connection\": \"keep-alive\",\n          \"access-control-allow-credentials\": \"true\",\n          \"cache-control\": \"max-age=43200\",\n          \"etag\": \"W/\\\"124-yiKdLzqO5gfBrJFrcdJ8Yq0LGnU\\\"\",\n          \"expires\": \"-1\",\n          \"nel\": \"{\\\"report_to\\\":\\\"heroku-nel\\\",\\\"response_headers\\\":[\\\"Via\\\"],\\\"max_age\\\":3600,\\\"success_fraction\\\":0.01,\\\"failure_fraction\\\":0.1}\",\n          \"pragma\": \"no-cache\",\n          \"report-to\": \"{\\\"group\\\":\\\"heroku-nel\\\",\\\"endpoints\\\":[{\\\"url\\\":\\\"https://nel.heroku.com/reports?s=qmF%2B0RYtDk6ARVLbocBZfggycY9qc4JYDhd2rZIgWGs%3D\\\\u0026sid=e11707d5-02a7-43ef-b45e-2cf4d2036f7d\\\\u0026ts=1754072508\\\"}],\\\"max_age\\\":3600}\",\n          \"reporting-endpoints\": \"heroku-nel=\\\"https://nel.heroku.com/reports?s=qmF%2B0RYtDk6ARVLbocBZfggycY9qc4JYDhd2rZIgWGs%3D&sid=e11707d5-02a7-43ef-b45e-2cf4d2036f7d&ts=1754072508\\\"\",\n          \"server\": \"cloudflare\",\n          \"vary\": \"Origin, Accept-Encoding\",\n          \"via\": \"2.0 heroku-router\",\n          \"x-content-type-options\": \"nosniff\",\n          \"x-powered-by\": \"Express\",\n          \"x-ratelimit-limit\": \"1000\",\n          \"x-ratelimit-remaining\": \"999\",\n          \"x-ratelimit-reset\": \"1754072526\",\n          \"age\": \"17075\",\n          \"cf-cache-status\": \"HIT\",\n          \"cf-ray\": \"97287d006cf8cfa3-MRS\",\n          \"alt-svc\": \"h3=\\\":443\\\"; ma=86400\"\n        },\n        \"body\": {\n          \"userId\": 1,\n          \"id\": 1,\n          \"title\": \"sunt aut facere repellat provident occaecati excepturi optio reprehenderit\",\n          \"body\": \"quia et suscipit\\nsuscipit recusandae consequuntur expedita et cum\\nreprehenderit molestiae ut ut quas totam\\nnostrum rerum est autem sunt rem eveniet architecto\"\n        },\n        \"responseTime\": \"186ms\",\n        \"timestamp\": \"2025-08-21T07:41:29.120Z\"\n      },\n      \"assertions\": [\n        {\n          \"type\": \"statusCode\",\n          \"passed\": true,\n          \"message\": \"Expected status code 200, got 200\",\n          \"expected\": 200,\n          \"actual\": 200\n        },\n        {\n          \"type\": \"header\",\n          \"passed\": true,\n          \"message\": \"Expected header 'content-type' to be present\",\n          \"expected\": \"present\",\n          \"actual\": \"application/json; charset=utf-8\"\n        },\n        {\n          \"type\": \"jsonPath\",\n          \"passed\": true,\n          \"message\": \"JSONPath '$.id' expected '1', got '1'\",\n          \"expected\": 1,\n          \"actual\": 1\n        },\n        {\n          \"type\": \"jsonPath\",\n          \"passed\": true,\n          \"message\": \"JSONPath '$.title' should match at least one element\",\n          \"expected\": \">0\",\n          \"actual\": 1\n        }\n      ],\n      \"framework\": {\n        \"name\": \"Restified\",\n        \"version\": \"1.0.0\",\n        \"nodeVersion\": \"v22.17.1\",\n        \"platform\": \"win32\",\n        \"testSuite\": \"enterprise-api-tests\"\n      }\n    }\n  },\n  {\n    \"title\": \"✅ Assertion Summary\",\n    \"value\": {\n      \"total\": 4,\n      \"passed\": 4,\n      \"failed\": 0,\n      \"details\": [\n        \"All assertions passed\"\n      ]\n    }\n  },\n  {\n    \"title\": \"📊 Restified Request/Response Details\",\n    \"value\": {\n      \"request\": {\n        \"method\": \"GET\",\n        \"url\": \"https://jsonplaceholder.typicode.com/posts/1\",\n        \"headers\": {},\n        \"timestamp\": \"2025-08-21T07:41:29.311Z\"\n      },\n      \"response\": {\n        \"status\": 200,\n        \"statusText\": \"OK\",\n        \"headers\": {\n          \"date\": \"Thu, 21 Aug 2025 07:41:29 GMT\",\n          \"content-type\": \"application/json; charset=utf-8\",\n          \"transfer-encoding\": \"chunked\",\n          \"connection\": \"keep-alive\",\n          \"access-control-allow-credentials\": \"true\",\n          \"cache-control\": \"max-age=43200\",\n          \"etag\": \"W/\\\"124-yiKdLzqO5gfBrJFrcdJ8Yq0LGnU\\\"\",\n          \"expires\": \"-1\",\n          \"nel\": \"{\\\"report_to\\\":\\\"heroku-nel\\\",\\\"response_headers\\\":[\\\"Via\\\"],\\\"max_age\\\":3600,\\\"success_fraction\\\":0.01,\\\"failure_fraction\\\":0.1}\",\n          \"pragma\": \"no-cache\",\n          \"report-to\": \"{\\\"group\\\":\\\"heroku-nel\\\",\\\"endpoints\\\":[{\\\"url\\\":\\\"https://nel.heroku.com/reports?s=qmF%2B0RYtDk6ARVLbocBZfggycY9qc4JYDhd2rZIgWGs%3D\\\\u0026sid=e11707d5-02a7-43ef-b45e-2cf4d2036f7d\\\\u0026ts=1754072508\\\"}],\\\"max_age\\\":3600}\",\n          \"reporting-endpoints\": \"heroku-nel=\\\"https://nel.heroku.com/reports?s=qmF%2B0RYtDk6ARVLbocBZfggycY9qc4JYDhd2rZIgWGs%3D&sid=e11707d5-02a7-43ef-b45e-2cf4d2036f7d&ts=1754072508\\\"\",\n          \"server\": \"cloudflare\",\n          \"vary\": \"Origin, Accept-Encoding\",\n          \"via\": \"2.0 heroku-router\",\n          \"x-content-type-options\": \"nosniff\",\n          \"x-powered-by\": \"Express\",\n          \"x-ratelimit-limit\": \"1000\",\n          \"x-ratelimit-remaining\": \"999\",\n          \"x-ratelimit-reset\": \"1754072526\",\n          \"age\": \"17075\",\n          \"cf-cache-status\": \"HIT\",\n          \"cf-ray\": \"97287d019ee0cfa3-MRS\",\n          \"alt-svc\": \"h3=\\\":443\\\"; ma=86400\"\n        },\n        \"body\": {\n          \"userId\": 1,\n          \"id\": 1,\n          \"title\": \"sunt aut facere repellat provident occaecati excepturi optio reprehenderit\",\n          \"body\": \"quia et suscipit\\nsuscipit recusandae consequuntur expedita et cum\\nreprehenderit molestiae ut ut quas totam\\nnostrum rerum est autem sunt rem eveniet architecto\"\n        },\n        \"responseTime\": \"187ms\",\n        \"timestamp\": \"2025-08-21T07:41:29.311Z\"\n      },\n      \"assertions\": [\n        {\n          \"type\": \"statusCode\",\n          \"passed\": true,\n          \"message\": \"Expected status code 200, got 200\",\n          \"expected\": 200,\n          \"actual\": 200\n        },\n        {\n          \"type\": \"jsonPath\",\n          \"passed\": true,\n          \"message\": \"JSONPath '$.userId' should match at least one element\",\n          \"expected\": \">0\",\n          \"actual\": 1\n        },\n        {\n          \"type\": \"jsonPath\",\n          \"passed\": true,\n          \"message\": \"JSONPath '$.title' should match at least one element\",\n          \"expected\": \">0\",\n          \"actual\": 1\n        },\n        {\n          \"type\": \"jsonPath\",\n          \"passed\": true,\n          \"message\": \"JSONPath '$.body' should match at least one element\",\n          \"expected\": \">0\",\n          \"actual\": 1\n        },\n        {\n          \"type\": \"custom\",\n          \"passed\": true,\n          \"message\": \"Post ID should be a number\",\n          \"expected\": \"custom condition\",\n          \"actual\": {\n            \"status\": 200,\n            \"statusText\": \"OK\",\n            \"headers\": {\n              \"date\": \"Thu, 21 Aug 2025 07:41:29 GMT\",\n              \"content-type\": \"application/json; charset=utf-8\",\n              \"transfer-encoding\": \"chunked\",\n              \"connection\": \"keep-alive\",\n              \"access-control-allow-credentials\": \"true\",\n              \"cache-control\": \"max-age=43200\",\n              \"etag\": \"W/\\\"124-yiKdLzqO5gfBrJFrcdJ8Yq0LGnU\\\"\",\n              \"expires\": \"-1\",\n              \"nel\": \"{\\\"report_to\\\":\\\"heroku-nel\\\",\\\"response_headers\\\":[\\\"Via\\\"],\\\"max_age\\\":3600,\\\"success_fraction\\\":0.01,\\\"failure_fraction\\\":0.1}\",\n              \"pragma\": \"no-cache\",\n              \"report-to\": \"{\\\"group\\\":\\\"heroku-nel\\\",\\\"endpoints\\\":[{\\\"url\\\":\\\"https://nel.heroku.com/reports?s=qmF%2B0RYtDk6ARVLbocBZfggycY9qc4JYDhd2rZIgWGs%3D\\\\u0026sid=e11707d5-02a7-43ef-b45e-2cf4d2036f7d\\\\u0026ts=1754072508\\\"}],\\\"max_age\\\":3600}\",\n              \"reporting-endpoints\": \"heroku-nel=\\\"https://nel.heroku.com/reports?s=qmF%2B0RYtDk6ARVLbocBZfggycY9qc4JYDhd2rZIgWGs%3D&sid=e11707d5-02a7-43ef-b45e-2cf4d2036f7d&ts=1754072508\\\"\",\n              \"server\": \"cloudflare\",\n              \"vary\": \"Origin, Accept-Encoding\",\n              \"via\": \"2.0 heroku-router\",\n              \"x-content-type-options\": \"nosniff\",\n              \"x-powered-by\": \"Express\",\n              \"x-ratelimit-limit\": \"1000\",\n              \"x-ratelimit-remaining\": \"999\",\n              \"x-ratelimit-reset\": \"1754072526\",\n              \"age\": \"17075\",\n              \"cf-cache-status\": \"HIT\",\n              \"cf-ray\": \"97287d019ee0cfa3-MRS\",\n              \"alt-svc\": \"h3=\\\":443\\\"; ma=86400\"\n            },\n            \"data\": {\n              \"userId\": 1,\n              \"id\": 1,\n              \"title\": \"sunt aut facere repellat provident occaecati excepturi optio reprehenderit\",\n              \"body\": \"quia et suscipit\\nsuscipit recusandae consequuntur expedita et cum\\nreprehenderit molestiae ut ut quas totam\\nnostrum rerum est autem sunt rem eveniet architecto\"\n            },\n            \"responseTime\": 187,\n            \"config\": {\n              \"transitional\": {\n                \"silentJSONParsing\": true,\n                \"forcedJSONParsing\": true,\n                \"clarifyTimeoutError\": false\n              },\n              \"adapter\": [\n                \"xhr\",\n                \"http\",\n                \"fetch\"\n              ],\n              \"transformRequest\": [\n                null\n              ],\n              \"transformResponse\": [\n                null\n              ],\n              \"timeout\": 10000,\n              \"xsrfCookieName\": \"XSRF-TOKEN\",\n              \"xsrfHeaderName\": \"X-XSRF-TOKEN\",\n              \"maxContentLength\": -1,\n              \"maxBodyLength\": -1,\n              \"env\": {},\n              \"headers\": {\n                \"Accept\": \"application/json\",\n                \"Content-Type\": \"application/json\",\n                \"X-Test-Suite\": \"enterprise-api-tests\",\n                \"X-Environment\": \"development\",\n                \"X-API-Version\": \"v1\",\n                \"X-Tenant-ID\": \"default-tenant\",\n                \"X-Organization\": \"enterprise-corp\",\n                \"X-Request-ID\": \"{{$random.uuid}}\",\n                \"X-Session-ID\": \"{{$random.uuid}}\",\n                \"X-Trace-ID\": \"{{$random.uuid}}\",\n                \"X-Span-ID\": \"{{$random.uuid}}\",\n                \"X-Compliance-Mode\": \"strict\",\n                \"X-Security-Level\": \"enterprise\",\n                \"X-Data-Classification\": \"internal\",\n                \"X-Client-Version\": \"1.0.0\",\n                \"X-Framework\": \"RestifiedTS\",\n                \"X-Platform\": \"win32\",\n                \"X-Node-Version\": \"v22.17.1\",\n                \"X-Client-ID\": \"restified-test-suite\",\n                \"X-Correlation-ID\": \"{{$random.uuid}}\",\n                \"X-Source\": \"enterprise-testing\",\n                \"Authorization\": \"Bearer enterprise-fallback-token-123\",\n                \"X-Author\": \"test@enterprise.com\",\n                \"X-Requested-By\": \"test@enterprise.com\",\n                \"X-Test-Environment\": \"development\",\n                \"X-Global-User\": \"test@enterprise.com\",\n                \"User-Agent\": \"axios/1.11.0\",\n                \"Accept-Encoding\": \"gzip, compress, deflate, br\"\n              },\n              \"method\": \"get\",\n              \"url\": \"https://jsonplaceholder.typicode.com/posts/1\",\n              \"allowAbsoluteUrls\": true\n            }\n          }\n        },\n        {\n          \"type\": \"custom\",\n          \"passed\": true,\n          \"message\": \"Should be running in expected test environment\",\n          \"expected\": \"custom condition\",\n          \"actual\": {\n            \"status\": 200,\n            \"statusText\": \"OK\",\n            \"headers\": {\n              \"date\": \"Thu, 21 Aug 2025 07:41:29 GMT\",\n              \"content-type\": \"application/json; charset=utf-8\",\n              \"transfer-encoding\": \"chunked\",\n              \"connection\": \"keep-alive\",\n              \"access-control-allow-credentials\": \"true\",\n              \"cache-control\": \"max-age=43200\",\n              \"etag\": \"W/\\\"124-yiKdLzqO5gfBrJFrcdJ8Yq0LGnU\\\"\",\n              \"expires\": \"-1\",\n              \"nel\": \"{\\\"report_to\\\":\\\"heroku-nel\\\",\\\"response_headers\\\":[\\\"Via\\\"],\\\"max_age\\\":3600,\\\"success_fraction\\\":0.01,\\\"failure_fraction\\\":0.1}\",\n              \"pragma\": \"no-cache\",\n              \"report-to\": \"{\\\"group\\\":\\\"heroku-nel\\\",\\\"endpoints\\\":[{\\\"url\\\":\\\"https://nel.heroku.com/reports?s=qmF%2B0RYtDk6ARVLbocBZfggycY9qc4JYDhd2rZIgWGs%3D\\\\u0026sid=e11707d5-02a7-43ef-b45e-2cf4d2036f7d\\\\u0026ts=1754072508\\\"}],\\\"max_age\\\":3600}\",\n              \"reporting-endpoints\": \"heroku-nel=\\\"https://nel.heroku.com/reports?s=qmF%2B0RYtDk6ARVLbocBZfggycY9qc4JYDhd2rZIgWGs%3D&sid=e11707d5-02a7-43ef-b45e-2cf4d2036f7d&ts=1754072508\\\"\",\n              \"server\": \"cloudflare\",\n              \"vary\": \"Origin, Accept-Encoding\",\n              \"via\": \"2.0 heroku-router\",\n              \"x-content-type-options\": \"nosniff\",\n              \"x-powered-by\": \"Express\",\n              \"x-ratelimit-limit\": \"1000\",\n              \"x-ratelimit-remaining\": \"999\",\n              \"x-ratelimit-reset\": \"1754072526\",\n              \"age\": \"17075\",\n              \"cf-cache-status\": \"HIT\",\n              \"cf-ray\": \"97287d019ee0cfa3-MRS\",\n              \"alt-svc\": \"h3=\\\":443\\\"; ma=86400\"\n            },\n            \"data\": {\n              \"userId\": 1,\n              \"id\": 1,\n              \"title\": \"sunt aut facere repellat provident occaecati excepturi optio reprehenderit\",\n              \"body\": \"quia et suscipit\\nsuscipit recusandae consequuntur expedita et cum\\nreprehenderit molestiae ut ut quas totam\\nnostrum rerum est autem sunt rem eveniet architecto\"\n            },\n            \"responseTime\": 187,\n            \"config\": {\n              \"transitional\": {\n                \"silentJSONParsing\": true,\n                \"forcedJSONParsing\": true,\n                \"clarifyTimeoutError\": false\n              },\n              \"adapter\": [\n                \"xhr\",\n                \"http\",\n                \"fetch\"\n              ],\n              \"transformRequest\": [\n                null\n              ],\n              \"transformResponse\": [\n                null\n              ],\n              \"timeout\": 10000,\n              \"xsrfCookieName\": \"XSRF-TOKEN\",\n              \"xsrfHeaderName\": \"X-XSRF-TOKEN\",\n              \"maxContentLength\": -1,\n              \"maxBodyLength\": -1,\n              \"env\": {},\n              \"headers\": {\n                \"Accept\": \"application/json\",\n                \"Content-Type\": \"application/json\",\n                \"X-Test-Suite\": \"enterprise-api-tests\",\n                \"X-Environment\": \"development\",\n                \"X-API-Version\": \"v1\",\n                \"X-Tenant-ID\": \"default-tenant\",\n                \"X-Organization\": \"enterprise-corp\",\n                \"X-Request-ID\": \"{{$random.uuid}}\",\n                \"X-Session-ID\": \"{{$random.uuid}}\",\n                \"X-Trace-ID\": \"{{$random.uuid}}\",\n                \"X-Span-ID\": \"{{$random.uuid}}\",\n                \"X-Compliance-Mode\": \"strict\",\n                \"X-Security-Level\": \"enterprise\",\n                \"X-Data-Classification\": \"internal\",\n                \"X-Client-Version\": \"1.0.0\",\n                \"X-Framework\": \"RestifiedTS\",\n                \"X-Platform\": \"win32\",\n                \"X-Node-Version\": \"v22.17.1\",\n                \"X-Client-ID\": \"restified-test-suite\",\n                \"X-Correlation-ID\": \"{{$random.uuid}}\",\n                \"X-Source\": \"enterprise-testing\",\n                \"Authorization\": \"Bearer enterprise-fallback-token-123\",\n                \"X-Author\": \"test@enterprise.com\",\n                \"X-Requested-By\": \"test@enterprise.com\",\n                \"X-Test-Environment\": \"development\",\n                \"X-Global-User\": \"test@enterprise.com\",\n                \"User-Agent\": \"axios/1.11.0\",\n                \"Accept-Encoding\": \"gzip, compress, deflate, br\"\n              },\n              \"method\": \"get\",\n              \"url\": \"https://jsonplaceholder.typicode.com/posts/1\",\n              \"allowAbsoluteUrls\": true\n            }\n          }\n        }\n      ],\n      \"framework\": {\n        \"name\": \"Restified\",\n        \"version\": \"1.0.0\",\n        \"nodeVersion\": \"v22.17.1\",\n        \"platform\": \"win32\",\n        \"testSuite\": \"enterprise-api-tests\"\n      }\n    }\n  },\n  {\n    \"title\": \"✅ Assertion Summary\",\n    \"value\": {\n      \"total\": 6,\n      \"passed\": 6,\n      \"failed\": 0,\n      \"details\": [\n        \"All assertions passed\"\n      ]\n    }\n  },\n  {\n    \"title\": \"📊 Restified Request/Response Details\",\n    \"value\": {\n      \"request\": {\n        \"method\": \"GET\",\n        \"url\": \"https://jsonplaceholder.typicode.com/users/1\",\n        \"headers\": {},\n        \"timestamp\": \"2025-08-21T07:41:29.506Z\"\n      },\n      \"response\": {\n        \"status\": 200,\n        \"statusText\": \"OK\",\n        \"headers\": {\n          \"date\": \"Thu, 21 Aug 2025 07:41:29 GMT\",\n          \"content-type\": \"application/json; charset=utf-8\",\n          \"transfer-encoding\": \"chunked\",\n          \"connection\": \"keep-alive\",\n          \"access-control-allow-credentials\": \"true\",\n          \"cache-control\": \"max-age=43200\",\n          \"etag\": \"W/\\\"1fd-+2Y3G3w049iSZtw5t1mzSnunngE\\\"\",\n          \"expires\": \"-1\",\n          \"nel\": \"{\\\"report_to\\\":\\\"heroku-nel\\\",\\\"response_headers\\\":[\\\"Via\\\"],\\\"max_age\\\":3600,\\\"success_fraction\\\":0.01,\\\"failure_fraction\\\":0.1}\",\n          \"pragma\": \"no-cache\",\n          \"report-to\": \"{\\\"group\\\":\\\"heroku-nel\\\",\\\"endpoints\\\":[{\\\"url\\\":\\\"https://nel.heroku.com/reports?s=%2FTDRtIzMoIfbIOjaBRVi2Qtkll9%2BVziG%2FH5xwLilckI%3D\\\\u0026sid=e11707d5-02a7-43ef-b45e-2cf4d2036f7d\\\\u0026ts=1752362852\\\"}],\\\"max_age\\\":3600}\",\n          \"reporting-endpoints\": \"heroku-nel=\\\"https://nel.heroku.com/reports?s=%2FTDRtIzMoIfbIOjaBRVi2Qtkll9%2BVziG%2FH5xwLilckI%3D&sid=e11707d5-02a7-43ef-b45e-2cf4d2036f7d&ts=1752362852\\\"\",\n          \"server\": \"cloudflare\",\n          \"vary\": \"Origin, Accept-Encoding\",\n          \"via\": \"2.0 heroku-router\",\n          \"x-content-type-options\": \"nosniff\",\n          \"x-powered-by\": \"Express\",\n          \"x-ratelimit-limit\": \"1000\",\n          \"x-ratelimit-remaining\": \"999\",\n          \"x-ratelimit-reset\": \"1752362903\",\n          \"age\": \"5738\",\n          \"cf-cache-status\": \"HIT\",\n          \"cf-ray\": \"97287d02c908cfa3-MRS\",\n          \"alt-svc\": \"h3=\\\":443\\\"; ma=86400\"\n        },\n        \"body\": {\n          \"id\": 1,\n          \"name\": \"Leanne Graham\",\n          \"username\": \"Bret\",\n          \"email\": \"Sincere@april.biz\",\n          \"address\": {\n            \"street\": \"Kulas Light\",\n            \"suite\": \"Apt. 556\",\n            \"city\": \"Gwenborough\",\n            \"zipcode\": \"92998-3874\",\n            \"geo\": {\n              \"lat\": \"-37.3159\",\n              \"lng\": \"81.1496\"\n            }\n          },\n          \"phone\": \"1-770-736-8031 x56442\",\n          \"website\": \"hildegard.org\",\n          \"company\": {\n            \"name\": \"Romaguera-Crona\",\n            \"catchPhrase\": \"Multi-layered client-server neural-net\",\n            \"bs\": \"harness real-time e-markets\"\n          }\n        },\n        \"responseTime\": \"192ms\",\n        \"timestamp\": \"2025-08-21T07:41:29.506Z\"\n      },\n      \"assertions\": [\n        {\n          \"type\": \"statusCode\",\n          \"passed\": true,\n          \"message\": \"Expected status code 200, got 200\",\n          \"expected\": 200,\n          \"actual\": 200\n        },\n        {\n          \"type\": \"jsonPath\",\n          \"passed\": true,\n          \"message\": \"JSONPath '$.id' expected '1', got '1'\",\n          \"expected\": 1,\n          \"actual\": 1\n        },\n        {\n          \"type\": \"jsonPath\",\n          \"passed\": true,\n          \"message\": \"JSONPath '$.name' expected 'Leanne Graham', got 'Leanne Graham'\",\n          \"expected\": \"Leanne Graham\",\n          \"actual\": \"Leanne Graham\"\n        }\n      ],\n      \"framework\": {\n        \"name\": \"Restified\",\n        \"version\": \"1.0.0\",\n        \"nodeVersion\": \"v22.17.1\",\n        \"platform\": \"win32\",\n        \"testSuite\": \"enterprise-api-tests\"\n      }\n    }\n  },\n  {\n    \"title\": \"✅ Assertion Summary\",\n    \"value\": {\n      \"total\": 3,\n      \"passed\": 3,\n      \"failed\": 0,\n      \"details\": [\n        \"All assertions passed\"\n      ]\n    }\n  },\n  {\n    \"title\": \"📊 Restified Request/Response Details\",\n    \"value\": {\n      \"request\": {\n        \"method\": \"GET\",\n        \"url\": \"https://jsonplaceholder.typicode.com/users/2\",\n        \"headers\": {},\n        \"timestamp\": \"2025-08-21T07:41:29.690Z\"\n      },\n      \"response\": {\n        \"status\": 200,\n        \"statusText\": \"OK\",\n        \"headers\": {\n          \"date\": \"Thu, 21 Aug 2025 07:41:29 GMT\",\n          \"content-type\": \"application/json; charset=utf-8\",\n          \"transfer-encoding\": \"chunked\",\n          \"connection\": \"keep-alive\",\n          \"access-control-allow-credentials\": \"true\",\n          \"cache-control\": \"max-age=43200\",\n          \"etag\": \"W/\\\"1fd-XTG63SYhaP/Uo6/vgmARnL3rpBk\\\"\",\n          \"expires\": \"-1\",\n          \"nel\": \"{\\\"report_to\\\":\\\"heroku-nel\\\",\\\"response_headers\\\":[\\\"Via\\\"],\\\"max_age\\\":3600,\\\"success_fraction\\\":0.01,\\\"failure_fraction\\\":0.1}\",\n          \"pragma\": \"no-cache\",\n          \"report-to\": \"{\\\"group\\\":\\\"heroku-nel\\\",\\\"endpoints\\\":[{\\\"url\\\":\\\"https://nel.heroku.com/reports?s=GKoMcKub8aVPCtWQEC24K7KEfkC%2FZT6C352bwO0tNyk%3D\\\\u0026sid=e11707d5-02a7-43ef-b45e-2cf4d2036f7d\\\\u0026ts=1755151077\\\"}],\\\"max_age\\\":3600}\",\n          \"reporting-endpoints\": \"heroku-nel=\\\"https://nel.heroku.com/reports?s=GKoMcKub8aVPCtWQEC24K7KEfkC%2FZT6C352bwO0tNyk%3D&sid=e11707d5-02a7-43ef-b45e-2cf4d2036f7d&ts=1755151077\\\"\",\n          \"server\": \"cloudflare\",\n          \"vary\": \"Origin, Accept-Encoding\",\n          \"via\": \"2.0 heroku-router\",\n          \"x-content-type-options\": \"nosniff\",\n          \"x-powered-by\": \"Express\",\n          \"x-ratelimit-limit\": \"1000\",\n          \"x-ratelimit-remaining\": \"999\",\n          \"x-ratelimit-reset\": \"1755151090\",\n          \"age\": \"5312\",\n          \"cf-cache-status\": \"HIT\",\n          \"cf-ray\": \"97287d03fb16cfa3-MRS\",\n          \"alt-svc\": \"h3=\\\":443\\\"; ma=86400\"\n        },\n        \"body\": {\n          \"id\": 2,\n          \"name\": \"Ervin Howell\",\n          \"username\": \"Antonette\",\n          \"email\": \"Shanna@melissa.tv\",\n          \"address\": {\n            \"street\": \"Victor Plains\",\n            \"suite\": \"Suite 879\",\n            \"city\": \"Wisokyburgh\",\n            \"zipcode\": \"90566-7771\",\n            \"geo\": {\n              \"lat\": \"-43.9509\",\n              \"lng\": \"-34.4618\"\n            }\n          },\n          \"phone\": \"010-692-6593 x09125\",\n          \"website\": \"anastasia.net\",\n          \"company\": {\n            \"name\": \"Deckow-Crist\",\n            \"catchPhrase\": \"Proactive didactic contingency\",\n            \"bs\": \"synergize scalable supply-chains\"\n          }\n        },\n        \"responseTime\": \"183ms\",\n        \"timestamp\": \"2025-08-21T07:41:29.690Z\"\n      },\n      \"assertions\": [\n        {\n          \"type\": \"statusCode\",\n          \"passed\": true,\n          \"message\": \"Expected status code 200, got 200\",\n          \"expected\": 200,\n          \"actual\": 200\n        },\n        {\n          \"type\": \"jsonPath\",\n          \"passed\": true,\n          \"message\": \"JSONPath '$.id' expected '2', got '2'\",\n          \"expected\": 2,\n          \"actual\": 2\n        },\n        {\n          \"type\": \"jsonPath\",\n          \"passed\": true,\n          \"message\": \"JSONPath '$.name' expected 'Ervin Howell', got 'Ervin Howell'\",\n          \"expected\": \"Ervin Howell\",\n          \"actual\": \"Ervin Howell\"\n        }\n      ],\n      \"framework\": {\n        \"name\": \"Restified\",\n        \"version\": \"1.0.0\",\n        \"nodeVersion\": \"v22.17.1\",\n        \"platform\": \"win32\",\n        \"testSuite\": \"enterprise-api-tests\"\n      }\n    }\n  },\n  {\n    \"title\": \"✅ Assertion Summary\",\n    \"value\": {\n      \"total\": 3,\n      \"passed\": 3,\n      \"failed\": 0,\n      \"details\": [\n        \"All assertions passed\"\n      ]\n    }\n  },\n  {\n    \"title\": \"📊 Restified Request/Response Details\",\n    \"value\": {\n      \"request\": {\n        \"method\": \"GET\",\n        \"url\": \"https://jsonplaceholder.typicode.com/users/3\",\n        \"headers\": {},\n        \"timestamp\": \"2025-08-21T07:41:29.882Z\"\n      },\n      \"response\": {\n        \"status\": 200,\n        \"statusText\": \"OK\",\n        \"headers\": {\n          \"date\": \"Thu, 21 Aug 2025 07:41:29 GMT\",\n          \"content-type\": \"application/json; charset=utf-8\",\n          \"transfer-encoding\": \"chunked\",\n          \"connection\": \"keep-alive\",\n          \"access-control-allow-credentials\": \"true\",\n          \"cache-control\": \"max-age=43200\",\n          \"etag\": \"W/\\\"208-uuwhfwQMzFzbJr9Pg6DKXae0SXA\\\"\",\n          \"expires\": \"-1\",\n          \"nel\": \"{\\\"report_to\\\":\\\"heroku-nel\\\",\\\"response_headers\\\":[\\\"Via\\\"],\\\"max_age\\\":3600,\\\"success_fraction\\\":0.01,\\\"failure_fraction\\\":0.1}\",\n          \"pragma\": \"no-cache\",\n          \"report-to\": \"{\\\"group\\\":\\\"heroku-nel\\\",\\\"endpoints\\\":[{\\\"url\\\":\\\"https://nel.heroku.com/reports?s=79x2jAcHlCuvrpQpZs7Z1kzivPPOHmlvcBDP9iWbf%2Fs%3D\\\\u0026sid=e11707d5-02a7-43ef-b45e-2cf4d2036f7d\\\\u0026ts=1755756777\\\"}],\\\"max_age\\\":3600}\",\n          \"reporting-endpoints\": \"heroku-nel=\\\"https://nel.heroku.com/reports?s=79x2jAcHlCuvrpQpZs7Z1kzivPPOHmlvcBDP9iWbf%2Fs%3D&sid=e11707d5-02a7-43ef-b45e-2cf4d2036f7d&ts=1755756777\\\"\",\n          \"server\": \"cloudflare\",\n          \"vary\": \"Origin, Accept-Encoding\",\n          \"via\": \"2.0 heroku-router\",\n          \"x-content-type-options\": \"nosniff\",\n          \"x-powered-by\": \"Express\",\n          \"x-ratelimit-limit\": \"1000\",\n          \"x-ratelimit-remaining\": \"992\",\n          \"x-ratelimit-reset\": \"1755756817\",\n          \"age\": \"5312\",\n          \"cf-cache-status\": \"HIT\",\n          \"cf-ray\": \"97287d052cd3cfa3-MRS\",\n          \"alt-svc\": \"h3=\\\":443\\\"; ma=86400\"\n        },\n        \"body\": {\n          \"id\": 3,\n          \"name\": \"Clementine Bauch\",\n          \"username\": \"Samantha\",\n          \"email\": \"Nathan@yesenia.net\",\n          \"address\": {\n            \"street\": \"Douglas Extension\",\n            \"suite\": \"Suite 847\",\n            \"city\": \"McKenziehaven\",\n            \"zipcode\": \"59590-4157\",\n            \"geo\": {\n              \"lat\": \"-68.6102\",\n              \"lng\": \"-47.0653\"\n            }\n          },\n          \"phone\": \"1-463-123-4447\",\n          \"website\": \"ramiro.info\",\n          \"company\": {\n            \"name\": \"Romaguera-Jacobson\",\n            \"catchPhrase\": \"Face to face bifurcated interface\",\n            \"bs\": \"e-enable strategic applications\"\n          }\n        },\n        \"responseTime\": \"188ms\",\n        \"timestamp\": \"2025-08-21T07:41:29.882Z\"\n      },\n      \"assertions\": [\n        {\n          \"type\": \"statusCode\",\n          \"passed\": true,\n          \"message\": \"Expected status code 200, got 200\",\n          \"expected\": 200,\n          \"actual\": 200\n        },\n        {\n          \"type\": \"jsonPath\",\n          \"passed\": true,\n          \"message\": \"JSONPath '$.id' expected '3', got '3'\",\n          \"expected\": 3,\n          \"actual\": 3\n        },\n        {\n          \"type\": \"jsonPath\",\n          \"passed\": true,\n          \"message\": \"JSONPath '$.name' expected 'Clementine Bauch', got 'Clementine Bauch'\",\n          \"expected\": \"Clementine Bauch\",\n          \"actual\": \"Clementine Bauch\"\n        }\n      ],\n      \"framework\": {\n        \"name\": \"Restified\",\n        \"version\": \"1.0.0\",\n        \"nodeVersion\": \"v22.17.1\",\n        \"platform\": \"win32\",\n        \"testSuite\": \"enterprise-api-tests\"\n      }\n    }\n  },\n  {\n    \"title\": \"✅ Assertion Summary\",\n    \"value\": {\n      \"total\": 3,\n      \"passed\": 3,\n      \"failed\": 0,\n      \"details\": [\n        \"All assertions passed\"\n      ]\n    }\n  },\n  {\n    \"title\": \"📊 Restified Request/Response Details\",\n    \"value\": {\n      \"request\": {\n        \"method\": \"GET\",\n        \"url\": \"https://jsonplaceholder.typicode.com/posts?userId=1\",\n        \"headers\": {},\n        \"timestamp\": \"2025-08-21T07:41:30.069Z\"\n      },\n      \"response\": {\n        \"status\": 200,\n        \"statusText\": \"OK\",\n        \"headers\": {\n          \"date\": \"Thu, 21 Aug 2025 07:41:29 GMT\",\n          \"content-type\": \"application/json; charset=utf-8\",\n          \"transfer-encoding\": \"chunked\",\n          \"connection\": \"keep-alive\",\n          \"access-control-allow-credentials\": \"true\",\n          \"cache-control\": \"max-age=43200\",\n          \"etag\": \"W/\\\"aa6-j2NSH739l9uq40OywFMn7Y0C/iY\\\"\",\n          \"expires\": \"-1\",\n          \"nel\": \"{\\\"report_to\\\":\\\"heroku-nel\\\",\\\"response_headers\\\":[\\\"Via\\\"],\\\"max_age\\\":3600,\\\"success_fraction\\\":0.01,\\\"failure_fraction\\\":0.1}\",\n          \"pragma\": \"no-cache\",\n          \"report-to\": \"{\\\"group\\\":\\\"heroku-nel\\\",\\\"endpoints\\\":[{\\\"url\\\":\\\"https://nel.heroku.com/reports?s=CqpzWhICLVU%2FK6%2BID4NGXtPztcNHe7ps912sgh3SvFM%3D\\\\u0026sid=e11707d5-02a7-43ef-b45e-2cf4d2036f7d\\\\u0026ts=1755577776\\\"}],\\\"max_age\\\":3600}\",\n          \"reporting-endpoints\": \"heroku-nel=\\\"https://nel.heroku.com/reports?s=CqpzWhICLVU%2FK6%2BID4NGXtPztcNHe7ps912sgh3SvFM%3D&sid=e11707d5-02a7-43ef-b45e-2cf4d2036f7d&ts=1755577776\\\"\",\n          \"server\": \"cloudflare\",\n          \"vary\": \"Origin, Accept-Encoding\",\n          \"via\": \"2.0 heroku-router\",\n          \"x-content-type-options\": \"nosniff\",\n          \"x-powered-by\": \"Express\",\n          \"x-ratelimit-limit\": \"1000\",\n          \"x-ratelimit-remaining\": \"999\",\n          \"x-ratelimit-reset\": \"1755577811\",\n          \"age\": \"12514\",\n          \"cf-cache-status\": \"HIT\",\n          \"cf-ray\": \"97287d064ee9cfa3-MRS\",\n          \"alt-svc\": \"h3=\\\":443\\\"; ma=86400\"\n        },\n        \"body\": [\n          {\n            \"userId\": 1,\n            \"id\": 1,\n            \"title\": \"sunt aut facere repellat provident occaecati excepturi optio reprehenderit\",\n            \"body\": \"quia et suscipit\\nsuscipit recusandae consequuntur expedita et cum\\nreprehenderit molestiae ut ut quas totam\\nnostrum rerum est autem sunt rem eveniet architecto\"\n          },\n          {\n            \"userId\": 1,\n            \"id\": 2,\n            \"title\": \"qui est esse\",\n            \"body\": \"est rerum tempore vitae\\nsequi sint nihil reprehenderit dolor beatae ea dolores neque\\nfugiat blanditiis voluptate porro vel nihil molestiae ut reiciendis\\nqui aperiam non debitis possimus qui neque nisi nulla\"\n          },\n          {\n            \"userId\": 1,\n            \"id\": 3,\n            \"title\": \"ea molestias quasi exercitationem repellat qui ipsa sit aut\",\n            \"body\": \"et iusto sed quo iure\\nvoluptatem occaecati omnis eligendi aut ad\\nvoluptatem doloribus vel accusantium quis pariatur\\nmolestiae porro eius odio et labore et velit aut\"\n          },\n          {\n            \"userId\": 1,\n            \"id\": 4,\n            \"title\": \"eum et est occaecati\",\n            \"body\": \"ullam et saepe reiciendis voluptatem adipisci\\nsit amet autem assumenda provident rerum culpa\\nquis hic commodi nesciunt rem tenetur doloremque ipsam iure\\nquis sunt voluptatem rerum illo velit\"\n          },\n          {\n            \"userId\": 1,\n            \"id\": 5,\n            \"title\": \"nesciunt quas odio\",\n            \"body\": \"repudiandae veniam quaerat sunt sed\\nalias aut fugiat sit autem sed est\\nvoluptatem omnis possimus esse voluptatibus quis\\nest aut tenetur dolor neque\"\n          },\n          {\n            \"userId\": 1,\n            \"id\": 6,\n            \"title\": \"dolorem eum magni eos aperiam quia\",\n            \"body\": \"ut aspernatur corporis harum nihil quis provident sequi\\nmollitia nobis aliquid molestiae\\nperspiciatis et ea nemo ab reprehenderit accusantium quas\\nvoluptate dolores velit et doloremque molestiae\"\n          },\n          {\n            \"userId\": 1,\n            \"id\": 7,\n            \"title\": \"magnam facilis autem\",\n            \"body\": \"dolore placeat quibusdam ea quo vitae\\nmagni quis enim qui quis quo nemo aut saepe\\nquidem repellat excepturi ut quia\\nsunt ut sequi eos ea sed quas\"\n          },\n          {\n            \"userId\": 1,\n            \"id\": 8,\n            \"title\": \"dolorem dolore est ipsam\",\n            \"body\": \"dignissimos aperiam dolorem qui eum\\nfacilis quibusdam animi sint suscipit qui sint possimus cum\\nquaerat magni maiores excepturi\\nipsam ut commodi dolor voluptatum modi aut vitae\"\n          },\n          {\n            \"userId\": 1,\n            \"id\": 9,\n            \"title\": \"nesciunt iure omnis dolorem tempora et accusantium\",\n            \"body\": \"consectetur animi nesciunt iure dolore\\nenim quia ad\\nveniam autem ut quam aut nobis\\net est aut quod aut provident voluptas autem voluptas\"\n          },\n          {\n            \"userId\": 1,\n            \"id\": 10,\n            \"title\": \"optio molestias id quia eum\",\n            \"body\": \"quo et expedita modi cum officia vel magni\\ndoloribus qui repudiandae\\nvero nisi sit\\nquos veniam quod sed accusamus veritatis error\"\n          }\n        ],\n        \"responseTime\": \"185ms\",\n        \"timestamp\": \"2025-08-21T07:41:30.069Z\"\n      },\n      \"assertions\": [\n        {\n          \"type\": \"statusCode\",\n          \"passed\": true,\n          \"message\": \"Expected status code 200, got 200\",\n          \"expected\": 200,\n          \"actual\": 200\n        },\n        {\n          \"type\": \"custom\",\n          \"passed\": true,\n          \"message\": \"User 1 should have 10-15 posts\",\n          \"expected\": \"custom condition\",\n          \"actual\": {\n            \"status\": 200,\n            \"statusText\": \"OK\",\n            \"headers\": {\n              \"date\": \"Thu, 21 Aug 2025 07:41:29 GMT\",\n              \"content-type\": \"application/json; charset=utf-8\",\n              \"transfer-encoding\": \"chunked\",\n              \"connection\": \"keep-alive\",\n              \"access-control-allow-credentials\": \"true\",\n              \"cache-control\": \"max-age=43200\",\n              \"etag\": \"W/\\\"aa6-j2NSH739l9uq40OywFMn7Y0C/iY\\\"\",\n              \"expires\": \"-1\",\n              \"nel\": \"{\\\"report_to\\\":\\\"heroku-nel\\\",\\\"response_headers\\\":[\\\"Via\\\"],\\\"max_age\\\":3600,\\\"success_fraction\\\":0.01,\\\"failure_fraction\\\":0.1}\",\n              \"pragma\": \"no-cache\",\n              \"report-to\": \"{\\\"group\\\":\\\"heroku-nel\\\",\\\"endpoints\\\":[{\\\"url\\\":\\\"https://nel.heroku.com/reports?s=CqpzWhICLVU%2FK6%2BID4NGXtPztcNHe7ps912sgh3SvFM%3D\\\\u0026sid=e11707d5-02a7-43ef-b45e-2cf4d2036f7d\\\\u0026ts=1755577776\\\"}],\\\"max_age\\\":3600}\",\n              \"reporting-endpoints\": \"heroku-nel=\\\"https://nel.heroku.com/reports?s=CqpzWhICLVU%2FK6%2BID4NGXtPztcNHe7ps912sgh3SvFM%3D&sid=e11707d5-02a7-43ef-b45e-2cf4d2036f7d&ts=1755577776\\\"\",\n              \"server\": \"cloudflare\",\n              \"vary\": \"Origin, Accept-Encoding\",\n              \"via\": \"2.0 heroku-router\",\n              \"x-content-type-options\": \"nosniff\",\n              \"x-powered-by\": \"Express\",\n              \"x-ratelimit-limit\": \"1000\",\n              \"x-ratelimit-remaining\": \"999\",\n              \"x-ratelimit-reset\": \"1755577811\",\n              \"age\": \"12514\",\n              \"cf-cache-status\": \"HIT\",\n              \"cf-ray\": \"97287d064ee9cfa3-MRS\",\n              \"alt-svc\": \"h3=\\\":443\\\"; ma=86400\"\n            },\n            \"data\": [\n              {\n                \"userId\": 1,\n                \"id\": 1,\n                \"title\": \"sunt aut facere repellat provident occaecati excepturi optio reprehenderit\",\n                \"body\": \"quia et suscipit\\nsuscipit recusandae consequuntur expedita et cum\\nreprehenderit molestiae ut ut quas totam\\nnostrum rerum est autem sunt rem eveniet architecto\"\n              },\n              {\n                \"userId\": 1,\n                \"id\": 2,\n                \"title\": \"qui est esse\",\n                \"body\": \"est rerum tempore vitae\\nsequi sint nihil reprehenderit dolor beatae ea dolores neque\\nfugiat blanditiis voluptate porro vel nihil molestiae ut reiciendis\\nqui aperiam non debitis possimus qui neque nisi nulla\"\n              },\n              {\n                \"userId\": 1,\n                \"id\": 3,\n                \"title\": \"ea molestias quasi exercitationem repellat qui ipsa sit aut\",\n                \"body\": \"et iusto sed quo iure\\nvoluptatem occaecati omnis eligendi aut ad\\nvoluptatem doloribus vel accusantium quis pariatur\\nmolestiae porro eius odio et labore et velit aut\"\n              },\n              {\n                \"userId\": 1,\n                \"id\": 4,\n                \"title\": \"eum et est occaecati\",\n                \"body\": \"ullam et saepe reiciendis voluptatem adipisci\\nsit amet autem assumenda provident rerum culpa\\nquis hic commodi nesciunt rem tenetur doloremque ipsam iure\\nquis sunt voluptatem rerum illo velit\"\n              },\n              {\n                \"userId\": 1,\n                \"id\": 5,\n                \"title\": \"nesciunt quas odio\",\n                \"body\": \"repudiandae veniam quaerat sunt sed\\nalias aut fugiat sit autem sed est\\nvoluptatem omnis possimus esse voluptatibus quis\\nest aut tenetur dolor neque\"\n              },\n              {\n                \"userId\": 1,\n                \"id\": 6,\n                \"title\": \"dolorem eum magni eos aperiam quia\",\n                \"body\": \"ut aspernatur corporis harum nihil quis provident sequi\\nmollitia nobis aliquid molestiae\\nperspiciatis et ea nemo ab reprehenderit accusantium quas\\nvoluptate dolores velit et doloremque molestiae\"\n              },\n              {\n                \"userId\": 1,\n                \"id\": 7,\n                \"title\": \"magnam facilis autem\",\n                \"body\": \"dolore placeat quibusdam ea quo vitae\\nmagni quis enim qui quis quo nemo aut saepe\\nquidem repellat excepturi ut quia\\nsunt ut sequi eos ea sed quas\"\n              },\n              {\n                \"userId\": 1,\n                \"id\": 8,\n                \"title\": \"dolorem dolore est ipsam\",\n                \"body\": \"dignissimos aperiam dolorem qui eum\\nfacilis quibusdam animi sint suscipit qui sint possimus cum\\nquaerat magni maiores excepturi\\nipsam ut commodi dolor voluptatum modi aut vitae\"\n              },\n              {\n                \"userId\": 1,\n                \"id\": 9,\n                \"title\": \"nesciunt iure omnis dolorem tempora et accusantium\",\n                \"body\": \"consectetur animi nesciunt iure dolore\\nenim quia ad\\nveniam autem ut quam aut nobis\\net est aut quod aut provident voluptas autem voluptas\"\n              },\n              {\n                \"userId\": 1,\n                \"id\": 10,\n                \"title\": \"optio molestias id quia eum\",\n                \"body\": \"quo et expedita modi cum officia vel magni\\ndoloribus qui repudiandae\\nvero nisi sit\\nquos veniam quod sed accusamus veritatis error\"\n              }\n            ],\n            \"responseTime\": 185,\n            \"config\": {\n              \"transitional\": {\n                \"silentJSONParsing\": true,\n                \"forcedJSONParsing\": true,\n                \"clarifyTimeoutError\": false\n              },\n              \"adapter\": [\n                \"xhr\",\n                \"http\",\n                \"fetch\"\n              ],\n              \"transformRequest\": [\n                null\n              ],\n              \"transformResponse\": [\n                null\n              ],\n              \"timeout\": 30000,\n              \"xsrfCookieName\": \"XSRF-TOKEN\",\n              \"xsrfHeaderName\": \"X-XSRF-TOKEN\",\n              \"maxContentLength\": -1,\n              \"maxBodyLength\": -1,\n              \"env\": {},\n              \"headers\": {\n                \"Accept\": \"application/json, text/plain, */*\",\n                \"User-Agent\": \"axios/1.11.0\",\n                \"Accept-Encoding\": \"gzip, compress, deflate, br\"\n              },\n              \"method\": \"get\",\n              \"url\": \"https://jsonplaceholder.typicode.com/posts?userId=1\",\n              \"allowAbsoluteUrls\": true\n            }\n          }\n        },\n        {\n          \"type\": \"custom\",\n          \"passed\": true,\n          \"message\": \"All posts should belong to user 1\",\n          \"expected\": \"custom condition\",\n          \"actual\": {\n            \"status\": 200,\n            \"statusText\": \"OK\",\n            \"headers\": {\n              \"date\": \"Thu, 21 Aug 2025 07:41:29 GMT\",\n              \"content-type\": \"application/json; charset=utf-8\",\n              \"transfer-encoding\": \"chunked\",\n              \"connection\": \"keep-alive\",\n              \"access-control-allow-credentials\": \"true\",\n              \"cache-control\": \"max-age=43200\",\n              \"etag\": \"W/\\\"aa6-j2NSH739l9uq40OywFMn7Y0C/iY\\\"\",\n              \"expires\": \"-1\",\n              \"nel\": \"{\\\"report_to\\\":\\\"heroku-nel\\\",\\\"response_headers\\\":[\\\"Via\\\"],\\\"max_age\\\":3600,\\\"success_fraction\\\":0.01,\\\"failure_fraction\\\":0.1}\",\n              \"pragma\": \"no-cache\",\n              \"report-to\": \"{\\\"group\\\":\\\"heroku-nel\\\",\\\"endpoints\\\":[{\\\"url\\\":\\\"https://nel.heroku.com/reports?s=CqpzWhICLVU%2FK6%2BID4NGXtPztcNHe7ps912sgh3SvFM%3D\\\\u0026sid=e11707d5-02a7-43ef-b45e-2cf4d2036f7d\\\\u0026ts=1755577776\\\"}],\\\"max_age\\\":3600}\",\n              \"reporting-endpoints\": \"heroku-nel=\\\"https://nel.heroku.com/reports?s=CqpzWhICLVU%2FK6%2BID4NGXtPztcNHe7ps912sgh3SvFM%3D&sid=e11707d5-02a7-43ef-b45e-2cf4d2036f7d&ts=1755577776\\\"\",\n              \"server\": \"cloudflare\",\n              \"vary\": \"Origin, Accept-Encoding\",\n              \"via\": \"2.0 heroku-router\",\n              \"x-content-type-options\": \"nosniff\",\n              \"x-powered-by\": \"Express\",\n              \"x-ratelimit-limit\": \"1000\",\n              \"x-ratelimit-remaining\": \"999\",\n              \"x-ratelimit-reset\": \"1755577811\",\n              \"age\": \"12514\",\n              \"cf-cache-status\": \"HIT\",\n              \"cf-ray\": \"97287d064ee9cfa3-MRS\",\n              \"alt-svc\": \"h3=\\\":443\\\"; ma=86400\"\n            },\n            \"data\": [\n              {\n                \"userId\": 1,\n                \"id\": 1,\n                \"title\": \"sunt aut facere repellat provident occaecati excepturi optio reprehenderit\",\n                \"body\": \"quia et suscipit\\nsuscipit recusandae consequuntur expedita et cum\\nreprehenderit molestiae ut ut quas totam\\nnostrum rerum est autem sunt rem eveniet architecto\"\n              },\n              {\n                \"userId\": 1,\n                \"id\": 2,\n                \"title\": \"qui est esse\",\n                \"body\": \"est rerum tempore vitae\\nsequi sint nihil reprehenderit dolor beatae ea dolores neque\\nfugiat blanditiis voluptate porro vel nihil molestiae ut reiciendis\\nqui aperiam non debitis possimus qui neque nisi nulla\"\n              },\n              {\n                \"userId\": 1,\n                \"id\": 3,\n                \"title\": \"ea molestias quasi exercitationem repellat qui ipsa sit aut\",\n                \"body\": \"et iusto sed quo iure\\nvoluptatem occaecati omnis eligendi aut ad\\nvoluptatem doloribus vel accusantium quis pariatur\\nmolestiae porro eius odio et labore et velit aut\"\n              },\n              {\n                \"userId\": 1,\n                \"id\": 4,\n                \"title\": \"eum et est occaecati\",\n                \"body\": \"ullam et saepe reiciendis voluptatem adipisci\\nsit amet autem assumenda provident rerum culpa\\nquis hic commodi nesciunt rem tenetur doloremque ipsam iure\\nquis sunt voluptatem rerum illo velit\"\n              },\n              {\n                \"userId\": 1,\n                \"id\": 5,\n                \"title\": \"nesciunt quas odio\",\n                \"body\": \"repudiandae veniam quaerat sunt sed\\nalias aut fugiat sit autem sed est\\nvoluptatem omnis possimus esse voluptatibus quis\\nest aut tenetur dolor neque\"\n              },\n              {\n                \"userId\": 1,\n                \"id\": 6,\n                \"title\": \"dolorem eum magni eos aperiam quia\",\n                \"body\": \"ut aspernatur corporis harum nihil quis provident sequi\\nmollitia nobis aliquid molestiae\\nperspiciatis et ea nemo ab reprehenderit accusantium quas\\nvoluptate dolores velit et doloremque molestiae\"\n              },\n              {\n                \"userId\": 1,\n                \"id\": 7,\n                \"title\": \"magnam facilis autem\",\n                \"body\": \"dolore placeat quibusdam ea quo vitae\\nmagni quis enim qui quis quo nemo aut saepe\\nquidem repellat excepturi ut quia\\nsunt ut sequi eos ea sed quas\"\n              },\n              {\n                \"userId\": 1,\n                \"id\": 8,\n                \"title\": \"dolorem dolore est ipsam\",\n                \"body\": \"dignissimos aperiam dolorem qui eum\\nfacilis quibusdam animi sint suscipit qui sint possimus cum\\nquaerat magni maiores excepturi\\nipsam ut commodi dolor voluptatum modi aut vitae\"\n              },\n              {\n                \"userId\": 1,\n                \"id\": 9,\n                \"title\": \"nesciunt iure omnis dolorem tempora et accusantium\",\n                \"body\": \"consectetur animi nesciunt iure dolore\\nenim quia ad\\nveniam autem ut quam aut nobis\\net est aut quod aut provident voluptas autem voluptas\"\n              },\n              {\n                \"userId\": 1,\n                \"id\": 10,\n                \"title\": \"optio molestias id quia eum\",\n                \"body\": \"quo et expedita modi cum officia vel magni\\ndoloribus qui repudiandae\\nvero nisi sit\\nquos veniam quod sed accusamus veritatis error\"\n              }\n            ],\n            \"responseTime\": 185,\n            \"config\": {\n              \"transitional\": {\n                \"silentJSONParsing\": true,\n                \"forcedJSONParsing\": true,\n                \"clarifyTimeoutError\": false\n              },\n              \"adapter\": [\n                \"xhr\",\n                \"http\",\n                \"fetch\"\n              ],\n              \"transformRequest\": [\n                null\n              ],\n              \"transformResponse\": [\n                null\n              ],\n              \"timeout\": 30000,\n              \"xsrfCookieName\": \"XSRF-TOKEN\",\n              \"xsrfHeaderName\": \"X-XSRF-TOKEN\",\n              \"maxContentLength\": -1,\n              \"maxBodyLength\": -1,\n              \"env\": {},\n              \"headers\": {\n                \"Accept\": \"application/json, text/plain, */*\",\n                \"User-Agent\": \"axios/1.11.0\",\n                \"Accept-Encoding\": \"gzip, compress, deflate, br\"\n              },\n              \"method\": \"get\",\n              \"url\": \"https://jsonplaceholder.typicode.com/posts?userId=1\",\n              \"allowAbsoluteUrls\": true\n            }\n          }\n        }\n      ],\n      \"framework\": {\n        \"name\": \"Restified\",\n        \"version\": \"1.0.0\",\n        \"nodeVersion\": \"v22.17.1\",\n        \"platform\
[...]
                "3e309cd1-d6a5-423e-b02c-ebaef60caaa7"
              ],
              "failures": [],
              "pending": [],
              "skipped": [],
              "duration": 2265,
              "root": false,
              "rootEmpty": false,
              "_timeout": 60000
            },
            {
              "uuid": "e3be2879-c00a-4525-a861-5510fb6ca072",
              "title": "Connection Health and Ping",
              "fullFile": "C:\\RajKumar\\Otalio\\Otalio\\Apps\\RestifiedApp\\Restified\\examples\\advanced\\websocket-testing.ts",
              "file": "\\examples\\advanced\\websocket-testing.ts",
              "beforeHooks": [],
              "afterHooks": [],
              "tests": [
                {
                  "title": "should measure ping latency",
                  "fullTitle": "WebSocket Real-time Testing Connection Health and Ping should measure ping latency",
                  "timedOut": false,
                  "duration": 237,
                  "state": "passed",
                  "speed": "slow",
                  "pass": true,
                  "fail": false,
                  "pending": false,
                  "context": null,
                  "code": "const client = index_1.restified.getWebSocketClient('echo');\nif (client.isConnected()) {\n    const latency = await client.ping();\n    (0, chai_1.expect)(latency).to.be.a('number');\n    (0, chai_1.expect)(latency).to.be.greaterThan(0);\n    (0, chai_1.expect)(latency).to.be.lessThan(10000); // Less than 10 seconds\n    console.log(`WebSocket ping latency: ${latency}ms`);\n}",
                  "err": {},
                  "uuid": "e1a322a1-cab5-4106-88f2-42af2101a88d",
                  "parentUUID": "e3be2879-c00a-4525-a861-5510fb6ca072",
                  "isHook": false,
                  "skipped": false
                }
              ],
              "suites": [],
              "passes": [
                "e1a322a1-cab5-4106-88f2-42af2101a88d"
              ],
              "failures": [],
              "pending": [],
              "skipped": [],
              "duration": 237,
              "root": false,
              "rootEmpty": false,
              "_timeout": 60000
            },
            {
              "uuid": "bd794797-c015-4d7b-9f68-73535d81d3f2",
              "title": "Real-time Data Stream Testing",
              "fullFile": "C:\\RajKumar\\Otalio\\Otalio\\Apps\\RestifiedApp\\Restified\\examples\\advanced\\websocket-testing.ts",
              "file": "\\examples\\advanced\\websocket-testing.ts",
              "beforeHooks": [],
              "afterHooks": [],
              "tests": [
                {
                  "title": "should receive crypto price updates",
                  "fullTitle": "WebSocket Real-time Testing Real-time Data Stream Testing should receive crypto price updates",
                  "timedOut": false,
                  "duration": 1672,
                  "state": "passed",
                  "speed": "slow",
                  "pass": true,
                  "fail": false,
                  "pending": false,
                  "context": null,
                  "code": "try {\n    await index_1.restified.connectWebSocket('crypto');\n    const client = index_1.restified.getWebSocketClient('crypto');\n    client.clearMessages();\n    // Wait for price update message\n    const priceUpdate = await client.waitForMessage((msg) => msg.data && typeof msg.data.c !== 'undefined', // 'c' is close price\n    10000);\n    (0, chai_1.expect)(priceUpdate.data).to.have.property('s'); // symbol\n    (0, chai_1.expect)(priceUpdate.data).to.have.property('c'); // close price\n    (0, chai_1.expect)(priceUpdate.data.s).to.equal('BTCUSDT');\n    (0, chai_1.expect)(parseFloat(priceUpdate.data.c)).to.be.greaterThan(0);\n    console.log(`Received BTC price: $${priceUpdate.data.c}`);\n}\ncatch (error) {\n    console.log('Crypto stream test skipped - service unavailable');\n    this.skip();\n}",
                  "err": {},
                  "uuid": "e835d128-017a-4ef5-b069-f27b1fce664d",
                  "parentUUID": "bd794797-c015-4d7b-9f68-73535d81d3f2",
                  "isHook": false,
                  "skipped": false
                },
                {
                  "title": "should handle multiple concurrent connections",
                  "fullTitle": "WebSocket Real-time Testing Real-time Data Stream Testing should handle multiple concurrent connections",
                  "timedOut": false,
                  "duration": 567,
                  "state": "passed",
                  "speed": "slow",
                  "pass": true,
                  "fail": false,
                  "pending": false,
                  "context": null,
                  "code": "// Create multiple echo connections\nindex_1.restified.createWebSocketClient('echo2', {\n    url: 'wss://echo.websocket.org',\n    timeout: 10000\n});\nawait index_1.restified.connectWebSocket('echo2');\nconst client1 = index_1.restified.getWebSocketClient('echo');\nconst client2 = index_1.restified.getWebSocketClient('echo2');\n(0, chai_1.expect)(client1.isConnected()).to.be.true;\n(0, chai_1.expect)(client2.isConnected()).to.be.true;\n// Send different messages on each connection\nclient1.clearMessages();\nclient2.clearMessages();\nawait client1.send('Message from connection 1');\nawait client2.send('Message from connection 2');\n// Verify each connection received its own message\nconst msg1 = await client1.waitForMessage((msg) => msg.data === 'Message from connection 1', 3000);\nconst msg2 = await client2.waitForMessage((msg) => msg.data === 'Message from connection 2', 3000);\n(0, chai_1.expect)(msg1.data).to.equal('Message from connection 1');\n(0, chai_1.expect)(msg2.data).to.equal('Message from connection 2');",
                  "err": {},
                  "uuid": "b9ca53e1-067c-409e-9d2e-2c3c0c25b6c3",
                  "parentUUID": "bd794797-c015-4d7b-9f68-73535d81d3f2",
                  "isHook": false,
                  "skipped": false
                }
              ],
              "suites": [],
              "passes": [
                "e835d128-017a-4ef5-b069-f27b1fce664d",
                "b9ca53e1-067c-409e-9d2e-2c3c0c25b6c3"
              ],
              "failures": [],
              "pending": [],
              "skipped": [],
              "duration": 2239,
              "root": false,
              "rootEmpty": false,
              "_timeout": 60000
            },
            {
              "uuid": "54d41fd1-749a-4d9a-a1a3-d62be582f23e",
              "title": "Error Handling and Reconnection",
              "fullFile": "C:\\RajKumar\\Otalio\\Otalio\\Apps\\RestifiedApp\\Restified\\examples\\advanced\\websocket-testing.ts",
              "file": "\\examples\\advanced\\websocket-testing.ts",
              "beforeHooks": [],
              "afterHooks": [],
              "tests": [
                {
                  "title": "should handle disconnection gracefully",
                  "fullTitle": "WebSocket Real-time Testing Error Handling and Reconnection should handle disconnection gracefully",
                  "timedOut": false,
                  "duration": 242,
                  "state": "passed",
                  "speed": "slow",
                  "pass": true,
                  "fail": false,
                  "pending": false,
                  "context": null,
                  "code": "const client = index_1.restified.getWebSocketClient('echo');\nif (client.isConnected()) {\n    await client.disconnect();\n    (0, chai_1.expect)(client.isConnected()).to.be.false;\n    // Test result should show disconnection\n    const testResult = client.getTestResult();\n    (0, chai_1.expect)(testResult.connected).to.be.false;\n    (0, chai_1.expect)(testResult.disconnectionTime).to.be.a('number');\n    (0, chai_1.expect)(testResult.messages).to.be.an('array');\n}",
                  "err": {},
                  "uuid": "e2a9e9d1-205d-41b7-81c3-1ba5bf949c1f",
                  "parentUUID": "54d41fd1-749a-4d9a-a1a3-d62be582f23e",
                  "isHook": false,
                  "skipped": false
                }
              ],
              "suites": [],
              "passes": [
                "e2a9e9d1-205d-41b7-81c3-1ba5bf949c1f"
              ],
              "failures": [],
              "pending": [],
              "skipped": [],
              "duration": 242,
              "root": false,
              "rootEmpty": false,
              "_timeout": 60000
            }
          ],
          "passes": [],
          "failures": [],
          "pending": [],
          "skipped": [],
          "duration": 0,
          "root": false,
          "rootEmpty": false,
          "_timeout": 60000
        },
        {
          "uuid": "ac4add9f-f341-482e-a4d9-82ee71528805",
          "title": "Bearer Token Authentication Example",
          "fullFile": "C:\\RajKumar\\Otalio\\Otalio\\Apps\\RestifiedApp\\Restified\\examples\\authentication\\bearer-auth.ts",
          "file": "\\examples\\authentication\\bearer-auth.ts",
          "beforeHooks": [
            {
              "title": "\"before all\" hook: Bearer Token in \"Bearer Token Authentication Example\"",
              "fullTitle": "Bearer Token Authentication Example \"before all\" hook: Bearer Token in \"Bearer Token Authentication Example\"",
              "timedOut": false,
              "duration": 0,
              "state": null,
              "speed": null,
              "pass": false,
              "fail": false,
              "pending": false,
              "context": null,
              "code": "test_utils_1.GlobalTestUtils.logTestProgress('Simple GET', 'Global Setup');\n(0, chai_1.expect)(true).to.be.true; // Ensure global setup is complete",
              "err": {},
              "uuid": "ff6cf743-40dd-41b2-b157-7d04d00d5737",
              "parentUUID": "ac4add9f-f341-482e-a4d9-82ee71528805",
              "isHook": true,
              "skipped": false
            },
            {
              "title": "\"before each\" hook: Bearer Token in \"Bearer Token Authentication Example\"",
              "fullTitle": "Bearer Token Authentication Example \"before each\" hook: Bearer Token in \"Bearer Token Authentication Example\"",
              "timedOut": false,
              "duration": 1,
              "state": null,
              "speed": null,
              "pass": false,
              "fail": false,
              "pending": false,
              "context": null,
              "code": "test_utils_1.GlobalTestUtils.logTestProgress('Simple GET', 'Global Setup');\n(0, chai_1.expect)(true).to.be.true; // Ensure global setup is complete",
              "err": {},
              "uuid": "47eb2e63-8128-47b7-a95a-d35cc0d17a00",
              "parentUUID": "ac4add9f-f341-482e-a4d9-82ee71528805",
              "isHook": true,
              "skipped": false
            }
          ],
          "afterHooks": [
            {
              "title": "\"after all\" hook: Bearer Token in \"Bearer Token Authentication Example\"",
              "fullTitle": "Bearer Token Authentication Example \"after all\" hook: Bearer Token in \"Bearer Token Authentication Example\"",
              "timedOut": false,
              "duration": 1,
              "state": null,
              "speed": null,
              "pass": false,
              "fail": false,
              "pending": false,
              "context": null,
              "code": "test_utils_1.GlobalTestUtils.logTestProgress('Simple GET', 'Global Setup');\n(0, chai_1.expect)(true).to.be.true; // Ensure global setup is complete",
              "err": {},
              "uuid": "68778dda-78c8-4b77-947c-46aab392f1fa",
              "parentUUID": "ac4add9f-f341-482e-a4d9-82ee71528805",
              "isHook": true,
              "skipped": false
            },
            {
              "title": "\"after each\" hook: Bearer Token in \"Bearer Token Authentication Example\"",
              "fullTitle": "Bearer Token Authentication Example \"after each\" hook: Bearer Token in \"Bearer Token Authentication Example\"",
              "timedOut": false,
              "duration": 0,
              "state": null,
              "speed": null,
              "pass": false,
              "fail": false,
              "pending": false,
              "context": null,
              "code": "test_utils_1.GlobalTestUtils.logTestProgress('Simple GET', 'Global Setup');\n(0, chai_1.expect)(true).to.be.true; // Ensure global setup is complete",
              "err": {},
              "uuid": "0c9be6fc-b13b-44f7-bb71-2b70e316489f",
              "parentUUID": "ac4add9f-f341-482e-a4d9-82ee71528805",
              "isHook": true,
              "skipped": false
            }
          ],
          "tests": [
            {
              "title": "should use global authentication token with testUtils client",
              "fullTitle": "Bearer Token Authentication Example should use global authentication token with testUtils client",
              "timedOut": false,
              "duration": 1739,
              "state": "passed",
              "speed": "slow",
              "pass": true,
              "fail": false,
              "pending": false,
              "context": null,
              "code": "test_utils_1.GlobalTestUtils.logTestProgress('Bearer Auth', 'Global Token Usage');\n// Use the global auth token that was obtained during global setup\n// Common headers are already included in the client configuration\nconst response = await src_1.restified\n    .given()\n    .useClient('testUtils') // Pre-configured client\n    .bearerToken('{{globalAuthToken}}') // Global auth token\n    .when()\n    .get('/bearer')\n    .execute();\nawait response\n    .statusCode(200)\n    .jsonPath('$.authenticated', true)\n    .jsonPath('$.token', src_1.restified.getVariable('globalAuthToken'))\n    .execute();\nconsole.log('✅ Authentication successful with global token');",
              "err": {},
              "uuid": "099d3972-5b5f-4377-a6f8-efa66e6c9bd6",
              "parentUUID": "ac4add9f-f341-482e-a4d9-82ee71528805",
              "isHook": false,
              "skipped": false
            },
            {
              "title": "should demonstrate environment-based authentication",
              "fullTitle": "Bearer Token Authentication Example should demonstrate environment-based authentication",
              "timedOut": false,
              "duration": 1030,
              "state": "passed",
              "speed": "slow",
              "pass": true,
              "fail": false,
              "pending": false,
              "context": null,
              "code": "test_utils_1.GlobalTestUtils.logTestProgress('Bearer Auth', 'Environment Auth');\n// Use environment variable that was set up during global setup\n// Common headers are already included in the client configuration\nconst response = await src_1.restified\n    .given()\n    .useClient('testUtils')\n    .bearerToken('{{$env.EXAMPLE_API_KEY}}') // From global setup\n    .when()\n    .get('/bearer')\n    .execute();\nawait response\n    .statusCode(200)\n    .jsonPath('$.authenticated', true)\n    .jsonPath('$.token', process.env.EXAMPLE_API_KEY)\n    .execute();\nconsole.log('✅ Environment-based authentication successful');",
              "err": {},
              "uuid": "4f06850f-4537-4df5-8cc4-7f165bd15066",
              "parentUUID": "ac4add9f-f341-482e-a4d9-82ee71528805",
              "isHook": false,
              "skipped": false
            },
            {
              "title": "should show authenticated API workflow",
              "fullTitle": "Bearer Token Authentication Example should show authenticated API workflow",
              "timedOut": false,
              "duration": 950,
              "state": "passed",
              "speed": "slow",
              "pass": true,
              "fail": false,
              "pending": false,
              "context": null,
              "code": "test_utils_1.GlobalTestUtils.logTestProgress('Bearer Auth', 'API Workflow');\n// Step 1: Use authenticated API client for business operation\n// Common headers are already included in the client configuration\nconst userResponse = await src_1.restified\n    .given()\n    .useClient('api') // Pre-configured with global auth\n    .header('Authorization', `Bearer {{globalAuthToken}}`)\n    .when()\n    .get('/users/{{globalUserId}}')\n    .execute();\nawait userResponse\n    .statusCode(200)\n    .jsonPath('$.id', src_1.restified.getVariable('globalUserId'))\n    .extract('$.phone', 'userPhone')\n    .execute();\n// Step 2: Validate auth token with test utilities\nconst validateResponse = await src_1.restified\n    .given()\n    .useClient('testUtils')\n    .header('X-User-Phone', '{{userPhone}}')\n    .header('X-Global-User', '{{globalUserEmail}}')\n    .bearerToken('{{globalAuthToken}}')\n    .when()\n    .get('/bearer')\n    .execute();\nawait validateResponse\n    .statusCode(200)\n    .jsonPath('$.authenticated', true)\n    .custom((response) => {\n    return response.data.token === src_1.restified.getVariable('globalAuthToken');\n}, 'Token should match global auth token')\n    .execute();\nconsole.log('✅ Full authenticated workflow completed');",
              "err": {},
              "uuid": "5bd0ce32-f634-4c57-945e-5abb9969347f",
              "parentUUID": "ac4add9f-f341-482e-a4d9-82ee71528805",
              "isHook": false,
              "skipped": false
            },
            {
              "title": "should handle authentication errors with global patterns",
              "fullTitle": "Bearer Token Authentication Example should handle authentication errors with global patterns",
              "timedOut": false,
              "duration": 269,
              "state": "passed",
              "speed": "slow",
              "pass": true,
              "fail": false,
              "pending": false,
              "context": null,
              "code": "test_utils_1.GlobalTestUtils.logTestProgress('Bearer Auth', 'Error Handling');\n// Test authentication failure using invalid token\n// Common headers are already included in the client configuration\nconst response = await src_1.restified\n    .given()\n    .useClient('testUtils')\n    .bearerToken('invalid-global-token')\n    .when()\n    .get('/bearer')\n    .execute();\nawait response\n    .statusCode(200) // HTTPBin accepts any token for demo\n    .jsonPath('$.authenticated', true)\n    .jsonPath('$.token', 'invalid-global-token')\n    .execute();\nconsole.log('✅ Authentication error handling verified');",
              "err": {},
              "uuid": "b2af7529-e94d-4c06-9169-265196ef25fd",
              "parentUUID": "ac4add9f-f341-482e-a4d9-82ee71528805",
              "isHook": false,
              "skipped": false
            }
          ],
          "suites": [],
          "passes": [
            "099d3972-5b5f-4377-a6f8-efa66e6c9bd6",
            "4f06850f-4537-4df5-8cc4-7f165bd15066",
            "5bd0ce32-f634-4c57-945e-5abb9969347f",
            "b2af7529-e94d-4c06-9169-265196ef25fd"
          ],
          "failures": [],
          "pending": [],
          "skipped": [],
          "duration": 3988,
          "root": false,
          "rootEmpty": false,
          "_timeout": 10000
        }
      ],
      "passes": [],
      "failures": [],
      "pending": [],
      "skipped": [],
      "duration": 0,
      "root": true,
      "rootEmpty": true,
      "_timeout": 10000
    }
  ],
  "meta": {
    "mocha": {
      "version": "10.8.2"
    },
    "mochawesome": {
      "options": {
        "quiet": false,
        "reportFilename": "mochawesome",
        "saveHtml": true,
        "saveJson": true,
        "consoleReporter": "spec",
        "useInlineDiffs": false,
        "code": true
      },
      "version": "7.1.3"
    },
    "marge": {
      "options": {
        "[object Object]": true
      },
      "version": "6.2.0"
    }
  }
}