{
  "stats": {
    "suites": 32,
    "tests": 83,
    "passes": 29,
    "pending": 1,
    "failures": 53,
    "start": "2025-08-30T08:58:51.239Z",
    "end": "2025-08-30T08:59:45.084Z",
    "duration": 53845,
    "testsRegistered": 83,
    "passPercent": 35.36585365853659,
    "pendingPercent": 1.2048192771084338,
    "other": 0,
    "hasOther": false,
    "skipped": 0,
    "hasSkipped": false
  },
  "results": [
    {
      "uuid": "d97b7b9a-2eca-4ff7-9f6a-63e8a0917d88",
      "title": "",
      "fullFile": "",
      "file": "",
      "beforeHooks": [],
      "afterHooks": [],
      "tests": [],
      "suites": [
        {
          "uuid": "14cdc457-de46-4414-8984-b6bcc6878551",
          "title": "POST Request with Variables Example",
          "fullFile": "C:\\RajKumar\\Otalio\\Otalio\\Apps\\RestifiedApp\\Restified\\examples\\basic\\post-with-variables.ts",
          "file": "\\examples\\basic\\post-with-variables.ts",
          "beforeHooks": [
            {
              "title": "\"before each\" hook in \"POST Request with Variables Example\"",
              "fullTitle": "POST Request with Variables Example \"before each\" hook in \"POST Request with Variables Example\"",
              "timedOut": false,
              "duration": 0,
              "state": null,
              "speed": null,
              "pass": false,
              "fail": false,
              "pending": false,
              "context": null,
              "code": "// Set up test-specific data (global auth data already available from setup)\nsrc_1.restified.setLocalVariable('postTitle', 'My Test Post');\nsrc_1.restified.setLocalVariable('postBody', 'Created using global auth by {{globalUserEmail}}');",
              "err": {},
              "uuid": "134b7e9e-ce4d-4a8e-815d-606968d4eccf",
              "parentUUID": "14cdc457-de46-4414-8984-b6bcc6878551",
              "isHook": true,
              "skipped": false
            }
          ],
          "afterHooks": [],
          "tests": [
            {
              "title": "should create a post using global client and variables",
              "fullTitle": "POST Request with Variables Example should create a post using global client and variables",
              "timedOut": false,
              "duration": 37,
              "state": "failed",
              "speed": null,
              "pass": false,
              "fail": true,
              "pending": false,
              "context": null,
              "code": "test_utils_1.GlobalTestUtils.logTestProgress('POST Variables', 'Create Post');\n// Use pre-configured API client from global setup\n// Common headers are already included in the client configuration\nconst createResponse = await src_1.restified\n    .given()\n    .useClient('api') // Global client with pre-configured headers\n    .header('X-Author', '{{globalUserEmail}}')\n    .when()\n    .post('/posts', {\n    title: '{{postTitle}}',\n    body: '{{postBody}}',\n    userId: '{{globalUserId}}' // Using global user ID from auth\n})\n    .execute();\n// Verify creation and extract the ID\nawait createResponse\n    .statusCode(201)\n    .jsonPath('$.title', 'My Test Post')\n    .jsonPath('$.userId', '1') // JSONPlaceholder returns userId as string\n    .extract('$.id', 'createdPostId')\n    .execute();\nconsole.log('📝 Post created with ID:', src_1.restified.getVariable('createdPostId'));",
              "err": {
                "message": "TypeError: createResponse.statusCode is not a function",
                "estack": "TypeError: createResponse.statusCode is not a function\n    at Context.<anonymous> (examples\\basic\\post-with-variables.ts:39:8)",
                "diff": null
              },
              "uuid": "de1461c2-f21b-4983-b0fd-1cf0b49a8eb7",
              "parentUUID": "14cdc457-de46-4414-8984-b6bcc6878551",
              "isHook": false,
              "skipped": false
            },
            {
              "title": "should retrieve post using global client and extracted variables",
              "fullTitle": "POST Request with Variables Example should retrieve post using global client and extracted variables",
              "timedOut": false,
              "duration": 5,
              "state": "failed",
              "speed": null,
              "pass": false,
              "fail": true,
              "pending": false,
              "context": null,
              "code": "test_utils_1.GlobalTestUtils.logTestProgress('POST Variables', 'Retrieve Post');\n// Use the globalUserId that was set during global authentication\n// Common headers are already included in the client configuration\nconst getResponse = await src_1.restified\n    .given()\n    .useClient('api') // Pre-configured API client\n    .header('X-Requested-By', '{{globalUserEmail}}')\n    .when()\n    .get('/posts/{{globalUserId}}') // Using global user ID\n    .execute();\nawait getResponse\n    .statusCode(200)\n    .jsonPath('$.id', src_1.restified.getVariable('globalUserId'))\n    .jsonPath('$.userId', src_1.restified.getVariable('globalUserId'))\n    .jsonPath('$.title')\n    .custom((response) => {\n    // Verify we can access global variables in custom assertions\n    return src_1.restified.getVariable('testEnvironment') === 'development';\n}, 'Should have access to global test environment')\n    .execute();",
              "err": {
                "message": "TypeError: getResponse.statusCode is not a function",
                "estack": "TypeError: getResponse.statusCode is not a function\n    at Context.<anonymous> (examples\\basic\\post-with-variables.ts:62:8)",
                "diff": null
              },
              "uuid": "65b66d83-cc69-44c9-b242-0c5dc177d249",
              "parentUUID": "14cdc457-de46-4414-8984-b6bcc6878551",
              "isHook": false,
              "skipped": false
            },
            {
              "title": "should demonstrate cross-client variable usage",
              "fullTitle": "POST Request with Variables Example should demonstrate cross-client variable usage",
              "timedOut": false,
              "duration": 4,
              "state": "failed",
              "speed": null,
              "pass": false,
              "fail": true,
              "pending": false,
              "context": null,
              "code": "test_utils_1.GlobalTestUtils.logTestProgress('POST Variables', 'Cross-Client');\n// First, create data using API client\n// Common headers are already included in the client configuration\nconst apiResponse = await src_1.restified\n    .given()\n    .useClient('api')\n    .when()\n    .get('/users/{{globalUserId}}')\n    .execute();\nawait apiResponse\n    .statusCode(200)\n    .extract('$.company.catchPhrase', 'companyCatchPhrase')\n    .execute();\n// Then use testUtils client to validate the extracted data\n// Common headers are already included in the client configuration\nconst testResponse = await src_1.restified\n    .given()\n    .useClient('testUtils') // Different client from global setup\n    .when()\n    .post('/post', {\n    extractedData: '{{companyCatchPhrase}}',\n    globalUser: '{{globalUserEmail}}',\n    testSuite: '{{testSuite}}'\n})\n    .execute();\nawait testResponse\n    .statusCode(200)\n    .jsonPath('$.json.globalUser', src_1.restified.getVariable('globalUserEmail'))\n    .jsonPath('$.json.testSuite', src_1.restified.getVariable('testSuite'))\n    .execute();\nconsole.log('🌐 Cross-client variable sharing successful');",
              "err": {
                "message": "TypeError: apiResponse.statusCode is not a function",
                "estack": "TypeError: apiResponse.statusCode is not a function\n    at Context.<anonymous> (examples\\basic\\post-with-variables.ts:86:8)",
                "diff": null
              },
              "uuid": "52ba1bc8-b96a-47ff-a231-9ef47ed65453",
              "parentUUID": "14cdc457-de46-4414-8984-b6bcc6878551",
              "isHook": false,
              "skipped": false
            }
          ],
          "suites": [],
          "passes": [],
          "failures": [
            "de1461c2-f21b-4983-b0fd-1cf0b49a8eb7",
            "65b66d83-cc69-44c9-b242-0c5dc177d249",
            "52ba1bc8-b96a-47ff-a231-9ef47ed65453"
          ],
          "pending": [],
          "skipped": [],
          "duration": 46,
          "root": false,
          "rootEmpty": false,
          "_timeout": 10000
        },
        {
          "uuid": "e0aef15e-0292-4789-b0d0-5f387b12aee4",
          "title": "Data-Driven Testing Example",
          "fullFile": "C:\\RajKumar\\Otalio\\Otalio\\Apps\\RestifiedApp\\Restified\\examples\\advanced\\data-driven-testing.ts",
          "file": "\\examples\\advanced\\data-driven-testing.ts",
          "beforeHooks": [],
          "afterHooks": [
            {
              "title": "\"after all\" hook in \"Data-Driven Testing Example\"",
              "fullTitle": "Data-Driven Testing Example \"after all\" hook in \"Data-Driven Testing Example\"",
              "timedOut": false,
              "duration": 1,
              "state": null,
              "speed": null,
              "pass": false,
              "fail": false,
              "pending": false,
              "context": null,
              "code": "await src_1.restified.cleanup();",
              "err": {},
              "uuid": "67e58f49-5fd5-4fbd-84d8-8ae45c8f4b5c",
              "parentUUID": "e0aef15e-0292-4789-b0d0-5f387b12aee4",
              "isHook": true,
              "skipped": false
            }
          ],
          "tests": [
            {
              "title": "should validate user 1 has correct name: Leanne Graham",
              "fullTitle": "Data-Driven Testing Example should validate user 1 has correct name: Leanne Graham",
              "timedOut": false,
              "duration": 722,
              "state": "failed",
              "speed": null,
              "pass": false,
              "fail": true,
              "pending": false,
              "context": null,
              "code": "const response = await src_1.restified\n    .given()\n    .baseURL('https://jsonplaceholder.typicode.com')\n    .when()\n    .get(`/users/${id}`)\n    .execute();\nawait response\n    .statusCode(200)\n    .jsonPath('$.id', id)\n    .jsonPath('$.name', expectedName)\n    .execute();",
              "err": {
                "message": "TypeError: response.statusCode is not a function",
                "estack": "TypeError: response.statusCode is not a function\n    at Context.<anonymous> (examples\\advanced\\data-driven-testing.ts:29:10)\n    at processTicksAndRejections (node:internal/process/task_queues:105:5)",
                "diff": null
              },
              "uuid": "5e8442c0-dd76-4dd5-9e90-c08985edbf01",
              "parentUUID": "e0aef15e-0292-4789-b0d0-5f387b12aee4",
              "isHook": false,
              "skipped": false
            },
            {
              "title": "should validate user 2 has correct name: Ervin Howell",
              "fullTitle": "Data-Driven Testing Example should validate user 2 has correct name: Ervin Howell",
              "timedOut": false,
              "duration": 615,
              "state": "failed",
              "speed": null,
              "pass": false,
              "fail": true,
              "pending": false,
              "context": null,
              "code": "const response = await src_1.restified\n    .given()\n    .baseURL('https://jsonplaceholder.typicode.com')\n    .when()\n    .get(`/users/${id}`)\n    .execute();\nawait response\n    .statusCode(200)\n    .jsonPath('$.id', id)\n    .jsonPath('$.name', expectedName)\n    .execute();",
              "err": {
                "message": "TypeError: response.statusCode is not a function",
                "estack": "TypeError: response.statusCode is not a function\n    at Context.<anonymous> (examples\\advanced\\data-driven-testing.ts:29:10)\n    at processTicksAndRejections (node:internal/process/task_queues:105:5)",
                "diff": null
              },
              "uuid": "beb0086b-627c-45c3-b927-c2faa5c27387",
              "parentUUID": "e0aef15e-0292-4789-b0d0-5f387b12aee4",
              "isHook": false,
              "skipped": false
            },
            {
              "title": "should validate user 3 has correct name: Clementine Bauch",
              "fullTitle": "Data-Driven Testing Example should validate user 3 has correct name: Clementine Bauch",
              "timedOut": false,
              "duration": 558,
              "state": "failed",
              "speed": null,
              "pass": false,
              "fail": true,
              "pending": false,
              "context": null,
              "code": "const response = await src_1.restified\n    .given()\n    .baseURL('https://jsonplaceholder.typicode.com')\n    .when()\n    .get(`/users/${id}`)\n    .execute();\nawait response\n    .statusCode(200)\n    .jsonPath('$.id', id)\n    .jsonPath('$.name', expectedName)\n    .execute();",
              "err": {
                "message": "TypeError: response.statusCode is not a function",
                "estack": "TypeError: response.statusCode is not a function\n    at Context.<anonymous> (examples\\advanced\\data-driven-testing.ts:29:10)\n    at processTicksAndRejections (node:internal/process/task_queues:105:5)",
                "diff": null
              },
              "uuid": "b259e290-172a-4fed-b41c-1e13fbf44764",
              "parentUUID": "e0aef15e-0292-4789-b0d0-5f387b12aee4",
              "isHook": false,
              "skipped": false
            },
            {
              "title": "should validate user 1 has posts within expected range",
              "fullTitle": "Data-Driven Testing Example should validate user 1 has posts within expected range",
              "timedOut": false,
              "duration": 551,
              "state": "failed",
              "speed": null,
              "pass": false,
              "fail": true,
              "pending": false,
              "context": null,
              "code": "const response = await src_1.restified\n    .given()\n    .baseURL('https://jsonplaceholder.typicode.com')\n    .when()\n    .get(`/posts?userId=${userId}`)\n    .execute();\nawait response\n    .statusCode(200)\n    .custom((response) => {\n    const posts = response.data;\n    return Array.isArray(posts) &&\n        posts.length >= expectedPostCount.min &&\n        posts.length <= expectedPostCount.max;\n}, `User ${userId} should have ${expectedPostCount.min}-${expectedPostCount.max} posts`)\n    .custom((response) => {\n    return response.data.every(post => post.userId === userId);\n}, `All posts should belong to user ${userId}`)\n    .execute();",
              "err": {
                "message": "TypeError: response.statusCode is not a function",
                "estack": "TypeError: response.statusCode is not a function\n    at Context.<anonymous> (examples\\advanced\\data-driven-testing.ts:52:10)\n    at processTicksAndRejections (node:internal/process/task_queues:105:5)",
                "diff": null
              },
              "uuid": "df93be35-03d1-49fc-b2a5-3d8d6c9a81f1",
              "parentUUID": "e0aef15e-0292-4789-b0d0-5f387b12aee4",
              "isHook": false,
              "skipped": false
            },
            {
              "title": "should validate user 2 has posts within expected range",
              "fullTitle": "Data-Driven Testing Example should validate user 2 has posts within expected range",
              "timedOut": false,
              "duration": 716,
              "state": "failed",
              "speed": null,
              "pass": false,
              "fail": true,
              "pending": false,
              "context": null,
              "code": "const response = await src_1.restified\n    .given()\n    .baseURL('https://jsonplaceholder.typicode.com')\n    .when()\n    .get(`/posts?userId=${userId}`)\n    .execute();\nawait response\n    .statusCode(200)\n    .custom((response) => {\n    const posts = response.data;\n    return Array.isArray(posts) &&\n        posts.length >= expectedPostCount.min &&\n        posts.length <= expectedPostCount.max;\n}, `User ${userId} should have ${expectedPostCount.min}-${expectedPostCount.max} posts`)\n    .custom((response) => {\n    return response.data.every(post => post.userId === userId);\n}, `All posts should belong to user ${userId}`)\n    .execute();",
              "err": {
                "message": "TypeError: response.statusCode is not a function",
                "estack": "TypeError: response.statusCode is not a function\n    at Context.<anonymous> (examples\\advanced\\data-driven-testing.ts:52:10)\n    at processTicksAndRejections (node:internal/process/task_queues:105:5)",
                "diff": null
              },
              "uuid": "ae759269-c594-4fe2-996e-a3233a02c37b",
              "parentUUID": "e0aef15e-0292-4789-b0d0-5f387b12aee4",
              "isHook": false,
              "skipped": false
            },
            {
              "title": "should validate user 3 has posts within expected range",
              "fullTitle": "Data-Driven Testing Example should validate user 3 has posts within expected range",
              "timedOut": false,
              "duration": 659,
              "state": "failed",
              "speed": null,
              "pass": false,
              "fail": true,
              "pending": false,
              "context": null,
              "code": "const response = await src_1.restified\n    .given()\n    .baseURL('https://jsonplaceholder.typicode.com')\n    .when()\n    .get(`/posts?userId=${userId}`)\n    .execute();\nawait response\n    .statusCode(200)\n    .custom((response) => {\n    const posts = response.data;\n    return Array.isArray(posts) &&\n        posts.length >= expectedPostCount.min &&\n        posts.length <= expectedPostCount.max;\n}, `User ${userId} should have ${expectedPostCount.min}-${expectedPostCount.max} posts`)\n    .custom((response) => {\n    return response.data.every(post => post.userId === userId);\n}, `All posts should belong to user ${userId}`)\n    .execute();",
              "err": {
                "message": "TypeError: response.statusCode is not a function",
                "estack": "TypeError: response.statusCode is not a function\n    at Context.<anonymous> (examples\\advanced\\data-driven-testing.ts:52:10)\n    at processTicksAndRejections (node:internal/process/task_queues:105:5)",
                "diff": null
              },
              "uuid": "47359db8-c74f-4aef-aa45-067252665eaa",
              "parentUUID": "e0aef15e-0292-4789-b0d0-5f387b12aee4",
              "isHook": false,
              "skipped": false
            },
            {
              "title": "should return 200 for /posts/1",
              "fullTitle": "Data-Driven Testing Example should return 200 for /posts/1",
              "timedOut": false,
              "duration": 659,
              "state": "failed",
              "speed": null,
              "pass": false,
              "fail": true,
              "pending": false,
              "context": null,
              "code": "const response = await src_1.restified\n    .given()\n    .baseURL('https://jsonplaceholder.typicode.com')\n    .when()\n    .get(endpoint)\n    .execute();\nawait response\n    .statusCode(expectedStatus)\n    .execute();",
              "err": {
                "message": "TypeError: response.statusCode is not a function",
                "estack": "TypeError: response.statusCode is not a function\n    at Context.<anonymous> (examples\\advanced\\data-driven-testing.ts:83:10)\n    at processTicksAndRejections (node:internal/process/task_queues:105:5)",
                "diff": null
              },
              "uuid": "578c7591-8f7e-4dcf-973b-6e8f154d5e99",
              "parentUUID": "e0aef15e-0292-4789-b0d0-5f387b12aee4",
              "isHook": false,
              "skipped": false
            },
            {
              "title": "should return 404 for /posts/999",
              "fullTitle": "Data-Driven Testing Example should return 404 for /posts/999",
              "timedOut": false,
              "duration": 696,
              "state": "failed",
              "speed": null,
              "pass": false,
              "fail": true,
              "pending": false,
              "context": null,
              "code": "const response = await src_1.restified\n    .given()\n    .baseURL('https://jsonplaceholder.typicode.com')\n    .when()\n    .get(endpoint)\n    .execute();\nawait response\n    .statusCode(expectedStatus)\n    .execute();",
              "err": {
                "message": "TypeError: response.statusCode is not a function",
                "estack": "TypeError: response.statusCode is not a function\n    at Context.<anonymous> (examples\\advanced\\data-driven-testing.ts:83:10)\n    at processTicksAndRejections (node:internal/process/task_queues:105:5)",
                "diff": null
              },
              "uuid": "5f3aafe6-37b8-482c-a16c-9e35c376c450",
              "parentUUID": "e0aef15e-0292-4789-b0d0-5f387b12aee4",
              "isHook": false,
              "skipped": false
            },
            {
              "title": "should return 200 for /users/1",
              "fullTitle": "Data-Driven Testing Example should return 200 for /users/1",
              "timedOut": false,
              "duration": 584,
              "state": "failed",
              "speed": null,
              "pass": false,
              "fail": true,
              "pending": false,
              "context": null,
              "code": "const response = await src_1.restified\n    .given()\n    .baseURL('https://jsonplaceholder.typicode.com')\n    .when()\n    .get(endpoint)\n    .execute();\nawait response\n    .statusCode(expectedStatus)\n    .execute();",
              "err": {
                "message": "TypeError: response.statusCode is not a function",
                "estack": "TypeError: response.statusCode is not a function\n    at Context.<anonymous> (examples\\advanced\\data-driven-testing.ts:83:10)\n    at processTicksAndRejections (node:internal/process/task_queues:105:5)",
                "diff": null
              },
              "uuid": "3f48eba7-b2b9-4431-a76c-4b7a8104af51",
              "parentUUID": "e0aef15e-0292-4789-b0d0-5f387b12aee4",
              "isHook": false,
              "skipped": false
            },
            {
              "title": "should return 404 for /users/999",
              "fullTitle": "Data-Driven Testing Example should return 404 for /users/999",
              "timedOut": false,
              "duration": 589,
              "state": "failed",
              "speed": null,
              "pass": false,
              "fail": true,
              "pending": false,
              "context": null,
              "code": "const response = await src_1.restified\n    .given()\n    .baseURL('https://jsonplaceholder.typicode.com')\n    .when()\n    .get(endpoint)\n    .execute();\nawait response\n    .statusCode(expectedStatus)\n    .execute();",
              "err": {
                "message": "TypeError: response.statusCode is not a function",
                "estack": "TypeError: response.statusCode is not a function\n    at Context.<anonymous> (examples\\advanced\\data-driven-testing.ts:83:10)\n    at processTicksAndRejections (node:internal/process/task_queues:105:5)",
                "diff": null
              },
              "uuid": "db19174d-59f4-4954-88c2-1e2917fa045f",
              "parentUUID": "e0aef15e-0292-4789-b0d0-5f387b12aee4",
              "isHook": false,
              "skipped": false
            }
          ],
          "suites": [],
          "passes": [],
          "failures": [
            "5e8442c0-dd76-4dd5-9e90-c08985edbf01",
            "beb0086b-627c-45c3-b927-c2faa5c27387",
            "b259e290-172a-4fed-b41c-1e13fbf44764",
            "df93be35-03d1-49fc-b2a5-3d8d6c9a81f1",
            "ae759269-c594-4fe2-996e-a3233a02c37b",
            "47359db8-c74f-4aef-aa45-067252665eaa",
            "578c7591-8f7e-4dcf-973b-6e8f154d5e99",
            "5f3aafe6-37b8-482c-a16c-9e35c376c450",
            "3f48eba7-b2b9-4431-a76c-4b7a8104af51",
            "db19174d-59f4-4954-88c2-1e2917fa045f"
          ],
          "pending": [],
          "skipped": [],
          "duration": 6349,
          "root": false,
          "rootEmpty": false,
          "_timeout": 10000
        },
        {
          "uuid": "3920e7dd-e2a3-42ec-9637-9c7af4a60831",
          "title": "Database Integration Testing",
          "fullFile": "C:\\RajKumar\\Otalio\\Otalio\\Apps\\RestifiedApp\\Restified\\examples\\advanced\\database-testing.ts",
          "file": "\\examples\\advanced\\database-testing.ts",
          "beforeHooks": [
            {
              "title": "\"before all\" hook in \"Database Integration Testing\"",
              "fullTitle": "Database Integration Testing \"before all\" hook in \"Database Integration Testing\"",
              "timedOut": false,
              "duration": 1,
              "state": null,
              "speed": null,
              "pass": false,
              "fail": false,
              "pending": false,
              "context": null,
              "code": "// Setup database connections (using mock/test databases)\n// PostgreSQL connection (if available)\nif (process.env.POSTGRES_CONNECTION_STRING || process.env.POSTGRES_HOST) {\n    await index_1.restified.createDatabaseClient('postgres', {\n        type: 'postgresql',\n        host: process.env.POSTGRES_HOST || 'localhost',\n        port: parseInt(process.env.POSTGRES_PORT || '5432'),\n        username: process.env.POSTGRES_USER || 'test',\n        password: process.env.POSTGRES_PASSWORD || 'test',\n        database: process.env.POSTGRES_DB || 'testdb',\n        connectionString: process.env.POSTGRES_CONNECTION_STRING,\n        timeout: 10000\n    });\n}\n// MongoDB connection (if available)\nif (process.env.MONGODB_CONNECTION_STRING || process.env.MONGODB_HOST) {\n    await index_1.restified.createDatabaseClient('mongodb', {\n        type: 'mongodb',\n        host: process.env.MONGODB_HOST || 'localhost',\n        port: parseInt(process.env.MONGODB_PORT || '27017'),\n        database: process.env.MONGODB_DB || 'testdb',\n        connectionString: process.env.MONGODB_CONNECTION_STRING,\n        timeout: 10000\n    });\n}",
              "err": {},
              "uuid": "7d044239-ebb4-4b77-8377-0919814ec0a3",
              "parentUUID": "3920e7dd-e2a3-42ec-9637-9c7af4a60831",
              "isHook": true,
              "skipped": false
            }
          ],
          "afterHooks": [
            {
              "title": "\"after all\" hook in \"Database Integration Testing\"",
              "fullTitle": "Database Integration Testing \"after all\" hook in \"Database Integration Testing\"",
              "timedOut": false,
              "duration": 2,
              "state": null,
              "speed": null,
              "pass": false,
              "fail": false,
              "pending": false,
              "context": null,
              "code": "await index_1.restified.cleanup();",
              "err": {},
              "uuid": "b5508dc3-3999-4703-a3e7-0efb749bbee7",
              "parentUUID": "3920e7dd-e2a3-42ec-9637-9c7af4a60831",
              "isHook": true,
              "skipped": false
            }
          ],
          "tests": [],
          "suites": [
            {
              "uuid": "bc7eca1d-cbdc-434f-9293-8992348a888b",
              "title": "PostgreSQL Integration",
              "fullFile": "C:\\RajKumar\\Otalio\\Otalio\\Apps\\RestifiedApp\\Restified\\examples\\advanced\\database-testing.ts",
              "file": "\\examples\\advanced\\database-testing.ts",
              "beforeHooks": [
                {
                  "title": "\"before each\" hook in \"PostgreSQL Integration\"",
                  "fullTitle": "Database Integration Testing PostgreSQL Integration \"before each\" hook in \"PostgreSQL Integration\"",
                  "timedOut": false,
                  "duration": 0,
                  "state": null,
                  "speed": null,
                  "pass": false,
                  "fail": false,
                  "pending": false,
                  "context": null,
                  "code": "if (!index_1.restified.getDatabaseClient) {\n    this.skip();\n}\ntry {\n    index_1.restified.getDatabaseClient('postgres');\n}\ncatch {\n    this.skip();\n}",
                  "err": {},
                  "uuid": "85651b82-0c07-402e-9e9e-8acbcb8005ef",
                  "parentUUID": "bc7eca1d-cbdc-434f-9293-8992348a888b",
                  "isHook": true,
                  "skipped": false
                }
              ],
              "afterHooks": [],
              "tests": [
                {
                  "title": "should validate user creation via API and database",
                  "fullTitle": "Database Integration Testing PostgreSQL Integration should validate user creation via API and database",
                  "timedOut": false,
                  "duration": 850,
                  "state": "failed",
                  "speed": null,
                  "pass": false,
                  "fail": true,
                  "pending": false,
                  "context": null,
                  "code": "const dbClient = index_1.restified.getDatabaseClient('postgres');\n// Create snapshot before test\nawait dbClient.createSnapshot('before-user-test', ['users']);\n// Create user via API\nconst response = await index_1.restified\n    .given()\n    .baseURL('https://jsonplaceholder.typicode.com')\n    .when()\n    .post('/users', {\n    name: 'Database Test User',\n    email: 'dbtest@example.com',\n    username: 'dbtestuser'\n})\n    .execute();\nawait response\n    .statusCode(201)\n    .extract('$.id', 'createdUserId')\n    .execute();\n// Simulate database state validation\n// In real scenario, this would check if user was actually created in database\nconst userId = index_1.restified.getVariable('createdUserId');\n// Mock database query result\nconst queryResult = await dbClient.executeQuery('SELECT * FROM users WHERE external_id = $1', [userId]);\n// In a real test, you would validate the user exists in database\nconsole.log(`Created user with ID: ${userId}`);\n(0, chai_1.expect)(queryResult.executionTime).to.be.a('number');",
                  "err": {
                    "message": "TypeError: response.statusCode is not a function",
                    "estack": "TypeError: response.statusCode is not a function\n    at Context.<anonymous> (examples\\advanced\\database-testing.ts:79:10)\n    at processTicksAndRejections (node:internal/process/task_queues:105:5)",
                    "diff": null
                  },
                  "uuid": "2d41909e-2a4a-424a-8352-5b3b1ea6b340",
                  "parentUUID": "bc7eca1d-cbdc-434f-9293-8992348a888b",
                  "isHook": false,
                  "skipped": false
                },
                {
                  "title": "should validate data consistency across API and database",
                  "fullTitle": "Database Integration Testing PostgreSQL Integration should validate data consistency across API and database",
                  "timedOut": false,
                  "duration": 3,
                  "state": "passed",
                  "speed": "fast",
                  "pass": true,
                  "fail": false,
                  "pending": false,
                  "context": null,
                  "code": "const dbClient = index_1.restified.getDatabaseClient('postgres');\n// Test data consistency validation\nconst validationResult = await index_1.restified.validateDatabaseState([\n    {\n        client: 'postgres',\n        table: 'users',\n        conditions: { active: true },\n        expectedCount: 5\n    },\n    {\n        client: 'postgres',\n        table: 'orders',\n        conditions: { status: 'pending' },\n        expectedCount: { min: 1 }\n    }\n]);\n// In real scenario, this would validate actual database state\n(0, chai_1.expect)(validationResult).to.have.property('success');\n(0, chai_1.expect)(validationResult).to.have.property('results');",
                  "err": {},
                  "uuid": "df4e8b74-0ce0-43f3-b016-8817cd57f322",
                  "parentUUID": "bc7eca1d-cbdc-434f-9293-8992348a888b",
                  "isHook": false,
                  "skipped": false
                },
                {
                  "title": "should handle database transactions",
                  "fullTitle": "Database Integration Testing PostgreSQL Integration should handle database transactions",
                  "timedOut": false,
                  "duration": 1,
                  "state": "passed",
                  "speed": "fast",
                  "pass": true,
                  "fail": false,
                  "pending": false,
                  "context": null,
                  "code": "const dbClient = index_1.restified.getDatabaseClient('postgres');\ntry {\n    // Begin transaction\n    await dbClient.beginTransaction();\n    // Execute test operations\n    await dbClient.executeQuery('INSERT INTO test_table (name, value) VALUES ($1, $2)', ['transaction-test', 42]);\n    // Validate data exists in transaction\n    const result = await dbClient.executeQuery('SELECT * FROM test_table WHERE name = $1', ['transaction-test']);\n    // Rollback transaction (cleanup)\n    await dbClient.rollback();\n    console.log('Transaction test completed successfully');\n}\ncatch (error) {\n    await dbClient.rollback();\n    throw error;\n}",
                  "err": {},
                  "uuid": "6b7fc8b3-f091-438a-a00a-abfeef0d33e5",
                  "parentUUID": "bc7eca1d-cbdc-434f-9293-8992348a888b",
                  "isHook": false,
                  "skipped": false
                },
                {
                  "title": "should measure database query performance",
                  "fullTitle": "Database Integration Testing PostgreSQL Integration should measure database query performance",
                  "timedOut": false,
                  "duration": 1,
                  "state": "failed",
                  "speed": null,
                  "pass": false,
                  "fail": true,
                  "pending": false,
                  "context": null,
                  "code": "const dbClient = index_1.restified.getDatabaseClient('postgres');\nconst startTime = Date.now();\nconst result = await dbClient.executeQuery('SELECT COUNT(*) as total FROM information_schema.tables');\n(0, chai_1.expect)(result.executionTime).to.be.a('number');\n(0, chai_1.expect)(result.executionTime).to.be.lessThan(5000); // Less than 5 seconds\nconsole.log(`Database query executed in ${result.executionTime}ms`);",
                  "err": {
                    "message": "AssertionError: expected undefined to be a number",
                    "estack": "AssertionError: expected undefined to be a number\n    at Context.<anonymous> (examples\\advanced\\database-testing.ts:160:42)\n    at processTicksAndRejections (node:internal/process/task_queues:105:5)",
                    "diff": null
                  },
                  "uuid": "ded9afc9-a849-4a64-8ea3-6019ddbb890c",
                  "parentUUID": "bc7eca1d-cbdc-434f-9293-8992348a888b",
                  "isHook": false,
                  "skipped": false
                }
              ],
              "suites": [],
              "passes": [
                "df4e8b74-0ce0-43f3-b016-8817cd57f322",
                "6b7fc8b3-f091-438a-a00a-abfeef0d33e5"
              ],
              "failures": [
                "2d41909e-2a4a-424a-8352-5b3b1ea6b340",
                "ded9afc9-a849-4a64-8ea3-6019ddbb890c"
              ],
              "pending": [],
              "skipped": [],
              "duration": 855,
              "root": false,
              "rootEmpty": false,
              "_timeout": 30000
            },
            {
              "uuid": "e5430964-032e-4126-9651-3895fd6324a7",
              "title": "MongoDB Integration",
              "fullFile": "C:\\RajKumar\\Otalio\\Otalio\\Apps\\RestifiedApp\\Restified\\examples\\advanced\\database-testing.ts",
              "file": "\\examples\\advanced\\database-testing.ts",
              "beforeHooks": [
                {
                  "title": "\"before each\" hook in \"MongoDB Integration\"",
                  "fullTitle": "Database Integration Testing MongoDB Integration \"before each\" hook in \"MongoDB Integration\"",
                  "timedOut": false,
                  "duration": 0,
                  "state": null,
                  "speed": null,
                  "pass": false,
                  "fail": false,
                  "pending": false,
                  "context": null,
                  "code": "try {\n    index_1.restified.getDatabaseClient('mongodb');\n}\ncatch {\n    this.skip();\n}",
                  "err": {},
                  "uuid": "e964b4a6-0556-47f6-aeb7-c94b7acdbc61",
                  "parentUUID": "e5430964-032e-4126-9651-3895fd6324a7",
                  "isHook": true,
                  "skipped": false
                }
              ],
              "afterHooks": [],
              "tests": [
                {
                  "title": "should validate document creation and retrieval",
                  "fullTitle": "Database Integration Testing MongoDB Integration should validate document creation and retrieval",
                  "timedOut": false,
                  "duration": 1,
                  "state": "failed",
                  "speed": null,
                  "pass": false,
                  "fail": true,
                  "pending": false,
                  "context": null,
                  "code": "const dbClient = index_1.restified.getDatabaseClient('mongodb');\n// Insert document\nconst insertOperation = JSON.stringify({\n    collection: 'users',\n    method: 'insertOne',\n    document: {\n        name: 'MongoDB Test User',\n        email: 'mongotest@example.com',\n        createdAt: new Date(),\n        metadata: {\n            source: 'restifiedts-test',\n            version: '1.0.0'\n        }\n    }\n});\nconst insertResult = await dbClient.executeQuery(insertOperation);\n(0, chai_1.expect)(insertResult.insertId).to.exist;\nconst documentId = insertResult.insertId;\nindex_1.restified.setGlobalVariable('mongoDocumentId', documentId.toString());\n// Retrieve document\nconst findOperation = JSON.stringify({\n    collection: 'users',\n    method: 'findOne',\n    query: { _id: documentId }\n});\nconst findResult = await dbClient.executeQuery(findOperation);\n(0, chai_1.expect)(findResult.rows).to.have.length(1);\n(0, chai_1.expect)(findResult.rows[0].name).to.equal('MongoDB Test User');\n(0, chai_1.expect)(findResult.rows[0].metadata.source).to.equal('restifiedts-test');",
                  "err": {
                    "message": "AssertionError: expected undefined to exist",
                    "estack": "AssertionError: expected undefined to exist\n    at Context.<anonymous> (examples\\advanced\\database-testing.ts:195:39)\n    at processTicksAndRejections (node:internal/process/task_queues:105:5)",
                    "diff": null
                  },
                  "uuid": "a671fc1d-80e5-4a54-8710-46750c9e7aaf",
                  "parentUUID": "e5430964-032e-4126-9651-3895fd6324a7",
                  "isHook": false,
                  "skipped": false
                },
                {
                  "title": "should validate document updates",
                  "fullTitle": "Database Integration Testing MongoDB Integration should validate document updates",
                  "timedOut": false,
                  "duration": 1,
                  "state": "pending",
                  "speed": null,
                  "pass": false,
                  "fail": false,
                  "pending": true,
                  "context": null,
                  "code": "const dbClient = index_1.restified.getDatabaseClient('mongodb');\nconst documentId = index_1.restified.getVariable('mongoDocumentId');\nif (!documentId) {\n    this.skip();\n}\n// Update document\nconst updateOperation = JSON.stringify({\n    collection: 'users',\n    method: 'updateOne',\n    query: { _id: { $oid: documentId } },\n    document: {\n        $set: {\n            name: 'Updated MongoDB User',\n            updatedAt: new Date()\n        }\n    }\n});\nconst updateResult = await dbClient.executeQuery(updateOperation);\n(0, chai_1.expect)(updateResult.affectedRows).to.equal(1);\n// Verify update\nconst findOperation = JSON.stringify({\n    collection: 'users',\n    method: 'findOne',\n    query: { _id: { $oid: documentId } }\n});\nconst findResult = await dbClient.executeQuery(findOperation);\n(0, chai_1.expect)(findResult.rows[0].name).to.equal('Updated MongoDB User');\n(0, chai_1.expect)(findResult.rows[0].updatedAt).to.exist;",
                  "err": {},
                  "uuid": "83260a6e-2b1d-4ab6-8502-ce11af4e1faa",
                  "parentUUID": "e5430964-032e-4126-9651-3895fd6324a7",
                  "isHook": false,
                  "skipped": false
                },
                {
                  "title": "should handle aggregation queries",
                  "fullTitle": "Database Integration Testing MongoDB Integration should handle aggregation queries",
                  "timedOut": false,
                  "duration": 0,
                  "state": "failed",
                  "speed": null,
                  "pass": false,
                  "fail": true,
                  "pending": false,
                  "context": null,
                  "code": "const dbClient = index_1.restified.getDatabaseClient('mongodb');\nconst aggregationOperation = JSON.stringify({\n    collection: 'users',\n    method: 'aggregate',\n    query: [\n        { $match: { name: { $regex: 'MongoDB', $options: 'i' } } },\n        { $group: { _id: '$metadata.source', count: { $sum: 1 } } },\n        { $sort: { count: -1 } }\n    ]\n});\nconst result = await dbClient.executeQuery(aggregationOperation);\n(0, chai_1.expect)(result.rows).to.be.an('array');\n(0, chai_1.expect)(result.executionTime).to.be.a('number');\nconsole.log(`Aggregation completed in ${result.executionTime}ms`);",
                  "err": {
                    "message": "AssertionError: expected undefined to be an array",
                    "estack": "AssertionError: expected undefined to be an array\n    at Context.<anonymous> (examples\\advanced\\database-testing.ts:263:33)\n    at processTicksAndRejections (node:internal/process/task_queues:105:5)",
                    "diff": null
                  },
                  "uuid": "e00a2d46-5da8-4e71-bc72-1ee45513c725",
                  "parentUUID": "e5430964-032e-4126-9651-3895fd6324a7",
                  "isHook": false,
                  "skipped": false
                }
              ],
              "suites": [],
              "passes": [],
              "failures": [
                "a671fc1d-80e5-4a54-8710-46750c9e7aaf",
                "e00a2d46-5da8-4e71-bc72-1ee45513c725"
              ],
              "pending": [
                "83260a6e-2b1d-4ab6-8502-ce11af4e1faa"
              ],
              "skipped": [],
              "duration": 2,
              "root": false,
              "rootEmpty": false,
              "_timeout": 30000
            },
            {
              "uuid": "1d8a2eeb-ba3c-4ac9-a112-9a43a4345f24",
              "title": "Cross-Database Validation",
              "fullFile": "C:\\RajKumar\\Otalio\\Otalio\\Apps\\RestifiedApp\\Restified\\examples\\advanced\\database-testing.ts",
              "file": "\\examples\\advanced\\database-testing.ts",
              "beforeHooks": [],
              "afterHooks": [],
              "tests": [
                {
                  "title": "should validate data consistency across multiple databases",
                  "fullTitle": "Database Integration Testing Cross-Database Validation should validate data consistency across multiple databases",
                  "timedOut": false,
                  "duration": 1,
                  "state": "passed",
                  "speed": "fast",
                  "pass": true,
                  "fail": false,
                  "pending": false,
                  "context": null,
                  "code": "// This would test scenarios where data must be consistent across different databases\n// For example, user data in PostgreSQL and session data in MongoDB\nconst validations = [\n    {\n        client: 'postgres',\n        table: 'users',\n        conditions: { active: true },\n        expectedCount: 3\n    }\n];\n// Add MongoDB validation if available\ntry {\n    index_1.restified.getDatabaseClient('mongodb');\n    validations.push({\n        client: 'mongodb',\n        table: 'sessions', // collection\n        conditions: { active: true },\n        expectedCount: 3\n    });\n}\ncatch {\n    // MongoDB not available, skip\n}\nif (validations.length > 1) {\n    const result = await index_1.restified.validateDatabaseState(validations);\n    (0, chai_1.expect)(result.success).to.be.a('boolean');\n    (0, chai_1.expect)(result.results).to.have.length(validations.length);\n}",
                  "err": {},
                  "uuid": "20bc0446-fbe2-4589-86b5-37232137fe80",
                  "parentUUID": "1d8a2eeb-ba3c-4ac9-a112-9a43a4345f24",
                  "isHook": false,
                  "skipped": false
                }
              ],
              "suites": [],
              "passes": [
                "20bc0446-fbe2-4589-86b5-37232137fe80"
              ],
              "failures": [],
              "pending": [],
              "skipped": [],
              "duration": 1,
              "root": false,
              "rootEmpty": false,
              "_timeout": 30000
            },
            {
              "uuid": "62ed232a-5984-47ed-958b-40ff25821c62",
              "title": "Database Health Checks",
              "fullFile": "C:\\RajKumar\\Otalio\\Otalio\\Apps\\RestifiedApp\\Restified\\examples\\advanced\\database-testing.ts",
              "file": "\\examples\\advanced\\database-testing.ts",
              "beforeHooks": [],
              "afterHooks": [],
              "tests": [
                {
                  "title": "should perform health checks on all database connections",
                  "fullTitle": "Database Integration Testing Database Health Checks should perform health checks on all database connections",
                  "timedOut": false,
                  "duration": 1,
                  "state": "passed",
                  "speed": "fast",
                  "pass": true,
                  "fail": false,
                  "pending": false,
                  "context": null,
                  "code": "const connections = ['postgres', 'mongodb'];\nfor (const connectionName of connections) {\n    try {\n        const dbClient = index_1.restified.getDatabaseClient(connectionName);\n        const health = await dbClient.healthCheck();\n        (0, chai_1.expect)(health.healthy).to.be.a('boolean');\n        (0, chai_1.expect)(health.latency).to.be.a('number');\n        if (health.healthy) {\n            (0, chai_1.expect)(health.latency).to.be.greaterThan(0);\n            console.log(`${connectionName} health check: ${health.latency}ms`);\n        }\n        else {\n            console.log(`${connectionName} health check failed: ${health.error}`);\n        }\n    }\n    catch (error) {\n        console.log(`${connectionName} connection not available`);\n    }\n}",
                  "err": {},
                  "uuid": "93e8fe32-bc66-43ad-8298-f27940306114",
                  "parentUUID": "62ed232a-5984-47ed-958b-40ff25821c62",
                  "isHook": false,
                  "skipped": false
                }
              ],
              "suites": [],
              "passes": [
                "93e8fe32-bc66-43ad-8298-f27940306114"
              ],
              "failures": [],
              "pending": [],
              "skipped": [],
              "duration": 1,
              "root": false,
              "rootEmpty": false,
              "_timeout": 30000
            },
            {
              "uuid": "911f86ae-66e2-4a60-9e19-ce4e9f47acf4",
              "title": "Test Data Management",
              "fullFile": "C:\\RajKumar\\Otalio\\Otalio\\Apps\\RestifiedApp\\Restified\\examples\\advanced\\database-testing.ts",
              "file": "\\examples\\advanced\\database-testing.ts",
              "beforeHooks": [],
              "afterHooks": [],
              "tests": [
                {
                  "title": "should seed and cleanup test data",
                  "fullTitle": "Database Integration Testing Test Data Management should seed and cleanup test data",
                  "timedOut": false,
                  "duration": 1,
                  "state": "passed",
                  "speed": "fast",
                  "pass": true,
                  "fail": false,
                  "pending": false,
                  "context": null,
                  "code": "try {\n    const dbClient = index_1.restified.getDatabaseClient('postgres');\n    // Seed test data\n    const testData = [\n        { name: 'Test User 1', email: 'test1@example.com', active: true },\n        { name: 'Test User 2', email: 'test2@example.com', active: true },\n        { name: 'Test User 3', email: 'test3@example.com', active: false }\n    ];\n    await dbClient.seedTestData('test_users', testData);\n    // Validate data was seeded\n    const count = await dbClient.validateCount('test_users', 3, { active: true });\n    (0, chai_1.expect)(count).to.be.true;\n    // Cleanup test data\n    await dbClient.cleanupTestData('test_users', { email: { $like: '%@example.com' } });\n    console.log('Test data seeding and cleanup completed');\n}\ncatch (error) {\n    console.log('Test data management skipped - table not available');\n}",
                  "err": {},
                  "uuid": "68ade519-86ab-4e61-ac0c-dfb14c8008a6",
                  "parentUUID": "911f86ae-66e2-4a60-9e19-ce4e9f47acf4",
                  "isHook": false,
                  "skipped": false
                }
              ],
              "suites": [],
              "passes": [
                "68ade519-86ab-4e61-ac0c-dfb14c8008a6"
              ],
              "failures": [],
              "pending": [],
              "skipped": [],
              "duration": 1,
              "root": false,
              "rootEmpty": false,
              "_timeout": 30000
            }
          ],
          "passes": [],
          "failures": [],
          "pending": [],
          "skipped": [],
          "duration": 0,
          "root": false,
          "rootEmpty": false,
          "_timeout": 30000
        },
        {
          "uuid": "4cef2257-d5da-4d01-822f-97e324786ac0",
          "title": "Error Handling and Resilience Example",
          "fullFile": "C:\\RajKumar\\Otalio\\Otalio\\Apps\\RestifiedApp\\Restified\\examples\\advanced\\error-handling.ts",
          "file": "\\examples\\advanced\\error-handling.ts",
          "beforeHooks": [],
          "afterHooks": [
            {
              "title": "\"after all\" hook in \"Error Handling and Resilience Example\"",
              "fullTitle": "Error Handling and Resilience Example \"after all\" hook in \"Error Handling and Resilience Example\"",
              "timedOut": false,
              "duration": 2,
              "state": null,
              "speed": null,
              "pass": false,
              "fail": false,
              "pending": false,
              "context": null,
              "code": "await src_1.restified.cleanup();",
              "err": {},
              "uuid": "e71c5349-4b4e-42fa-9c25-ba4225ae883a",
              "parentUUID": "4cef2257-d5da-4d01-822f-97e324786ac0",
              "isHook": true,
              "skipped": false
            }
          ],
          "tests": [
            {
              "title": "should handle 404 errors gracefully",
              "fullTitle": "Error Handling and Resilience Example should handle 404 errors gracefully",
              "timedOut": false,
              "duration": 689,
              "state": "failed",
              "speed": null,
              "pass": false,
              "fail": true,
              "pending": false,
              "context": null,
              "code": "const response = await src_1.restified\n    .given()\n    .baseURL('https://jsonplaceholder.typicode.com')\n    .when()\n    .get('/posts/9999')\n    .execute();\nawait response\n    .statusCode(404)\n    .execute();",
              "err": {
                "message": "TypeError: response.statusCode is not a function",
                "estack": "TypeError: response.statusCode is not a function\n    at Context.<anonymous> (examples\\advanced\\error-handling.ts:22:8)\n    at processTicksAndRejections (node:internal/process/task_queues:105:5)",
                "diff": null
              },
              "uuid": "4513eb70-d78b-498e-ae82-8bca478424fc",
              "parentUUID": "4cef2257-d5da-4d01-822f-97e324786ac0",
              "isHook": false,
              "skipped": false
            },
            {
              "title": "should handle network timeouts with retry",
              "fullTitle": "Error Handling and Resilience Example should handle network timeouts with retry",
              "timedOut": false,
              "duration": 4722,
              "state": "passed",
              "speed": "slow",
              "pass": true,
              "fail": false,
              "pending": false,
              "context": null,
              "code": "// Configure client with short timeout for demonstration\nsrc_1.restified.createClient('timeout-test', {\n    baseURL: 'https://httpbin.org',\n    timeout: 1000 // Very short timeout\n});\ntry {\n    const response = await src_1.restified\n        .given()\n        .useClient('timeout-test')\n        .when()\n        .get('/delay/2') // This will likely timeout and retry\n        .execute();\n    await response\n        .statusCode(200)\n        .execute();\n}\ncatch (error) {\n    // Expected to fail due to timeout, but should show retry attempts\n    console.log('Request failed after retries as expected');\n}",
              "err": {},
              "uuid": "16879f23-92f7-4f5f-ae05-af3702e12573",
              "parentUUID": "4cef2257-d5da-4d01-822f-97e324786ac0",
              "isHook": false,
              "skipped": false
            },
            {
              "title": "should validate error response structure",
              "fullTitle": "Error Handling and Resilience Example should validate error response structure",
              "timedOut": false,
              "duration": 2205,
              "state": "failed",
              "speed": null,
              "pass": false,
              "fail": true,
              "pending": false,
              "context": null,
              "code": "const response = await src_1.restified\n    .given()\n    .baseURL('https://httpbin.org')\n    .when()\n    .get('/status/500')\n    .execute();\nawait response\n    .statusCode(500)\n    .execute();",
              "err": {
                "message": "TypeError: response.statusCode is not a function",
                "estack": "TypeError: response.statusCode is not a function\n    at Context.<anonymous> (examples\\advanced\\error-handling.ts:59:8)\n    at processTicksAndRejections (node:internal/process/task_queues:105:5)",
                "diff": null
              },
              "uuid": "bb8465c3-9433-4548-bd00-720dc5d23d97",
              "parentUUID": "4cef2257-d5da-4d01-822f-97e324786ac0",
              "isHook": false,
              "skipped": false
            },
            {
              "title": "should handle malformed JSON responses",
              "fullTitle": "Error Handling and Resilience Example should handle malformed JSON responses",
              "timedOut": false,
              "duration": 1175,
              "state": "failed",
              "speed": null,
              "pass": false,
              "fail": true,
              "pending": false,
              "context": null,
              "code": "// Test against an endpoint that returns plain text instead of JSON\nconst response = await src_1.restified\n    .given()\n    .baseURL('https://httpbin.org')\n    .when()\n    .get('/html')\n    .execute();\nawait response\n    .statusCode(200)\n    .header('content-type')\n    .custom((response) => {\n    return response.headers['content-type'].includes('text/html');\n}, 'Response should be HTML')\n    .execute();",
              "err": {
                "message": "TypeError: response.statusCode is not a function",
                "estack": "TypeError: response.statusCode is not a function\n    at Context.<anonymous> (examples\\advanced\\error-handling.ts:73:8)\n    at processTicksAndRejections (node:internal/process/task_queues:105:5)",
                "diff": null
              },
              "uuid": "59bd00ea-e8de-4a5a-881c-81b77b3dc113",
              "parentUUID": "4cef2257-d5da-4d01-822f-97e324786ac0",
              "isHook": false,
              "skipped": false
            },
            {
              "title": "should test API rate limiting behavior",
              "fullTitle": "Error Handling and Resilience Example should test API rate limiting behavior",
              "timedOut": false,
              "duration": 2423,
              "state": "failed",
              "speed": null,
              "pass": false,
              "fail": true,
              "pending": false,
              "context": null,
              "code": "// Make multiple rapid requests to test rate limiting\n// Note: This is just for demonstration - real rate limiting would need appropriate endpoint\nconst requests = [];\nfor (let i = 0; i < 3; i++) {\n    const request = src_1.restified\n        .given()\n        .baseURL('https://jsonplaceholder.typicode.com')\n        .when()\n        .get('/posts/1')\n        .execute();\n    requests.push(request);\n}\nconst responses = await Promise.all(requests);\n// Verify all requests succeeded (JSONPlaceholder doesn't have rate limiting)\nfor (const response of responses) {\n    await response\n        .statusCode(200)\n        .execute();\n}",
              "err": {
                "message": "TypeError: response.statusCode is not a function",
                "estack": "TypeError: response.statusCode is not a function\n    at Context.<anonymous> (examples\\advanced\\error-handling.ts:102:10)\n    at processTicksAndRejections (node:internal/process/task_queues:105:5)",
                "diff": null
              },
              "uuid": "42089de3-6ad7-4d6a-a779-5de7975fb075",
              "parentUUID": "4cef2257-d5da-4d01-822f-97e324786ac0",
              "isHook": false,
              "skipped": false
            },
            {
              "title": "should handle authentication errors",
              "fullTitle": "Error Handling and Resilience Example should handle authentication errors",
              "timedOut": false,
              "duration": 2259,
              "state": "failed",
              "speed": null,
              "pass": false,
              "fail": true,
              "pending": false,
              "context": null,
              "code": "const response = await src_1.restified\n    .given()\n    .baseURL('https://httpbin.org')\n    .bearerToken('invalid-token')\n    .when()\n    .get('/bearer')\n    .execute();\n// httpbin.org /bearer endpoint doesn't actually validate tokens\n// So this will pass, but in real scenarios you'd test for 401\nawait response\n    .statusCode(200)\n    .execute();",
              "err": {
                "message": "TypeError: response.statusCode is not a function",
                "estack": "TypeError: response.statusCode is not a function\n    at Context.<anonymous> (examples\\advanced\\error-handling.ts:119:8)\n    at processTicksAndRejections (node:internal/process/task_queues:105:5)",
                "diff": null
              },
              "uuid": "43d7ce25-154d-46b9-8d58-0b27e0a80bc8",
              "parentUUID": "4cef2257-d5da-4d01-822f-97e324786ac0",
              "isHook": false,
              "skipped": false
            },
            {
              "title": "should test request payload validation errors",
              "fullTitle": "Error Handling and Resilience Example should test request payload validation errors",
              "timedOut": false,
              "duration": 885,
              "state": "failed",
              "speed": null,
              "pass": false,
              "fail": true,
              "pending": false,
              "context": null,
              "code": "const response = await src_1.restified\n    .given()\n    .baseURL('https://jsonplaceholder.typicode.com')\n    .contentType('application/json')\n    .when()\n    .post('/posts', {\n    // Missing required fields to simulate validation error\n    invalidField: 'test'\n})\n    .execute();\n// JSONPlaceholder is lenient, but real APIs would return validation errors\nawait response\n    .statusCode(201) // JSONPlaceholder always returns 201 for POST\n    .execute();",
              "err": {
                "message": "TypeError: response.statusCode is not a function",
                "estack": "TypeError: response.statusCode is not a function\n    at Context.<anonymous> (examples\\advanced\\error-handling.ts:137:8)\n    at processTicksAndRejections (node:internal/process/task_queues:105:5)",
                "diff": null
              },
              "uuid": "a7fbac43-dc67-446c-9940-7b5151bce006",
              "parentUUID": "4cef2257-d5da-4d01-822f-97e324786ac0",
              "isHook": false,
              "skipped": false
            }
          ],
          "suites": [],
          "passes": [
            "16879f23-92f7-4f5f-ae05-af3702e12573"
          ],
          "failures": [
            "4513eb70-d78b-498e-ae82-8bca478424fc",
            "bb8465c3-9433-4548-bd00-720dc5d23d97",
            "59bd00ea-e8de-4a5a-881c-81b77b3dc113",
            "42089de3-6ad7-4d6a-a779-5de7975fb075",
            "43d7ce25-154d-46b9-8d58-0b27e0a80bc8",
            "a7fbac43-dc67-446c-9940-7b5151bce006"
          ],
          "pending": [],
          "skipped": [],
          "duration": 14358,
          "root": false,
          "rootEmpty": false,
          "_timeout": 15000
        },
        {
          "uuid": "75a92f3a-48ed-4050-b3a6-38ab9cc5bf01",
          "title": "GraphQL API Testing",
          "fullFile": "C:\\RajKumar\\Otalio\\Otalio\\Apps\\RestifiedApp\\Restified\\examples\\advanced\\graphql-testing.ts",
          "file": "\\examples\\advanced\\graphql-testing.ts",
          "beforeHooks": [
            {
              "title": "\"before all\" hook in \"GraphQL API Testing\"",
              "fullTitle": "GraphQL API Testing \"before all\" hook in \"GraphQL API Testing\"",
              "timedOut": false,
              "duration": 1,
              "state": null,
              "speed": null,
              "pass": false,
              "fail": false,
              "pending": false,
              "context": null,
              "code": "// Create GraphQL client\nindex_1.restified.createGraphQLClient('github', {\n    endpoint: 'https://api.github.com/graphql',\n    headers: {\n        'Authorization': 'Bearer {{$env.GITHUB_TOKEN}}',\n        'User-Agent': 'RestifiedTS-GraphQL-Test'\n    },\n    timeout: 15000\n});\n// Set test variables\nindex_1.restified.setGlobalVariable('owner', 'facebook');\nindex_1.restified.setGlobalVariable('repo', 'react');",
              "err": {},
              "uuid": "f9624619-5426-4fbc-8b93-f8c6c4aac527",
              "parentUUID": "75a92f3a-48ed-4050-b3a6-38ab9cc5bf01",
              "isHook": true,
              "skipped": false
            }
          ],
          "afterHooks": [
            {
              "title": "\"after all\" hook in \"GraphQL API Testing\"",
              "fullTitle": "GraphQL API Testing \"after all\" hook in \"GraphQL API Testing\"",
              "timedOut": false,
              "duration": 0,
              "state": null,
              "speed": null,
              "pass": false,
              "fail": false,
              "pending": false,
              "context": null,
              "code": "await index_1.restified.cleanup();",
              "err": {},
              "uuid": "7d789240-beda-4a55-bcce-c129d60ae5f9",
              "parentUUID": "75a92f3a-48ed-4050-b3a6-38ab9cc5bf01",
              "isHook": true,
              "skipped": false
            }
          ],
          "tests": [],
          "suites": [
            {
              "uuid": "36bebbb3-801a-495b-9044-d5ae91a49a23",
              "title": "GraphQL Queries",
              "fullFile": "C:\\RajKumar\\Otalio\\Otalio\\Apps\\RestifiedApp\\Restified\\examples\\advanced\\graphql-testing.ts",
              "file": "\\examples\\advanced\\graphql-testing.ts",
              "beforeHooks": [],
              "afterHooks": [],
              "tests": [
                {
                  "title": "should execute basic repository query",
                  "fullTitle": "GraphQL API Testing GraphQL Queries should execute basic repository query",
                  "timedOut": false,
                  "duration": 3068,
                  "state": "failed",
                  "speed": null,
                  "pass": false,
                  "fail": true,
                  "pending": false,
                  "context": null,
                  "code": "const client = index_1.restified.getGraphQLClient('github');\nconst query = `\n        query GetRepository($owner: String!, $name: String!) {\n          repository(owner: $owner, name: $name) {\nname\ndescription\nstargazerCount\nforkCount\nlanguage {\n  name\n}\nowner {\n  login\n}\n          }\n        }\n      `;\nconst response = await client.query(query, {\n    owner: '{{owner}}',\n    name: '{{repo}}'\n});\n// Validate GraphQL response structure\n(0, chai_1.expect)(response.status).to.equal(200);\n(0, chai_1.expect)(response.data.data).to.exist;\n(0, chai_1.expect)(response.data.errors).to.not.exist;\nconst repository = response.data.data.repository;\n(0, chai_1.expect)(repository.name).to.equal('react');\n(0, chai_1.expect)(repository.owner.login).to.equal('facebook');\n(0, chai_1.expect)(repository.stargazerCount).to.be.a('number');\n(0, chai_1.expect)(repository.stargazerCount).to.be.greaterThan(100000);\n// Extract repository data\nindex_1.restified.setGlobalVariable('repoStars', repository.stargazerCount);\nindex_1.restified.setGlobalVariable('repoDescription', repository.description);",
                  "err": {
                    "message": "AxiosError: Request failed with status code 401",
                    "estack": "AxiosError: Request failed with status code 401\n    at settle (node_modules\\axios\\lib\\core\\settle.js:19:12)\n    at IncomingMessage.handleStreamEnd (node_modules\\axios\\lib\\adapters\\http.js:599:11)\n    at IncomingMessage.emit (node:events:530:35)\n    at IncomingMessage.emit (node:domain:489:12)\n    at endReadableNT (node:internal/streams/readable:1698:12)\n    at processTicksAndRejections (node:internal/process/task_queues:90:21)\n    at Axios.request (node_modules\\axios\\lib\\core\\Axios.js:45:41)\n    at processTicksAndRejections (node:internal/process/task_queues:105:5)\n    at async GraphQLClient.executeWithRetry (src\\core\\clients\\GraphQLClient.ts:119:24)\n    at async GraphQLClient.query (src\\core\\clients\\GraphQLClient.ts:77:12)\n    at async Context.<anonymous> (examples\\advanced\\graphql-testing.ts:54:24)",
                    "diff": null
                  },
                  "uuid": "a6553393-a2a2-4654-b1ac-5c4c58008a81",
                  "parentUUID": "36bebbb3-801a-495b-9044-d5ae91a49a23",
                  "isHook": false,
                  "skipped": false
                },
                {
                  "title": "should handle GraphQL variables and fragments",
                  "fullTitle": "GraphQL API Testing GraphQL Queries should handle GraphQL variables and fragments",
                  "timedOut": false,
                  "duration": 2875,
                  "state": "failed",
                  "speed": null,
                  "pass": false,
                  "fail": true,
                  "pending": false,
                  "context": null,
                  "code": "const client = index_1.restified.getGraphQLClient('github');\nconst query = `\n        fragment RepositoryInfo on Repository {\n          name\n          description\n          stargazerCount\n          issues(states: OPEN) {\ntotalCount\n          }\n          pullRequests(states: OPEN) {\ntotalCount\n          }\n        }\n\n        query GetRepositoryDetails($owner: String!, $name: String!) {\n          repository(owner: $owner, name: $name) {\n...RepositoryInfo\nlanguages(first: 5) {\n  edges {\n    node {\n      name\n    }\n    size\n  }\n}\n          }\n        }\n      `;\nconst response = await client.query(query, {\n    owner: '{{owner}}',\n    name: '{{repo}}'\n});\n(0, chai_1.expect)(response.status).to.equal(200);\n(0, chai_1.expect)(response.data.data.repository.languages.edges).to.be.an('array');\n(0, chai_1.expect)(response.data.data.repository.issues.totalCount).to.be.a('number');\n(0, chai_1.expect)(response.data.data.repository.pullRequests.totalCount).to.be.a('number');",
                  "err": {
                    "message": "AxiosError: Request failed with status code 401",
                    "estack": "AxiosError: Request failed with status code 401\n    at settle (node_modules\\axios\\lib\\core\\settle.js:19:12)\n    at IncomingMessage.handleStreamEnd (node_modules\\axios\\lib\\adapters\\http.js:599:11)\n    at IncomingMessage.emit (node:events:530:35)\n    at IncomingMessage.emit (node:domain:489:12)\n    at endReadableNT (node:internal/streams/readable:1698:12)\n    at processTicksAndRejections (node:internal/process/task_queues:90:21)\n    at Axios.request (node_modules\\axios\\lib\\core\\Axios.js:45:41)\n    at processTicksAndRejections (node:internal/process/task_queues:105:5)\n    at async GraphQLClient.executeWithRetry (src\\core\\clients\\GraphQLClient.ts:119:24)\n    at async GraphQLClient.query (src\\core\\clients\\GraphQLClient.ts:77:12)\n    at async Context.<anonymous> (examples\\advanced\\graphql-testing.ts:106:24)",
                    "diff": null
                  },
                  "uuid": "913ae1fb-9235-4252-9bf5-9f4cbdaac82d",
                  "parentUUID": "36bebbb3-801a-495b-9044-d5ae91a49a23",
                  "isHook": false,
                  "skipped": false
                },
                {
                  "title": "should validate GraphQL errors",
                  "fullTitle": "GraphQL API Testing GraphQL Queries should validate GraphQL errors",
                  "timedOut": false,
                  "duration": 2893,
                  "state": "failed",
                  "speed": null,
                  "pass": false,
                  "fail": true,
                  "pending": false,
                  "context": null,
                  "code": "const client = index_1.restified.getGraphQLClient('github');\n// Invalid query - missing required field\nconst invalidQuery = `\n        query InvalidQuery {\n          repository {\nname\n          }\n        }\n      `;\nconst response = await client.query(invalidQuery);\n(0, chai_1.expect)(response.status).to.equal(200); // GraphQL returns 200 even for errors\n(0, chai_1.expect)(response.data.errors).to.exist;\n(0, chai_1.expect)(response.data.errors).to.be.an('array');\n(0, chai_1.expect)(response.data.errors[0].message).to.include('Field \\'repository\\' of type \\'Repository\\' must have a selection of subfields');",
                  "err": {
                    "message": "AxiosError: Request failed with status code 401",
                    "estack": "AxiosError: Request failed with status code 401\n    at settle (node_modules\\axios\\lib\\core\\settle.js:19:12)\n    at IncomingMessage.handleStreamEnd (node_modules\\axios\\lib\\adapters\\http.js:599:11)\n    at IncomingMessage.emit (node:events:530:35)\n    at IncomingMessage.emit (node:domain:489:12)\n    at endReadableNT (node:internal/streams/readable:1698:12)\n    at processTicksAndRejections (node:internal/process/task_queues:90:21)\n    at Axios.request (node_modules\\axios\\lib\\core\\Axios.js:45:41)\n    at processTicksAndRejections (node:internal/process/task_queues:105:5)\n    at async GraphQLClient.executeWithRetry (src\\core\\clients\\GraphQLClient.ts:119:24)\n    at async GraphQLClient.query (src\\core\\clients\\GraphQLClient.ts:77:12)\n    at async Context.<anonymous> (examples\\advanced\\graphql-testing.ts:129:24)",
                    "diff": null
                  },
                  "uuid": "1cc3d37e-73e2-4c4d-a88f-c6a3790a9ffd",
                  "parentUUID": "36bebbb3-801a-495b-9044-d5ae91a49a23",
                  "isHook": false,
                  "skipped": false
                }
              ],
              "suites": [],
              "passes": [],
              "failures": [
                "a6553393-a2a2-4654-b1ac-5c4c58008a81",
                "913ae1fb-9235-4252-9bf5-9f4cbdaac82d",
                "1cc3d37e-73e2-4c4d-a88f-c6a3790a9ffd"
              ],
              "pending": [],
              "skipped": [],
              "duration": 8836,
              "root": false,
              "rootEmpty": false,
              "_timeout": 30000
            },
            {
              "uuid": "589c5556-f4ba-4723-b821-35e8d692db2f",
              "title": "GraphQL Introspection",
              "fullFile": "C:\\RajKumar\\Otalio\\Otalio\\Apps\\RestifiedApp\\Restified\\examples\\advanced\\graphql-testing.ts",
              "file": "\\examples\\advanced\\graphql-testing.ts",
              "beforeHooks": [],
              "afterHooks": [],
              "tests": [
                {
                  "title": "should introspect GraphQL schema",
                  "fullTitle": "GraphQL API Testing GraphQL Introspection should introspect GraphQL schema",
                  "timedOut": false,
                  "duration": 2950,
                  "state": "failed",
                  "speed": null,
                  "pass": false,
                  "fail": true,
                  "pending": false,
                  "context": null,
                  "code": "const client = index_1.restified.getGraphQLClient('github');\nconst response = await client.introspect();\n(0, chai_1.expect)(response.status).to.equal(200);\n(0, chai_1.expect)(response.data.data.__schema).to.exist;\n(0, chai_1.expect)(response.data.data.__schema.types).to.be.an('array');\n(0, chai_1.expect)(response.data.data.__schema.queryType.name).to.equal('Query');\n// Find Repository type\nconst repositoryType = response.data.data.__schema.types.find((type) => type.name === 'Repository');\n(0, chai_1.expect)(repositoryType).to.exist;\n(0, chai_1.expect)(repositoryType.fields).to.be.an('array');",
                  "err": {
                    "message": "AxiosError: Request failed with status code 401",
                    "estack": "AxiosError: Request failed with status code 401\n    at settle (node_modules\\axios\\lib\\core\\settle.js:19:12)\n    at IncomingMessage.handleStreamEnd (node_modules\\axios\\lib\\adapters\\http.js:599:11)\n    at IncomingMessage.emit (node:events:530:35)\n    at IncomingMessage.emit (node:domain:489:12)\n    at endReadableNT (node:internal/streams/readable:1698:12)\n    at processTicksAndRejections (node:internal/process/task_queues:90:21)\n    at Axios.request (node_modules\\axios\\lib\\core\\Axios.js:45:41)\n    at processTicksAndRejections (node:internal/process/task_queues:105:5)\n    at async GraphQLClient.executeWithRetry (src\\core\\clients\\GraphQLClient.ts:119:24)\n    at async GraphQLClient.query (src\\core\\clients\\GraphQLClient.ts:77:12)\n    at async Context.<anonymous> (examples\\advanced\\graphql-testing.ts:142:24)",
                    "diff": null
                  },
                  "uuid": "c28117cc-879b-4746-afa7-42ef2f98aa62",
                  "parentUUID": "589c5556-f4ba-4723-b821-35e8d692db2f",
                  "isHook": false,
                  "skipped": false
                }
              ],
              "suites": [],
              "passes": [],
              "failures": [
                "c28117cc-879b-4746-afa7-42ef2f98aa62"
              ],
              "pending": [],
              "skipped": [],
              "duration": 2950,
              "root": false,
              "rootEmpty": false,
              "_timeout": 30000
            },
            {
              "uuid": "424836fb-8f32-4a82-a4d4-d3d2454ffcc2",
              "title": "GraphQL Query Validation",
              "fullFile": "C:\\RajKumar\\Otalio\\Otalio\\Apps\\RestifiedApp\\Restified\\examples\\advanced\\graphql-testing.ts",
              "file": "\\examples\\advanced\\graphql-testing.ts",
              "beforeHooks": [],
              "afterHooks": [],
              "tests": [
                {
                  "title": "should validate query syntax",
                  "fullTitle": "GraphQL API Testing GraphQL Query Validation should validate query syntax",
                  "timedOut": false,
                  "duration": 0,
                  "state": "passed",
                  "speed": "fast",
                  "pass": true,
                  "fail": false,
                  "pending": false,
                  "context": null,
                  "code": "const client = index_1.restified.getGraphQLClient('github');\nconst validQuery = `\n        query ValidQuery($owner: String!) {\n          repository(owner: $owner, name: \"react\") {\nname\n          }\n        }\n      `;\nconst validation = client.validateQuery(validQuery);\n(0, chai_1.expect)(validation.valid).to.be.true;\n(0, chai_1.expect)(validation.errors).to.be.empty;",
                  "err": {},
                  "uuid": "e29188e3-b81a-40c5-a665-b0b2eb1f6660",
                  "parentUUID": "424836fb-8f32-4a82-a4d4-d3d2454ffcc2",
                  "isHook": false,
                  "skipped": false
                },
                {
                  "title": "should detect invalid query syntax",
                  "fullTitle": "GraphQL API Testing GraphQL Query Validation should detect invalid query syntax",
                  "timedOut": false,
                  "duration": 1,
                  "state": "failed",
                  "speed": null,
                  "pass": false,
                  "fail": true,
                  "pending": false,
                  "context": null,
                  "code": "const client = index_1.restified.getGraphQLClient('github');\nconst invalidQuery = `\n        query InvalidQuery {\n          repository(owner: $owner, name: \"react\" {\nname\n          }\n        }\n      `;\nconst validation = client.validateQuery(invalidQuery);\n(0, chai_1.expect)(validation.valid).to.be.false;\n(0, chai_1.expect)(validation.errors).to.not.be.empty;",
                  "err": {
                    "message": "AssertionError: expected true to be false",
                    "estack": "AssertionError: expected true to be false\n    at Context.<anonymous> (examples\\advanced\\graphql-testing.ts:187:37)\n    at processImmediate (node:internal/timers:485:21)",
                    "diff": "- true\n+ false\n"
                  },
[...]
                  "pending": false,
                  "context": null,
                  "code": "const client = index_1.restified.getWebSocketClient('echo');\nif (client.isConnected()) {\n    const latency = await client.ping();\n    (0, chai_1.expect)(latency).to.be.a('number');\n    (0, chai_1.expect)(latency).to.be.greaterThan(0);\n    (0, chai_1.expect)(latency).to.be.lessThan(10000); // Less than 10 seconds\n    console.log(`WebSocket ping latency: ${latency}ms`);\n}",
                  "err": {},
                  "uuid": "30ec91f1-92a0-4ca8-bfb9-772d9a79e01a",
                  "parentUUID": "87e4e139-f98c-4442-977d-4ce0a9f41d15",
                  "isHook": false,
                  "skipped": false
                }
              ],
              "suites": [],
              "passes": [
                "30ec91f1-92a0-4ca8-bfb9-772d9a79e01a"
              ],
              "failures": [],
              "pending": [],
              "skipped": [],
              "duration": 240,
              "root": false,
              "rootEmpty": false,
              "_timeout": 60000
            },
            {
              "uuid": "25b04b51-0e22-4086-a0b3-b62152daaa9c",
              "title": "Real-time Data Stream Testing",
              "fullFile": "C:\\RajKumar\\Otalio\\Otalio\\Apps\\RestifiedApp\\Restified\\examples\\advanced\\websocket-testing.ts",
              "file": "\\examples\\advanced\\websocket-testing.ts",
              "beforeHooks": [],
              "afterHooks": [],
              "tests": [
                {
                  "title": "should receive crypto price updates",
                  "fullTitle": "WebSocket Real-time Testing Real-time Data Stream Testing should receive crypto price updates",
                  "timedOut": false,
                  "duration": 1247,
                  "state": "passed",
                  "speed": "slow",
                  "pass": true,
                  "fail": false,
                  "pending": false,
                  "context": null,
                  "code": "try {\n    await index_1.restified.connectWebSocket('crypto');\n    const client = index_1.restified.getWebSocketClient('crypto');\n    client.clearMessages();\n    // Wait for price update message\n    const priceUpdate = await client.waitForMessage((msg) => msg.data && typeof msg.data.c !== 'undefined', // 'c' is close price\n    10000);\n    (0, chai_1.expect)(priceUpdate.data).to.have.property('s'); // symbol\n    (0, chai_1.expect)(priceUpdate.data).to.have.property('c'); // close price\n    (0, chai_1.expect)(priceUpdate.data.s).to.equal('BTCUSDT');\n    (0, chai_1.expect)(parseFloat(priceUpdate.data.c)).to.be.greaterThan(0);\n    console.log(`Received BTC price: $${priceUpdate.data.c}`);\n}\ncatch (error) {\n    console.log('Crypto stream test skipped - service unavailable');\n    this.skip();\n}",
                  "err": {},
                  "uuid": "39fea508-324b-4fbc-ae87-23e085b95a90",
                  "parentUUID": "25b04b51-0e22-4086-a0b3-b62152daaa9c",
                  "isHook": false,
                  "skipped": false
                },
                {
                  "title": "should handle multiple concurrent connections",
                  "fullTitle": "WebSocket Real-time Testing Real-time Data Stream Testing should handle multiple concurrent connections",
                  "timedOut": false,
                  "duration": 830,
                  "state": "passed",
                  "speed": "slow",
                  "pass": true,
                  "fail": false,
                  "pending": false,
                  "context": null,
                  "code": "// Create multiple echo connections\nindex_1.restified.createWebSocketClient('echo2', {\n    url: 'wss://echo.websocket.org',\n    timeout: 10000\n});\nawait index_1.restified.connectWebSocket('echo2');\nconst client1 = index_1.restified.getWebSocketClient('echo');\nconst client2 = index_1.restified.getWebSocketClient('echo2');\n(0, chai_1.expect)(client1.isConnected()).to.be.true;\n(0, chai_1.expect)(client2.isConnected()).to.be.true;\n// Send different messages on each connection\nclient1.clearMessages();\nclient2.clearMessages();\nawait client1.send('Message from connection 1');\nawait client2.send('Message from connection 2');\n// Verify each connection received its own message\nconst msg1 = await client1.waitForMessage((msg) => msg.data === 'Message from connection 1', 3000);\nconst msg2 = await client2.waitForMessage((msg) => msg.data === 'Message from connection 2', 3000);\n(0, chai_1.expect)(msg1.data).to.equal('Message from connection 1');\n(0, chai_1.expect)(msg2.data).to.equal('Message from connection 2');",
                  "err": {},
                  "uuid": "cfaf5a87-4415-4278-8cb5-f03b634900a6",
                  "parentUUID": "25b04b51-0e22-4086-a0b3-b62152daaa9c",
                  "isHook": false,
                  "skipped": false
                }
              ],
              "suites": [],
              "passes": [
                "39fea508-324b-4fbc-ae87-23e085b95a90",
                "cfaf5a87-4415-4278-8cb5-f03b634900a6"
              ],
              "failures": [],
              "pending": [],
              "skipped": [],
              "duration": 2077,
              "root": false,
              "rootEmpty": false,
              "_timeout": 60000
            },
            {
              "uuid": "3a7c97ca-7330-49fc-b897-899d0cccebdf",
              "title": "Error Handling and Reconnection",
              "fullFile": "C:\\RajKumar\\Otalio\\Otalio\\Apps\\RestifiedApp\\Restified\\examples\\advanced\\websocket-testing.ts",
              "file": "\\examples\\advanced\\websocket-testing.ts",
              "beforeHooks": [],
              "afterHooks": [],
              "tests": [
                {
                  "title": "should handle disconnection gracefully",
                  "fullTitle": "WebSocket Real-time Testing Error Handling and Reconnection should handle disconnection gracefully",
                  "timedOut": false,
                  "duration": 800,
                  "state": "passed",
                  "speed": "slow",
                  "pass": true,
                  "fail": false,
                  "pending": false,
                  "context": null,
                  "code": "const client = index_1.restified.getWebSocketClient('echo');\nif (client.isConnected()) {\n    await client.disconnect();\n    (0, chai_1.expect)(client.isConnected()).to.be.false;\n    // Test result should show disconnection\n    const testResult = client.getTestResult();\n    (0, chai_1.expect)(testResult.connected).to.be.false;\n    (0, chai_1.expect)(testResult.disconnectionTime).to.be.a('number');\n    (0, chai_1.expect)(testResult.messages).to.be.an('array');\n}",
                  "err": {},
                  "uuid": "8a7d54d2-0853-43c4-9eba-21e7d572ad70",
                  "parentUUID": "3a7c97ca-7330-49fc-b897-899d0cccebdf",
                  "isHook": false,
                  "skipped": false
                }
              ],
              "suites": [],
              "passes": [
                "8a7d54d2-0853-43c4-9eba-21e7d572ad70"
              ],
              "failures": [],
              "pending": [],
              "skipped": [],
              "duration": 800,
              "root": false,
              "rootEmpty": false,
              "_timeout": 60000
            }
          ],
          "passes": [],
          "failures": [],
          "pending": [],
          "skipped": [],
          "duration": 0,
          "root": false,
          "rootEmpty": false,
          "_timeout": 60000
        },
        {
          "uuid": "dde50e5b-33d1-4ada-bd34-bc64efcabd35",
          "title": "Bearer Token Authentication Example",
          "fullFile": "C:\\RajKumar\\Otalio\\Otalio\\Apps\\RestifiedApp\\Restified\\examples\\authentication\\bearer-auth.ts",
          "file": "\\examples\\authentication\\bearer-auth.ts",
          "beforeHooks": [
            {
              "title": "\"before all\" hook: Bearer Token in \"Bearer Token Authentication Example\"",
              "fullTitle": "Bearer Token Authentication Example \"before all\" hook: Bearer Token in \"Bearer Token Authentication Example\"",
              "timedOut": false,
              "duration": 0,
              "state": null,
              "speed": null,
              "pass": false,
              "fail": false,
              "pending": false,
              "context": null,
              "code": "test_utils_1.GlobalTestUtils.logTestProgress('Simple GET', 'Global Setup');\n(0, chai_1.expect)(true).to.be.true; // Ensure global setup is complete",
              "err": {},
              "uuid": "aa3cfcfd-8710-4c19-a7fa-838029af633a",
              "parentUUID": "dde50e5b-33d1-4ada-bd34-bc64efcabd35",
              "isHook": true,
              "skipped": false
            },
            {
              "title": "\"before each\" hook: Bearer Token in \"Bearer Token Authentication Example\"",
              "fullTitle": "Bearer Token Authentication Example \"before each\" hook: Bearer Token in \"Bearer Token Authentication Example\"",
              "timedOut": false,
              "duration": 1,
              "state": null,
              "speed": null,
              "pass": false,
              "fail": false,
              "pending": false,
              "context": null,
              "code": "test_utils_1.GlobalTestUtils.logTestProgress('Simple GET', 'Global Setup');\n(0, chai_1.expect)(true).to.be.true; // Ensure global setup is complete",
              "err": {},
              "uuid": "b4cb60ff-1014-4a48-9512-ad284371ffad",
              "parentUUID": "dde50e5b-33d1-4ada-bd34-bc64efcabd35",
              "isHook": true,
              "skipped": false
            }
          ],
          "afterHooks": [
            {
              "title": "\"after all\" hook: Bearer Token in \"Bearer Token Authentication Example\"",
              "fullTitle": "Bearer Token Authentication Example \"after all\" hook: Bearer Token in \"Bearer Token Authentication Example\"",
              "timedOut": false,
              "duration": 0,
              "state": null,
              "speed": null,
              "pass": false,
              "fail": false,
              "pending": false,
              "context": null,
              "code": "test_utils_1.GlobalTestUtils.logTestProgress('Simple GET', 'Global Setup');\n(0, chai_1.expect)(true).to.be.true; // Ensure global setup is complete",
              "err": {},
              "uuid": "5aa9e576-7b04-4e11-b04a-d0662f61dfd0",
              "parentUUID": "dde50e5b-33d1-4ada-bd34-bc64efcabd35",
              "isHook": true,
              "skipped": false
            },
            {
              "title": "\"after each\" hook: Bearer Token in \"Bearer Token Authentication Example\"",
              "fullTitle": "Bearer Token Authentication Example \"after each\" hook: Bearer Token in \"Bearer Token Authentication Example\"",
              "timedOut": false,
              "duration": 0,
              "state": null,
              "speed": null,
              "pass": false,
              "fail": false,
              "pending": false,
              "context": null,
              "code": "test_utils_1.GlobalTestUtils.logTestProgress('Simple GET', 'Global Setup');\n(0, chai_1.expect)(true).to.be.true; // Ensure global setup is complete",
              "err": {},
              "uuid": "3d546b1f-8b23-475f-859b-04bf0cb95523",
              "parentUUID": "dde50e5b-33d1-4ada-bd34-bc64efcabd35",
              "isHook": true,
              "skipped": false
            }
          ],
          "tests": [
            {
              "title": "should use global authentication token with testUtils client",
              "fullTitle": "Bearer Token Authentication Example should use global authentication token with testUtils client",
              "timedOut": false,
              "duration": 2,
              "state": "failed",
              "speed": null,
              "pass": false,
              "fail": true,
              "pending": false,
              "context": null,
              "code": "test_utils_1.GlobalTestUtils.logTestProgress('Bearer Auth', 'Global Token Usage');\n// Use the global auth token that was obtained during global setup\n// Common headers are already included in the client configuration\nconst response = await src_1.restified\n    .given()\n    .useClient('testUtils') // Pre-configured client\n    .bearerToken('{{globalAuthToken}}') // Global auth token\n    .when()\n    .get('/bearer')\n    .execute();\nawait response\n    .statusCode(200)\n    .jsonPath('$.authenticated', true)\n    .jsonPath('$.token', src_1.restified.getVariable('globalAuthToken'))\n    .execute();\nconsole.log('✅ Authentication successful with global token');",
              "err": {
                "message": "TypeError: response.statusCode is not a function",
                "estack": "TypeError: response.statusCode is not a function\n    at Context.<anonymous> (examples\\authentication\\bearer-auth.ts:47:8)",
                "diff": null
              },
              "uuid": "691cac78-2e00-44ae-819c-15db6f00e6d8",
              "parentUUID": "dde50e5b-33d1-4ada-bd34-bc64efcabd35",
              "isHook": false,
              "skipped": false
            },
            {
              "title": "should demonstrate environment-based authentication",
              "fullTitle": "Bearer Token Authentication Example should demonstrate environment-based authentication",
              "timedOut": false,
              "duration": 3,
              "state": "failed",
              "speed": null,
              "pass": false,
              "fail": true,
              "pending": false,
              "context": null,
              "code": "test_utils_1.GlobalTestUtils.logTestProgress('Bearer Auth', 'Environment Auth');\n// Use environment variable that was set up during global setup\n// Common headers are already included in the client configuration\nconst response = await src_1.restified\n    .given()\n    .useClient('testUtils')\n    .bearerToken('{{$env.EXAMPLE_API_KEY}}') // From global setup\n    .when()\n    .get('/bearer')\n    .execute();\nawait response\n    .statusCode(200)\n    .jsonPath('$.authenticated', true)\n    .jsonPath('$.token', process.env.EXAMPLE_API_KEY)\n    .execute();\nconsole.log('✅ Environment-based authentication successful');",
              "err": {
                "message": "TypeError: response.statusCode is not a function",
                "estack": "TypeError: response.statusCode is not a function\n    at Context.<anonymous> (examples\\authentication\\bearer-auth.ts:69:8)",
                "diff": null
              },
              "uuid": "0be32163-01a6-40ab-9270-9417a197aa77",
              "parentUUID": "dde50e5b-33d1-4ada-bd34-bc64efcabd35",
              "isHook": false,
              "skipped": false
            },
            {
              "title": "should show authenticated API workflow",
              "fullTitle": "Bearer Token Authentication Example should show authenticated API workflow",
              "timedOut": false,
              "duration": 1,
              "state": "failed",
              "speed": null,
              "pass": false,
              "fail": true,
              "pending": false,
              "context": null,
              "code": "test_utils_1.GlobalTestUtils.logTestProgress('Bearer Auth', 'API Workflow');\n// Step 1: Use authenticated API client for business operation\n// Common headers are already included in the client configuration\nconst userResponse = await src_1.restified\n    .given()\n    .useClient('api') // Pre-configured with global auth\n    .header('Authorization', `Bearer {{globalAuthToken}}`)\n    .when()\n    .get('/users/{{globalUserId}}')\n    .execute();\nawait userResponse\n    .statusCode(200)\n    .jsonPath('$.id', src_1.restified.getVariable('globalUserId'))\n    .extract('$.phone', 'userPhone')\n    .execute();\n// Step 2: Validate auth token with test utilities\nconst validateResponse = await src_1.restified\n    .given()\n    .useClient('testUtils')\n    .header('X-User-Phone', '{{userPhone}}')\n    .header('X-Global-User', '{{globalUserEmail}}')\n    .bearerToken('{{globalAuthToken}}')\n    .when()\n    .get('/bearer')\n    .execute();\nawait validateResponse\n    .statusCode(200)\n    .jsonPath('$.authenticated', true)\n    .custom((response) => {\n    return response.data.token === src_1.restified.getVariable('globalAuthToken');\n}, 'Token should match global auth token')\n    .execute();\nconsole.log('✅ Full authenticated workflow completed');",
              "err": {
                "message": "TypeError: userResponse.statusCode is not a function",
                "estack": "TypeError: userResponse.statusCode is not a function\n    at Context.<anonymous> (examples\\authentication\\bearer-auth.ts:91:8)",
                "diff": null
              },
              "uuid": "5dd35d2a-b3d0-48c6-8944-87bbe5509bde",
              "parentUUID": "dde50e5b-33d1-4ada-bd34-bc64efcabd35",
              "isHook": false,
              "skipped": false
            },
            {
              "title": "should handle authentication errors with global patterns",
              "fullTitle": "Bearer Token Authentication Example should handle authentication errors with global patterns",
              "timedOut": false,
              "duration": 0,
              "state": "failed",
              "speed": null,
              "pass": false,
              "fail": true,
              "pending": false,
              "context": null,
              "code": "test_utils_1.GlobalTestUtils.logTestProgress('Bearer Auth', 'Error Handling');\n// Test authentication failure using invalid token\n// Common headers are already included in the client configuration\nconst response = await src_1.restified\n    .given()\n    .useClient('testUtils')\n    .bearerToken('invalid-global-token')\n    .when()\n    .get('/bearer')\n    .execute();\nawait response\n    .statusCode(200) // HTTPBin accepts any token for demo\n    .jsonPath('$.authenticated', true)\n    .jsonPath('$.token', 'invalid-global-token')\n    .execute();\nconsole.log('✅ Authentication error handling verified');",
              "err": {
                "message": "TypeError: response.statusCode is not a function",
                "estack": "TypeError: response.statusCode is not a function\n    at Context.<anonymous> (examples\\authentication\\bearer-auth.ts:132:8)",
                "diff": null
              },
              "uuid": "fbf254f4-80dc-405c-85e4-80534e0d2c71",
              "parentUUID": "dde50e5b-33d1-4ada-bd34-bc64efcabd35",
              "isHook": false,
              "skipped": false
            }
          ],
          "suites": [],
          "passes": [],
          "failures": [
            "691cac78-2e00-44ae-819c-15db6f00e6d8",
            "0be32163-01a6-40ab-9270-9417a197aa77",
            "5dd35d2a-b3d0-48c6-8944-87bbe5509bde",
            "fbf254f4-80dc-405c-85e4-80534e0d2c71"
          ],
          "pending": [],
          "skipped": [],
          "duration": 6,
          "root": false,
          "rootEmpty": false,
          "_timeout": 10000
        }
      ],
      "passes": [],
      "failures": [],
      "pending": [],
      "skipped": [],
      "duration": 0,
      "root": true,
      "rootEmpty": true,
      "_timeout": 10000
    }
  ],
  "meta": {
    "mocha": {
      "version": "10.8.2"
    },
    "mochawesome": {
      "options": {
        "quiet": false,
        "reportFilename": "mochawesome",
        "saveHtml": true,
        "saveJson": true,
        "consoleReporter": "spec",
        "useInlineDiffs": false,
        "code": true
      },
      "version": "7.1.3"
    },
    "marge": {
      "options": {
        "[object Object]": true
      },
      "version": "6.2.0"
    }
  }
}